Log file open, 10/15/16 18:06:04
LogInit:Display: Running engine for game: Halloween
LogPlatformFile: Not using cached read wrapper
LogInit:Display: RandInit(632961044) SRandInit(632961046).
LogTaskGraph: Started task graph with 4 named threads and 7 total threads.
LogStats: Stats thread started at 0.080336
LogInit: Version: 4.11.2-2946394+++UE4+Release-4.11
LogInit: API Version: 2927265
LogInit: Compiled (64-bit): Apr 18 2016 02:18:46
LogInit: Compiled with Visual C++: 19.00.23026.00
LogInit: Build Configuration: Development
LogInit: Branch Name: ++UE4+Release-4.11
LogInit: Command line:  /Temp/Autosaves/Game/Maps/UEDPCMainMenu -game -PIEVIACONSOLE -ResX=1280 -ResY=720  -Multiprocess -messaging -SessionName="Play in Standalone Game" 
LogInit: Base directory: C:/Program Files (x86)/Epic Games/4.11/Engine/Binaries/Win64/
LogInit: Installed Engine Build: 1
LogInit: Using libcurl 7.41.0
LogInit:  - built for x86_64-pc-win32
LogInit:  - supports SSL with WinSSL
LogInit:  - other features:
LogInit:      CURL_VERSION_SSL
LogInit:      CURL_VERSION_IPV6
LogInit:      CURL_VERSION_ASYNCHDNS
LogInit:      CURL_VERSION_LARGEFILE
LogInit:      CURL_VERSION_IDN
LogInit:  CurlRequestOptions (configurable via config and command line):
LogInit:  - bVerifyPeer = true  - Libcurl will verify peer certificate
LogInit:  - bUseHttpProxy = false  - Libcurl will NOT use HTTP proxy
LogInit:  - bDontReuseConnections = false  - Libcurl will reuse connections
LogInit:  - CertBundlePath = nullptr  - Libcurl will use whatever was configured at build time.
LogOnline:Display: STEAM: Loading Steam SDK 1.32
LogOnline:Warning: STEAM: Steamworks: SteamUtils() failed!
LogOnline:Warning: STEAM: Steamworks: SteamUser() failed!
LogOnline:Warning: STEAM: Steamworks: SteamFriends() failed!
LogOnline:Warning: STEAM: Steamworks: SteamRemoteStorage() failed!
LogOnline:Warning: STEAM: Steamworks: SteamUserStats() failed!
LogOnline:Warning: STEAM: Steamworks: SteamMatchmakingServers() failed!
LogOnline:Warning: STEAM: Steamworks: SteamApps() failed!
LogOnline:Warning: STEAM: Steamworks: SteamNetworking() failed!
LogOnline:Warning: STEAM: Steamworks: SteamMatchmaking() failed!
LogOnline:Display: STEAM: OnlineSubsystemSteam::Shutdown()
LogOnline:Warning: STEAM: Steam API failed to initialize!
LogOnline:Display: STEAM: OnlineSubsystemSteam::Shutdown()
LogInit: WinSock: version 1.1 (2.2), MaxSocks=32767, MaxUdp=65467
LogVoice:Warning: Failed to initialize voice interface
LogInit: Presizing for max 16777216 objects, including 0 objects not considered by GC, pre-allocating 0 bytes for permanent pool.
LogInit: Object subsystem initialized
[2016.10.15-09.06.04:224][  0]LogInit: Selected Device Profile: [Windows]
[2016.10.15-09.06.04:224][  0]LogInit: Applying CVar settings loaded from the selected device profile: [Windows]
[2016.10.15-09.06.04:227][  0]LogInit: Computer: UNREAL
[2016.10.15-09.06.04:227][  0]LogInit: User: Jaesun
[2016.10.15-09.06.04:227][  0]LogInit: CPU Page size=65536, Cores=4
[2016.10.15-09.06.04:227][  0]LogInit: High frequency timer resolution =3.312638 MHz
[2016.10.15-09.06.04:227][  0]LogMemory: Memory total: Physical=7.9GB (8GB approx)
[2016.10.15-09.06.04:227][  0]LogMemory: Platform Memory Stats for Windows
[2016.10.15-09.06.04:227][  0]LogMemory: Process Physical Memory: 313.09 MB used, 313.09 MB peak
[2016.10.15-09.06.04:227][  0]LogMemory: Process Virtual Memory: 314.84 MB used, 314.84 MB peak
[2016.10.15-09.06.04:227][  0]LogMemory: Physical Memory: 5191.17 MB used, 8087.35 MB total
[2016.10.15-09.06.04:227][  0]LogMemory: Virtual Memory: 634.70 MB used, 134217728.00 MB total
[2016.10.15-09.06.04:253][  0]LogTextLocalizationManager: No specific translations for ('ko-KR') exist, so ('ko') translations will be used.
[2016.10.15-09.06.04:284][  0]LogTextLocalizationManager:Warning: Loaded localization resources contain conflicting entries for (Namespace:KismetSchema, Key:Default):
Localization Resource: (C:/Program Files (x86)/Epic Games/4.11/Engine/Content/Localization/EditorTutorials/ko/EditorTutorials.locres) Source String Hash: (940523119) Localized String: (디폴트)
Localization Resource: (C:/Program Files (x86)/Epic Games/4.11/Engine/Content/Localization/Engine/ko/Engine.locres) Source String Hash: (940523119) Localized String: (기본)
[2016.10.15-09.06.04:284][  0]LogTextLocalizationManager:Warning: Loaded localization resources contain conflicting entries for (Namespace:UObjectToolTips, Key:AnimNode_AssetPlayerBase:InternalTimeAccumulator):
Localization Resource: (C:/Program Files (x86)/Epic Games/4.11/Engine/Content/Localization/EditorTutorials/ko/EditorTutorials.locres) Source String Hash: (502993589) Localized String: (이 노드에서 애셋을 레퍼런싱하는 데 사용되는 누적 시간입니다.)
Localization Resource: (C:/Program Files (x86)/Epic Games/4.11/Engine/Content/Localization/Engine/ko/Engine.locres) Source String Hash: (502993589) Localized String: (이 노드에서 애셋을 레퍼런싱하는 데 사용된 누적 시간입니다.)
[2016.10.15-09.06.04:284][  0]LogTextLocalizationManager:Warning: Loaded localization resources contain conflicting entries for (Namespace:UObjectToolTips, Key:AnimNode_AssetPlayerBase:bIgnoreForRelevancyTest):
Localization Resource: (C:/Program Files (x86)/Epic Games/4.11/Engine/Content/Localization/EditorTutorials/ko/EditorTutorials.locres) Source String Hash: (319969718) Localized String: (True 면, 스테이트에서 최고 가중치 애니메이션을 찾는 "Relevant anim" 노드는 이 노드를 무시합니다.
 )
Localization Resource: (C:/Program Files (x86)/Epic Games/4.11/Engine/Content/Localization/Engine/ko/Engine.locres) Source String Hash: (319969718) Localized String: (True 면 스테이트 내 최고 웨이팅된 애니메이션을 찾는 "Relevant anim" 노드가 무시됩니다.
 )
[2016.10.15-09.06.04:284][  0]LogTextLocalizationManager:Warning: Loaded localization resources contain conflicting entries for (Namespace:UObjectToolTips, Key:AnimNode_AssetPlayerBase:BlendWeight):
Localization Resource: (C:/Program Files (x86)/Epic Games/4.11/Engine/Content/Localization/EditorTutorials/ko/EditorTutorials.locres) Source String Hash: (-1232800293) Localized String: (이 노드에 마지막 걸린 블렌드웨이트 입니다.)
Localization Resource: (C:/Program Files (x86)/Epic Games/4.11/Engine/Content/Localization/Engine/ko/Engine.locres) Source String Hash: (-1232800293) Localized String: (이 노드에 대해 마지막 접한 블렌드 웨이트)
[2016.10.15-09.06.04:353][  0]LogD3D11RHI: D3D11 adapters:
[2016.10.15-09.06.04:369][  0]LogD3D11RHI:    0. 'NVIDIA GeForce GTX 650' (Feature Level 11_0)
[2016.10.15-09.06.04:369][  0]LogD3D11RHI:       965MB of dedicated video memory, 0MB of dedicated system memory, and 3072MB of shared system memory, 1 output[s]
[2016.10.15-09.06.04:376][  0]LogD3D11RHI:    1. 'Intel(R) HD Graphics 4600' (Feature Level 11_0)
[2016.10.15-09.06.04:376][  0]LogD3D11RHI:       160MB of dedicated video memory, 0MB of dedicated system memory, and 1760MB of shared system memory, 0 output[s]
[2016.10.15-09.06.04:377][  0]LogD3D11RHI:    2. 'Microsoft Basic Render Driver' (Feature Level 11_0)
[2016.10.15-09.06.04:377][  0]LogD3D11RHI:       0MB of dedicated video memory, 0MB of dedicated system memory, and 256MB of shared system memory, 0 output[s]
[2016.10.15-09.06.04:377][  0]LogD3D11RHI: Chosen D3D11 Adapter: 0
[2016.10.15-09.06.04:380][  0]LogD3D11RHI: Creating new Direct3DDevice
[2016.10.15-09.06.04:380][  0]LogD3D11RHI:     Adapter Name: NVIDIA GeForce GTX 650
[2016.10.15-09.06.04:380][  0]LogD3D11RHI:   Driver Version: 10.18.13.5891 (internal 10.18.13.5891)
[2016.10.15-09.06.04:380][  0]LogD3D11RHI:      Driver Date: 11-5-2015
[2016.10.15-09.06.04:380][  0]LogRHI: Texture pool is 675 MB (70% of 965 MB)
[2016.10.15-09.06.04:392][  0]LogD3D11RHI: Async texture creation enabled
[2016.10.15-09.06.04:408][  0]LogShaderCompilers: Guid format shader working directory is -6 characters bigger than the processId version (../../../../../../Users/Jaesun/Documents/UP/Halloween/Intermediate/Shaders/WorkingDirectory/9640/).
[2016.10.15-09.06.04:408][  0]LogShaderCompilers: Cleaned the shader compiler working directory 'C:/Users/Jaesun/AppData/Local/Temp/UnrealShaderWorkingDir/9C3426544F90B392175D3EB39CD88BFA/'.
[2016.10.15-09.06.04:408][  0]LogShaderCompilers:Display: Using Local Shader Compiler.
[2016.10.15-09.06.05:370][  0]LogTemp:Display: Loaded TP AllDesktopTargetPlatform
[2016.10.15-09.06.05:374][  0]LogTemp:Display: Loaded TP WindowsClientTargetPlatform
[2016.10.15-09.06.05:379][  0]LogTemp:Display: Loaded TP WindowsNoEditorTargetPlatform
[2016.10.15-09.06.05:383][  0]LogTemp:Display: Loaded TP WindowsServerTargetPlatform
[2016.10.15-09.06.05:387][  0]LogTemp:Display: Loaded TP WindowsTargetPlatform
[2016.10.15-09.06.05:390][  0]LogTemp:Display: Loaded TP AndroidTargetPlatform
[2016.10.15-09.06.05:393][  0]LogTemp:Display: Loaded TP Android_ASTCTargetPlatform
[2016.10.15-09.06.05:396][  0]LogTemp:Display: Loaded TP Android_ATCTargetPlatform
[2016.10.15-09.06.05:399][  0]LogTemp:Display: Loaded TP Android_DXTTargetPlatform
[2016.10.15-09.06.05:402][  0]LogTemp:Display: Loaded TP Android_ETC1TargetPlatform
[2016.10.15-09.06.05:405][  0]LogTemp:Display: Loaded TP Android_ETC2TargetPlatform
[2016.10.15-09.06.05:411][  0]LogTemp:Display: Loaded TP Android_MultiTargetPlatform
[2016.10.15-09.06.05:411][  0]LogTemp:Display: Loaded TP Android_PVRTCTargetPlatform
[2016.10.15-09.06.05:412][  0]LogTemp:Display: Loaded TP HTML5TargetPlatform
[2016.10.15-09.06.05:428][  0]LogTemp:Display: Loaded TP IOSTargetPlatform
[2016.10.15-09.06.05:430][  0]LogTemp:Display: Loaded TP TVOSTargetPlatform
[2016.10.15-09.06.05:433][  0]LogTemp:Display: Loaded TP LinuxNoEditorTargetPlatform
[2016.10.15-09.06.05:435][  0]LogTemp:Display: Loaded TP LinuxServerTargetPlatform
[2016.10.15-09.06.05:438][  0]LogTemp:Display: Loaded TP LinuxTargetPlatform
[2016.10.15-09.06.05:438][  0]LogTargetPlatformManager:Display: Building Assets For Windows
[2016.10.15-09.06.05:509][  0]LogDerivedDataCache:Display: Max Cache Size: 512 MB
[2016.10.15-09.06.05:552][  0]LogDerivedDataCache: Loaded boot cache 0.04s 46MB C:/Users/Jaesun/AppData/Local/UnrealEngine/4.11/DerivedDataCache/Boot.ddc.
[2016.10.15-09.06.05:552][  0]LogDerivedDataCache:Display: Loaded Boot cache: C:/Users/Jaesun/AppData/Local/UnrealEngine/4.11/DerivedDataCache/Boot.ddc
[2016.10.15-09.06.05:553][  0]LogDerivedDataCache: FDerivedDataBackendGraph:  Pak pak cache file ../../../../../../Users/Jaesun/Documents/UP/Halloween/DerivedDataCache/DDC.ddp not found, will not use a pak cache.
[2016.10.15-09.06.05:553][  0]LogDerivedDataCache: Unable to find inner node Pak for hierarchical cache Hierarchy.
[2016.10.15-09.06.05:553][  0]LogDerivedDataCache: FDerivedDataBackendGraph:  CompressedPak pak cache file ../../../../../../Users/Jaesun/Documents/UP/Halloween/DerivedDataCache/Compressed.ddp not found, will not use a pak cache.
[2016.10.15-09.06.05:553][  0]LogDerivedDataCache: Unable to find inner node CompressedPak for hierarchical cache Hierarchy.
[2016.10.15-09.06.05:565][  0]LogDerivedDataCache:Display: Pak cache opened for reading ../../../Engine/DerivedDataCache/Compressed.ddp.
[2016.10.15-09.06.05:577][  0]LogDerivedDataCache: Using Local data cache path C:/Users/Jaesun/AppData/Local/UnrealEngine/Common/DerivedDataCache: Writable
[2016.10.15-09.06.05:728][  0]LogInit: Selected Device Profile: [Windows]
[2016.10.15-09.06.05:732][  0]LogMaterial: Uniform references updated for custom material expression Custom.
[2016.10.15-09.06.05:733][  0]LogContentStreaming: Texture pool size is 1000.00 MB
[2016.10.15-09.06.05:829][  0]LogMeshUtilities: No automatic mesh reduction module available
[2016.10.15-09.06.05:829][  0]LogMeshUtilities: No automatic mesh merging module available
[2016.10.15-09.06.05:829][  0]LogMeshUtilities: No distributed automatic mesh merging module available
[2016.10.15-09.06.06:072][  0]LogSlate: SlateFontCache - WITH_FREETYPE: 1, WITH_HARFBUZZ: 1
[2016.10.15-09.06.06:072][  0]LogSlate: SlateFontCache - WITH_FREETYPE: 1, WITH_HARFBUZZ: 1
[2016.10.15-09.06.06:195][  0]LogWindowsMoviePlayer: Unable to load movie: ../../../../../../Users/Jaesun/Documents/UP/Halloween/Content/Movies/Default_Startup.mp4
[2016.10.15-09.06.06:273][  0]LogUdpMessaging: Initializing bridge on interface 0.0.0.0:0 to multicast group 230.0.0.1:6666.
[2016.10.15-09.06.06:352][  0]SourceControl: 정보 소스 콘트롤이 꺼졌습니다.
[2016.10.15-09.06.06:352][  0]SourceControl: 정보 소스 콘트롤이 꺼졌습니다.
[2016.10.15-09.06.06:359][  0]SourceControl: 정보 소스 콘트롤이 꺼졌습니다.
[2016.10.15-09.06.06:441][  0]LogHMD: Failed to initialize OpenVR with code 110
[2016.10.15-09.06.06:460][  0]LogUObjectArray: 29231 objects as part of root set at end of initial load.
[2016.10.15-09.06.06:460][  0]LogUObjectAllocator: 6293624 out of 0 bytes used by permanent object pool.
[2016.10.15-09.06.06:460][  0]LogUObjectArray: CloseDisregardForGC: 0/0 objects in disregard for GC pool
[2016.10.15-09.06.06:508][  0]LogEngine: Initializing Engine...
[2016.10.15-09.06.06:620][  0]LogInit: XAudio2 using '헤드폰(2- High Definition Audio 장치)' : 2 channels at 44.1 kHz using 16 bits per sample (channel mask 0x3)
[2016.10.15-09.06.06:629][  0]LogInit: FAudioDevice initialized.
[2016.10.15-09.06.06:632][  0]LogInit: Texture streaming: Enabled
[2016.10.15-09.06.06:908][  0]LogNet: Browse: /Temp/Autosaves/Game/Maps/UEDPCMainMenu?Name=Player
[2016.10.15-09.06.06:909][  0]LogLoad: LoadMap: /Temp/Autosaves/Game/Maps/UEDPCMainMenu?Name=Player
[2016.10.15-09.06.06:932][  0]LogMemory: Platform Memory Stats for Windows
[2016.10.15-09.06.06:932][  0]LogMemory: Process Physical Memory: 601.40 MB used, 602.03 MB peak
[2016.10.15-09.06.06:932][  0]LogMemory: Process Virtual Memory: 657.66 MB used, 657.67 MB peak
[2016.10.15-09.06.06:932][  0]LogMemory: Physical Memory: 5403.10 MB used, 8087.35 MB total
[2016.10.15-09.06.06:932][  0]LogMemory: Virtual Memory: 1207.95 MB used, 134217728.00 MB total
[2016.10.15-09.06.06:932][  0]LogMemory: 
[2016.10.15-09.06.06:932][  0]Allocator Stats for TBB: (not implemented)
[2016.10.15-09.06.06:948][  0]LogAIModule: Creating AISystem for world MainMenu
[2016.10.15-09.06.07:032][  0]LogWorld: Game class is 'ThirdPersonGameMode_C'
[2016.10.15-09.06.07:033][  0]LogWorld: Bringing World /Temp/Autosaves/Game/Maps/UEDPCMainMenu.MainMenu up for play (max tick rate 0) at 2016.10.15-18.06.07
[2016.10.15-09.06.07:033][  0]LogWorld: Bringing up level for play took: 0.000496
[2016.10.15-09.06.07:037][  0]LogInit:Display: Game Engine Initialized.
[2016.10.15-09.06.07:252][  0]LogLoad: Full Startup: 3.72 seconds (BP compile: 0.11 seconds)
[2016.10.15-09.06.07:252][  0]LogExternalProfiler:Warning: No registered external profiler was matched with a command-line switch (or the DLL could not be loaded).  External profiling features will not be available.
[2016.10.15-09.06.07:272][  0]LogWindowsTextInputMethodSystem:Display: IME system now activated using TSF (Microsoft 입력기).
[2016.10.15-09.06.07:278][  0]LogOcInput: OculusInput pre-init called
[2016.10.15-09.06.07:366][  2]LogRenderer: Reallocating scene render targets to support 1280x720 (Frame:2).
[2016.10.15-09.07.19:221][447]LogWindowsTextInputMethodSystem:Display: IME system now activated using TSF (Microsoft 입력기).
[2016.10.15-09.07.19:225][447]LogEngine: All Windows Closed
[2016.10.15-09.07.19:225][447]LogWindows: FPlatformMisc::RequestExit(0)
[2016.10.15-09.07.19:563][448]LogExit: Preparing to exit.
[2016.10.15-09.07.20:440][448]LogExit: Game engine shut down
[2016.10.15-09.07.20:519][448]LogObj: Freed 0b from 0 cluster array pools.
[2016.10.15-09.07.20:519][448]LogExit: Object subsystem successfully closed.
[2016.10.15-09.07.20:541][448]LogD3D11RHI: Shutdown
[2016.10.15-09.07.20:541][448]LogD3D11RHI: CleanupD3DDevice
[2016.10.15-09.07.20:603][448]LogD3D11RHI: ~FD3D11DynamicRHI
[2016.10.15-09.07.20:625][448]LogDerivedDataCache: Shutdown
[2016.10.15-09.07.20:625][448]LogModuleManager: Shutting down and abandoning module AndroidDeviceDetection (127)
[2016.10.15-09.07.21:417][448]LogModuleManager: Shutting down and abandoning module AutomationController (126)
[2016.10.15-09.07.21:417][448]LogModuleManager: Shutting down and abandoning module AutomationWorker (125)
[2016.10.15-09.07.21:417][448]LogModuleManager: Shutting down and abandoning module CharacterAI (124)
[2016.10.15-09.07.21:417][448]LogModuleManager: Shutting down and abandoning module AITestSuite (123)
[2016.10.15-09.07.21:417][448]LogModuleManager: Shutting down and abandoning module GameplayDebugger (122)
[2016.10.15-09.07.21:417][448]LogModuleManager: Shutting down and abandoning module AIModule (121)
[2016.10.15-09.07.21:417][448]LogModuleManager: Shutting down and abandoning module MovieSceneCapture (120)
[2016.10.15-09.07.21:417][448]LogModuleManager: Shutting down and abandoning module StreamingPauseRendering (119)
[2016.10.15-09.07.21:417][448]LogModuleManager: Shutting down and abandoning module PortalServices (118)
[2016.10.15-09.07.21:417][448]LogModuleManager: Shutting down and abandoning module PortalRpc (117)
[2016.10.15-09.07.21:417][448]LogModuleManager: Shutting down and abandoning module MessagingRpc (116)
[2016.10.15-09.07.21:417][448]LogModuleManager: Shutting down and abandoning module ProfilerService (115)
[2016.10.15-09.07.21:535][448]LogModuleManager: Shutting down and abandoning module TaskGraph (114)
[2016.10.15-09.07.21:535][448]LogModuleManager: Shutting down and abandoning module SlateRemote (113)
[2016.10.15-09.07.21:535][448]LogModuleManager: Shutting down and abandoning module SteamVRController (112)
[2016.10.15-09.07.21:535][448]LogModuleManager: Shutting down and abandoning module SteamVR (111)
[2016.10.15-09.07.21:535][448]LogModuleManager: Shutting down and abandoning module ProceduralMeshComponent (110)
[2016.10.15-09.07.21:535][448]LogModuleManager: Shutting down and abandoning module OculusLibrary (109)
[2016.10.15-09.07.21:535][448]LogModuleManager: Shutting down and abandoning module OculusInput (108)
[2016.10.15-09.07.21:535][448]LogModuleManager: Shutting down and abandoning module CustomMeshComponent (107)
[2016.10.15-09.07.21:535][448]LogModuleManager: Shutting down and abandoning module CableComponent (106)
[2016.10.15-09.07.21:535][448]LogModuleManager: Shutting down and abandoning module ArchVisCharacter (105)
[2016.10.15-09.07.21:535][448]LogModuleManager: Shutting down and abandoning module HTML5Networking (104)
[2016.10.15-09.07.21:535][448]LogModuleManager: Shutting down and abandoning module DesktopPlatform (103)
[2016.10.15-09.07.21:535][448]LogModuleManager: Shutting down and abandoning module DirectoryWatcher (102)
[2016.10.15-09.07.21:535][448]LogModuleManager: Shutting down and abandoning module HotReload (101)
[2016.10.15-09.07.21:535][448]LogModuleManager: Shutting down and abandoning module VisualStudioSourceCodeAccess (100)
[2016.10.15-09.07.21:535][448]LogModuleManager: Shutting down and abandoning module UObjectPlugin (99)
[2016.10.15-09.07.21:535][448]LogModuleManager: Shutting down and abandoning module SubversionSourceControl (98)
[2016.10.15-09.07.21:535][448]LogModuleManager: Shutting down and abandoning module SourceControl (97)
[2016.10.15-09.07.21:535][448]LogModuleManager: Shutting down and abandoning module PerforceSourceControl (96)
[2016.10.15-09.07.21:535][448]LogModuleManager: Shutting down and abandoning module UdpMessaging (95)
[2016.10.15-09.07.21:636][448]LogModuleManager: Shutting down and abandoning module LightPropagationVolumeRuntime (94)
[2016.10.15-09.07.21:636][448]LogModuleManager: Shutting down and abandoning module Paper2D (93)
[2016.10.15-09.07.21:636][448]LogModuleManager: Shutting down and abandoning module WindowsMoviePlayer (92)
[2016.10.15-09.07.21:636][448]LogModuleManager: Shutting down and abandoning module Media (91)
[2016.10.15-09.07.21:636][448]LogModuleManager: Shutting down and abandoning module WmfMedia (90)
[2016.10.15-09.07.21:636][448]LogModuleManager: Shutting down and abandoning module MediaAssets (89)
[2016.10.15-09.07.21:636][448]LogModuleManager: Shutting down and abandoning module GameLiveStreaming (88)
[2016.10.15-09.07.21:636][448]LogModuleManager: Shutting down and abandoning module GameplayTagsEditor (87)
[2016.10.15-09.07.21:636][448]LogModuleManager: Shutting down and abandoning module OnlineBlueprintSupport (86)
[2016.10.15-09.07.21:636][448]LogModuleManager: Shutting down and abandoning module GameplayTasksEditor (85)
[2016.10.15-09.07.21:636][448]LogModuleManager: Shutting down and abandoning module PropertyEditor (84)
[2016.10.15-09.07.21:636][448]LogModuleManager: Shutting down and abandoning module BehaviorTreeEditor (83)
[2016.10.15-09.07.21:636][448]LogModuleManager: Shutting down and abandoning module FunctionalTesting (82)
[2016.10.15-09.07.21:636][448]LogModuleManager: Shutting down and abandoning module CollisionAnalyzer (81)
[2016.10.15-09.07.21:636][448]LogModuleManager: Shutting down and abandoning module WorkspaceMenuStructure (80)
[2016.10.15-09.07.21:636][448]LogModuleManager: Shutting down and abandoning module MessageLog (79)
[2016.10.15-09.07.21:636][448]LogModuleManager: Shutting down and abandoning module Sequencer (78)
[2016.10.15-09.07.21:636][448]LogModuleManager: Shutting down and abandoning module AssetTools (77)
[2016.10.15-09.07.21:636][448]LogModuleManager: Shutting down and abandoning module UMGEditor (76)
[2016.10.15-09.07.21:636][448]LogModuleManager: Shutting down and abandoning module UMG (75)
[2016.10.15-09.07.21:636][448]LogModuleManager: Shutting down and abandoning module SlateReflector (74)
[2016.10.15-09.07.21:636][448]LogModuleManager: Shutting down and abandoning module Slate (73)
[2016.10.15-09.07.21:636][448]LogModuleManager: Shutting down and abandoning module EditorStyle (72)
[2016.10.15-09.07.21:638][448]LogModuleManager: Shutting down and abandoning module SessionServices (71)
[2016.10.15-09.07.21:638][448]LogModuleManager: Shutting down and abandoning module SourceCodeAccess (70)
[2016.10.15-09.07.21:638][448]LogModuleManager: Shutting down and abandoning module HeadMountedDisplay (69)
[2016.10.15-09.07.21:638][448]LogModuleManager: Shutting down and abandoning module XAudio2 (68)
[2016.10.15-09.07.21:638][448]LogModuleManager: Shutting down and abandoning module Networking (67)
[2016.10.15-09.07.21:638][448]LogModuleManager: Shutting down and abandoning module Core (66)
[2016.10.15-09.07.21:638][448]LogModuleManager: Shutting down and abandoning module KismetCompiler (65)
[2016.10.15-09.07.21:638][448]LogModuleManager: Shutting down and abandoning module PhysXFormats (64)
[2016.10.15-09.07.21:638][448]LogModuleManager: Shutting down and abandoning module MeshUtilities (63)
[2016.10.15-09.07.21:638][448]LogModuleManager: Shutting down and abandoning module CookingStats (62)
[2016.10.15-09.07.21:638][448]LogModuleManager: Shutting down and abandoning module DerivedDataCache (61)
[2016.10.15-09.07.21:638][448]LogDerivedDataCache: Shutdown
[2016.10.15-09.07.21:638][448]LogModuleManager: Shutting down and abandoning module ShaderFormatOpenGL (60)
[2016.10.15-09.07.21:638][448]LogModuleManager: Shutting down and abandoning module ShaderFormatD3D (59)
[2016.10.15-09.07.21:638][448]LogModuleManager: Shutting down and abandoning module MetalShaderFormat (58)
[2016.10.15-09.07.21:638][448]LogModuleManager: Shutting down and abandoning module TextureFormatUncompressed (57)
[2016.10.15-09.07.21:638][448]LogModuleManager: Shutting down and abandoning module TextureFormatPVR (56)
[2016.10.15-09.07.21:638][448]LogModuleManager: Shutting down and abandoning module TextureFormatIntelISPCTexComp (55)
[2016.10.15-09.07.21:638][448]LogModuleManager: Shutting down and abandoning module TextureFormatDXT (54)
[2016.10.15-09.07.21:638][448]LogModuleManager: Shutting down and abandoning module ImageWrapper (53)
[2016.10.15-09.07.21:638][448]LogModuleManager: Shutting down and abandoning module TextureFormatASTC (52)
[2016.10.15-09.07.21:638][448]LogModuleManager: Shutting down and abandoning module TextureFormatAndroid (51)
[2016.10.15-09.07.21:638][448]LogModuleManager: Shutting down and abandoning module AudioFormatOpus (50)
[2016.10.15-09.07.21:638][448]LogModuleManager: Shutting down and abandoning module AudioFormatOgg (49)
[2016.10.15-09.07.21:638][448]LogModuleManager: Shutting down and abandoning module AudioFormatADPCM (48)
[2016.10.15-09.07.21:638][448]LogModuleManager: Shutting down and abandoning module LinuxTargetPlatform (47)
[2016.10.15-09.07.21:638][448]LogModuleManager: Shutting down and abandoning module LinuxServerTargetPlatform (46)
[2016.10.15-09.07.21:638][448]LogModuleManager: Shutting down and abandoning module LinuxNoEditorTargetPlatform (45)
[2016.10.15-09.07.21:638][448]LogModuleManager: Shutting down and abandoning module TVOSTargetPlatform (44)
[2016.10.15-09.07.21:638][448]LogModuleManager: Shutting down and abandoning module Messaging (43)
[2016.10.15-09.07.21:638][448]LogModuleManager: Shutting down and abandoning module IOSTargetPlatform (42)
[2016.10.15-09.07.21:638][448]LogModuleManager: Shutting down and abandoning module HTML5TargetPlatform (41)
[2016.10.15-09.07.21:638][448]LogModuleManager: Shutting down and abandoning module Android_PVRTCTargetPlatform (40)
[2016.10.15-09.07.21:638][448]LogModuleManager: Shutting down and abandoning module Android_MultiTargetPlatform (39)
[2016.10.15-09.07.21:638][448]LogModuleManager: Shutting down and abandoning module Android_ETC2TargetPlatform (38)
[2016.10.15-09.07.21:638][448]LogModuleManager: Shutting down and abandoning module Android_ETC1TargetPlatform (37)
[2016.10.15-09.07.21:638][448]LogModuleManager: Shutting down and abandoning module Android_DXTTargetPlatform (36)
[2016.10.15-09.07.21:638][448]LogModuleManager: Shutting down and abandoning module Android_ATCTargetPlatform (35)
[2016.10.15-09.07.21:638][448]LogModuleManager: Shutting down and abandoning module Android_ASTCTargetPlatform (34)
[2016.10.15-09.07.21:638][448]LogModuleManager: Shutting down and abandoning module AndroidTargetPlatform (33)
[2016.10.15-09.07.21:638][448]LogModuleManager: Shutting down and abandoning module WindowsTargetPlatform (32)
[2016.10.15-09.07.21:638][448]LogModuleManager: Shutting down and abandoning module WindowsServerTargetPlatform (31)
[2016.10.15-09.07.21:638][448]LogModuleManager: Shutting down and abandoning module WindowsNoEditorTargetPlatform (30)
[2016.10.15-09.07.21:638][448]LogModuleManager: Shutting down and abandoning module WindowsClientTargetPlatform (29)
[2016.10.15-09.07.21:638][448]LogModuleManager: Shutting down and abandoning module AllDesktopTargetPlatform (28)
[2016.10.15-09.07.21:638][448]LogModuleManager: Shutting down and abandoning module TargetPlatform (27)
[2016.10.15-09.07.21:638][448]LogModuleManager: Shutting down and abandoning module InputCore (26)
[2016.10.15-09.07.21:638][448]LogModuleManager: Shutting down and abandoning module Settings (25)
[2016.10.15-09.07.21:638][448]LogModuleManager: Shutting down and abandoning module Voice (23)
[2016.10.15-09.07.21:638][448]LogModuleManager: Shutting down and abandoning module OnlineSubsystem (19)
[2016.10.15-09.07.21:638][448]LogOnline:Display: NULL: FOnlineSubsystemNull::Shutdown()
[2016.10.15-09.07.21:638][448]LogOnline:Display: Unloading online subsystem: STEAM
[2016.10.15-09.07.21:638][448]LogOnline:Display: Unloading online subsystem: NULL
[2016.10.15-09.07.21:638][448]LogModuleManager: Shutting down and abandoning module HTTP (18)
[2016.10.15-09.07.21:639][448]LogModuleManager: Shutting down and abandoning module XMPP (17)
[2016.10.15-09.07.21:639][448]LogModuleManager: Shutting down and abandoning module OculusRift (16)
[2016.10.15-09.07.21:639][448]LogModuleManager: Shutting down and abandoning module ExampleDeviceProfileSelector (15)
[2016.10.15-09.07.21:639][448]LogModuleManager: Shutting down and abandoning module TextureCompressor (14)
[2016.10.15-09.07.21:639][448]LogModuleManager: Shutting down and abandoning module ShaderCore (13)
[2016.10.15-09.07.21:639][448]LogModuleManager: Shutting down and abandoning module Landscape (12)
[2016.10.15-09.07.21:639][448]LogModuleManager: Shutting down and abandoning module SlateRHIRenderer (11)
[2016.10.15-09.07.21:639][448]LogModuleManager: Shutting down and abandoning module OpenGLDrv (10)
[2016.10.15-09.07.21:639][448]LogModuleManager: Shutting down and abandoning module D3D11RHI (9)
[2016.10.15-09.07.21:639][448]LogModuleManager: Shutting down and abandoning module AnimGraphRuntime (8)
[2016.10.15-09.07.21:639][448]LogModuleManager: Shutting down and abandoning module Renderer (7)
[2016.10.15-09.07.21:639][448]LogModuleManager: Shutting down and abandoning module Engine (6)
[2016.10.15-09.07.21:639][448]LogModuleManager: Shutting down and abandoning module CoreUObject (5)
[2016.10.15-09.07.21:639][448]LogModuleManager: Shutting down and abandoning module NetworkFile (4)
[2016.10.15-09.07.21:639][448]LogModuleManager: Shutting down and abandoning module StreamingFile (3)
[2016.10.15-09.07.21:639][448]LogModuleManager: Shutting down and abandoning module SandboxFile (2)
[2016.10.15-09.07.21:639][448]LogModuleManager: Shutting down and abandoning module PakFile (1)
[2016.10.15-09.07.21:640][448]LogExit: Exiting.
[2016.10.15-09.07.21:642][448]Log file closed, 10/15/16 18:07:21
