Log file open, 10/10/16 16:08:41
LogInit:Display: Running engine for game: Halloween
LogPlatformFile: Not using cached read wrapper
LogInit:Display: RandInit(1078336980) SRandInit(1078336981).
LogTaskGraph: Started task graph with 4 named threads and 7 total threads.
LogStats: Stats thread started at 0.226954
LogInit: Version: 4.11.2-2946394+++UE4+Release-4.11
LogInit: API Version: 2927265
LogInit: Compiled (64-bit): Apr 18 2016 02:18:46
LogInit: Compiled with Visual C++: 19.00.23026.00
LogInit: Build Configuration: Development
LogInit: Branch Name: ++UE4+Release-4.11
LogInit: Command line: -EpicPortal 
LogInit: Base directory: C:/Program Files (x86)/Epic Games/4.11/Engine/Binaries/Win64/
LogInit: Installed Engine Build: 1
LogInit: Using libcurl 7.41.0
LogInit:  - built for x86_64-pc-win32
LogInit:  - supports SSL with WinSSL
LogInit:  - other features:
LogInit:      CURL_VERSION_SSL
LogInit:      CURL_VERSION_IPV6
LogInit:      CURL_VERSION_ASYNCHDNS
LogInit:      CURL_VERSION_LARGEFILE
LogInit:      CURL_VERSION_IDN
LogInit:  CurlRequestOptions (configurable via config and command line):
LogInit:  - bVerifyPeer = true  - Libcurl will verify peer certificate
LogInit:  - bUseHttpProxy = false  - Libcurl will NOT use HTTP proxy
LogInit:  - bDontReuseConnections = false  - Libcurl will reuse connections
LogInit:  - CertBundlePath = nullptr  - Libcurl will use whatever was configured at build time.
LogInit: Presizing for max 16777216 objects, including 0 objects not considered by GC, pre-allocating 0 bytes for permanent pool.
LogInit: Object subsystem initialized
[2016.10.10-07.08.41:946][  0]LogInit: Selected Device Profile: [Windows]
[2016.10.10-07.08.41:946][  0]LogInit: Applying CVar settings loaded from the selected device profile: [Windows]
[2016.10.10-07.08.41:956][  0]LogInit: Computer: UNREAL
[2016.10.10-07.08.41:956][  0]LogInit: User: Jaesun
[2016.10.10-07.08.41:956][  0]LogInit: CPU Page size=65536, Cores=4
[2016.10.10-07.08.41:956][  0]LogInit: High frequency timer resolution =3.312643 MHz
[2016.10.10-07.08.41:956][  0]LogMemory: Memory total: Physical=7.9GB (8GB approx)
[2016.10.10-07.08.41:956][  0]LogMemory: Platform Memory Stats for Windows
[2016.10.10-07.08.41:956][  0]LogMemory: Process Physical Memory: 310.89 MB used, 310.89 MB peak
[2016.10.10-07.08.41:956][  0]LogMemory: Process Virtual Memory: 315.52 MB used, 315.52 MB peak
[2016.10.10-07.08.41:956][  0]LogMemory: Physical Memory: 6478.35 MB used, 8087.34 MB total
[2016.10.10-07.08.41:956][  0]LogMemory: Virtual Memory: 634.57 MB used, 134217728.00 MB total
[2016.10.10-07.08.41:997][  0]LogTextLocalizationManager: No specific translations for ('ko-KR') exist, so ('ko') translations will be used.
[2016.10.10-07.08.42:028][  0]LogTextLocalizationManager:Warning: Loaded localization resources contain conflicting entries for (Namespace:KismetSchema, Key:Default):
Localization Resource: (C:/Program Files (x86)/Epic Games/4.11/Engine/Content/Localization/EditorTutorials/ko/EditorTutorials.locres) Source String Hash: (940523119) Localized String: (디폴트)
Localization Resource: (C:/Program Files (x86)/Epic Games/4.11/Engine/Content/Localization/Engine/ko/Engine.locres) Source String Hash: (940523119) Localized String: (기본)
[2016.10.10-07.08.42:028][  0]LogTextLocalizationManager:Warning: Loaded localization resources contain conflicting entries for (Namespace:UObjectToolTips, Key:AnimNode_AssetPlayerBase:InternalTimeAccumulator):
Localization Resource: (C:/Program Files (x86)/Epic Games/4.11/Engine/Content/Localization/EditorTutorials/ko/EditorTutorials.locres) Source String Hash: (502993589) Localized String: (이 노드에서 애셋을 레퍼런싱하는 데 사용되는 누적 시간입니다.)
Localization Resource: (C:/Program Files (x86)/Epic Games/4.11/Engine/Content/Localization/Engine/ko/Engine.locres) Source String Hash: (502993589) Localized String: (이 노드에서 애셋을 레퍼런싱하는 데 사용된 누적 시간입니다.)
[2016.10.10-07.08.42:028][  0]LogTextLocalizationManager:Warning: Loaded localization resources contain conflicting entries for (Namespace:UObjectToolTips, Key:AnimNode_AssetPlayerBase:bIgnoreForRelevancyTest):
Localization Resource: (C:/Program Files (x86)/Epic Games/4.11/Engine/Content/Localization/EditorTutorials/ko/EditorTutorials.locres) Source String Hash: (319969718) Localized String: (True 면, 스테이트에서 최고 가중치 애니메이션을 찾는 "Relevant anim" 노드는 이 노드를 무시합니다.
 )
Localization Resource: (C:/Program Files (x86)/Epic Games/4.11/Engine/Content/Localization/Engine/ko/Engine.locres) Source String Hash: (319969718) Localized String: (True 면 스테이트 내 최고 웨이팅된 애니메이션을 찾는 "Relevant anim" 노드가 무시됩니다.
 )
[2016.10.10-07.08.42:028][  0]LogTextLocalizationManager:Warning: Loaded localization resources contain conflicting entries for (Namespace:UObjectToolTips, Key:AnimNode_AssetPlayerBase:BlendWeight):
Localization Resource: (C:/Program Files (x86)/Epic Games/4.11/Engine/Content/Localization/EditorTutorials/ko/EditorTutorials.locres) Source String Hash: (-1232800293) Localized String: (이 노드에 마지막 걸린 블렌드웨이트 입니다.)
Localization Resource: (C:/Program Files (x86)/Epic Games/4.11/Engine/Content/Localization/Engine/ko/Engine.locres) Source String Hash: (-1232800293) Localized String: (이 노드에 대해 마지막 접한 블렌드 웨이트)
[2016.10.10-07.08.42:128][  0]LogD3D11RHI: D3D11 adapters:
[2016.10.10-07.08.42:148][  0]LogD3D11RHI:    0. 'NVIDIA GeForce GTX 650' (Feature Level 11_0)
[2016.10.10-07.08.42:148][  0]LogD3D11RHI:       965MB of dedicated video memory, 0MB of dedicated system memory, and 3072MB of shared system memory, 1 output[s]
[2016.10.10-07.08.42:157][  0]LogD3D11RHI:    1. 'Intel(R) HD Graphics 4600' (Feature Level 11_0)
[2016.10.10-07.08.42:157][  0]LogD3D11RHI:       160MB of dedicated video memory, 0MB of dedicated system memory, and 1760MB of shared system memory, 0 output[s]
[2016.10.10-07.08.42:158][  0]LogD3D11RHI:    2. 'Microsoft Basic Render Driver' (Feature Level 11_0)
[2016.10.10-07.08.42:158][  0]LogD3D11RHI:       0MB of dedicated video memory, 0MB of dedicated system memory, and 256MB of shared system memory, 0 output[s]
[2016.10.10-07.08.42:158][  0]LogD3D11RHI: Chosen D3D11 Adapter: 0
[2016.10.10-07.08.42:162][  0]LogD3D11RHI: Creating new Direct3DDevice
[2016.10.10-07.08.42:163][  0]LogD3D11RHI:     Adapter Name: NVIDIA GeForce GTX 650
[2016.10.10-07.08.42:163][  0]LogD3D11RHI:   Driver Version: 10.18.13.5891 (internal 10.18.13.5891)
[2016.10.10-07.08.42:163][  0]LogD3D11RHI:      Driver Date: 11-5-2015
[2016.10.10-07.08.42:163][  0]LogRHI: Texture pool is 675 MB (70% of 965 MB)
[2016.10.10-07.08.42:175][  0]LogD3D11RHI: Async texture creation enabled
[2016.10.10-07.08.42:191][  0]LogShaderCompilers: Guid format shader working directory is -6 characters bigger than the processId version (../../../../../../Users/Jaesun/Documents/UP/Halloween/Intermediate/Shaders/WorkingDirectory/9212/).
[2016.10.10-07.08.42:191][  0]LogShaderCompilers: Cleaned the shader compiler working directory 'C:/Users/Jaesun/AppData/Local/Temp/UnrealShaderWorkingDir/1D42A53848B148B6DAD31DADA0BE9EBD/'.
[2016.10.10-07.08.42:191][  0]LogShaderCompilers:Display: Using Local Shader Compiler.
[2016.10.10-07.08.44:388][  0]LogTemp:Display: Loaded TP AllDesktopTargetPlatform
[2016.10.10-07.08.44:393][  0]LogTemp:Display: Loaded TP WindowsClientTargetPlatform
[2016.10.10-07.08.44:397][  0]LogTemp:Display: Loaded TP WindowsNoEditorTargetPlatform
[2016.10.10-07.08.44:402][  0]LogTemp:Display: Loaded TP WindowsServerTargetPlatform
[2016.10.10-07.08.44:407][  0]LogTemp:Display: Loaded TP WindowsTargetPlatform
[2016.10.10-07.08.44:410][  0]LogTemp:Display: Loaded TP AndroidTargetPlatform
[2016.10.10-07.08.44:413][  0]LogTemp:Display: Loaded TP Android_ASTCTargetPlatform
[2016.10.10-07.08.44:416][  0]LogTemp:Display: Loaded TP Android_ATCTargetPlatform
[2016.10.10-07.08.44:419][  0]LogTemp:Display: Loaded TP Android_DXTTargetPlatform
[2016.10.10-07.08.44:422][  0]LogTemp:Display: Loaded TP Android_ETC1TargetPlatform
[2016.10.10-07.08.44:425][  0]LogTemp:Display: Loaded TP Android_ETC2TargetPlatform
[2016.10.10-07.08.44:432][  0]LogTemp:Display: Loaded TP Android_MultiTargetPlatform
[2016.10.10-07.08.44:432][  0]LogTemp:Display: Loaded TP Android_PVRTCTargetPlatform
[2016.10.10-07.08.44:432][  0]LogTemp:Display: Loaded TP HTML5TargetPlatform
[2016.10.10-07.08.44:450][  0]LogTemp:Display: Loaded TP IOSTargetPlatform
[2016.10.10-07.08.44:452][  0]LogTemp:Display: Loaded TP TVOSTargetPlatform
[2016.10.10-07.08.44:455][  0]LogTemp:Display: Loaded TP LinuxNoEditorTargetPlatform
[2016.10.10-07.08.44:458][  0]LogTemp:Display: Loaded TP LinuxServerTargetPlatform
[2016.10.10-07.08.44:460][  0]LogTemp:Display: Loaded TP LinuxTargetPlatform
[2016.10.10-07.08.44:461][  0]LogTargetPlatformManager:Display: Building Assets For Windows
[2016.10.10-07.08.44:536][  0]LogDerivedDataCache:Display: Max Cache Size: 512 MB
[2016.10.10-07.08.44:600][  0]LogDerivedDataCache: Loaded boot cache 0.06s 58MB C:/Users/Jaesun/AppData/Local/UnrealEngine/4.11/DerivedDataCache/Boot.ddc.
[2016.10.10-07.08.44:600][  0]LogDerivedDataCache:Display: Loaded Boot cache: C:/Users/Jaesun/AppData/Local/UnrealEngine/4.11/DerivedDataCache/Boot.ddc
[2016.10.10-07.08.44:600][  0]LogDerivedDataCache: FDerivedDataBackendGraph:  Pak pak cache file ../../../../../../Users/Jaesun/Documents/UP/Halloween/DerivedDataCache/DDC.ddp not found, will not use a pak cache.
[2016.10.10-07.08.44:600][  0]LogDerivedDataCache: Unable to find inner node Pak for hierarchical cache Hierarchy.
[2016.10.10-07.08.44:600][  0]LogDerivedDataCache: FDerivedDataBackendGraph:  CompressedPak pak cache file ../../../../../../Users/Jaesun/Documents/UP/Halloween/DerivedDataCache/Compressed.ddp not found, will not use a pak cache.
[2016.10.10-07.08.44:600][  0]LogDerivedDataCache: Unable to find inner node CompressedPak for hierarchical cache Hierarchy.
[2016.10.10-07.08.44:613][  0]LogDerivedDataCache:Display: Pak cache opened for reading ../../../Engine/DerivedDataCache/Compressed.ddp.
[2016.10.10-07.08.44:701][  0]LogDerivedDataCache: Using Local data cache path C:/Users/Jaesun/AppData/Local/UnrealEngine/Common/DerivedDataCache: Writable
[2016.10.10-07.08.45:363][  0]LogInit: Selected Device Profile: [Windows]
[2016.10.10-07.08.45:364][  0]LogContentStreaming: Texture pool size is 0.00 MB
[2016.10.10-07.08.45:392][  0]LogMaterial: Uniform references updated for custom material expression Custom.
[2016.10.10-07.08.45:508][  0]LogMeshUtilities: No automatic mesh reduction module available
[2016.10.10-07.08.45:508][  0]LogMeshUtilities: No automatic mesh merging module available
[2016.10.10-07.08.45:508][  0]LogMeshUtilities: No distributed automatic mesh merging module available
[2016.10.10-07.08.45:747][  0]LogUObjectArray: 27679 objects as part of root set at end of initial load.
[2016.10.10-07.08.45:747][  0]LogUObjectAllocator: 5591600 out of 0 bytes used by permanent object pool.
[2016.10.10-07.08.45:747][  0]LogUObjectArray: CloseDisregardForGC: 0/0 objects in disregard for GC pool
[2016.10.10-07.08.45:754][  0]LogInit: WinSock: version 1.1 (2.2), MaxSocks=32767, MaxUdp=65467
[2016.10.10-07.08.45:840][  0]LogSlate: SlateFontCache - WITH_FREETYPE: 1, WITH_HARFBUZZ: 1
[2016.10.10-07.08.45:840][  0]LogSlate: SlateFontCache - WITH_FREETYPE: 1, WITH_HARFBUZZ: 1
[2016.10.10-07.09.14:093][  0]LogStreaming:Warning: Failed to read file '../../../Engine/Content/Editor/Slate/Common/Selection_16x.png' error.
[2016.10.10-07.09.14:093][  0]LogSlate: Could not find file for Slate resource: ../../../Engine/Content/Editor/Slate/Common/Selection_16x.png
[2016.10.10-07.09.14:093][  0]LogStreaming:Warning: Failed to read file '../../../Engine/Content/Editor/Slate/Common/Selection_16x.png' error.
[2016.10.10-07.09.14:093][  0]LogSlate: Could not find file for Slate resource: ../../../Engine/Content/Editor/Slate/Common/Selection_16x.png
[2016.10.10-07.09.14:093][  0]LogStreaming:Warning: Failed to read file '../../../Engine/Content/Editor/Slate/Common/Selection_16x.png' error.
[2016.10.10-07.09.14:093][  0]LogSlate: Could not find file for Slate resource: ../../../Engine/Content/Editor/Slate/Common/Selection_16x.png
[2016.10.10-07.10.11:062][  0]LogUdpMessaging: Initializing bridge on interface 0.0.0.0:0 to multicast group 230.0.0.1:6666.
[2016.10.10-07.10.11:709][  0]LogAssetRegistry: FAssetRegistry took 0.0219 seconds to start up
[2016.10.10-07.10.13:546][  0]SourceControl: 정보 소스 콘트롤이 꺼졌습니다.
[2016.10.10-07.14.08:977][  0]SourceControl: 정보 소스 콘트롤이 꺼졌습니다.
[2016.10.10-07.14.09:263][  0]SourceControl: 정보 소스 콘트롤이 꺼졌습니다.
[2016.10.10-07.14.09:637][  0]SourceControl: 정보 소스 콘트롤이 꺼졌습니다.
[2016.10.10-07.14.16:991][  0]LogHMD: Failed to initialize OpenVR with code 110
[2016.10.10-07.14.18:763][  0]LogEngine: Initializing Engine...
[2016.10.10-07.14.20:321][  0]LogAIModule: Creating AISystem for world NewWorld
[2016.10.10-07.14.20:366][  0]LogInit: XAudio2 using '헤드폰(2- High Definition Audio 장치)' : 2 channels at 44.1 kHz using 16 bits per sample (channel mask 0x3)
[2016.10.10-07.14.20:382][  0]LogInit: FAudioDevice initialized.
[2016.10.10-07.14.20:410][  0]LogDerivedDataCache: Saved boot cache 0.03s 58MB C:/Users/Jaesun/AppData/Local/UnrealEngine/4.11/DerivedDataCache/Boot.ddc.
[2016.10.10-07.14.20:415][  0]LogInit: Texture streaming: Enabled
[2016.10.10-07.14.24:905][  0]LogInit: Transaction tracking system initialized
[2016.10.10-07.14.26:107][  0]BlueprintLog: New page: 에디터 로드
[2016.10.10-07.14.31:201][  0]LocalizationService: 정보 현지화 서비스가 비활성화되었습니다.
[2016.10.10-07.14.33:865][  0]LogConsoleResponse:Display: 
[2016.10.10-07.14.38:381][  0]LogFileCache: Scanning file cache for directory 'C:/Users/Jaesun/Documents/UP/Halloween/Content/' took 0.01s
[2016.10.10-07.14.38:381][  0]LogCook:Display: Max memory allowance for cook 8192mb
[2016.10.10-07.14.38:381][  0]LogCook:Display: Mobile HDR setting 1
[2016.10.10-07.14.38:381][  0]LogCook:Display: Done creating registry. It took  0.00s.
[2016.10.10-07.14.42:162][  0]SourceControl: 정보 소스 콘트롤이 꺼졌습니다.
[2016.10.10-07.14.44:482][  0]LogFactory: FactoryCreateBinary: PackFactory with PackFactory (0 0 C:/Program Files (x86)/Epic Games/4.11/FeaturePacks/StarterContent.upack)
[2016.10.10-07.14.45:230][  0]LogPackFactory: Finished extracting 8 files (including 0 errors).
[2016.10.10-07.14.45:264][  0]LogPackFactory: Copied "../../../Samples/StarterContent/Content/StarterContent/Architecture/Floor_400x400.uasset" to "../../../../../../Users/Jaesun/Documents/UP/Halloween/Content/StarterContent/Architecture/Floor_400x400.uasset"
[2016.10.10-07.14.45:270][  0]LogPackFactory: Copied "../../../Samples/StarterContent/Content/StarterContent/Architecture/Pillar_50x500.uasset" to "../../../../../../Users/Jaesun/Documents/UP/Halloween/Content/StarterContent/Architecture/Pillar_50x500.uasset"
[2016.10.10-07.14.45:297][  0]LogPackFactory: Copied "../../../Samples/StarterContent/Content/StarterContent/Architecture/SM_AssetPlatform.uasset" to "../../../../../../Users/Jaesun/Documents/UP/Halloween/Content/StarterContent/Architecture/SM_AssetPlatform.uasset"
[2016.10.10-07.14.45:317][  0]LogPackFactory: Copied "../../../Samples/StarterContent/Content/StarterContent/Architecture/Wall_400x200.uasset" to "../../../../../../Users/Jaesun/Documents/UP/Halloween/Content/StarterContent/Architecture/Wall_400x200.uasset"
[2016.10.10-07.14.45:334][  0]LogPackFactory: Copied "../../../Samples/StarterContent/Content/StarterContent/Architecture/Wall_400x300.uasset" to "../../../../../../Users/Jaesun/Documents/UP/Halloween/Content/StarterContent/Architecture/Wall_400x300.uasset"
[2016.10.10-07.14.45:486][  0]LogPackFactory: Copied "../../../Samples/StarterContent/Content/StarterContent/Architecture/Wall_400x400.uasset" to "../../../../../../Users/Jaesun/Documents/UP/Halloween/Content/StarterContent/Architecture/Wall_400x400.uasset"
[2016.10.10-07.14.45:587][  0]LogPackFactory: Copied "../../../Samples/StarterContent/Content/StarterContent/Architecture/Wall_500x500.uasset" to "../../../../../../Users/Jaesun/Documents/UP/Halloween/Content/StarterContent/Architecture/Wall_500x500.uasset"
[2016.10.10-07.14.45:593][  0]LogPackFactory: Copied "../../../Samples/StarterContent/Content/StarterContent/Architecture/Wall_Door_400x300.uasset" to "../../../../../../Users/Jaesun/Documents/UP/Halloween/Content/StarterContent/Architecture/Wall_Door_400x300.uasset"
[2016.10.10-07.14.45:615][  0]LogPackFactory: Copied "../../../Samples/StarterContent/Content/StarterContent/Architecture/Wall_Door_400x400.uasset" to "../../../../../../Users/Jaesun/Documents/UP/Halloween/Content/StarterContent/Architecture/Wall_Door_400x400.uasset"
[2016.10.10-07.14.45:621][  0]LogPackFactory: Copied "../../../Samples/StarterContent/Content/StarterContent/Architecture/Wall_Window_400x300.uasset" to "../../../../../../Users/Jaesun/Documents/UP/Halloween/Content/StarterContent/Architecture/Wall_Window_400x300.uasset"
[2016.10.10-07.14.45:627][  0]LogPackFactory: Copied "../../../Samples/StarterContent/Content/StarterContent/Architecture/Wall_Window_400x400.uasset" to "../../../../../../Users/Jaesun/Documents/UP/Halloween/Content/StarterContent/Architecture/Wall_Window_400x400.uasset"
[2016.10.10-07.14.45:650][  0]LogPackFactory: Copied "../../../Samples/StarterContent/Content/StarterContent/Audio/Collapse01.uasset" to "../../../../../../Users/Jaesun/Documents/UP/Halloween/Content/StarterContent/Audio/Collapse01.uasset"
[2016.10.10-07.14.45:662][  0]LogPackFactory: Copied "../../../Samples/StarterContent/Content/StarterContent/Audio/Collapse02.uasset" to "../../../../../../Users/Jaesun/Documents/UP/Halloween/Content/StarterContent/Audio/Collapse02.uasset"
[2016.10.10-07.14.45:803][  0]LogPackFactory: Copied "../../../Samples/StarterContent/Content/StarterContent/Audio/Collapse_Cue.uasset" to "../../../../../../Users/Jaesun/Documents/UP/Halloween/Content/StarterContent/Audio/Collapse_Cue.uasset"
[2016.10.10-07.14.45:810][  0]LogPackFactory: Copied "../../../Samples/StarterContent/Content/StarterContent/Audio/Explosion01.uasset" to "../../../../../../Users/Jaesun/Documents/UP/Halloween/Content/StarterContent/Audio/Explosion01.uasset"
[2016.10.10-07.14.45:816][  0]LogPackFactory: Copied "../../../Samples/StarterContent/Content/StarterContent/Audio/Explosion02.uasset" to "../../../../../../Users/Jaesun/Documents/UP/Halloween/Content/StarterContent/Audio/Explosion02.uasset"
[2016.10.10-07.14.45:847][  0]LogPackFactory: Copied "../../../Samples/StarterContent/Content/StarterContent/Audio/Explosion_Cue.uasset" to "../../../../../../Users/Jaesun/Documents/UP/Halloween/Content/StarterContent/Audio/Explosion_Cue.uasset"
[2016.10.10-07.14.45:855][  0]LogPackFactory: Copied "../../../Samples/StarterContent/Content/StarterContent/Audio/Fire01.uasset" to "../../../../../../Users/Jaesun/Documents/UP/Halloween/Content/StarterContent/Audio/Fire01.uasset"
[2016.10.10-07.14.45:858][  0]LogPackFactory: Copied "../../../Samples/StarterContent/Content/StarterContent/Audio/Fire01_Cue.uasset" to "../../../../../../Users/Jaesun/Documents/UP/Halloween/Content/StarterContent/Audio/Fire01_Cue.uasset"
[2016.10.10-07.14.45:893][  0]LogPackFactory: Copied "../../../Samples/StarterContent/Content/StarterContent/Audio/Fire_Sparks01.uasset" to "../../../../../../Users/Jaesun/Documents/UP/Halloween/Content/StarterContent/Audio/Fire_Sparks01.uasset"
[2016.10.10-07.14.45:896][  0]LogPackFactory: Copied "../../../Samples/StarterContent/Content/StarterContent/Audio/Fire_Sparks01_Cue.uasset" to "../../../../../../Users/Jaesun/Documents/UP/Halloween/Content/StarterContent/Audio/Fire_Sparks01_Cue.uasset"
[2016.10.10-07.14.45:936][  0]LogPackFactory: Copied "../../../Samples/StarterContent/Content/StarterContent/Audio/Light01.uasset" to "../../../../../../Users/Jaesun/Documents/UP/Halloween/Content/StarterContent/Audio/Light01.uasset"
[2016.10.10-07.14.46:043][  0]LogPackFactory: Copied "../../../Samples/StarterContent/Content/StarterContent/Audio/Light01_Cue.uasset" to "../../../../../../Users/Jaesun/Documents/UP/Halloween/Content/StarterContent/Audio/Light01_Cue.uasset"
[2016.10.10-07.14.46:090][  0]LogPackFactory: Copied "../../../Samples/StarterContent/Content/StarterContent/Audio/Light02.uasset" to "../../../../../../Users/Jaesun/Documents/UP/Halloween/Content/StarterContent/Audio/Light02.uasset"
[2016.10.10-07.14.46:152][  0]LogPackFactory: Copied "../../../Samples/StarterContent/Content/StarterContent/Audio/Light02_Cue.uasset" to "../../../../../../Users/Jaesun/Documents/UP/Halloween/Content/StarterContent/Audio/Light02_Cue.uasset"
[2016.10.10-07.14.46:462][  0]LogPackFactory: Copied "../../../Samples/StarterContent/Content/StarterContent/Audio/Smoke01.uasset" to "../../../../../../Users/Jaesun/Documents/UP/Halloween/Content/StarterContent/Audio/Smoke01.uasset"
[2016.10.10-07.14.46:465][  0]LogPackFactory: Copied "../../../Samples/StarterContent/Content/StarterContent/Audio/Smoke01_Cue.uasset" to "../../../../../../Users/Jaesun/Documents/UP/Halloween/Content/StarterContent/Audio/Smoke01_Cue.uasset"
[2016.10.10-07.14.46:477][  0]LogPackFactory: Copied "../../../Samples/StarterContent/Content/StarterContent/Audio/Starter_Background_Cue.uasset" to "../../../../../../Users/Jaesun/Documents/UP/Halloween/Content/StarterContent/Audio/Starter_Background_Cue.uasset"
[2016.10.10-07.14.46:749][  0]LogPackFactory: Copied "../../../Samples/StarterContent/Content/StarterContent/Audio/Starter_Birds01.uasset" to "../../../../../../Users/Jaesun/Documents/UP/Halloween/Content/StarterContent/Audio/Starter_Birds01.uasset"
[2016.10.10-07.14.46:841][  0]LogPackFactory: Copied "../../../Samples/StarterContent/Content/StarterContent/Audio/Starter_Music01.uasset" to "../../../../../../Users/Jaesun/Documents/UP/Halloween/Content/StarterContent/Audio/Starter_Music01.uasset"
[2016.10.10-07.14.46:850][  0]LogPackFactory: Copied "../../../Samples/StarterContent/Content/StarterContent/Audio/Starter_Music_Cue.uasset" to "../../../../../../Users/Jaesun/Documents/UP/Halloween/Content/StarterContent/Audio/Starter_Music_Cue.uasset"
[2016.10.10-07.14.46:879][  0]LogPackFactory: Copied "../../../Samples/StarterContent/Content/StarterContent/Audio/Starter_Wind05.uasset" to "../../../../../../Users/Jaesun/Documents/UP/Halloween/Content/StarterContent/Audio/Starter_Wind05.uasset"
[2016.10.10-07.14.46:953][  0]LogPackFactory: Copied "../../../Samples/StarterContent/Content/StarterContent/Audio/Starter_Wind06.uasset" to "../../../../../../Users/Jaesun/Documents/UP/Halloween/Content/StarterContent/Audio/Starter_Wind06.uasset"
[2016.10.10-07.14.46:986][  0]LogPackFactory: Copied "../../../Samples/StarterContent/Content/StarterContent/Audio/Steam01.uasset" to "../../../../../../Users/Jaesun/Documents/UP/Halloween/Content/StarterContent/Audio/Steam01.uasset"
[2016.10.10-07.14.46:989][  0]LogPackFactory: Copied "../../../Samples/StarterContent/Content/StarterContent/Audio/Steam01_Cue.uasset" to "../../../../../../Users/Jaesun/Documents/UP/Halloween/Content/StarterContent/Audio/Steam01_Cue.uasset"
[2016.10.10-07.14.47:030][  0]LogPackFactory: Copied "../../../Samples/StarterContent/Content/StarterContent/Blueprints/Blueprint_CeilingLight.uasset" to "../../../../../../Users/Jaesun/Documents/UP/Halloween/Content/StarterContent/Blueprints/Blueprint_CeilingLight.uasset"
[2016.10.10-07.14.47:036][  0]LogPackFactory: Copied "../../../Samples/StarterContent/Content/StarterContent/Blueprints/Blueprint_Effect_Explosion.uasset" to "../../../../../../Users/Jaesun/Documents/UP/Halloween/Content/StarterContent/Blueprints/Blueprint_Effect_Explosion.uasset"
[2016.10.10-07.14.47:065][  0]LogPackFactory: Copied "../../../Samples/StarterContent/Content/StarterContent/Blueprints/Blueprint_Effect_Fire.uasset" to "../../../../../../Users/Jaesun/Documents/UP/Halloween/Content/StarterContent/Blueprints/Blueprint_Effect_Fire.uasset"
[2016.10.10-07.14.47:084][  0]LogPackFactory: Copied "../../../Samples/StarterContent/Content/StarterContent/Blueprints/Blueprint_Effect_Smoke.uasset" to "../../../../../../Users/Jaesun/Documents/UP/Halloween/Content/StarterContent/Blueprints/Blueprint_Effect_Smoke.uasset"
[2016.10.10-07.14.47:090][  0]LogPackFactory: Copied "../../../Samples/StarterContent/Content/StarterContent/Blueprints/Blueprint_Effect_Sparks.uasset" to "../../../../../../Users/Jaesun/Documents/UP/Halloween/Content/StarterContent/Blueprints/Blueprint_Effect_Sparks.uasset"
[2016.10.10-07.14.47:095][  0]LogPackFactory: Copied "../../../Samples/StarterContent/Content/StarterContent/Blueprints/Blueprint_Effect_Steam.uasset" to "../../../../../../Users/Jaesun/Documents/UP/Halloween/Content/StarterContent/Blueprints/Blueprint_Effect_Steam.uasset"
[2016.10.10-07.14.47:101][  0]LogPackFactory: Copied "../../../Samples/StarterContent/Content/StarterContent/Blueprints/Blueprint_WallSconce.uasset" to "../../../../../../Users/Jaesun/Documents/UP/Halloween/Content/StarterContent/Blueprints/Blueprint_WallSconce.uasset"
[2016.10.10-07.14.47:121][  0]LogPackFactory: Copied "../../../Samples/StarterContent/Content/StarterContent/Blueprints/BP_LightStudio.uasset" to "../../../../../../Users/Jaesun/Documents/UP/Halloween/Content/StarterContent/Blueprints/BP_LightStudio.uasset"
[2016.10.10-07.14.47:125][  0]LogPackFactory: Copied "../../../Samples/StarterContent/Content/StarterContent/Blueprints/Assets/FogBrightnessLUT.uasset" to "../../../../../../Users/Jaesun/Documents/UP/Halloween/Content/StarterContent/Blueprints/Assets/FogBrightnessLUT.uasset"
[2016.10.10-07.14.47:219][  0]LogPackFactory: Copied "../../../Samples/StarterContent/Content/StarterContent/Blueprints/Assets/M_LightStage_Arrows.uasset" to "../../../../../../Users/Jaesun/Documents/UP/Halloween/Content/StarterContent/Blueprints/Assets/M_LightStage_Arrows.uasset"
[2016.10.10-07.14.47:226][  0]LogPackFactory: Copied "../../../Samples/StarterContent/Content/StarterContent/Blueprints/Assets/M_LightStage_Skybox_Black.uasset" to "../../../../../../Users/Jaesun/Documents/UP/Halloween/Content/StarterContent/Blueprints/Assets/M_LightStage_Skybox_Black.uasset"
[2016.10.10-07.14.47:232][  0]LogPackFactory: Copied "../../../Samples/StarterContent/Content/StarterContent/Blueprints/Assets/M_LightStage_Skybox_HDRI.uasset" to "../../../../../../Users/Jaesun/Documents/UP/Halloween/Content/StarterContent/Blueprints/Assets/M_LightStage_Skybox_HDRI.uasset"
[2016.10.10-07.14.47:254][  0]LogPackFactory: Copied "../../../Samples/StarterContent/Content/StarterContent/Blueprints/Assets/M_LightStage_Skybox_Master.uasset" to "../../../../../../Users/Jaesun/Documents/UP/Halloween/Content/StarterContent/Blueprints/Assets/M_LightStage_Skybox_Master.uasset"
[2016.10.10-07.14.47:404][  0]LogPackFactory: Copied "../../../Samples/StarterContent/Content/StarterContent/Blueprints/Assets/Skybox.uasset" to "../../../../../../Users/Jaesun/Documents/UP/Halloween/Content/StarterContent/Blueprints/Assets/Skybox.uasset"
[2016.10.10-07.14.47:413][  0]LogPackFactory: Copied "../../../Samples/StarterContent/Content/StarterContent/Blueprints/Assets/SM_Arrows.uasset" to "../../../../../../Users/Jaesun/Documents/UP/Halloween/Content/StarterContent/Blueprints/Assets/SM_Arrows.uasset"
[2016.10.10-07.14.47:418][  0]LogPackFactory: Copied "../../../Samples/StarterContent/Content/StarterContent/Blueprints/Assets/SunlightColorLUT.uasset" to "../../../../../../Users/Jaesun/Documents/UP/Halloween/Content/StarterContent/Blueprints/Assets/SunlightColorLUT.uasset"
[2016.10.10-07.15.02:624][  0]LogPackFactory: Copied "../../../Samples/StarterContent/Content/StarterContent/HDRI/HDRI_Epic_Courtyard_Daylight.uasset" to "../../../../../../Users/Jaesun/Documents/UP/Halloween/Content/StarterContent/HDRI/HDRI_Epic_Courtyard_Daylight.uasset"
[2016.10.10-07.15.02:757][  0]LogPackFactory: Copied "../../../Samples/StarterContent/Content/StarterContent/Maps/Advanced_Lighting.umap" to "../../../../../../Users/Jaesun/Documents/UP/Halloween/Content/StarterContent/Maps/Advanced_Lighting.umap"
[2016.10.10-07.15.02:890][  0]LogPackFactory: Copied "../../../Samples/StarterContent/Content/StarterContent/Maps/Minimal_Default.umap" to "../../../../../../Users/Jaesun/Documents/UP/Halloween/Content/StarterContent/Maps/Minimal_Default.umap"
[2016.10.10-07.15.03:014][  0]LogPackFactory: Copied "../../../Samples/StarterContent/Content/StarterContent/Maps/StarterMap.umap" to "../../../../../../Users/Jaesun/Documents/UP/Halloween/Content/StarterContent/Maps/StarterMap.umap"
[2016.10.10-07.15.03:069][  0]LogPackFactory: Copied "../../../Samples/StarterContent/Content/StarterContent/Materials/M_AssetPlatform.uasset" to "../../../../../../Users/Jaesun/Documents/UP/Halloween/Content/StarterContent/Materials/M_AssetPlatform.uasset"
[2016.10.10-07.15.03:075][  0]LogPackFactory: Copied "../../../Samples/StarterContent/Content/StarterContent/Materials/M_Basic_Floor.uasset" to "../../../../../../Users/Jaesun/Documents/UP/Halloween/Content/StarterContent/Materials/M_Basic_Floor.uasset"
[2016.10.10-07.15.03:081][  0]LogPackFactory: Copied "../../../Samples/StarterContent/Content/StarterContent/Materials/M_Basic_Wall.uasset" to "../../../../../../Users/Jaesun/Documents/UP/Halloween/Content/StarterContent/Materials/M_Basic_Wall.uasset"
[2016.10.10-07.15.03:104][  0]LogPackFactory: Copied "../../../Samples/StarterContent/Content/StarterContent/Materials/M_Brick_Clay_Beveled.uasset" to "../../../../../../Users/Jaesun/Documents/UP/Halloween/Content/StarterContent/Materials/M_Brick_Clay_Beveled.uasset"
[2016.10.10-07.15.03:129][  0]LogPackFactory: Copied "../../../Samples/StarterContent/Content/StarterContent/Materials/M_Brick_Clay_New.uasset" to "../../../../../../Users/Jaesun/Documents/UP/Halloween/Content/StarterContent/Materials/M_Brick_Clay_New.uasset"
[2016.10.10-07.15.03:156][  0]LogPackFactory: Copied "../../../Samples/StarterContent/Content/StarterContent/Materials/M_Brick_Clay_Old.uasset" to "../../../../../../Users/Jaesun/Documents/UP/Halloween/Content/StarterContent/Materials/M_Brick_Clay_Old.uasset"
[2016.10.10-07.15.03:206][  0]LogPackFactory: Copied "../../../Samples/StarterContent/Content/StarterContent/Materials/M_Brick_Cut_Stone.uasset" to "../../../../../../Users/Jaesun/Documents/UP/Halloween/Content/StarterContent/Materials/M_Brick_Cut_Stone.uasset"
[2016.10.10-07.15.03:225][  0]LogPackFactory: Copied "../../../Samples/StarterContent/Content/StarterContent/Materials/M_Brick_Hewn_Stone.uasset" to "../../../../../../Users/Jaesun/Documents/UP/Halloween/Content/StarterContent/Materials/M_Brick_Hewn_Stone.uasset"
[2016.10.10-07.15.03:276][  0]LogPackFactory: Copied "../../../Samples/StarterContent/Content/StarterContent/Materials/M_Ceramic_Tile_Checker.uasset" to "../../../../../../Users/Jaesun/Documents/UP/Halloween/Content/StarterContent/Materials/M_Ceramic_Tile_Checker.uasset"
[2016.10.10-07.15.03:319][  0]LogPackFactory: Copied "../../../Samples/StarterContent/Content/StarterContent/Materials/M_CobbleStone_Pebble.uasset" to "../../../../../../Users/Jaesun/Documents/UP/Halloween/Content/StarterContent/Materials/M_CobbleStone_Pebble.uasset"
[2016.10.10-07.15.03:346][  0]LogPackFactory: Copied "../../../Samples/StarterContent/Content/StarterContent/Materials/M_CobbleStone_Rough.uasset" to "../../../../../../Users/Jaesun/Documents/UP/Halloween/Content/StarterContent/Materials/M_CobbleStone_Rough.uasset"
[2016.10.10-07.15.03:359][  0]LogPackFactory: Copied "../../../Samples/StarterContent/Content/StarterContent/Materials/M_CobbleStone_Smooth.uasset" to "../../../../../../Users/Jaesun/Documents/UP/Halloween/Content/StarterContent/Materials/M_CobbleStone_Smooth.uasset"
[2016.10.10-07.15.03:365][  0]LogPackFactory: Copied "../../../Samples/StarterContent/Content/StarterContent/Materials/M_ColorGrid_LowSpec.uasset" to "../../../../../../Users/Jaesun/Documents/UP/Halloween/Content/StarterContent/Materials/M_ColorGrid_LowSpec.uasset"
[2016.10.10-07.15.03:371][  0]LogPackFactory: Copied "../../../Samples/StarterContent/Content/StarterContent/Materials/M_Concrete_Grime.uasset" to "../../../../../../Users/Jaesun/Documents/UP/Halloween/Content/StarterContent/Materials/M_Concrete_Grime.uasset"
[2016.10.10-07.15.03:378][  0]LogPackFactory: Copied "../../../Samples/StarterContent/Content/StarterContent/Materials/M_Concrete_Panels.uasset" to "../../../../../../Users/Jaesun/Documents/UP/Halloween/Content/StarterContent/Materials/M_Concrete_Panels.uasset"
[2016.10.10-07.15.03:384][  0]LogPackFactory: Copied "../../../Samples/StarterContent/Content/StarterContent/Materials/M_Concrete_Poured.uasset" to "../../../../../../Users/Jaesun/Documents/UP/Halloween/Content/StarterContent/Materials/M_Concrete_Poured.uasset"
[2016.10.10-07.15.03:405][  0]LogPackFactory: Copied "../../../Samples/StarterContent/Content/StarterContent/Materials/M_Concrete_Tiles.uasset" to "../../../../../../Users/Jaesun/Documents/UP/Halloween/Content/StarterContent/Materials/M_Concrete_Tiles.uasset"
[2016.10.10-07.15.03:411][  0]LogPackFactory: Copied "../../../Samples/StarterContent/Content/StarterContent/Materials/M_Glass.uasset" to "../../../../../../Users/Jaesun/Documents/UP/Halloween/Content/StarterContent/Materials/M_Glass.uasset"
[2016.10.10-07.15.03:417][  0]LogPackFactory: Copied "../../../Samples/StarterContent/Content/StarterContent/Materials/M_Ground_Grass.uasset" to "../../../../../../Users/Jaesun/Documents/UP/Halloween/Content/StarterContent/Materials/M_Ground_Grass.uasset"
[2016.10.10-07.15.03:423][  0]LogPackFactory: Copied "../../../Samples/StarterContent/Content/StarterContent/Materials/M_Ground_Gravel.uasset" to "../../../../../../Users/Jaesun/Documents/UP/Halloween/Content/StarterContent/Materials/M_Ground_Gravel.uasset"
[2016.10.10-07.15.03:429][  0]LogPackFactory: Copied "../../../Samples/StarterContent/Content/StarterContent/Materials/M_Ground_Moss.uasset" to "../../../../../../Users/Jaesun/Documents/UP/Halloween/Content/StarterContent/Materials/M_Ground_Moss.uasset"
[2016.10.10-07.15.03:435][  0]LogPackFactory: Copied "../../../Samples/StarterContent/Content/StarterContent/Materials/M_Metal_Brushed_Nickel.uasset" to "../../../../../../Users/Jaesun/Documents/UP/Halloween/Content/StarterContent/Materials/M_Metal_Brushed_Nickel.uasset"
[2016.10.10-07.15.03:457][  0]LogPackFactory: Copied "../../../Samples/StarterContent/Content/StarterContent/Materials/M_Metal_Burnished_Steel.uasset" to "../../../../../../Users/Jaesun/Documents/UP/Halloween/Content/StarterContent/Materials/M_Metal_Burnished_Steel.uasset"
[2016.10.10-07.15.03:469][  0]LogPackFactory: Copied "../../../Samples/StarterContent/Content/StarterContent/Materials/M_Metal_Chrome.uasset" to "../../../../../../Users/Jaesun/Documents/UP/Halloween/Content/StarterContent/Materials/M_Metal_Chrome.uasset"
[2016.10.10-07.15.03:474][  0]LogPackFactory: Copied "../../../Samples/StarterContent/Content/StarterContent/Materials/M_Metal_Copper.uasset" to "../../../../../../Users/Jaesun/Documents/UP/Halloween/Content/StarterContent/Materials/M_Metal_Copper.uasset"
[2016.10.10-07.15.03:497][  0]LogPackFactory: Copied "../../../Samples/StarterContent/Content/StarterContent/Materials/M_Metal_Gold.uasset" to "../../../../../../Users/Jaesun/Documents/UP/Halloween/Content/StarterContent/Materials/M_Metal_Gold.uasset"
[2016.10.10-07.15.03:503][  0]LogPackFactory: Copied "../../../Samples/StarterContent/Content/StarterContent/Materials/M_Metal_Rust.uasset" to "../../../../../../Users/Jaesun/Documents/UP/Halloween/Content/StarterContent/Materials/M_Metal_Rust.uasset"
[2016.10.10-07.15.03:508][  0]LogPackFactory: Copied "../../../Samples/StarterContent/Content/StarterContent/Materials/M_Metal_Steel.uasset" to "../../../../../../Users/Jaesun/Documents/UP/Halloween/Content/StarterContent/Materials/M_Metal_Steel.uasset"
[2016.10.10-07.15.03:514][  0]LogPackFactory: Copied "../../../Samples/StarterContent/Content/StarterContent/Materials/M_Rock_Basalt.uasset" to "../../../../../../Users/Jaesun/Documents/UP/Halloween/Content/StarterContent/Materials/M_Rock_Basalt.uasset"
[2016.10.10-07.15.03:520][  0]LogPackFactory: Copied "../../../Samples/StarterContent/Content/StarterContent/Materials/M_Rock_Marble_Polished.uasset" to "../../../../../../Users/Jaesun/Documents/UP/Halloween/Content/StarterContent/Materials/M_Rock_Marble_Polished.uasset"
[2016.10.10-07.15.03:526][  0]LogPackFactory: Copied "../../../Samples/StarterContent/Content/StarterContent/Materials/M_Rock_Sandstone.uasset" to "../../../../../../Users/Jaesun/Documents/UP/Halloween/Content/StarterContent/Materials/M_Rock_Sandstone.uasset"
[2016.10.10-07.15.03:532][  0]LogPackFactory: Copied "../../../Samples/StarterContent/Content/StarterContent/Materials/M_Rock_Slate.uasset" to "../../../../../../Users/Jaesun/Documents/UP/Halloween/Content/StarterContent/Materials/M_Rock_Slate.uasset"
[2016.10.10-07.15.03:538][  0]LogPackFactory: Copied "../../../Samples/StarterContent/Content/StarterContent/Materials/M_Tech_Checker_Dot.uasset" to "../../../../../../Users/Jaesun/Documents/UP/Halloween/Content/StarterContent/Materials/M_Tech_Checker_Dot.uasset"
[2016.10.10-07.15.03:544][  0]LogPackFactory: Copied "../../../Samples/StarterContent/Content/StarterContent/Materials/M_Tech_Hex_Tile.uasset" to "../../../../../../Users/Jaesun/Documents/UP/Halloween/Content/StarterContent/Materials/M_Tech_Hex_Tile.uasset"
[2016.10.10-07.15.03:576][  0]LogPackFactory: Copied "../../../Samples/StarterContent/Content/StarterContent/Materials/M_Tech_Hex_Tile_Pulse.uasset" to "../../../../../../Users/Jaesun/Documents/UP/Halloween/Content/StarterContent/Materials/M_Tech_Hex_Tile_Pulse.uasset"
[2016.10.10-07.15.03:588][  0]LogPackFactory: Copied "../../../Samples/StarterContent/Content/StarterContent/Materials/M_Tech_Panel.uasset" to "../../../../../../Users/Jaesun/Documents/UP/Halloween/Content/StarterContent/Materials/M_Tech_Panel.uasset"
[2016.10.10-07.15.03:593][  0]LogPackFactory: Copied "../../../Samples/StarterContent/Content/StarterContent/Materials/M_Water_Lake.uasset" to "../../../../../../Users/Jaesun/Documents/UP/Halloween/Content/StarterContent/Materials/M_Water_Lake.uasset"
[2016.10.10-07.15.03:599][  0]LogPackFactory: Copied "../../../Samples/StarterContent/Content/StarterContent/Materials/M_Water_Ocean.uasset" to "../../../../../../Users/Jaesun/Documents/UP/Halloween/Content/StarterContent/Materials/M_Water_Ocean.uasset"
[2016.10.10-07.15.03:606][  0]LogPackFactory: Copied "../../../Samples/StarterContent/Content/StarterContent/Materials/M_Wood_Floor_Walnut_Polished.uasset" to "../../../../../../Users/Jaesun/Documents/UP/Halloween/Content/StarterContent/Materials/M_Wood_Floor_Walnut_Polished.uasset"
[2016.10.10-07.15.03:612][  0]LogPackFactory: Copied "../../../Samples/StarterContent/Content/StarterContent/Materials/M_Wood_Floor_Walnut_Worn.uasset" to "../../../../../../Users/Jaesun/Documents/UP/Halloween/Content/StarterContent/Materials/M_Wood_Floor_Walnut_Worn.uasset"
[2016.10.10-07.15.03:617][  0]LogPackFactory: Copied "../../../Samples/StarterContent/Content/StarterContent/Materials/M_Wood_Oak.uasset" to "../../../../../../Users/Jaesun/Documents/UP/Halloween/Content/StarterContent/Materials/M_Wood_Oak.uasset"
[2016.10.10-07.15.03:623][  0]LogPackFactory: Copied "../../../Samples/StarterContent/Content/StarterContent/Materials/M_Wood_Pine.uasset" to "../../../../../../Users/Jaesun/Documents/UP/Halloween/Content/StarterContent/Materials/M_Wood_Pine.uasset"
[2016.10.10-07.15.03:629][  0]LogPackFactory: Copied "../../../Samples/StarterContent/Content/StarterContent/Materials/M_Wood_Walnut.uasset" to "../../../../../../Users/Jaesun/Documents/UP/Halloween/Content/StarterContent/Materials/M_Wood_Walnut.uasset"
[2016.10.10-07.15.03:671][  0]LogPackFactory: Copied "../../../Samples/StarterContent/Content/StarterContent/Particles/P_Ambient_Dust.uasset" to "../../../../../../Users/Jaesun/Documents/UP/Halloween/Content/StarterContent/Particles/P_Ambient_Dust.uasset"
[2016.10.10-07.15.03:697][  0]LogPackFactory: Copied "../../../Samples/StarterContent/Content/StarterContent/Particles/P_Explosion.uasset" to "../../../../../../Users/Jaesun/Documents/UP/Halloween/Content/StarterContent/Particles/P_Explosion.uasset"
[2016.10.10-07.15.03:759][  0]LogPackFactory: Copied "../../../Samples/StarterContent/Content/StarterContent/Particles/P_Fire.uasset" to "../../../../../../Users/Jaesun/Documents/UP/Halloween/Content/StarterContent/Particles/P_Fire.uasset"
[2016.10.10-07.15.03:782][  0]LogPackFactory: Copied "../../../Samples/StarterContent/Content/StarterContent/Particles/P_Smoke.uasset" to "../../../../../../Users/Jaesun/Documents/UP/Halloween/Content/StarterContent/Particles/P_Smoke.uasset"
[2016.10.10-07.15.03:788][  0]LogPackFactory: Copied "../../../Samples/StarterContent/Content/StarterContent/Particles/P_Sparks.uasset" to "../../../../../../Users/Jaesun/Documents/UP/Halloween/Content/StarterContent/Particles/P_Sparks.uasset"
[2016.10.10-07.15.03:834][  0]LogPackFactory: Copied "../../../Samples/StarterContent/Content/StarterContent/Particles/P_Steam_Lit.uasset" to "../../../../../../Users/Jaesun/Documents/UP/Halloween/Content/StarterContent/Particles/P_Steam_Lit.uasset"
[2016.10.10-07.15.03:840][  0]LogPackFactory: Copied "../../../Samples/StarterContent/Content/StarterContent/Particles/Materials/M_Burst.uasset" to "../../../../../../Users/Jaesun/Documents/UP/Halloween/Content/StarterContent/Particles/Materials/M_Burst.uasset"
[2016.10.10-07.15.03:845][  0]LogPackFactory: Copied "../../../Samples/StarterContent/Content/StarterContent/Particles/Materials/M_Dust_Particle.uasset" to "../../../../../../Users/Jaesun/Documents/UP/Halloween/Content/StarterContent/Particles/Materials/M_Dust_Particle.uasset"
[2016.10.10-07.15.03:867][  0]LogPackFactory: Copied "../../../Samples/StarterContent/Content/StarterContent/Particles/Materials/M_explosion_subUV.uasset" to "../../../../../../Users/Jaesun/Documents/UP/Halloween/Content/StarterContent/Particles/Materials/M_explosion_subUV.uasset"
[2016.10.10-07.15.03:989][  0]LogPackFactory: Copied "../../../Samples/StarterContent/Content/StarterContent/Particles/Materials/M_Fire_SubUV.uasset" to "../../../../../../Users/Jaesun/Documents/UP/Halloween/Content/StarterContent/Particles/Materials/M_Fire_SubUV.uasset"
[2016.10.10-07.15.03:995][  0]LogPackFactory: Copied "../../../Samples/StarterContent/Content/StarterContent/Particles/Materials/m_flare_01.uasset" to "../../../../../../Users/Jaesun/Documents/UP/Halloween/Content/StarterContent/Particles/Materials/m_flare_01.uasset"
[2016.10.10-07.15.04:001][  0]LogPackFactory: Copied "../../../Samples/StarterContent/Content/StarterContent/Particles/Materials/M_Heat_Distortion.uasset" to "../../../../../../Users/Jaesun/Documents/UP/Halloween/Content/StarterContent/Particles/Materials/M_Heat_Distortion.uasset"
[2016.10.10-07.15.04:006][  0]LogPackFactory: Copied "../../../Samples/StarterContent/Content/StarterContent/Particles/Materials/M_Radial_Gradient.uasset" to "../../../../../../Users/Jaesun/Documents/UP/Halloween/Content/StarterContent/Particles/Materials/M_Radial_Gradient.uasset"
[2016.10.10-07.15.04:012][  0]LogPackFactory: Copied "../../../Samples/StarterContent/Content/StarterContent/Particles/Materials/M_radial_ramp.uasset" to "../../../../../../Users/Jaesun/Documents/UP/Halloween/Content/StarterContent/Particles/Materials/M_radial_ramp.uasset"
[2016.10.10-07.15.04:018][  0]LogPackFactory: Copied "../../../Samples/StarterContent/Content/StarterContent/Particles/Materials/M_smoke_subUV.uasset" to "../../../../../../Users/Jaesun/Documents/UP/Halloween/Content/StarterContent/Particles/Materials/M_smoke_subUV.uasset"
[2016.10.10-07.15.04:573][  0]LogPackFactory: Copied "../../../Samples/StarterContent/Content/StarterContent/Particles/Materials/M_Spark.uasset" to "../../../../../../Users/Jaesun/Documents/UP/Halloween/Content/StarterContent/Particles/Materials/M_Spark.uasset"
[2016.10.10-07.15.05:159][  0]LogPackFactory: Copied "../../../Samples/StarterContent/Content/StarterContent/Props/MaterialSphere.uasset" to "../../../../../../Users/Jaesun/Documents/UP/Halloween/Content/StarterContent/Props/MaterialSphere.uasset"
[2016.10.10-07.15.05:693][  0]LogPackFactory: Copied "../../../Samples/StarterContent/Content/StarterContent/Props/SM_Bush.uasset" to "../../../../../../Users/Jaesun/Documents/UP/Halloween/Content/StarterContent/Props/SM_Bush.uasset"
[2016.10.10-07.15.06:491][  0]LogPackFactory: Copied "../../../Samples/StarterContent/Content/StarterContent/Props/SM_Chair.uasset" to "../../../../../../Users/Jaesun/Documents/UP/Halloween/Content/StarterContent/Props/SM_Chair.uasset"
[2016.10.10-07.15.06:979][  0]LogPackFactory: Copied "../../../Samples/StarterContent/Content/StarterContent/Props/SM_CornerFrame.uasset" to "../../../../../../Users/Jaesun/Documents/UP/Halloween/Content/StarterContent/Props/SM_CornerFrame.uasset"
[2016.10.10-07.15.07:282][  0]LogPackFactory: Copied "../../../Samples/StarterContent/Content/StarterContent/Props/SM_Couch.uasset" to "../../../../../../Users/Jaesun/Documents/UP/Halloween/Content/StarterContent/Props/SM_Couch.uasset"
[2016.10.10-07.15.07:682][  0]LogPackFactory: Copied "../../../Samples/StarterContent/Content/StarterContent/Props/SM_Door.uasset" to "../../../../../../Users/Jaesun/Documents/UP/Halloween/Content/StarterContent/Props/SM_Door.uasset"
[2016.10.10-07.15.08:274][  0]LogPackFactory: Copied "../../../Samples/StarterContent/Content/StarterContent/Props/SM_DoorFrame.uasset" to "../../../../../../Users/Jaesun/Documents/UP/Halloween/Content/StarterContent/Props/SM_DoorFrame.uasset"
[2016.10.10-07.15.08:625][  0]LogPackFactory: Copied "../../../Samples/StarterContent/Content/StarterContent/Props/SM_GlassWindow.uasset" to "../../../../../../Users/Jaesun/Documents/UP/Halloween/Content/StarterContent/Props/SM_GlassWindow.uasset"
[2016.10.10-07.15.09:226][  0]LogPackFactory: Copied "../../../Samples/StarterContent/Content/StarterContent/Props/SM_Lamp_Ceiling.uasset" to "../../../../../../Users/Jaesun/Documents/UP/Halloween/Content/StarterContent/Props/SM_Lamp_Ceiling.uasset"
[2016.10.10-07.15.09:261][  0]LogPackFactory: Copied "../../../Samples/StarterContent/Content/StarterContent/Props/SM_Lamp_Wall.uasset" to "../../../../../../Users/Jaesun/Documents/UP/Halloween/Content/StarterContent/Props/SM_Lamp_Wall.uasset"
[2016.10.10-07.15.09:351][  0]LogPackFactory: Copied "../../../Samples/StarterContent/Content/StarterContent/Props/SM_MatPreviewMesh_02.uasset" to "../../../../../../Users/Jaesun/Documents/UP/Halloween/Content/StarterContent/Props/SM_MatPreviewMesh_02.uasset"
[2016.10.10-07.15.09:393][  0]LogPackFactory: Copied "../../../Samples/StarterContent/Content/StarterContent/Props/SM_PillarFrame.uasset" to "../../../../../../Users/Jaesun/Documents/UP/Halloween/Content/StarterContent/Props/SM_PillarFrame.uasset"
[2016.10.10-07.15.09:419][  0]LogPackFactory: Copied "../../../Samples/StarterContent/Content/StarterContent/Props/SM_PillarFrame300.uasset" to "../../../../../../Users/Jaesun/Documents/UP/Halloween/Content/StarterContent/Props/SM_PillarFrame300.uasset"
[2016.10.10-07.15.09:444][  0]LogPackFactory: Copied "../../../Samples/StarterContent/Content/StarterContent/Props/SM_Rock.uasset" to "../../../../../../Users/Jaesun/Documents/UP/Halloween/Content/StarterContent/Props/SM_Rock.uasset"
[2016.10.10-07.15.09:487][  0]LogPackFactory: Copied "../../../Samples/StarterContent/Content/StarterContent/Props/SM_Shelf.uasset" to "../../../../../../Users/Jaesun/Documents/UP/Halloween/Content/StarterContent/Props/SM_Shelf.uasset"
[2016.10.10-07.15.09:528][  0]LogPackFactory: Copied "../../../Samples/StarterContent/Content/StarterContent/Props/SM_Stairs.uasset" to "../../../../../../Users/Jaesun/Documents/UP/Halloween/Content/StarterContent/Props/SM_Stairs.uasset"
[2016.10.10-07.15.09:556][  0]LogPackFactory: Copied "../../../Samples/StarterContent/Content/StarterContent/Props/SM_Statue.uasset" to "../../../../../../Users/Jaesun/Documents/UP/Halloween/Content/StarterContent/Props/SM_Statue.uasset"
[2016.10.10-07.15.09:614][  0]LogPackFactory: Copied "../../../Samples/StarterContent/Content/StarterContent/Props/SM_TableRound.uasset" to "../../../../../../Users/Jaesun/Documents/UP/Halloween/Content/StarterContent/Props/SM_TableRound.uasset"
[2016.10.10-07.15.09:644][  0]LogPackFactory: Copied "../../../Samples/StarterContent/Content/StarterContent/Props/SM_WindowFrame.uasset" to "../../../../../../Users/Jaesun/Documents/UP/Halloween/Content/StarterContent/Props/SM_WindowFrame.uasset"
[2016.10.10-07.15.09:711][  0]LogPackFactory: Copied "../../../Samples/StarterContent/Content/StarterContent/Props/Materials/M_Bush.uasset" to "../../../../../../Users/Jaesun/Documents/UP/Halloween/Content/StarterContent/Props/Materials/M_Bush.uasset"
[2016.10.10-07.15.09:737][  0]LogPackFactory: Copied "../../../Samples/StarterContent/Content/StarterContent/Props/Materials/M_Chair.uasset" to "../../../../../../Users/Jaesun/Documents/UP/Halloween/Content/StarterContent/Props/Materials/M_Chair.uasset"
[2016.10.10-07.15.09:762][  0]LogPackFactory: Copied "../../../Samples/StarterContent/Content/StarterContent/Props/Materials/M_Door.uasset" to "../../../../../../Users/Jaesun/Documents/UP/Halloween/Content/StarterContent/Props/Materials/M_Door.uasset"
[2016.10.10-07.15.09:768][  0]LogPackFactory: Copied "../../../Samples/StarterContent/Content/StarterContent/Props/Materials/M_Frame.uasset" to "../../../../../../Users/Jaesun/Documents/UP/Halloween/Content/StarterContent/Props/Materials/M_Frame.uasset"
[2016.10.10-07.15.09:788][  0]LogPackFactory: Copied "../../../Samples/StarterContent/Content/StarterContent/Props/Materials/M_Lamp.uasset" to "../../../../../../Users/Jaesun/Documents/UP/Halloween/Content/StarterContent/Props/Materials/M_Lamp.uasset"
[2016.10.10-07.15.09:824][  0]LogPackFactory: Copied "../../../Samples/StarterContent/Content/StarterContent/Props/Materials/M_MaterialSphere.uasset" to "../../../../../../Users/Jaesun/Documents/UP/Halloween/Content/StarterContent/Props/Materials/M_MaterialSphere.uasset"
[2016.10.10-07.15.09:830][  0]LogPackFactory: Copied "../../../Samples/StarterContent/Content/StarterContent/Props/Materials/M_MaterialSphere_Plain.uasset" to "../../../../../../Users/Jaesun/Documents/UP/Halloween/Content/StarterContent/Props/Materials/M_MaterialSphere_Plain.uasset"
[2016.10.10-07.15.09:837][  0]LogPackFactory: Copied "../../../Samples/StarterContent/Content/StarterContent/Props/Materials/M_Rock.uasset" to "../../../../../../Users/Jaesun/Documents/UP/Halloween/Content/StarterContent/Props/Materials/M_Rock.uasset"
[2016.10.10-07.15.09:857][  0]LogPackFactory: Copied "../../../Samples/StarterContent/Content/StarterContent/Props/Materials/M_Shelf.uasset" to "../../../../../../Users/Jaesun/Documents/UP/Halloween/Content/StarterContent/Props/Materials/M_Shelf.uasset"
[2016.10.10-07.15.09:863][  0]LogPackFactory: Copied "../../../Samples/StarterContent/Content/StarterContent/Props/Materials/M_Statue.uasset" to "../../../../../../Users/Jaesun/Documents/UP/Halloween/Content/StarterContent/Props/Materials/M_Statue.uasset"
[2016.10.10-07.15.09:902][  0]LogPackFactory: Copied "../../../Samples/StarterContent/Content/StarterContent/Props/Materials/M_StatueGlass.uasset" to "../../../../../../Users/Jaesun/Documents/UP/Halloween/Content/StarterContent/Props/Materials/M_StatueGlass.uasset"
[2016.10.10-07.15.09:910][  0]LogPackFactory: Copied "../../../Samples/StarterContent/Content/StarterContent/Props/Materials/M_TableRound.uasset" to "../../../../../../Users/Jaesun/Documents/UP/Halloween/Content/StarterContent/Props/Materials/M_TableRound.uasset"
[2016.10.10-07.15.09:917][  0]LogPackFactory: Copied "../../../Samples/StarterContent/Content/StarterContent/Shapes/Shape_Cone.uasset" to "../../../../../../Users/Jaesun/Documents/UP/Halloween/Content/StarterContent/Shapes/Shape_Cone.uasset"
[2016.10.10-07.15.09:925][  0]LogPackFactory: Copied "../../../Samples/StarterContent/Content/StarterContent/Shapes/Shape_Cube.uasset" to "../../../../../../Users/Jaesun/Documents/UP/Halloween/Content/StarterContent/Shapes/Shape_Cube.uasset"
[2016.10.10-07.15.09:931][  0]LogPackFactory: Copied "../../../Samples/StarterContent/Content/StarterContent/Shapes/Shape_Cylinder.uasset" to "../../../../../../Users/Jaesun/Documents/UP/Halloween/Content/StarterContent/Shapes/Shape_Cylinder.uasset"
[2016.10.10-07.15.09:956][  0]LogPackFactory: Copied "../../../Samples/StarterContent/Content/StarterContent/Shapes/Shape_NarrowCapsule.uasset" to "../../../../../../Users/Jaesun/Documents/UP/Halloween/Content/StarterContent/Shapes/Shape_NarrowCapsule.uasset"
[2016.10.10-07.15.09:990][  0]LogPackFactory: Copied "../../../Samples/StarterContent/Content/StarterContent/Shapes/Shape_Pipe.uasset" to "../../../../../../Users/Jaesun/Documents/UP/Halloween/Content/StarterContent/Shapes/Shape_Pipe.uasset"
[2016.10.10-07.15.09:997][  0]LogPackFactory: Copied "../../../Samples/StarterContent/Content/StarterContent/Shapes/Shape_Pipe_180.uasset" to "../../../../../../Users/Jaesun/Documents/UP/Halloween/Content/StarterContent/Shapes/Shape_Pipe_180.uasset"
[2016.10.10-07.15.10:066][  0]LogPackFactory: Copied "../../../Samples/StarterContent/Content/StarterContent/Shapes/Shape_Pipe_90.uasset" to "../../../../../../Users/Jaesun/Documents/UP/Halloween/Content/StarterContent/Shapes/Shape_Pipe_90.uasset"
[2016.10.10-07.15.10:072][  0]LogPackFactory: Copied "../../../Samples/StarterContent/Content/StarterContent/Shapes/Shape_Plane.uasset" to "../../../../../../Users/Jaesun/Documents/UP/Halloween/Content/StarterContent/Shapes/Shape_Plane.uasset"
[2016.10.10-07.15.10:077][  0]LogPackFactory: Copied "../../../Samples/StarterContent/Content/StarterContent/Shapes/Shape_QuadPyramid.uasset" to "../../../../../../Users/Jaesun/Documents/UP/Halloween/Content/StarterContent/Shapes/Shape_QuadPyramid.uasset"
[2016.10.10-07.15.10:177][  0]LogPackFactory: Copied "../../../Samples/StarterContent/Content/StarterContent/Shapes/Shape_Sphere.uasset" to "../../../../../../Users/Jaesun/Documents/UP/Halloween/Content/StarterContent/Shapes/Shape_Sphere.uasset"
[2016.10.10-07.15.10:238][  0]LogPackFactory: Copied "../../../Samples/StarterContent/Content/StarterContent/Shapes/Shape_Torus.uasset" to "../../../../../../Users/Jaesun/Documents/UP/Halloween/Content/StarterContent/Shapes/Shape_Torus.uasset"
[2016.10.10-07.15.10:244][  0]LogPackFactory: Copied "../../../Samples/StarterContent/Content/StarterContent/Shapes/Shape_Trim.uasset" to "../../../../../../Users/Jaesun/Documents/UP/Halloween/Content/StarterContent/Shapes/Shape_Trim.uasset"
[2016.10.10-07.15.10:250][  0]LogPackFactory: Copied "../../../Samples/StarterContent/Content/StarterContent/Shapes/Shape_Trim_90_In.uasset" to "../../../../../../Users/Jaesun/Documents/UP/Halloween/Content/StarterContent/Shapes/Shape_Trim_90_In.uasset"
[2016.10.10-07.15.10:299][  0]LogPackFactory: Copied "../../../Samples/StarterContent/Content/StarterContent/Shapes/Shape_Trim_90_Out.uasset" to "../../../../../../Users/Jaesun/Documents/UP/Halloween/Content/StarterContent/Shapes/Shape_Trim_90_Out.uasset"
[2016.10.10-07.15.10:305][  0]LogPackFactory: Copied "../../../Samples/StarterContent/Content/StarterContent/Shapes/Shape_TriPyramid.uasset" to "../../../../../../Users/Jaesun/Documents/UP/Halloween/Content/StarterContent/Shapes/Shape_TriPyramid.uasset"
[2016.10.10-07.15.10:313][  0]LogPackFactory: Copied "../../../Samples/StarterContent/Content/StarterContent/Shapes/Shape_Tube.uasset" to "../../../../../../Users/Jaesun/Documents/UP/Halloween/Content/StarterContent/Shapes/Shape_Tube.uasset"
[2016.10.10-07.15.10:319][  0]LogPackFactory: Copied "../../../Samples/StarterContent/Content/StarterContent/Shapes/Shape_Wedge_A.uasset" to "../../../../../../Users/Jaesun/Documents/UP/Halloween/Content/StarterContent/Shapes/Shape_Wedge_A.uasset"
[2016.10.10-07.15.10:325][  0]LogPackFactory: Copied "../../../Samples/StarterContent/Content/StarterContent/Shapes/Shape_Wedge_B.uasset" to "../../../../../../Users/Jaesun/Documents/UP/Halloween/Content/StarterContent/Shapes/Shape_Wedge_B.uasset"
[2016.10.10-07.15.10:351][  0]LogPackFactory: Copied "../../../Samples/StarterContent/Content/StarterContent/Shapes/Shape_WideCapsule.uasset" to "../../../../../../Users/Jaesun/Documents/UP/Halloween/Content/StarterContent/Shapes/Shape_WideCapsule.uasset"
[2016.10.10-07.15.10:433][  0]LogPackFactory: Copied "../../../Samples/StarterContent/Content/StarterContent/Textures/T_Brick_Clay_Beveled_D.uasset" to "../../../../../../Users/Jaesun/Documents/UP/Halloween/Content/StarterContent/Textures/T_Brick_Clay_Beveled_D.uasset"
[2016.10.10-07.15.10:535][  0]LogPackFactory: Copied "../../../Samples/StarterContent/Content/StarterContent/Textures/T_Brick_Clay_Beveled_M.uasset" to "../../../../../../Users/Jaesun/Documents/UP/Halloween/Content/StarterContent/Textures/T_Brick_Clay_Beveled_M.uasset"
[2016.10.10-07.15.10:611][  0]LogPackFactory: Copied "../../../Samples/StarterContent/Content/StarterContent/Textures/T_Brick_Clay_Beveled_N.uasset" to "../../../../../../Users/Jaesun/Documents/UP/Halloween/Content/StarterContent/Textures/T_Brick_Clay_Beveled_N.uasset"
[2016.10.10-07.15.10:797][  0]LogPackFactory: Copied "../../../Samples/StarterContent/Content/StarterContent/Textures/T_Brick_Clay_New_D.uasset" to "../../../../../../Users/Jaesun/Documents/UP/Halloween/Content/StarterContent/Textures/T_Brick_Clay_New_D.uasset"
[2016.10.10-07.15.10:947][  0]LogPackFactory: Copied "../../../Samples/StarterContent/Content/StarterContent/Textures/T_Brick_Clay_New_M.uasset" to "../../../../../../Users/Jaesun/Documents/UP/Halloween/Content/StarterContent/Textures/T_Brick_Clay_New_M.uasset"
[2016.10.10-07.15.11:005][  0]LogPackFactory: Copied "../../../Samples/StarterContent/Content/StarterContent/Textures/T_Brick_Clay_New_N.uasset" to "../../../../../../Users/Jaesun/Documents/UP/Halloween/Content/StarterContent/Textures/T_Brick_Clay_New_N.uasset"
[2016.10.10-07.15.11:099][  0]LogPackFactory: Copied "../../../Samples/StarterContent/Content/StarterContent/Textures/T_Brick_Clay_Old_D.uasset" to "../../../../../../Users/Jaesun/Documents/UP/Halloween/Content/StarterContent/Textures/T_Brick_Clay_Old_D.uasset"
[2016.10.10-07.15.11:221][  0]LogPackFactory: Copied "../../../Samples/StarterContent/Content/StarterContent/Textures/T_Brick_Clay_Old_N.uasset" to "../../../../../../Users/Jaesun/Documents/UP/Halloween/Content/StarterContent/Textures/T_Brick_Clay_Old_N.uasset"
[2016.10.10-07.15.11:328][  0]LogPackFactory: Copied "../../../Samples/StarterContent/Content/StarterContent/Textures/T_Brick_Cut_Stone_D.uasset" to "../../../../../../Users/Jaesun/Documents/UP/Halloween/Content/StarterContent/Textures/T_Brick_Cut_Stone_D.uasset"
[2016.10.10-07.15.11:396][  0]LogPackFactory: Copied "../../../Samples/StarterContent/Content/StarterContent/Textures/T_Brick_Cut_Stone_N.uasset" to "../../../../../../Users/Jaesun/Documents/UP/Halloween/Content/StarterContent/Textures/T_Brick_Cut_Stone_N.uasset"
[2016.10.10-07.15.11:475][  0]LogPackFactory: Copied "../../../Samples/StarterContent/Content/StarterContent/Textures/T_Brick_Hewn_Stone_D.uasset" to "../../../../../../Users/Jaesun/Documents/UP/Halloween/Content/StarterContent/Textures/T_Brick_Hewn_Stone_D.uasset"
[2016.10.10-07.15.11:538][  0]LogPackFactory: Copied "../../../Samples/StarterContent/Content/StarterContent/Textures/T_Brick_Hewn_Stone_M.uasset" to "../../../../../../Users/Jaesun/Documents/UP/Halloween/Content/StarterContent/Textures/T_Brick_Hewn_Stone_M.uasset"
[2016.10.10-07.15.11:614][  0]LogPackFactory: Copied "../../../Samples/StarterContent/Content/StarterContent/Textures/T_Brick_Hewn_Stone_N.uasset" to "../../../../../../Users/Jaesun/Documents/UP/Halloween/Content/StarterContent/Textures/T_Brick_Hewn_Stone_N.uasset"
[2016.10.10-07.15.11:636][  0]LogPackFactory: Copied "../../../Samples/StarterContent/Content/StarterContent/Textures/T_Burst_M.uasset" to "../../../../../../Users/Jaesun/Documents/UP/Halloween/Content/StarterContent/Textures/T_Burst_M.uasset"
[2016.10.10-07.15.11:741][  0]LogPackFactory: Copied "../../../Samples/StarterContent/Content/StarterContent/Textures/T_Bush_D.uasset" to "../../../../../../Users/Jaesun/Documents/UP/Halloween/Content/StarterContent/Textures/T_Bush_D.uasset"
[2016.10.10-07.15.11:812][  0]LogPackFactory: Copied "../../../Samples/StarterContent/Content/StarterContent/Textures/T_Bush_N.uasset" to "../../../../../../Users/Jaesun/Documents/UP/Halloween/Content/StarterContent/Textures/T_Bush_N.uasset"
[2016.10.10-07.15.11:839][  0]LogPackFactory: Copied "../../../Samples/StarterContent/Content/StarterContent/Textures/T_Ceramic_Tile_M.uasset" to "../../../../../../Users/Jaesun/Documents/UP/Halloween/Content/StarterContent/Textures/T_Ceramic_Tile_M.uasset"
[2016.10.10-07.15.11:882][  0]LogPackFactory: Copied "../../../Samples/StarterContent/Content/StarterContent/Textures/T_Ceramic_Tile_N.uasset" to "../../../../../../Users/Jaesun/Documents/UP/Halloween/Content/StarterContent/Textures/T_Ceramic_Tile_N.uasset"
[2016.10.10-07.15.11:919][  0]LogPackFactory: Copied "../../../Samples/StarterContent/Content/StarterContent/Textures/T_Chair_M.uasset" to "../../../../../../Users/Jaesun/Documents/UP/Halloween/Content/StarterContent/Textures/T_Chair_M.uasset"
[2016.10.10-07.15.11:947][  0]LogPackFactory: Copied "../../../Samples/StarterContent/Content/StarterContent/Textures/T_Chair_N.uasset" to "../../../../../../Users/Jaesun/Documents/UP/Halloween/Content/StarterContent/Textures/T_Chair_N.uasset"
[2016.10.10-07.15.11:990][  0]LogPackFactory: Copied "../../../Samples/StarterContent/Content/StarterContent/Textures/T_Checker_Noise_M.uasset" to "../../../../../../Users/Jaesun/Documents/UP/Halloween/Content/StarterContent/Textures/T_Checker_Noise_M.uasset"
[2016.10.10-07.15.12:698][  0]LogPackFactory: Copied "../../../Samples/StarterContent/Content/StarterContent/Textures/T_CobbleStone_Pebble_D.uasset" to "../../../../../../Users/Jaesun/Documents/UP/Halloween/Content/StarterContent/Textures/T_CobbleStone_Pebble_D.uasset"
[2016.10.10-07.15.12:756][  0]LogPackFactory: Copied "../../../Samples/StarterContent/Content/StarterContent/Textures/T_CobbleStone_Pebble_M.uasset" to "../../../../../../Users/Jaesun/Documents/UP/Halloween/Content/StarterContent/Textures/T_CobbleStone_Pebble_M.uasset"
[2016.10.10-07.15.12:907][  0]LogPackFactory: Copied "../../../Samples/StarterContent/Content/StarterContent/Textures/T_CobbleStone_Pebble_N.uasset" to "../../../../../../Users/Jaesun/Documents/UP/Halloween/Content/StarterContent/Textures/T_CobbleStone_Pebble_N.uasset"
[2016.10.10-07.15.13:633][  0]LogPackFactory: Copied "../../../Samples/StarterContent/Content/StarterContent/Textures/T_CobbleStone_Rough_D.uasset" to "../../../../../../Users/Jaesun/Documents/UP/Halloween/Content/StarterContent/Textures/T_CobbleStone_Rough_D.uasset"
[2016.10.10-07.15.13:684][  0]LogPackFactory: Copied "../../../Samples/StarterContent/Content/StarterContent/Textures/T_CobbleStone_Rough_N.uasset" to "../../../../../../Users/Jaesun/Documents/UP/Halloween/Content/StarterContent/Textures/T_CobbleStone_Rough_N.uasset"
[2016.10.10-07.15.13:776][  0]LogPackFactory: Copied "../../../Samples/StarterContent/Content/StarterContent/Textures/T_CobbleStone_Smooth_D.uasset" to "../../../../../../Users/Jaesun/Documents/UP/Halloween/Content/StarterContent/Textures/T_CobbleStone_Smooth_D.uasset"
[2016.10.10-07.15.13:866][  0]LogPackFactory: Copied "../../../Samples/StarterContent/Content/StarterContent/Textures/T_CobbleStone_Smooth_M.uasset" to "../../../../../../Users/Jaesun/Documents/UP/Halloween/Content/StarterContent/Textures/T_CobbleStone_Smooth_M.uasset"
[2016.10.10-07.15.13:999][  0]LogPackFactory: Copied "../../../Samples/StarterContent/Content/StarterContent/Textures/T_CobbleStone_Smooth_N.uasset" to "../../../../../../Users/Jaesun/Documents/UP/Halloween/Content/StarterContent/Textures/T_CobbleStone_Smooth_N.uasset"
[2016.10.10-07.15.14:149][  0]LogPackFactory: Copied "../../../Samples/StarterContent/Content/StarterContent/Textures/T_Concrete_Grime_D.uasset" to "../../../../../../Users/Jaesun/Documents/UP/Halloween/Content/StarterContent/Textures/T_Concrete_Grime_D.uasset"
[2016.10.10-07.15.14:242][  0]LogPackFactory: Copied "../../../Samples/StarterContent/Content/StarterContent/Textures/T_Concrete_Panels_D.uasset" to "../../../../../../Users/Jaesun/Documents/UP/Halloween/Content/StarterContent/Textures/T_Concrete_Panels_D.uasset"
[2016.10.10-07.15.14:310][  0]LogPackFactory: Copied "../../../Samples/StarterContent/Content/StarterContent/Textures/T_Concrete_Panels_N.uasset" to "../../../../../../Users/Jaesun/Documents/UP/Halloween/Content/StarterContent/Textures/T_Concrete_Panels_N.uasset"
[2016.10.10-07.15.14:431][  0]LogPackFactory: Copied "../../../Samples/StarterContent/Content/StarterContent/Textures/T_Concrete_Poured_D.uasset" to "../../../../../../Users/Jaesun/Documents/UP/Halloween/Content/StarterContent/Textures/T_Concrete_Poured_D.uasset"
[2016.10.10-07.15.14:529][  0]LogPackFactory: Copied "../../../Samples/StarterContent/Content/StarterContent/Textures/T_Concrete_Poured_N.uasset" to "../../../../../../Users/Jaesun/Documents/UP/Halloween/Content/StarterContent/Textures/T_Concrete_Poured_N.uasset"
[2016.10.10-07.15.14:625][  0]LogPackFactory: Copied "../../../Samples/StarterContent/Content/StarterContent/Textures/T_Concrete_Tiles_D.uasset" to "../../../../../../Users/Jaesun/Documents/UP/Halloween/Content/StarterContent/Textures/T_Concrete_Tiles_D.uasset"
[2016.10.10-07.15.14:695][  0]LogPackFactory: Copied "../../../Samples/StarterContent/Content/StarterContent/Textures/T_Concrete_Tiles_M.uasset" to "../../../../../../Users/Jaesun/Documents/UP/Halloween/Content/StarterContent/Textures/T_Concrete_Tiles_M.uasset"
[2016.10.10-07.15.15:247][  0]LogPackFactory: Copied "../../../Samples/StarterContent/Content/StarterContent/Textures/T_Concrete_Tiles_N.uasset" to "../../../../../../Users/Jaesun/Documents/UP/Halloween/Content/StarterContent/Textures/T_Concrete_Tiles_N.uasset"
[2016.10.10-07.15.15:749][  0]LogPackFactory: Copied "../../../Samples/StarterContent/Content/StarterContent/Textures/T_Concrete_Tiles_Variation_M.uasset" to "../../../../../../Users/Jaesun/Documents/UP/Halloween/Content/StarterContent/Textures/T_Concrete_Tiles_Variation_M.uasset"
[2016.10.10-07.15.15:854][  0]LogPackFactory: Copied "../../../Samples/StarterContent/Content/StarterContent/Textures/T_Detail_Rocky_N.uasset" to "../../../../../../Users/Jaesun/Documents/UP/Halloween/Content/StarterContent/Textures/T_Detail_Rocky_N.uasset"
[2016.10.10-07.15.16:235][  0]LogPackFactory: Copied "../../../Samples/StarterContent/Content/StarterContent/Textures/T_Door_M.uasset" to "../../../../../../Users/Jaesun/Documents/UP/Halloween/Content/StarterContent/Textures/T_Door_M.uasset"
[2016.10.10-07.15.16:270][  0]LogPackFactory: Copied "../../../Samples/StarterContent/Content/StarterContent/Textures/T_Door_N.uasset" to "../../../../../../Users/Jaesun/Documents/UP/Halloween/Content/StarterContent/Textures/T_Door_N.uasset"
[2016.10.10-07.15.16:728][  0]LogPackFactory: Copied "../../../Samples/StarterContent/Content/StarterContent/Textures/T_Dust_Particle_D.uasset" to "../../../../../../Users/Jaesun/Documents/UP/Halloween/Content/StarterContent/Textures/T_Dust_Particle_D.uasset"
[2016.10.10-07.15.16:813][  0]LogPackFactory: Copied "../../../Samples/StarterContent/Content/StarterContent/Textures/T_Explosion_SubUV.uasset" to "../../../../../../Users/Jaesun/Documents/UP/Halloween/Content/StarterContent/Textures/T_Explosion_SubUV.uasset"
[2016.10.10-07.15.16:850][  0]LogPackFactory: Copied "../../../Samples/StarterContent/Content/StarterContent/Textures/T_Fire_SubUV.uasset" to "../../../../../../Users/Jaesun/Documents/UP/Halloween/Content/StarterContent/Textures/T_Fire_SubUV.uasset"
[2016.10.10-07.15.16:969][  0]LogPackFactory: Copied "../../../Samples/StarterContent/Content/StarterContent/Textures/T_Fire_Tiled_D.uasset" to "../../../../../../Users/Jaesun/Documents/UP/Halloween/Content/StarterContent/Textures/T_Fire_Tiled_D.uasset"
[2016.10.10-07.15.17:022][  0]LogPackFactory: Copied "../../../Samples/StarterContent/Content/StarterContent/Textures/T_Frame_M.uasset" to "../../../../../../Users/Jaesun/Documents/UP/Halloween/Content/StarterContent/Textures/T_Frame_M.uasset"
[2016.10.10-07.15.17:073][  0]LogPackFactory: Copied "../../../Samples/StarterContent/Content/StarterContent/Textures/T_Frame_N.uasset" to "../../../../../../Users/Jaesun/Documents/UP/Halloween/Content/StarterContent/Textures/T_Frame_N.uasset"
[2016.10.10-07.15.17:104][  0]LogPackFactory: Copied "../../../Samples/StarterContent/Content/StarterContent/Textures/T_Gradinet_01.uasset" to "../../../../../../Users/Jaesun/Documents/UP/Halloween/Content/StarterContent/Textures/T_Gradinet_01.uasset"
[2016.10.10-07.15.17:215][  0]LogPackFactory: Copied "../../../Samples/StarterContent/Content/StarterContent/Textures/T_Ground_Grass_D.uasset" to "../../../../../../Users/Jaesun/Documents/UP/Halloween/Content/StarterContent/Textures/T_Ground_Grass_D.uasset"
[2016.10.10-07.15.17:313][  0]LogPackFactory: Copied "../../../Samples/StarterContent/Content/StarterContent/Textures/T_Ground_Grass_N.uasset" to "../../../../../../Users/Jaesun/Documents/UP/Halloween/Content/StarterContent/Textures/T_Ground_Grass_N.uasset"
[2016.10.10-07.15.17:403][  0]LogPackFactory: Copied "../../../Samples/StarterContent/Content/StarterContent/Textures/T_Ground_Gravel_D.uasset" to "../../../../../../Users/Jaesun/Documents/UP/Halloween/Content/StarterContent/Textures/T_Ground_Gravel_D.uasset"
[2016.10.10-07.15.17:498][  0]LogPackFactory: Copied "../../../Samples/StarterContent/Content/StarterContent/Textures/T_Ground_Gravel_N.uasset" to "../../../../../../Users/Jaesun/Documents/UP/Halloween/Content/StarterContent/Textures/T_Ground_Gravel_N.uasset"
[2016.10.10-07.15.17:633][  0]LogPackFactory: Copied "../../../Samples/StarterContent/Content/StarterContent/Textures/T_ground_Moss_D.uasset" to "../../../../../../Users/Jaesun/Documents/UP/Halloween/Content/StarterContent/Textures/T_ground_Moss_D.uasset"
[2016.10.10-07.15.17:886][  0]LogPackFactory: Copied "../../../Samples/StarterContent/Content/StarterContent/Textures/T_Ground_Moss_N.uasset" to "../../../../../../Users/Jaesun/Documents/UP/Halloween/Content/StarterContent/Textures/T_Ground_Moss_N.uasset"
[2016.10.10-07.15.17:986][  0]LogPackFactory: Copied "../../../Samples/StarterContent/Content/StarterContent/Textures/T_Lamp_M.uasset" to "../../../../../../Users/Jaesun/Documents/UP/Halloween/Content/StarterContent/Textures/T_Lamp_M.uasset"
[2016.10.10-07.15.18:071][  0]LogPackFactory: Copied "../../../Samples/StarterContent/Content/StarterContent/Textures/T_Lamp_N.uasset" to "../../../../../../Users/Jaesun/Documents/UP/Halloween/Content/StarterContent/Textures/T_Lamp_N.uasset"
[2016.10.10-07.15.18:176][  0]LogPackFactory: Copied "../../../Samples/StarterContent/Content/StarterContent/Textures/T_MacroVariation.uasset" to "../../../../../../Users/Jaesun/Documents/UP/Halloween/Content/StarterContent/Textures/T_MacroVariation.uasset"
[2016.10.10-07.15.18:301][  0]LogPackFactory: Copied "../../../Samples/StarterContent/Content/StarterContent/Textures/T_Metal_Aluminum_D.uasset" to "../../../../../../Users/Jaesun/Documents/UP/Halloween/Content/StarterContent/Textures/T_Metal_Aluminum_D.uasset"
[2016.10.10-07.15.18:387][  0]LogPackFactory: Copied "../../../Samples/StarterContent/Content/StarterContent/Textures/T_Metal_Copper_D.uasset" to "../../../../../../Users/Jaesun/Documents/UP/Halloween/Content/StarterContent/Textures/T_Metal_Copper_D.uasset"
[2016.10.10-07.15.18:524][  0]LogPackFactory: Copied "../../../Samples/StarterContent/Content/StarterContent/Textures/T_Metal_Gold_D.uasset" to "../../../../../../Users/Jaesun/Documents/UP/Halloween/Content/StarterContent/Textures/T_Metal_Gold_D.uasset"
[2016.10.10-07.15.18:566][  0]LogPackFactory: Copied "../../../Samples/StarterContent/Content/StarterContent/Textures/T_Metal_Gold_N.uasset" to "../../../../../../Users/Jaesun/Documents/UP/Halloween/Content/StarterContent/Textures/T_Metal_Gold_N.uasset"
[2016.10.10-07.15.18:696][  0]LogPackFactory: Copied "../../../Samples/StarterContent/Content/StarterContent/Textures/T_Metal_Rust_D.uasset" to "../../../../../../Users/Jaesun/Documents/UP/Halloween/Content/StarterContent/Textures/T_Metal_Rust_D.uasset"
[2016.10.10-07.15.18:785][  0]LogPackFactory: Copied "../../../Samples/StarterContent/Content/StarterContent/Textures/T_Metal_Rust_N.uasset" to "../../../../../../Users/Jaesun/Documents/UP/Halloween/Content/StarterContent/Textures/T_Metal_Rust_N.uasset"
[2016.10.10-07.15.18:840][  0]LogPackFactory: Copied "../../../Samples/StarterContent/Content/StarterContent/Textures/T_Metal_Steel_D.uasset" to "../../../../../../Users/Jaesun/Documents/UP/Halloween/Content/StarterContent/Textures/T_Metal_Steel_D.uasset"
[2016.10.10-07.15.18:911][  0]LogPackFactory: Copied "../../../Samples/StarterContent/Content/StarterContent/Textures/T_Metal_Steel_N.uasset" to "../../../../../../Users/Jaesun/Documents/UP/Halloween/Content/StarterContent/Textures/T_Metal_Steel_N.uasset"
[2016.10.10-07.15.18:995][  0]LogPackFactory: Copied "../../../Samples/StarterContent/Content/StarterContent/Textures/T_Perlin_Noise_M.uasset" to "../../../../../../Users/Jaesun/Documents/UP/Halloween/Content/StarterContent/Textures/T_Perlin_Noise_M.uasset"
[2016.10.10-07.15.19:222][  0]LogPackFactory: Copied "../../../Samples/StarterContent/Content/StarterContent/Textures/T_RockMesh_M.uasset" to "../../../../../../Users/Jaesun/Documents/UP/Halloween/Content/StarterContent/Textures/T_RockMesh_M.uasset"
[2016.10.10-07.15.19:275][  0]LogPackFactory: Copied "../../../Samples/StarterContent/Content/StarterContent/Textures/T_RockMesh_N.uasset" to "../../../../../../Users/Jaesun/Documents/UP/Halloween/Content/StarterContent/Textures/T_RockMesh_N.uasset"
[2016.10.10-07.15.19:427][  0]LogPackFactory: Copied "../../../Samples/StarterContent/Content/StarterContent/Textures/T_Rock_Basalt_D.uasset" to "../../../../../../Users/Jaesun/Documents/UP/Halloween/Content/StarterContent/Textures/T_Rock_Basalt_D.uasset"
[2016.10.10-07.15.19:583][  0]LogPackFactory: Copied "../../../Samples/StarterContent/Content/StarterContent/Textures/T_Rock_Basalt_N.uasset" to "../../../../../../Users/Jaesun/Documents/UP/Halloween/Content/StarterContent/Textures/T_Rock_Basalt_N.uasset"
[2016.10.10-07.15.19:713][  0]LogPackFactory: Copied "../../../Samples/StarterContent/Content/StarterContent/Textures/T_Rock_Marble_Polished_D.uasset" to "../../../../../../Users/Jaesun/Documents/UP/Halloween/Content/StarterContent/Textures/T_Rock_Marble_Polished_D.uasset"
[2016.10.10-07.15.19:892][  0]LogPackFactory: Copied "../../../Samples/StarterContent/Content/StarterContent/Textures/T_Rock_Sandstone_D.uasset" to "../../../../../../Users/Jaesun/Documents/UP/Halloween/Content/StarterContent/Textures/T_Rock_Sandstone_D.uasset"
[2016.10.10-07.15.20:334][  0]LogPackFactory: Copied "../../../Samples/StarterContent/Content/StarterContent/Textures/T_Rock_Sandstone_N.uasset" to "../../../../../../Users/Jaesun/Documents/UP/Halloween/Content/StarterContent/Textures/T_Rock_Sandstone_N.uasset"
[2016.10.10-07.15.20:492][  0]LogPackFactory: Copied "../../../Samples/StarterContent/Content/StarterContent/Textures/T_Rock_Slate_D.uasset" to "../../../../../../Users/Jaesun/Documents/UP/Halloween/Content/StarterContent/Textures/T_Rock_Slate_D.uasset"
[2016.10.10-07.15.20:900][  0]LogPackFactory: Copied "../../../Samples/StarterContent/Content/StarterContent/Textures/T_Rock_Slate_N.uasset" to "../../../../../../Users/Jaesun/Documents/UP/Halloween/Content/StarterContent/Textures/T_Rock_Slate_N.uasset"
[2016.10.10-07.15.21:585][  0]LogPackFactory: Copied "../../../Samples/StarterContent/Content/StarterContent/Textures/T_Rock_Smooth_Granite_D.uasset" to "../../../../../../Users/Jaesun/Documents/UP/Halloween/Content/StarterContent/Textures/T_Rock_Smooth_Granite_D.uasset"
[2016.10.10-07.15.22:088][  0]LogPackFactory: Copied "../../../Samples/StarterContent/Content/StarterContent/Textures/T_Shelf_M.uasset" to "../../../../../../Users/Jaesun/Documents/UP/Halloween/Content/StarterContent/Textures/T_Shelf_M.uasset"
[2016.10.10-07.15.22:155][  0]LogPackFactory: Copied "../../../Samples/StarterContent/Content/StarterContent/Textures/T_Shelf_N.uasset" to "../../../../../../Users/Jaesun/Documents/UP/Halloween/Content/StarterContent/Textures/T_Shelf_N.uasset"
[2016.10.10-07.15.22:406][  0]LogPackFactory: Copied "../../../Samples/StarterContent/Content/StarterContent/Textures/T_Single_Tile_N.uasset" to "../../../../../../Users/Jaesun/Documents/UP/Halloween/Content/StarterContent/Textures/T_Single_Tile_N.uasset"
[2016.10.10-07.15.22:465][  0]LogPackFactory: Copied "../../../Samples/StarterContent/Content/StarterContent/Textures/T_Smoke_SubUV.uasset" to "../../../../../../Users/Jaesun/Documents/UP/Halloween/Content/StarterContent/Textures/T_Smoke_SubUV.uasset"
[2016.10.10-07.15.22:510][  0]LogPackFactory: Copied "../../../Samples/StarterContent/Content/StarterContent/Textures/T_Smoke_Tiled_D.uasset" to "../../../../../../Users/Jaesun/Documents/UP/Halloween/Content/StarterContent/Textures/T_Smoke_Tiled_D.uasset"
[2016.10.10-07.15.22:930][  0]LogPackFactory: Copied "../../../Samples/StarterContent/Content/StarterContent/Textures/T_Spark_Core.uasset" to "../../../../../../Users/Jaesun/Documents/UP/Halloween/Content/StarterContent/Textures/T_Spark_Core.uasset"
[2016.10.10-07.15.23:137][  0]LogPackFactory: Copied "../../../Samples/StarterContent/Content/StarterContent/Textures/T_Statue_M.uasset" to "../../../../../../Users/Jaesun/Documents/UP/Halloween/Content/StarterContent/Textures/T_Statue_M.uasset"
[2016.10.10-07.15.23:173][  0]LogPackFactory: Copied "../../../Samples/StarterContent/Content/StarterContent/Textures/T_Statue_N.uasset" to "../../../../../../Users/Jaesun/Documents/UP/Halloween/Content/StarterContent/Textures/T_Statue_N.uasset"
[2016.10.10-07.15.23:223][  0]LogPackFactory: Copied "../../../Samples/StarterContent/Content/StarterContent/Textures/T_TableRound_M.uasset" to "../../../../../../Users/Jaesun/Documents/UP/Halloween/Content/StarterContent/Textures/T_TableRound_M.uasset"
[2016.10.10-07.15.23:639][  0]LogPackFactory: Copied "../../../Samples/StarterContent/Content/StarterContent/Textures/T_TableRound_N.uasset" to "../../../../../../Users/Jaesun/Documents/UP/Halloween/Content/StarterContent/Textures/T_TableRound_N.uasset"
[2016.10.10-07.15.23:712][  0]LogPackFactory: Copied "../../../Samples/StarterContent/Content/StarterContent/Textures/T_Tech_Dot_M.uasset" to "../../../../../../Users/Jaesun/Documents/UP/Halloween/Content/StarterContent/Textures/T_Tech_Dot_M.uasset"
[2016.10.10-07.15.23:739][  0]LogPackFactory: Copied "../../../Samples/StarterContent/Content/StarterContent/Textures/T_Tech_Dot_N.uasset" to "../../../../../../Users/Jaesun/Documents/UP/Halloween/Content/StarterContent/Textures/T_Tech_Dot_N.uasset"
[2016.10.10-07.15.23:767][  0]LogPackFactory: Copied "../../../Samples/StarterContent/Content/StarterContent/Textures/T_Tech_Hex_Tile_M.uasset" to "../../../../../../Users/Jaesun/Documents/UP/Halloween/Content/StarterContent/Textures/T_Tech_Hex_Tile_M.uasset"
[2016.10.10-07.15.23:808][  0]LogPackFactory: Copied "../../../Samples/StarterContent/Content/StarterContent/Textures/T_Tech_Hex_Tile_N.uasset" to "../../../../../../Users/Jaesun/Documents/UP/Halloween/Content/StarterContent/Textures/T_Tech_Hex_Tile_N.uasset"
[2016.10.10-07.15.23:840][  0]LogPackFactory: Copied "../../../Samples/StarterContent/Content/StarterContent/Textures/T_Tech_Panel_M.uasset" to "../../../../../../Users/Jaesun/Documents/UP/Halloween/Content/StarterContent/Textures/T_Tech_Panel_M.uasset"
[2016.10.10-07.15.23:884][  0]LogPackFactory: Copied "../../../Samples/StarterContent/Content/StarterContent/Textures/T_Tech_Panel_N.uasset" to "../../../../../../Users/Jaesun/Documents/UP/Halloween/Content/StarterContent/Textures/T_Tech_Panel_N.uasset"
[2016.10.10-07.15.23:939][  0]LogPackFactory: Copied "../../../Samples/StarterContent/Content/StarterContent/Textures/T_Water_M.uasset" to "../../../../../../Users/Jaesun/Documents/UP/Halloween/Content/StarterContent/Textures/T_Water_M.uasset"
[2016.10.10-07.15.24:018][  0]LogPackFactory: Copied "../../../Samples/StarterContent/Content/StarterContent/Textures/T_Water_N.uasset" to "../../../../../../Users/Jaesun/Documents/UP/Halloween/Content/StarterContent/Textures/T_Water_N.uasset"
[2016.10.10-07.15.24:086][  0]LogPackFactory: Copied "../../../Samples/StarterContent/Content/StarterContent/Textures/T_Wood_Floor_Walnut_D.uasset" to "../../../../../../Users/Jaesun/Documents/UP/Halloween/Content/StarterContent/Textures/T_Wood_Floor_Walnut_D.uasset"
[2016.10.10-07.15.24:152][  0]LogPackFactory: Copied "../../../Samples/StarterContent/Content/StarterContent/Textures/T_Wood_Floor_Walnut_M.uasset" to "../../../../../../Users/Jaesun/Documents/UP/Halloween/Content/StarterContent/Textures/T_Wood_Floor_Walnut_M.uasset"
[2016.10.10-07.15.24:240][  0]LogPackFactory: Copied "../../../Samples/StarterContent/Content/StarterContent/Textures/T_Wood_Floor_Walnut_N.uasset" to "../../../../../../Users/Jaesun/Documents/UP/Halloween/Content/StarterContent/Textures/T_Wood_Floor_Walnut_N.uasset"
[2016.10.10-07.15.24:367][  0]LogPackFactory: Copied "../../../Samples/StarterContent/Content/StarterContent/Textures/T_Wood_Oak_D.uasset" to "../../../../../../Users/Jaesun/Documents/UP/Halloween/Content/StarterContent/Textures/T_Wood_Oak_D.uasset"
[2016.10.10-07.15.24:492][  0]LogPackFactory: Copied "../../../Samples/StarterContent/Content/StarterContent/Textures/T_Wood_Oak_N.uasset" to "../../../../../../Users/Jaesun/Documents/UP/Halloween/Content/StarterContent/Textures/T_Wood_Oak_N.uasset"
[2016.10.10-07.15.24:607][  0]LogPackFactory: Copied "../../../Samples/StarterContent/Content/StarterContent/Textures/T_Wood_Pine_D.uasset" to "../../../../../../Users/Jaesun/Documents/UP/Halloween/Content/StarterContent/Textures/T_Wood_Pine_D.uasset"
[2016.10.10-07.15.24:959][  0]LogPackFactory: Copied "../../../Samples/StarterContent/Content/StarterContent/Textures/T_Wood_Pine_N.uasset" to "../../../../../../Users/Jaesun/Documents/UP/Halloween/Content/StarterContent/Textures/T_Wood_Pine_N.uasset"
[2016.10.10-07.15.25:159][  0]LogPackFactory: Copied "../../../Samples/StarterContent/Content/StarterContent/Textures/T_Wood_Walnut_D.uasset" to "../../../../../../Users/Jaesun/Documents/UP/Halloween/Content/StarterContent/Textures/T_Wood_Walnut_D.uasset"
[2016.10.10-07.15.25:213][  0]LogPackFactory: Copied "../../../Samples/StarterContent/Content/StarterContent/Textures/T_Wood_Walnut_N.uasset" to "../../../../../../Users/Jaesun/Documents/UP/Halloween/Content/StarterContent/Textures/T_Wood_Walnut_N.uasset"
[2016.10.10-07.15.29:883][  0]LogRenderer: Reallocating scene render targets to support 256x256 (Frame:2).
[2016.10.10-07.15.33:576][  0]LogSavePackage: Save=554.77ms
[2016.10.10-07.15.33:576][  0]LogSavePackage: Moving '../../../../../../Users/Jaesun/Documents/UP/Halloween/Saved/Floor_400x40014B1E4264C2156A75D0374895937B042.tmp' to '../../../../../../Users/Jaesun/Documents/UP/Halloween/Content/StarterContent/Architecture/Floor_400x400.uasset'
[2016.10.10-07.15.33:805][  0]LogSavePackage: Total save time: 867.39ms
[2016.10.10-07.15.33:805][  0]LogSavePackage:Display: Finished SavePackage ../../../../../../Users/Jaesun/Documents/UP/Halloween/Content/StarterContent/Architecture/Floor_400x400.uasset
[2016.10.10-07.15.33:817][  0]LogFeaturePack:Warning: Inserted 1 feature packs
[2016.10.10-07.15.33:922][  0]Cmd: MAP LOAD FILE="../../../../../../Users/Jaesun/Documents/UP/Halloween/Content/ThirdPersonBP/Maps/ThirdPersonExampleMap.umap" TEMPLATE=0 SHOWPROGRESS=1 FEATURELEVEL=3
[2016.10.10-07.15.34:011][  0]LightingResults: New page: 라이팅 빌드
[2016.10.10-07.15.35:029][  0]MapCheck: New page: 맵 체크
[2016.10.10-07.15.35:029][  0]LightingResults: New page: 라이팅 빌드
[2016.10.10-07.15.47:440][  0]LogTexture:Display: 텍스처 빌드중: HQ_Lightmap2_1 (AutoDXT)
[2016.10.10-07.15.47:865][  0]LogTexture:Display: 텍스처 빌드중: HQ_Lightmap2_2 (AutoDXT)
[2016.10.10-07.15.47:959][  0]LogTexture:Display: 텍스처 빌드중: HQ_Lightmap2_3 (AutoDXT)
[2016.10.10-07.15.47:981][  0]LogTexture:Display: 텍스처 빌드중: HQ_Lightmap2_4 (AutoDXT)
[2016.10.10-07.15.48:048][  0]LogTexture:Display: 텍스처 빌드중: HQ_Lightmap2_5 (AutoDXT)
[2016.10.10-07.15.48:067][  0]LogTexture:Display: 텍스처 빌드중: HQ_Lightmap2_6 (AutoDXT)
[2016.10.10-07.15.48:185][  0]LogTexture:Display: 텍스처 빌드중: LQ_Lightmap_0_1 (DXT1)
[2016.10.10-07.15.48:259][  0]LogTexture:Display: 텍스처 빌드중: LQ_Lightmap_0_2 (DXT1)
[2016.10.10-07.15.48:311][  0]LogTexture:Display: 텍스처 빌드중: LQ_Lightmap_0_3 (DXT1)
[2016.10.10-07.15.48:324][  0]LogTexture:Display: 텍스처 빌드중: LQ_Lightmap_0_4 (DXT1)
[2016.10.10-07.15.48:336][  0]LogTexture:Display: 텍스처 빌드중: LQ_Lightmap_0_5 (DXT1)
[2016.10.10-07.15.48:348][  0]LogTexture:Display: 텍스처 빌드중: LQ_Lightmap_0_6 (DXT1)
[2016.10.10-07.15.48:358][  0]LogTexture:Display: 텍스처 빌드중: SkyOcclusion0_1 (AutoDXT)
[2016.10.10-07.15.48:437][  0]LogTexture:Display: 텍스처 빌드중: SkyOcclusion0_2 (AutoDXT)
[2016.10.10-07.15.48:479][  0]LogTexture:Display: 텍스처 빌드중: SkyOcclusion0_3 (AutoDXT)
[2016.10.10-07.15.48:493][  0]LogTexture:Display: 텍스처 빌드중: SkyOcclusion0_4 (AutoDXT)
[2016.10.10-07.15.48:504][  0]LogTexture:Display: 텍스처 빌드중: SkyOcclusion0_5 (AutoDXT)
[2016.10.10-07.15.48:517][  0]LogTexture:Display: 텍스처 빌드중: SkyOcclusion0_6 (AutoDXT)
[2016.10.10-07.15.48:757][  0]LogTexture:Display: 텍스처 빌드중: ShadowMapTexture2D_12 (G8)
[2016.10.10-07.15.48:774][  0]LogTexture:Display: 텍스처 빌드중: ShadowMapTexture2D_13 (G8)
[2016.10.10-07.15.48:791][  0]LogTexture:Display: 텍스처 빌드중: ShadowMapTexture2D_14 (G8)
[2016.10.10-07.15.48:795][  0]LogTexture:Display: 텍스처 빌드중: ShadowMapTexture2D_15 (G8)
[2016.10.10-07.15.48:798][  0]LogTexture:Display: 텍스처 빌드중: ShadowMapTexture2D_16 (G8)
[2016.10.10-07.15.48:801][  0]LogTexture:Display: 텍스처 빌드중: ShadowMapTexture2D_17 (G8)
[2016.10.10-07.15.50:583][  0]LogTexture:Display: 텍스처 빌드중: T_ML_Aluminum01_N (BC5)
[2016.10.10-07.15.50:692][  0]LogTexture:Display: 텍스처 빌드중: T_ML_Aluminum01 (AutoDXT)
[2016.10.10-07.15.50:830][  0]LogTexture:Display: 텍스처 빌드중: UE4Man_Logo_N (BC5)
[2016.10.10-07.15.50:931][  0]LogTexture:Display: 텍스처 빌드중: T_ML_Rubber_Blue_01_D (AutoDXT)
[2016.10.10-07.15.51:158][  0]LogTexture:Display: 텍스처 빌드중: T_ML_Rubber_Blue_01_N (BC5)
[2016.10.10-07.15.51:242][  0]LogTexture:Display: 텍스처 빌드중: UE4_Mannequin_MAT_MASKA (AutoDXT)
[2016.10.10-07.15.52:225][  0]LogTexture:Display: 텍스처 빌드중: UE4_Mannequin__normals (BC5)
[2016.10.10-07.15.52:570][  0]LogTexture:Display: 텍스처 빌드중: UE4_LOGO_CARD (AutoDXT)
[2016.10.10-07.15.53:409][  0]LogAIModule: Creating AISystem for world ThirdPersonExampleMap
[2016.10.10-07.15.57:033][  0]LogEditorServer: Finished looking for orphan Actors (0.000 secs)
[2016.10.10-07.15.57:352][  0]Cmd: MAP CHECKDEP NOCLEARLOG
[2016.10.10-07.15.57:536][  0]MapCheck: 정보 맵 체크 완료: 오류 0 회, 경고 0 회, 소요 시간 183.394ms.
[2016.10.10-07.15.57:712][  0]LogFileHelpers: Loading map 'ThirdPersonExampleMap' took 23.885
[2016.10.10-07.16.04:399][  0]LogCollectionManager: Loaded 0 collections in 0.001957 seconds
[2016.10.10-07.16.05:110][  0]LogFileCache: Scanning file cache for directory 'C:/Users/Jaesun/Documents/UP/Halloween/Saved/Collections/' took 0.01s
[2016.10.10-07.16.05:110][  0]LogFileCache: Scanning file cache for directory 'C:/Users/Jaesun/Documents/UP/Halloween/Content/Developers/Jaesun/Collections/' took 0.01s
[2016.10.10-07.16.05:110][  0]LogFileCache: Scanning file cache for directory 'C:/Users/Jaesun/Documents/UP/Halloween/Content/Collections/' took 0.01s
[2016.10.10-07.16.05:110][  0]LogCollectionManager: Rebuilt the GUID cache for 0 collections in 0.000006 seconds
[2016.10.10-07.16.05:128][  0]LogContentBrowser: Native class hierarchy populated in 0.0171 seconds. Added 1979 classes and 343 folders.
[2016.10.10-07.16.05:551][  0]LogStats: UGameplayTagsManager::ConstructGameplayTagTree: Construct from data asset -  0.036 s
[2016.10.10-07.16.05:551][  0]LogStats: UGameplayTagsManager::ConstructGameplayTagTree: GameplayTagTreeChangedEvent.Broadcast -  0.000 s
[2016.10.10-07.16.05:552][  0]LogContentBrowser: Native class hierarchy updated for 'GameplayTags' in 0.0003 seconds. Added 12 classes and 0 folders.
[2016.10.10-07.16.05:611][  0]LogContentBrowser: Native class hierarchy updated for 'WidgetCarousel' in 0.0003 seconds. Added 0 classes and 0 folders.
[2016.10.10-07.16.06:412][  0]LogContentBrowser: Native class hierarchy updated for 'SuperSearch' in 0.0003 seconds. Added 1 classes and 2 folders.
[2016.10.10-07.16.08:677][  0]LogContentBrowser: Native class hierarchy updated for 'AddContentDialog' in 0.0003 seconds. Added 0 classes and 0 folde