Log file open, 11/15/16 10:43:44
LogInit:Display: Running engine for game: Halloween
LogPlatformFile: Not using cached read wrapper
LogInit:Display: RandInit(1859387997) SRandInit(1859387998).
LogTaskGraph: Started task graph with 4 named threads and 7 total threads.
LogStats: Stats thread started at 0.070281
LogInit: Version: 4.11.2-2946394+++UE4+Release-4.11
LogInit: API Version: 2927265
LogInit: Compiled (64-bit): Apr 18 2016 02:18:46
LogInit: Compiled with Visual C++: 19.00.23026.00
LogInit: Build Configuration: Development
LogInit: Branch Name: ++UE4+Release-4.11
LogInit: Command line:  
LogInit: Base directory: C:/Program Files (x86)/Epic Games/4.11/Engine/Binaries/Win64/
LogInit: Installed Engine Build: 1
LogInit: Using libcurl 7.41.0
LogInit:  - built for x86_64-pc-win32
LogInit:  - supports SSL with WinSSL
LogInit:  - other features:
LogInit:      CURL_VERSION_SSL
LogInit:      CURL_VERSION_IPV6
LogInit:      CURL_VERSION_ASYNCHDNS
LogInit:      CURL_VERSION_LARGEFILE
LogInit:      CURL_VERSION_IDN
LogInit:  CurlRequestOptions (configurable via config and command line):
LogInit:  - bVerifyPeer = true  - Libcurl will verify peer certificate
LogInit:  - bUseHttpProxy = false  - Libcurl will NOT use HTTP proxy
LogInit:  - bDontReuseConnections = false  - Libcurl will reuse connections
LogInit:  - CertBundlePath = nullptr  - Libcurl will use whatever was configured at build time.
LogOnline:Display: STEAM: Loading Steam SDK 1.32
LogOnline:Warning: STEAM: Steam API disabled!
LogOnline:Display: STEAM: OnlineSubsystemSteam::Shutdown()
LogInit: WinSock: version 1.1 (2.2), MaxSocks=32767, MaxUdp=65467
LogVoice:Warning: Failed to initialize voice interface
LogInit: Presizing for max 16777216 objects, including 0 objects not considered by GC, pre-allocating 0 bytes for permanent pool.
LogInit: Object subsystem initialized
[2016.11.15-01.43.44:315][  0]LogInit: Selected Device Profile: [Windows]
[2016.11.15-01.43.44:315][  0]LogInit: Applying CVar settings loaded from the selected device profile: [Windows]
[2016.11.15-01.43.44:334][  0]LogInit: Computer: UNREAL
[2016.11.15-01.43.44:334][  0]LogInit: User: Jaesun
[2016.11.15-01.43.44:334][  0]LogInit: CPU Page size=65536, Cores=4
[2016.11.15-01.43.44:334][  0]LogInit: High frequency timer resolution =3.312644 MHz
[2016.11.15-01.43.44:334][  0]LogMemory: Memory total: Physical=7.9GB (8GB approx)
[2016.11.15-01.43.44:334][  0]LogMemory: Platform Memory Stats for Windows
[2016.11.15-01.43.44:334][  0]LogMemory: Process Physical Memory: 313.43 MB used, 313.43 MB peak
[2016.11.15-01.43.44:334][  0]LogMemory: Process Virtual Memory: 314.92 MB used, 314.92 MB peak
[2016.11.15-01.43.44:334][  0]LogMemory: Physical Memory: 4796.46 MB used, 8087.35 MB total
[2016.11.15-01.43.44:334][  0]LogMemory: Virtual Memory: 638.23 MB used, 134217728.00 MB total
[2016.11.15-01.43.44:420][  0]LogTextLocalizationManager: No specific translations for ('ko-KR') exist, so ('ko') translations will be used.
[2016.11.15-01.43.44:463][  0]LogTextLocalizationManager:Warning: Loaded localization resources contain conflicting entries for (Namespace:KismetSchema, Key:Default):
Localization Resource: (C:/Program Files (x86)/Epic Games/4.11/Engine/Content/Localization/EditorTutorials/ko/EditorTutorials.locres) Source String Hash: (940523119) Localized String: (디폴트)
Localization Resource: (C:/Program Files (x86)/Epic Games/4.11/Engine/Content/Localization/Engine/ko/Engine.locres) Source String Hash: (940523119) Localized String: (기본)
[2016.11.15-01.43.44:463][  0]LogTextLocalizationManager:Warning: Loaded localization resources contain conflicting entries for (Namespace:UObjectToolTips, Key:AnimNode_AssetPlayerBase:InternalTimeAccumulator):
Localization Resource: (C:/Program Files (x86)/Epic Games/4.11/Engine/Content/Localization/EditorTutorials/ko/EditorTutorials.locres) Source String Hash: (502993589) Localized String: (이 노드에서 애셋을 레퍼런싱하는 데 사용되는 누적 시간입니다.)
Localization Resource: (C:/Program Files (x86)/Epic Games/4.11/Engine/Content/Localization/Engine/ko/Engine.locres) Source String Hash: (502993589) Localized String: (이 노드에서 애셋을 레퍼런싱하는 데 사용된 누적 시간입니다.)
[2016.11.15-01.43.44:463][  0]LogTextLocalizationManager:Warning: Loaded localization resources contain conflicting entries for (Namespace:UObjectToolTips, Key:AnimNode_AssetPlayerBase:bIgnoreForRelevancyTest):
Localization Resource: (C:/Program Files (x86)/Epic Games/4.11/Engine/Content/Localization/EditorTutorials/ko/EditorTutorials.locres) Source String Hash: (319969718) Localized String: (True 면, 스테이트에서 최고 가중치 애니메이션을 찾는 "Relevant anim" 노드는 이 노드를 무시합니다.
 )
Localization Resource: (C:/Program Files (x86)/Epic Games/4.11/Engine/Content/Localization/Engine/ko/Engine.locres) Source String Hash: (319969718) Localized String: (True 면 스테이트 내 최고 웨이팅된 애니메이션을 찾는 "Relevant anim" 노드가 무시됩니다.
 )
[2016.11.15-01.43.44:463][  0]LogTextLocalizationManager:Warning: Loaded localization resources contain conflicting entries for (Namespace:UObjectToolTips, Key:AnimNode_AssetPlayerBase:BlendWeight):
Localization Resource: (C:/Program Files (x86)/Epic Games/4.11/Engine/Content/Localization/EditorTutorials/ko/EditorTutorials.locres) Source String Hash: (-1232800293) Localized String: (이 노드에 마지막 걸린 블렌드웨이트 입니다.)
Localization Resource: (C:/Program Files (x86)/Epic Games/4.11/Engine/Content/Localization/Engine/ko/Engine.locres) Source String Hash: (-1232800293) Localized String: (이 노드에 대해 마지막 접한 블렌드 웨이트)
[2016.11.15-01.43.44:539][  0]LogD3D11RHI: D3D11 adapters:
[2016.11.15-01.43.44:847][  0]LogD3D11RHI:    0. 'NVIDIA GeForce GTX 650' (Feature Level 11_0)
[2016.11.15-01.43.44:847][  0]LogD3D11RHI:       964MB of dedicated video memory, 0MB of dedicated system memory, and 3072MB of shared system memory, 1 output[s]
[2016.11.15-01.43.44:856][  0]LogD3D11RHI:    1. 'Intel(R) HD Graphics 4600' (Feature Level 11_0)
[2016.11.15-01.43.44:856][  0]LogD3D11RHI:       160MB of dedicated video memory, 0MB of dedicated system memory, and 1760MB of shared system memory, 0 output[s]
[2016.11.15-01.43.44:857][  0]LogD3D11RHI:    2. 'Microsoft Basic Render Driver' (Feature Level 11_0)
[2016.11.15-01.43.44:857][  0]LogD3D11RHI:       0MB of dedicated video memory, 0MB of dedicated system memory, and 256MB of shared system memory, 0 output[s]
[2016.11.15-01.43.44:857][  0]LogD3D11RHI: Chosen D3D11 Adapter: 0
[2016.11.15-01.43.44:861][  0]LogD3D11RHI: Creating new Direct3DDevice
[2016.11.15-01.43.44:861][  0]LogD3D11RHI:     Adapter Name: NVIDIA GeForce GTX 650
[2016.11.15-01.43.44:861][  0]LogD3D11RHI:   Driver Version: 21.21.13.7570 (internal 21.21.13.7570)
[2016.11.15-01.43.44:861][  0]LogD3D11RHI:      Driver Date: 10-25-2016
[2016.11.15-01.43.44:861][  0]LogRHI: Texture pool is 675 MB (70% of 964 MB)
[2016.11.15-01.43.45:087][  0]LogD3D11RHI: Async texture creation enabled
[2016.11.15-01.43.45:151][  0]LogShaderCompilers: Guid format shader working directory is -6 characters bigger than the processId version (../../../../../../Users/Jaesun/Documents/UP/Halloween/Intermediate/Shaders/WorkingDirectory/6964/).
[2016.11.15-01.43.45:151][  0]LogShaderCompilers: Cleaned the shader compiler working directory 'C:/Users/Jaesun/AppData/Local/Temp/UnrealShaderWorkingDir/828A4D8C4358FB84B1476D83EBCA458F/'.
[2016.11.15-01.43.45:151][  0]LogShaderCompilers:Display: Using Local Shader Compiler.
[2016.11.15-01.43.47:000][  0]LogTemp:Display: Loaded TP AllDesktopTargetPlatform
[2016.11.15-01.43.47:006][  0]LogTemp:Display: Loaded TP WindowsClientTargetPlatform
[2016.11.15-01.43.47:011][  0]LogTemp:Display: Loaded TP WindowsNoEditorTargetPlatform
[2016.11.15-01.43.47:016][  0]LogTemp:Display: Loaded TP WindowsServerTargetPlatform
[2016.11.15-01.43.47:021][  0]LogTemp:Display: Loaded TP WindowsTargetPlatform
[2016.11.15-01.43.47:025][  0]LogTemp:Display: Loaded TP AndroidTargetPlatform
[2016.11.15-01.43.47:028][  0]LogTemp:Display: Loaded TP Android_ASTCTargetPlatform
[2016.11.15-01.43.47:031][  0]LogTemp:Display: Loaded TP Android_ATCTargetPlatform
[2016.11.15-01.43.47:034][  0]LogTemp:Display: Loaded TP Android_DXTTargetPlatform
[2016.11.15-01.43.47:037][  0]LogTemp:Display: Loaded TP Android_ETC1TargetPlatform
[2016.11.15-01.43.47:041][  0]LogTemp:Display: Loaded TP Android_ETC2TargetPlatform
[2016.11.15-01.43.47:048][  0]LogTemp:Display: Loaded TP Android_MultiTargetPlatform
[2016.11.15-01.43.47:048][  0]LogTemp:Display: Loaded TP Android_PVRTCTargetPlatform
[2016.11.15-01.43.47:049][  0]LogTemp:Display: Loaded TP HTML5TargetPlatform
[2016.11.15-01.43.47:069][  0]LogTemp:Display: Loaded TP IOSTargetPlatform
[2016.11.15-01.43.47:072][  0]LogTemp:Display: Loaded TP TVOSTargetPlatform
[2016.11.15-01.43.47:075][  0]LogTemp:Display: Loaded TP LinuxNoEditorTargetPlatform
[2016.11.15-01.43.47:078][  0]LogTemp:Display: Loaded TP LinuxServerTargetPlatform
[2016.11.15-01.43.47:093][  0]LogTemp:Display: Loaded TP LinuxTargetPlatform
[2016.11.15-01.43.47:093][  0]LogTargetPlatformManager:Display: Building Assets For Windows
[2016.11.15-01.43.47:168][  0]LogDerivedDataCache:Display: Max Cache Size: 512 MB
[2016.11.15-01.43.48:397][  0]LogDerivedDataCache: Loaded boot cache 1.23s 46MB C:/Users/Jaesun/AppData/Local/UnrealEngine/4.11/DerivedDataCache/Boot.ddc.
[2016.11.15-01.43.48:397][  0]LogDerivedDataCache:Display: Loaded Boot cache: C:/Users/Jaesun/AppData/Local/UnrealEngine/4.11/DerivedDataCache/Boot.ddc
[2016.11.15-01.43.48:398][  0]LogDerivedDataCache: FDerivedDataBackendGraph:  Pak pak cache file ../../../../../../Users/Jaesun/Documents/UP/Halloween/DerivedDataCache/DDC.ddp not found, will not use a pak cache.
[2016.11.15-01.43.48:398][  0]LogDerivedDataCache: Unable to find inner node Pak for hierarchical cache Hierarchy.
[2016.11.15-01.43.48:398][  0]LogDerivedDataCache: FDerivedDataBackendGraph:  CompressedPak pak cache file ../../../../../../Users/Jaesun/Documents/UP/Halloween/DerivedDataCache/Compressed.ddp not found, will not use a pak cache.
[2016.11.15-01.43.48:398][  0]LogDerivedDataCache: Unable to find inner node CompressedPak for hierarchical cache Hierarchy.
[2016.11.15-01.43.48:410][  0]LogDerivedDataCache:Display: Pak cache opened for reading ../../../Engine/DerivedDataCache/Compressed.ddp.
[2016.11.15-01.43.48:423][  0]LogDerivedDataCache: Using Local data cache path C:/Users/Jaesun/AppData/Local/UnrealEngine/Common/DerivedDataCache: Writable
[2016.11.15-01.43.51:376][  0]LogInit: Selected Device Profile: [Windows]
[2016.11.15-01.43.51:377][  0]LogContentStreaming: Texture pool size is 0.00 MB
[2016.11.15-01.43.51:404][  0]LogMaterial: Uniform references updated for custom material expression Custom.
[2016.11.15-01.43.51:510][  0]LogMeshUtilities: No automatic mesh reduction module available
[2016.11.15-01.43.51:510][  0]LogMeshUtilities: No automatic mesh merging module available
[2016.11.15-01.43.51:510][  0]LogMeshUtilities: No distributed automatic mesh merging module available
[2016.11.15-01.43.51:798][  0]LogUObjectArray: 27686 objects as part of root set at end of initial load.
[2016.11.15-01.43.51:798][  0]LogUObjectAllocator: 5803856 out of 0 bytes used by permanent object pool.
[2016.11.15-01.43.51:798][  0]LogUObjectArray: CloseDisregardForGC: 0/0 objects in disregard for GC pool
[2016.11.15-01.43.52:281][  0]LogSlate: SlateFontCache - WITH_FREETYPE: 1, WITH_HARFBUZZ: 1
[2016.11.15-01.43.52:281][  0]LogSlate: SlateFontCache - WITH_FREETYPE: 1, WITH_HARFBUZZ: 1
[2016.11.15-01.43.59:449][  0]LogStreaming:Warning: Failed to read file '../../../Engine/Content/Editor/Slate/Common/Selection_16x.png' error.
[2016.11.15-01.43.59:449][  0]LogSlate: Could not find file for Slate resource: ../../../Engine/Content/Editor/Slate/Common/Selection_16x.png
[2016.11.15-01.43.59:449][  0]LogStreaming:Warning: Failed to read file '../../../Engine/Content/Editor/Slate/Common/Selection_16x.png' error.
[2016.11.15-01.43.59:449][  0]LogSlate: Could not find file for Slate resource: ../../../Engine/Content/Editor/Slate/Common/Selection_16x.png
[2016.11.15-01.43.59:449][  0]LogStreaming:Warning: Failed to read file '../../../Engine/Content/Editor/Slate/Common/Selection_16x.png' error.
[2016.11.15-01.43.59:449][  0]LogSlate: Could not find file for Slate resource: ../../../Engine/Content/Editor/Slate/Common/Selection_16x.png
[2016.11.15-01.44.16:541][  0]LogUdpMessaging: Initializing bridge on interface 0.0.0.0:0 to multicast group 230.0.0.1:6666.
[2016.11.15-01.44.16:825][  0]LogAssetRegistry: FAssetRegistry took 0.0219 seconds to start up
[2016.11.15-01.44.16:950][  0]SourceControl: 정보 소스 콘트롤이 꺼졌습니다.
[2016.11.15-01.44.17:072][  0]SourceControl: 정보 소스 콘트롤이 꺼졌습니다.
[2016.11.15-01.44.17:079][  0]SourceControl: 정보 소스 콘트롤이 꺼졌습니다.
[2016.11.15-01.44.17:086][  0]SourceControl: 정보 소스 콘트롤이 꺼졌습니다.
[2016.11.15-01.44.17:248][  0]LogHMD: Failed to initialize OpenVR with code 110
[2016.11.15-01.44.17:338][  0]LogEngine: Initializing Engine...
[2016.11.15-01.44.17:455][  0]LogAIModule: Creating AISystem for world NewWorld
[2016.11.15-01.44.17:464][  0]LogInit: XAudio2 using '헤드폰(2- High Definition Audio 장치)' : 2 channels at 44.1 kHz using 16 bits per sample (channel mask 0x3)
[2016.11.15-01.44.17:481][  0]LogInit: FAudioDevice initialized.
[2016.11.15-01.44.17:504][  0]LogDerivedDataCache: Saved boot cache 0.02s 46MB C:/Users/Jaesun/AppData/Local/UnrealEngine/4.11/DerivedDataCache/Boot.ddc.
[2016.11.15-01.44.17:509][  0]LogInit: Texture streaming: Enabled
[2016.11.15-01.44.17:531][  0]LogInit: Transaction tracking system initialized
[2016.11.15-01.44.17:553][  0]BlueprintLog: New page: 에디터 로드
[2016.11.15-01.44.17:639][  0]LocalizationService: 정보 현지화 서비스가 비활성화되었습니다.
[2016.11.15-01.44.17:801][  0]LogConsoleResponse:Display: 
[2016.11.15-01.44.18:719][  0]LogCook:Display: Max memory allowance for cook 8192mb
[2016.11.15-01.44.18:719][  0]LogCook:Display: Mobile HDR setting 1
[2016.11.15-01.44.18:719][  0]LogCook:Display: Done creating registry. It took  0.00s.
[2016.11.15-01.44.20:701][  0]LogFileCache: Scanning file cache for directory 'C:/Users/Jaesun/Documents/UP/Halloween/Content/' took 0.02s
[2016.11.15-01.44.20:744][  0]SourceControl: 정보 소스 콘트롤이 꺼졌습니다.
[2016.11.15-01.44.20:744][  0]Cmd: MAP LOAD FILE="../../../../../../Users/Jaesun/Documents/UP/Halloween/Content/Maps/MainMenu.umap" TEMPLATE=0 SHOWPROGRESS=1 FEATURELEVEL=3
[2016.11.15-01.44.20:745][  0]LightingResults: New page: 라이팅 빌드
[2016.11.15-01.44.20:747][  0]MapCheck: New page: 맵 체크
[2016.11.15-01.44.20:747][  0]LightingResults: New page: 라이팅 빌드
[2016.11.15-01.44.21:942][  0]LogAIModule: Creating AISystem for world MainMenu
[2016.11.15-01.44.21:943][  0]LogEditorServer: Finished looking for orphan Actors (0.000 secs)
[2016.11.15-01.44.21:943][  0]Cmd: MAP CHECKDEP NOCLEARLOG
[2016.11.15-01.44.21:976][  0]MapCheck: 정보 맵 체크 완료: 오류 0 회, 경고 0 회, 소요 시간 32.918ms.
[2016.11.15-01.44.21:976][  0]LogFileHelpers: Loading map 'MainMenu' took 1.232
[2016.11.15-01.44.22:161][  0]LogCollectionManager: Loaded 0 collections in 0.002054 seconds
[2016.11.15-01.44.22:200][  0]LogFileCache: Scanning file cache for directory 'C:/Users/Jaesun/Documents/UP/Halloween/Saved/Collections/' took 0.01s
[2016.11.15-01.44.22:200][  0]LogFileCache: Scanning file cache for directory 'C:/Users/Jaesun/Documents/UP/Halloween/Content/Developers/Jaesun/Collections/' took 0.01s
[2016.11.15-01.44.22:200][  0]LogFileCache: Scanning file cache for directory 'C:/Users/Jaesun/Documents/UP/Halloween/Content/Collections/' took 0.01s
[2016.11.15-01.44.22:200][  0]LogCollectionManager: Rebuilt the GUID cache for 0 collections in 0.000002 seconds
[2016.11.15-01.44.22:206][  0]LogContentBrowser: Native class hierarchy populated in 0.0060 seconds. Added 1981 classes and 345 folders.
[2016