Log file open, 10/15/16 18:29:18
LogInit:Display: Running engine for game: Halloween
LogPlatformFile: Not using cached read wrapper
LogInit:Display: RandInit(957859569) SRandInit(957859570).
LogTaskGraph: Started task graph with 4 named threads and 7 total threads.
LogStats: Stats thread started at 0.071277
LogInit: Version: 4.11.2-2946394+++UE4+Release-4.11
LogInit: API Version: 2927265
LogInit: Compiled (64-bit): Apr 18 2016 02:18:46
LogInit: Compiled with Visual C++: 19.00.23026.00
LogInit: Build Configuration: Development
LogInit: Branch Name: ++UE4+Release-4.11
LogInit: Command line:  
LogInit: Base directory: C:/Program Files (x86)/Epic Games/4.11/Engine/Binaries/Win64/
LogInit: Installed Engine Build: 1
LogInit: Using libcurl 7.41.0
LogInit:  - built for x86_64-pc-win32
LogInit:  - supports SSL with WinSSL
LogInit:  - other features:
LogInit:      CURL_VERSION_SSL
LogInit:      CURL_VERSION_IPV6
LogInit:      CURL_VERSION_ASYNCHDNS
LogInit:      CURL_VERSION_LARGEFILE
LogInit:      CURL_VERSION_IDN
LogInit:  CurlRequestOptions (configurable via config and command line):
LogInit:  - bVerifyPeer = true  - Libcurl will verify peer certificate
LogInit:  - bUseHttpProxy = false  - Libcurl will NOT use HTTP proxy
LogInit:  - bDontReuseConnections = false  - Libcurl will reuse connections
LogInit:  - CertBundlePath = nullptr  - Libcurl will use whatever was configured at build time.
LogOnline:Display: STEAM: Loading Steam SDK 1.32
LogOnline:Warning: STEAM: Steam API disabled!
LogOnline:Display: STEAM: OnlineSubsystemSteam::Shutdown()
LogInit: WinSock: version 1.1 (2.2), MaxSocks=32767, MaxUdp=65467
LogVoice:Warning: Failed to initialize voice interface
LogInit: Presizing for max 16777216 objects, including 0 objects not considered by GC, pre-allocating 0 bytes for permanent pool.
LogInit: Object subsystem initialized
[2016.10.15-09.29.18:935][  0]LogInit: Selected Device Profile: [Windows]
[2016.10.15-09.29.18:935][  0]LogInit: Applying CVar settings loaded from the selected device profile: [Windows]
[2016.10.15-09.29.18:944][  0]LogInit: Computer: UNREAL
[2016.10.15-09.29.18:944][  0]LogInit: User: Jaesun
[2016.10.15-09.29.18:944][  0]LogInit: CPU Page size=65536, Cores=4
[2016.10.15-09.29.18:944][  0]LogInit: High frequency timer resolution =3.312638 MHz
[2016.10.15-09.29.18:944][  0]LogMemory: Memory total: Physical=7.9GB (8GB approx)
[2016.10.15-09.29.18:944][  0]LogMemory: Platform Memory Stats for Windows
[2016.10.15-09.29.18:944][  0]LogMemory: Process Physical Memory: 313.38 MB used, 313.38 MB peak
[2016.10.15-09.29.18:944][  0]LogMemory: Process Virtual Memory: 314.87 MB used, 314.87 MB peak
[2016.10.15-09.29.18:944][  0]LogMemory: Physical Memory: 4457.89 MB used, 8087.35 MB total
[2016.10.15-09.29.18:944][  0]LogMemory: Virtual Memory: 634.70 MB used, 134217728.00 MB total
[2016.10.15-09.29.18:971][  0]LogTextLocalizationManager: No specific translations for ('ko-KR') exist, so ('ko') translations will be used.
[2016.10.15-09.29.19:001][  0]LogTextLocalizationManager:Warning: Loaded localization resources contain conflicting entries for (Namespace:KismetSchema, Key:Default):
Localization Resource: (C:/Program Files (x86)/Epic Games/4.11/Engine/Content/Localization/EditorTutorials/ko/EditorTutorials.locres) Source String Hash: (940523119) Localized String: (디폴트)
Localization Resource: (C:/Program Files (x86)/Epic Games/4.11/Engine/Content/Localization/Engine/ko/Engine.locres) Source String Hash: (940523119) Localized String: (기본)
[2016.10.15-09.29.19:001][  0]LogTextLocalizationManager:Warning: Loaded localization resources contain conflicting entries for (Namespace:UObjectToolTips, Key:AnimNode_AssetPlayerBase:InternalTimeAccumulator):
Localization Resource: (C:/Program Files (x86)/Epic Games/4.11/Engine/Content/Localization/EditorTutorials/ko/EditorTutorials.locres) Source String Hash: (502993589) Localized String: (이 노드에서 애셋을 레퍼런싱하는 데 사용되는 누적 시간입니다.)
Localization Resource: (C:/Program Files (x86)/Epic Games/4.11/Engine/Content/Localization/Engine/ko/Engine.locres) Source String Hash: (502993589) Localized String: (이 노드에서 애셋을 레퍼런싱하는 데 사용된 누적 시간입니다.)
[2016.10.15-09.29.19:001][  0]LogTextLocalizationManager:Warning: Loaded localization resources contain conflicting entries for (Namespace:UObjectToolTips, Key:AnimNode_AssetPlayerBase:bIgnoreForRelevancyTest):
Localization Resource: (C:/Program Files (x86)/Epic Games/4.11/Engine/Content/Localization/EditorTutorials/ko/EditorTutorials.locres) Source String Hash: (319969718) Localized String: (True 면, 스테이트에서 최고 가중치 애니메이션을 찾는 "Relevant anim" 노드는 이 노드를 무시합니다.
 )
Localization Resource: (C:/Program Files (x86)/Epic Games/4.11/Engine/Content/Localization/Engine/ko/Engine.locres) Source String Hash: (319969718) Localized String: (True 면 스테이트 내 최고 웨이팅된 애니메이션을 찾는 "Relevant anim" 노드가 무시됩니다.
 )
[2016.10.15-09.29.19:001][  0]LogTextLocalizationManager:Warning: Loaded localization resources contain conflicting entries for (Namespace:UObjectToolTips, Key:AnimNode_AssetPlayerBase:BlendWeight):
Localization Resource: (C:/Program Files (x86)/Epic Games/4.11/Engine/Content/Localization/EditorTutorials/ko/EditorTutorials.locres) Source String Hash: (-1232800293) Localized String: (이 노드에 마지막 걸린 블렌드웨이트 입니다.)
Localization Resource: (C:/Program Files (x86)/Epic Games/4.11/Engine/Content/Localization/Engine/ko/Engine.locres) Source String Hash: (-1232800293) Localized String: (이 노드에 대해 마지막 접한 블렌드 웨이트)
[2016.10.15-09.29.19:094][  0]LogD3D11RHI: D3D11 adapters:
[2016.10.15-09.29.19:108][  0]LogD3D11RHI:    0. 'NVIDIA GeForce GTX 650' (Feature Level 11_0)
[2016.10.15-09.29.19:110][  0]LogD3D11RHI:       965MB of dedicated video memory, 0MB of dedicated system memory, and 3072MB of shared system memory, 1 output[s]
[2016.10.15-09.29.19:116][  0]LogD3D11RHI:    1. 'Intel(R) HD Graphics 4600' (Feature Level 11_0)
[2016.10.15-09.29.19:116][  0]LogD3D11RHI:       160MB of dedicated video memory, 0MB of dedicated system memory, and 1760MB of shared system memory, 0 output[s]
[2016.10.15-09.29.19:116][  0]LogD3D11RHI:    2. 'Microsoft Basic Render Driver' (Feature Level 11_0)
[2016.10.15-09.29.19:116][  0]LogD3D11RHI:       0MB of dedicated video memory, 0MB of dedicated system memory, and 256MB of shared system memory, 0 output[s]
[2016.10.15-09.29.19:116][  0]LogD3D11RHI: Chosen D3D11 Adapter: 0
[2016.10.15-09.29.19:121][  0]LogD3D11RHI: Creating new Direct3DDevice
[2016.10.15-09.29.19:121][  0]LogD3D11RHI:     Adapter Name: NVIDIA GeForce GTX 650
[2016.10.15-09.29.19:121][  0]LogD3D11RHI:   Driver Version: 10.18.13.5891 (internal 10.18.13.5891)
[2016.10.15-09.29.19:121][  0]LogD3D11RHI:      Driver Date: 11-5-2015
[2016.10.15-09.29.19:121][  0]LogRHI: Texture pool is 675 MB (70% of 965 MB)
[2016.10.15-09.29.19:133][  0]LogD3D11RHI: Async texture creation enabled
[2016.10.15-09.29.19:150][  0]LogShaderCompilers: Guid format shader working directory is -6 characters bigger than the processId version (../../../../../../Users/Jaesun/Documents/UP/Halloween/Intermediate/Shaders/WorkingDirectory/3548/).
[2016.10.15-09.29.19:150][  0]LogShaderCompilers: Cleaned the shader compiler working directory 'C:/Users/Jaesun/AppData/Local/Temp/UnrealShaderWorkingDir/91124FBB4DF7CACC03386796742F4B3E/'.
[2016.10.15-09.29.19:150][  0]LogShaderCompilers:Display: Using Local Shader Compiler.
[2016.10.15-09.29.20:221][  0]LogTemp:Display: Loaded TP AllDesktopTargetPlatform
[2016.10.15-09.29.20:225][  0]LogTemp:Display: Loaded TP WindowsClientTargetPlatform
[2016.10.15-09.29.20:230][  0]LogTemp:Display: Loaded TP WindowsNoEditorTargetPlatform
[2016.10.15-09.29.20:235][  0]LogTemp:Display: Loaded TP WindowsServerTargetPlatform
[2016.10.15-09.29.20:239][  0]LogTemp:Display: Loaded TP WindowsTargetPlatform
[2016.10.15-09.29.20:242][  0]LogTemp:Display: Loaded TP AndroidTargetPlatform
[2016.10.15-09.29.20:245][  0]LogTemp:Display: Loaded TP Android_ASTCTargetPlatform
[2016.10.15-09.29.20:248][  0]LogTemp:Display: Loaded TP Android_ATCTargetPlatform
[2016.10.15-09.29.20:251][  0]LogTemp:Display: Loaded TP Android_DXTTargetPlatform
[2016.10.15-09.29.20:254][  0]LogTemp:Display: Loaded TP Android_ETC1TargetPlatform
[2016.10.15-09.29.20:257][  0]LogTemp:Display: Loaded TP Android_ETC2TargetPlatform
[2016.10.15-09.29.20:263][  0]LogTemp:Display: Loaded TP Android_MultiTargetPlatform
[2016.10.15-09.29.20:263][  0]LogTemp:Display: Loaded TP Android_PVRTCTargetPlatform
[2016.10.15-09.29.20:264][  0]LogTemp:Display: Loaded TP HTML5TargetPlatform
[2016.10.15-09.29.20:280][  0]LogTemp:Display: Loaded TP IOSTargetPlatform
[2016.10.15-09.29.20:282][  0]LogTemp:Display: Loaded TP TVOSTargetPlatform
[2016.10.15-09.29.20:285][  0]LogTemp:Display: Loaded TP LinuxNoEditorTargetPlatform
[2016.10.15-09.29.20:287][  0]LogTemp:Display: Loaded TP LinuxServerTargetPlatform
[2016.10.15-09.29.20:290][  0]LogTemp:Display: Loaded TP LinuxTargetPlatform
[2016.10.15-09.29.20:290][  0]LogTargetPlatformManager:Display: Building Assets For Windows
[2016.10.15-09.29.20:358][  0]LogDerivedDataCache:Display: Max Cache Size: 512 MB
[2016.10.15-09.29.20:399][  0]LogDerivedDataCache: Loaded boot cache 0.04s 46MB C:/Users/Jaesun/AppData/Local/UnrealEngine/4.11/DerivedDataCache/Boot.ddc.
[2016.10.15-09.29.20:399][  0]LogDerivedDataCache:Display: Loaded Boot cache: C:/Users/Jaesun/AppData/Local/UnrealEngine/4.11/DerivedDataCache/Boot.ddc
[2016.10.15-09.29.20:399][  0]LogDerivedDataCache: FDerivedDataBackendGraph:  Pak pak cache file ../../../../../../Users/Jaesun/Documents/UP/Halloween/DerivedDataCache/DDC.ddp not found, will not use a pak cache.
[2016.10.15-09.29.20:399][  0]LogDerivedDataCache: Unable to find inner node Pak for hierarchical cache Hierarchy.
[2016.10.15-09.29.20:399][  0]LogDerivedDataCache: FDerivedDataBackendGraph:  CompressedPak pak cache file ../../../../../../Users/Jaesun/Documents/UP/Halloween/DerivedDataCache/Compressed.ddp not found, will not use a pak cache.
[2016.10.15-09.29.20:399][  0]LogDerivedDataCache: Unable to find inner node CompressedPak for hierarchical cache Hierarchy.
[2016.10.15-09.29.20:411][  0]LogDerivedDataCache:Display: Pak cache opened for reading ../../../Engine/DerivedDataCache/Compressed.ddp.
[2016.10.15-09.29.20:423][  0]LogDerivedDataCache: Using Local data cache path C:/Users/Jaesun/AppData/Local/UnrealEngine/Common/DerivedDataCache: Writable
[2016.10.15-09.29.20:560][  0]LogInit: Selected Device Profile: [Windows]
[2016.10.15-09.29.20:560][  0]LogContentStreaming: Texture pool size is 0.00 MB
[2016.10.15-09.29.20:588][  0]LogMaterial: Uniform references updated for custom material expression Custom.
[2016.10.15-09.29.20:690][  0]LogMeshUtilities: No automatic mesh reduction module available
[2016.10.15-09.29.20:690][  0]LogMeshUtilities: No automatic mesh merging module available
[2016.10.15-09.29.20:690][  0]LogMeshUtilities: No distributed automatic mesh merging module available
[2016.10.15-09.29.20:885][  0]LogUObjectArray: 27686 objects as part of root set at end of initial load.
[2016.10.15-09.29.20:885][  0]LogUObjectAllocator: 5803856 out of 0 bytes used by permanent object pool.
[2016.10.15-09.29.20:885][  0]LogUObjectArray: CloseDisregardForGC: 0/0 objects in disregard for GC pool
[2016.10.15-09.29.20:974][  0]LogSlate: SlateFontCache - WITH_FREETYPE: 1, WITH_HARFBUZZ: 1
[2016.10.15-09.29.20:974][  0]LogSlate: SlateFontCache - WITH_FREETYPE: 1, WITH_HARFBUZZ: 1
[2016.10.15-09.29.21:059][  0]LogStreaming:Warning: Failed to read file '../../../Engine/Content/Editor/Slate/Common/Selection_16x.png' error.
[2016.10.15-09.29.21:059][  0]LogSlate: Could not find file for Slate resource: ../../../Engine/Content/Editor/Slate/Common/Selection_16x.png
[2016.10.15-09.29.21:059][  0]LogStreaming:Warning: Failed to read file '../../../Engine/Content/Editor/Slate/Common/Selection_16x.png' error.
[2016.10.15-09.29.21:059][  0]LogSlate: Could not find file for Slate resource: ../../../Engine/Content/Editor/Slate/Common/Selection_16x.png
[2016.10.15-09.29.21:059][  0]LogStreaming:Warning: Failed to read file '../../../Engine/Content/Editor/Slate/Common/Selection_16x.png' error.
[2016.10.15-09.29.21:059][  0]LogSlate: Could not find file for Slate resource: ../../../Engine/Content/Editor/Slate/Common/Selection_16x.png
[2016.10.15-09.29.21:535][  0]LogUdpMessaging: Initializing bridge on interface 0.0.0.0:0 to multicast group 230.0.0.1:6666.
[2016.10.15-09.29.21:641][  0]LogAssetRegistry: FAssetRegistry took 0.0223 seconds to start up
[2016.10.15-09.29.21:761][  0]SourceControl: 정보 소스 콘트롤이 꺼졌습니다.
[2016.10.15-09.29.21:803][  0]SourceControl: 정보 소스 콘트롤이 꺼졌습니다.
[2016.10.15-09.29.21:812][  0]SourceControl: 정보 소스 콘트롤이 꺼졌습니다.
[2016.10.15-09.29.21:823][  0]SourceControl: 정보 소스 콘트롤이 꺼졌습니다.
[2016.10.15-09.29.21:936][  0]LogHMD: Failed to initialize OpenVR with code 110
[2016.10.15-09.29.22:002][  0]LogEngine: Initializing Engine...
[2016.10.15-09.29.22:118][  0]LogAIModule: Creating AISystem for world NewWorld
[2016.10.15-09.29.22:128][  0]LogInit: XAudio2 using '헤드폰(2- High Definition Audio 장치)' : 2 channels at 44.1 kHz using 16 bits per sample (channel mask 0x3)
[2016.10.15-09.29.22:165][  0]LogInit: FAudioDevice initialized.
[2016.10.15-09.29.22:188][  0]LogDerivedDataCache: Saved boot cache 0.02s 46MB C:/Users/Jaesun/AppData/Local/UnrealEngine/4.11/DerivedDataCache/Boot.ddc.
[2016.10.15-09.29.22:193][  0]LogInit: Texture streaming: Enabled
[2016.10.15-09.29.22:213][  0]LogInit: Transaction tracking system initialized
[2016.10.15-09.29.22:235][  0]BlueprintLog: New page: 에디터 로드
[2016.10.15-09.29.22:302][  0]LocalizationService: 정보 현지화 서비스가 비활성화되었습니다.
[2016.10.15-09.29.22:362][  0]LogConsoleResponse:Display: 
[2016.10.15-09.29.22:445][  0]LogCook:Display: Max memory allowance for cook 8192mb
[2016.10.15-09.29.22:445][  0]LogCook:Display: Mobile HDR setting 1
[2016.10.15-09.29.22:445][  0]LogCook:Display: Done creating registry. It took  0.00s.
[2016.10.15-09.29.22:494][  0]LogFileCache: Scanning file cache for directory 'C:/Users/Jaesun/Documents/UP/Halloween/Content/' took 0.02s
[2016.10.15-09.29.22:494][  0]SourceControl: 정보 소스 콘트롤이 꺼졌습니다.
[2016.10.15-09.29.22:494][  0]Cmd: MAP LOAD FILE="../../../../../../Users/Jaesun/Documents/UP/Halloween/Content/Maps/MainMenu.umap" TEMPLATE=0 SHOWPROGRESS=1 FEATURELEVEL=3
[2016.10.15-09.29.22:495][  0]LightingResults: New page: 라이팅 빌드
[2016.10.15-09.29.22:497][  0]MapCheck: New page: 맵 체크
[2016.10.15-09.29.22:497][  0]LightingResults: New page: 라이팅 빌드
[2016.10.15-09.29.23:314][  0]LogAIModule: Creating AISystem for world MainMenu
[2016.10.15-09.29.23:314][  0]LogEditorServer: Finished looking for orphan Actors (0.000 secs)
[2016.10.15-09.29.23:315][  0]Cmd: MAP CHECKDEP NOCLEARLOG
[2016.10.15-09.29.23:354][  0]MapCheck: 정보 맵 체크 완료: 오류 0 회, 경고 0 회, 소요 시간 38.825ms.
[2016.10.15-09.29.23:354][  0]LogFileHelpers: Loading map 'MainMenu' took 0.859
[2016.10.15-09.29.23:467][  0]LogCollectionManager: Loaded 0 collections in 0.002160 seconds
[2016.10.15-09.29.23:506][  0]LogFileCache: Scanning file cache for directory 'C:/Users/Jaesun/Documents/UP/Halloween/Saved/Collections/' took 0.01s
[2016.10.15-09.29.23:506][  0]LogFileCache: Scanning file cache for directory 'C:/Users/Jaesun/Documents/UP/Halloween/Content/Developers/Jaesun/Collections/' took 0.01s
[2016.10.15-09.29.23:506][  0]LogFileCache: Scanning file cache for directory 'C:/Users/Jaesun/Documents/UP/Halloween/Content/Collections/' took 0.01s
[2016.10.15-09.29.23:506][  0]LogCollectionManager: Rebuilt the GUID cache for 0 collections in 0.000002 seconds
[2016.10.15-09.29.23:513][  0]LogContentBrowser: Native class hierarchy populated in 0.0070 seconds. Added 1981 classes and 345 folders.
[2016.10.15-09.29.23:517][  0]LogStats: UGameplayTagsManager::ConstructGameplayTagTree: Construct from data asset -  0.000 s
[2016.10.15-09.29.23:517][  0]LogStats: UGameplayTagsManager::ConstructGameplayTagTree: GameplayTagTreeChangedEvent.Broadcast -  0.000 s
[2016.10.15-09.29.23:517][  0]LogContentBrowser: Native class hierarchy updated for 'GameplayTags' in 0.0003 seconds. Added 12 classes and 0 folders.
[2016.10.15-09.29.23:524][  0]LogContentBrowser: Native class hierarchy updated for 'WidgetCarousel' in 0.0003 seconds. Added 0 classes and 0 folders.
[2016.10.15-09.29.23:529][  0]LogContentBrowser: Native class hierarchy updated for 'SuperSearch' in 0.0003 seconds. Added 1 classes and 2 folders.
[2016.10.15-09.29.23:561][  0]LogContentBrowser: Native class hierarchy updated for 'AddContentDialog' in 0.0003 seconds. Added 0 classes and 0 folders.
[2016.10.15-09.29.23:582][  0]LogContentBrowser: Native class hierarchy updated for 'SceneOutliner' in 0.0003 seconds. Added 1 classes and 2 folders.
[2016.10.15-09.29.23:631][  0]LogCrashTracker: Crashtracker disabled due to settings.
[2016.10.15-09.29.23:634][  0]LogUObjectGlobals:Warning: 'Class 없음.' 오브젝트를 찾는 데 실패했습니다.
[2016.10.15-09.29.23:661][  0]LogContentBrowser: Native class hierarchy updated for 'HierarchicalLODOutliner' in 0.0003 seconds. Added 1 classes and 2 folders.
[2016.10.15-09.29.23:662][  0]LogLoad: Full Startup: 5.50 seconds (BP compile: 0.12 seconds)
[2016.10.15-09.29.23:662][  0]LogExternalProfiler:Warning: No registered external profiler was matched with a command-line switch (or the DLL could not be loaded).  External profiling features will not be available.
[2016.10.15-09.29.23:682][  0]LogWindowsTextInputMethodSystem:Display: IME system now activated using TSF (Microsoft 입력기).
[2016.10.15-09.29.23:690][  0]LogOcInput: OculusInput pre-init called
[2016.10.15-09.29.23:724][  0]LogContentStreaming: Texture pool size now 400 MB
[2016.10.15-09.29.23:847][  1]LogAssetRegistry: Asset discovery search completed in 2.2294 seconds
[2016.10.15-09.29.23:847][  1]LogCollectionManager: Rebuilt the object cache for 0 collections in 0.000001 seconds (found 0 objects)
[2016.10.15-09.29.23:847][  1]LogCollectionManager: Fixed up redirectors for 0 collections in 0.000100 seconds (updated 0 objects)
[2016.10.15-09.29.23:860][  2]LogRenderer: Reallocating scene render targets to support 688x412 (Frame:2).
[2016.10.15-09.56.44:969][657]LogEditorViewport: Clicking Background
[2016.10.15-09.56.50:867][308]LogWindowsTextInputMethodSystem:Display: IME system now activated using TSF (Microsoft 입력기).
[2016.10.15-09.56.51:571][309]Cmd: QUIT_EDITOR
[2016.10.15-09.56.51:996][309]LogExit: Preparing to exit.
[2016.10.15-09.56.53:306][309]LogExit: Editor shut down
[2016.10.15-09.56.53:306][309]LogExit: Transaction tracking system shut down
[2016.10.15-09.56.54:718][309]LogObj: Freed 0b from 0 cluster array pools.
[2016.10.15-09.56.54:718][309]LogExit: Object subsystem successfully closed.
[2016.10.15-09.56.54:992][309]LogD3D11RHI: Shutdown
[2016.10.15-09.56.54:992][309]LogD3D11RHI: CleanupD3DDevice
[2016.10.15-09.56.55:140][309]LogD3D11RHI: ~FD3D11DynamicRHI
[2016.10.15-09.56.55:201][309]LogDerivedDataCache: Shutdown
[2016.10.15-09.56.55:876][309]LogModuleManager: Shutting down and abandoning module HierarchicalLODOutliner (207)
[2016.10.15-09.56.55:884][309]LogModuleManager: Shutting down and abandoning module CrashTracker (206)
[2016.10.15-09.56.55:884][309]LogModuleManager: Shutting down and abandoning module SceneOutliner (205)
[2016.10.15-09.56.55:894][309]LogModuleManager: Shutting down and abandoning module SuperSearch (204)
[2016.10.15-09.56.55:894][309]LogModuleManager: Shutting down and abandoning module WidgetCarousel (203)
[2016.10.15-09.56.55:894][309]LogModuleManager: Shutting down and abandoning module AddContentDialog (202)
[2016.10.15-09.56.55:908][309]LogModuleManager: Shutting down and abandoning module GameplayTags (201)
[2016.10.15-09.56.55:908][309]LogModuleManager: Shutting down and abandoning module EditorWidgets (200)
[2016.10.15-09.56.55:909][309]LogModuleManager: Shutting down and abandoning module CollectionManager (199)
[2016.10.15-09.56.55:919][309]LogModuleManager: Shutting down and abandoning module StatsViewer (198)
[2016.10.15-09.56.55:931][309]LogModuleManager: Shutting down and abandoning module FoliageEdit (197)
[2016.10.15-09.56.55:935][309]LogModuleManager: Shutting down and abandoning module LandscapeEditor (196)
[2016.10.15-09.56.55:962][309]LogModuleManager: Shutting down and abandoning module ActorPickerMode (195)
[2016.10.15-09.56.55:962][309]LogModuleManager: Shutting down and abandoning module GeometryMode (194)
[2016.10.15-09.56.55:962][309]LogModuleManager: Shutting down and abandoning module TextureAlignMode (193)
[2016.10.15-09.56.55:962][309]LogModuleManager: Shutting down and abandoning module BspMode (192)
[2016.10.15-09.56.55:962][309]LogModuleManager: Shutting down and abandoning module PlacementMode (191)
[2016.10.15-09.56.55:962][309]LogModuleManager: Shutting down and abandoning module AutomationWorker (190)
[2016.10.15-09.56.55:962][309]LogModuleManager: Shutting down and abandoning module CharacterAI (189)
[2016.10.15-09.56.55:962][309]LogModuleManager: Shutting down and abandoning module SmartSnapping (188)
[2016.10.15-09.56.55:962][309]LogModuleManager: Shutting down and abandoning module ViewportSnapping (187)
[2016.10.15-09.56.55:962][309]LogModuleManager: Shutting down and abandoning module LogVisualizer (186)
[2016.10.15-09.56.56:005][309]LogModuleManager: Shutting down and abandoning module GameProjectGeneration (185)
[2016.10.15-09.56.56:018][309]LogModuleManager: Shutting down and abandoning module IntroTutorials (184)
[2016.10.15-09.56.56:031][309]LogModuleManager: Shutting down and abandoning module EditorLiveStreaming (183)
[2016.10.15-09.56.56:031][309]LogModuleManager: Shutting down and abandoning module IOSPlatformEditor (182)
[2016.10.15-09.56.56:042][309]LogModuleManager: Shutting down and abandoning module HTML5PlatformEditor (181)
[2016.10.15-09.56.56:042][309]LogModuleManager: Shutting down and abandoning module AndroidDeviceDetection (180)
[2016.10.15-09.56.56:599][309]LogModuleManager: Shutting down and abandoning module AndroidPlatformEditor (179)
[2016.10.15-09.56.56:599][309]LogModuleManager: Shutting down and abandoning module IOSRuntimeSettings (178)
[2016.10.15-09.56.56:599][309]LogModuleManager: Shutting down and abandoning module AndroidRuntimeSettings (177)
[2016.10.15-09.56.56:599][309]LogModuleManager: Shutting down and abandoning module MergeActors (176)
[2016.10.15-09.56.56:610][309]LogModuleManager: Shutting down and abandoning module SizeMap (175)
[2016.10.15-09.56.56:625][309]LogModuleManager: Shutting down and abandoning module TreeMap (174)
[2016.10.15-09.56.56:638][309]LogModuleManager: Shutting down and abandoning module ReferenceViewer (173)
[2016.10.15-09.56.56:647][309]LogModuleManager: Shutting down and abandoning module LocalizationService (172)
[2016.10.15-09.56.56:654][309]LogModuleManager: Shutting down and abandoning module LocalizationDashboard (171)
[2016.10.15-09.56.56:665][309]LogModuleManager: Shutting down and abandoning module HardwareTargeting (170)
[2016.10.15-09.56.56:665][309]LogModuleManager: Shutting down and abandoning module DeviceProfileEditor (169)
[2016.10.15-09.56.56:672][309]LogModuleManager: Shutting down and abandoning module UndoHistory (168)
[2016.10.15-09.56.56:679][309]LogModuleManager: Shutting down and abandoning module UserFeedback (167)
[2016.10.15-09.56.56:679][309]LogModuleManager: Shutting down and abandoning module XmlParser (166)
[2016.10.15-09.56.56:694][309]LogModuleManager: Shutting down and abandoning module Blutility (165)
[2016.10.15-09.56.56:710][309]LogModuleManager: Shutting down and abandoning module ProjectTargetPlatformEditor (164)
[2016.10.15-09.56.56:711][309]LogModuleManager: Shutting down and abandoning module ProjectSettingsViewer (163)
[2016.10.15-09.56.56:711][309]LogModuleManager: Shutting down and abandoning module InputBindingEditor (162)
[2016.10.15-09.56.56:723][309]LogModuleManager: Shutting down and abandoning module EditorSettingsViewer (161)
[2016.10.15-09.56.56:723][309]LogModuleManager: Shutting down and abandoning module SettingsEditor (160)
[2016.10.15-09.56.56:739][309]LogModuleManager: Shutting down and abandoning module ProjectLauncher (159)
[2016.10.15-09.56.56:760][309]LogModuleManager: Shutting down and abandoning module SessionFrontend (158)
[2016.10.15-09.56.56:771][309]LogModuleManager: Shutting down and abandoning module ProfilerClient (157)
[2016.10.15-09.56.56:792][309]LogModuleManager: Shutting down and abandoning module TargetDeviceServices (156)
[2016.10.15-09.56.56:792][309]LogModuleManager: Shutting down and abandoning module DeviceManager (155)
[2016.10.15-09.56.56:843][309]LogModuleManager: Shutting down and abandoning module AutomationController (154)
[2016.10.15-09.56.56:862][309]LogModuleManager: Shutting down and abandoning module AutomationWindow (153)
[2016.10.15-09.56.56:883][309]LogModuleManager: Shutting down and abandoning module Layers (152)
[2016.10.15-09.56.56:898][309]LogModuleManager: Shutting down and abandoning module ComponentVisualizers (151)
[2016.10.15-09.56.56:898][309]LogModuleManager: Shutting down and abandoning module DetailCustomizations (150)
[2016.10.15-09.56.56:910][309]LogModuleManager: Shutting down and abandoning module PackagesDialog (149)
[2016.10.15-09.56.56:910][309]LogModuleManager: Shutting down and abandoning module Persona (148)
[2016.10.15-09.56.56:954][309]LogModuleManager: Shutting down and abandoning module Kismet (147)
[2016.10.15-09.56.56:971][309]LogModuleManager: Shutting down and abandoning module GraphEditor (146)
[2016.10.15-09.56.56:971][309]LogModuleManager: Shutting down and abandoning module ClassViewer (145)
[2016.10.15-09.56.56:983][309]LogModuleManager: Shutting down and abandoning module Toolbox (144)
[2016.10.15-09.56.56:987][309]LogModuleManager: Shutting down and abandoning module ModuleUI (143)
[2016.10.15-09.56.57:000][309]LogModuleManager: Shutting down and abandoning module MovieSceneTools (142)
[2016.10.15-09.56.57:009][309]LogModuleManager: Shutting down and abandoning module OutputLog (141)
[2016.10.15-09.56.57:009][309]LogModuleManager: Shutting down and abandoning module GammaUI (140)
[2016.10.15-09.56.57:017][309]LogModuleManager: Shutting down and abandoning module Documentation (139)
[2016.10.15-09.56.57:017][309]LogModuleManager: Shutting down and abandoning module StreamingPauseRendering (138)
[2016.10.15-09.56.57:017][309]LogModuleManager: Shutting down and abandoning module AnalyticsET (137)
[2016.10.15-09.56.57:017][309]LogModuleManager: Shutting down and abandoning module Analytics (136)
[2016.10.15-09.56.57:017][309]LogModuleManager: Shutting down and abandoning module PortalServices (135)
[2016.10.15-09.56.57:017][309]LogModuleManager: Shutting down and abandoning module PortalRpc (134)
[2016.10.15-09.56.57:017][309]LogModuleManager: Shutting down and abandoning module MessagingRpc (133)
[2016.10.15-09.56.57:017][309]LogModuleManager: Shutting down and abandoning module AITestSuite (132)
[2016.10.15-09.56.57:024][309]LogModuleManager: Shutting down and abandoning module GameplayDebugger (131)
[2016.10.15-09.56.57:024][309]LogModuleManager: Shutting down and abandoning module AIModule (130)
[2016.10.15-09.56.57:024][309]LogModuleManager: Shutting down and abandoning module ProfilerService (129)
[2016.10.15-09.56.57:212][309]LogModuleManager: Shutting down and abandoning module TaskGraph (128)
[2016.10.15-09.56.57:224][309]LogModuleManager: Shutting down and abandoning module SlateRemote (127)
[2016.10.15-09.56.57:224][309]LogModuleManager: Shutting down and abandoning module SteamVRController (126)
[2016.10.15-09.56.57:224][309]LogModuleManager: Shutting down and abandoning module SteamVR (125)
[2016.10.15-09.56.57:224][309]LogModuleManager: Shutting down and abandoning module ProceduralMeshComponent (124)
[2016.10.15-09.56.57:224][309]LogModuleManager: Shutting down and abandoning module OculusLibrary (123)
[2016.10.15-09.56.57:224][309]LogModuleManager: Shutting down and abandoning module OculusInput (122)
[2016.10.15-09.56.57:224][309]LogModuleManager: Shutting down and abandoning module CustomMeshComponent (121)
[2016.10.15-09.56.57:224][309]LogModuleManager: Shutting down and abandoning module CableComponent (120)
[2016.10.15-09.56.57:224][309]LogModuleManager: Shutting down and abandoning module ArchVisCharacter (119)
[2016.10.15-09.56.57:224][309]LogModuleManager: Shutting down and abandoning module MediaPlayerEditor (118)
[2016.10.15-09.56.57:246][309]LogModuleManager: Shutting down and abandoning module HTML5Networking (117)
[2016.10.15-09.56.57:246][309]LogModuleManager: Shutting down and abandoning module SpeedTreeImporter (116)
[2016.10.15-09.56.57:246][309]LogModuleManager: Shutting down and abandoning module PluginBrowser (115)
[2016.10.15-09.56.57:257][309]LogModuleManager: Shutting down and abandoning module EpicSurvey (114)
[2016.10.15-09.56.57:290][309]LogModuleManager: Shutting down and abandoning module DesktopPlatform (113)
[2016.10.15-09.56.57:297][309]LogModuleManager: Shutting down and abandoning module VisualStudioSourceCodeAccess (112)
[2016.10.15-09.56.57:336][309]LogModuleManager: Shutting down and abandoning module UObjectPlugin (111)
[2016.10.15-09.56.57:336][309]LogModuleManager: Shutting down and abandoning module SubversionSourceControl (110)
[2016.10.15-09.56.57:346][309]LogModuleManager: Shutting down and abandoning module PerforceSourceControl (109)
[2016.10.15-09.56.57:351][309]LogModuleManager: Shutting down and abandoning module SourceControl (108)
[2016.10.15-09.56.57:358][309]LogModuleManager: Shutting down and abandoning module GitSourceControl (107)
[2016.10.15-09.56.57:377][309]LogModuleManager: Shutting down and abandoning module LightPropagationVolumeEditor (106)
[2016.10.15-09.56.57:377][309]LogModuleManager: Shutting down and abandoning module PaperTiledImporter (105)
[2016.10.15-09.56.57:386][309]LogModuleManager: Shutting down and abandoning module PaperSpriteSheetImporter (104)
[2016.10.15-09.56.57:386][309]LogModuleManager: Shutting down and abandoning module MeshPaint (103)
[2016.10.15-09.56.57:392][309]LogModuleManager: Shutting down and abandoning module HotReload (102)
[2016.10.15-09.56.57:398][309]LogModuleManager: Shutting down and abandoning module MainFrame (101)
[2016.10.15-09.56.57:398][309]LogModuleManager: Shutting down and abandoning module LevelEditor (100)
[2016.10.15-09.56.57:399][309]LogModuleManager: Shutting down and abandoning module DirectoryWatcher (99)
[2016.10.15-09.56.57:399][309]LogModuleManager: Shutting down and abandoning module AssetRegistry (98)
[2016.10.15-09.56.57:583][309]LogModuleManager: Shutting down and abandoning module ContentBrowser (97)
[2016.10.15-09.56.57:584][309]LogModuleManager: Shutting down and abandoning module Paper2DEditor (96)
[2016.10.15-09.56.57:602][309]LogModuleManager: Shutting down and abandoning module UdpMessaging (95)
[2016.10.15-09.56.57:703][309]LogModuleManager: Shutting down and abandoning module LightPropagationVolumeRuntime (94)
[2016.10.15-09.56.57:703][309]LogModuleManager: Shutting down and abandoning module Paper2D (93)
[2016.10.15-09.56.57:713][309]LogModuleManager: Shutting down and abandoning module WindowsMoviePlayer (92)
[2016.10.15-09.56.57:716][309]LogModuleManager: Shutting down and abandoning module Media (91)
[2016.10.15-09.56.57:716][309]LogModuleManager: Shutting down and abandoning module WmfMedia (90)
[2016.10.15-09.56.57:755][309]LogModuleManager: Shutting down and abandoning module MediaAssets (89)
[2016.10.15-09.56.57:755][309]LogModuleManager: Shutting down and abandoning module GameLiveStreaming (88)
[2016.10.15-09.56.57:755][309]LogModuleManager: Shutting down and abandoning module GameplayTagsEditor (87)
[2016.10.15-09.56.57:755][309]LogModuleManager: Shutting down and abandoning module OnlineBlueprintSupport (86)
[2016.10.15-09.56.57:755][309]LogModuleManager: Shutting down and abandoning module GameplayTasksEditor (85)
[2016.10.15-09.56.57:755][309]LogModuleManager: Shutting down and abandoning module PropertyEditor (84)
[2016.10.15-09.56.57:755][309]LogModuleManager: Shutting down and abandoning module BehaviorTreeEditor (83)
[2016.10.15-09.56.57:774][309]LogModuleManager: Shutting down and abandoning module FunctionalTesting (82)
[2016.10.15-09.56.57:774][309]LogModuleManager: Shutting down and abandoning module CollisionAnalyzer (81)
[2016.10.15-09.56.57:790][309]LogModuleManager: Shutting down and abandoning module WorkspaceMenuStructure (80)
[2016.10.15-09.56.57:790][309]LogModuleManager: Shutting down and abandoning module MessageLog (79)
[2016.10.15-09.56.57:790][309]LogModuleManager: Shutting down and abandoning module Sequencer (78)
[2016.10.15-09.56.57:808][309]LogModuleManager: Shutting down and abandoning module AssetTools (77)
[2016.10.15-09.56.57:841][309]LogModuleManager: Shutting down and abandoning module UMGEditor (76)
[2016.10.15-09.56.57:853][309]LogModuleManager: Shutting down and abandoning module UMG (75)
[2016.10.15-09.56.57:873][309]LogModuleManager: Shutting down and abandoning module SlateReflector (74)
[2016.10.15-09.56.57:915][309]LogModuleManager: Shutting down and abandoning module Slate (73)
[2016.10.15-09.56.57:915][309]LogModuleManager: Shutting down and abandoning module EditorStyle (72)
[2016.10.15-09.56.57:917][309]LogModuleManager: Shutting down and abandoning module SessionServices (71)
[2016.10.15-09.56.57:917][309]LogModuleManager: Shutting down and abandoning module SourceCodeAccess (70)
[2016.10.15-09.56.57:917][309]LogModuleManager: Shutting down and abandoning module HeadMountedDisplay (69)
[2016.10.15-09.56.57:917][309]LogModuleManager: Shutting down and abandoning module XAudio2 (68)
[2016.10.15-09.56.57:917][309]LogModuleManager: Shutting down and abandoning module Networking (67)
[2016.10.15-09.56.57:917][309]LogModuleManager: Shutting down and abandoning module Core (66)
[2016.10.15-09.56.57:917][309]LogModuleManager: Shutting down and abandoning module KismetCompiler (65)
[2016.10.15-09.56.57:921][309]LogModuleManager: Shutting down and abandoning module PhysXFormats (64)
[2016.10.15-09.56.57:935][309]LogModuleManager: Shutting down and abandoning module MeshUtilities (63)
[2016.10.15-09.56.57:960][309]LogModuleManager: Shutting down and abandoning module CookingStats (62)
[2016.10.15-09.56.57:960][309]LogModuleManager: Shutting down and abandoning module DerivedDataCache (61)
[2016.10.15-09.56.57:960][309]LogDerivedDataCache: Shutdown
[2016.10.15-09.56.57:960][309]LogModuleManager: Shutting down and abandoning module ShaderFormatOpenGL (60)
[2016.10.15-09.56.57:970][309]LogModuleManager: Shutting down and abandoning module ShaderFormatD3D (59)
[2016.10.15-09.56.57:981][309]LogModuleManager: Shutting down and abandoning module MetalShaderFormat (58)
[2016.10.15-09.56.57:992][309]LogModuleManager: Shutting down and abandoning module TextureFormatUncompressed (57)
[2016.10.15-09.56.57:992][309]LogModuleManager: Shutting down and abandoning module TextureFormatPVR (56)
[2016.10.15-09.56.58:007][309]LogModuleManager: Shutting down and abandoning module TextureFormatIntelISPCTexComp (55)
[2016.10.15-09.56.58:022][309]LogModuleManager: Shutting down and abandoning module TextureFormatDXT (54)
[2016.10.15-09.56.58:022][309]LogModuleManager: Shutting down and abandoning module ImageWrapper (53)
[2016.10.15-09.56.58:022][309]LogModuleManager: Shutting down and abandoning module TextureFormatASTC (52)
[2016.10.15-09.56.58:022][309]LogModuleManager: Shutting down and abandoning module TextureFormatAndroid (51)
[2016.10.15-09.56.58:022][309]LogModuleManager: Shutting down and abandoning module AudioFormatOpus (50)
[2016.10.15-09.56.58:035][309]LogModuleManager: Shutting down and abandoning module AudioFormatOgg (49)
[2016.10.15-09.56.58:044][309]LogModuleManager: Shutting down and abandoning module AudioFormatADPCM (48)
[2016.10.15-09.56.58:059][309]LogModuleManager: Shutting down and abandoning module LinuxTargetPlatform (47)
[2016.10.15-09.56.58:059][309]LogModuleManager: Shutting down and abandoning module LinuxServerTargetPlatform (46)
[2016.10.15-09.56.58:066][309]LogModuleManager: Shutting down and abandoning module LinuxNoEditorTargetPlatform (45)
[2016.10.15-09.56.58:078][309]LogModuleManager: Shutting down and abandoning module TVOSTargetPlatform (44)
[2016.10.15-09.56.58:078][309]LogModuleManager: Shutting down and abandoning module Messaging (43)
[2016.10.15-09.56.58:078][309]LogModuleManager: Shutting down and abandoning module IOSTargetPlatform (42)
[2016.10.15-09.56.58:078][309]LogModuleManager: Shutting down and abandoning module HTML5TargetPlatform (41)
[2016.10.15-09.56.58:078][309]LogModuleManager: Shutting down and abandoning module Android_PVRTCTargetPlatform (40)
[2016.10.15-09.56.58:078][309]LogModuleManager: Shutting down and abandoning module Android_MultiTargetPlatform (39)
[2016.10.15-09.56.58:081][309]LogModuleManager: Shutting down and abandoning module Android_ETC2TargetPlatform (38)
[2016.10.15-09.56.58:081][309]LogModuleManager: Shutting down and abandoning module Android_ETC1TargetPlatform (37)
[2016.10.15-09.56.58:081][309]LogModuleManager: Shutting down and abandoning module Android_DXTTargetPlatform (36)
[2016.10.15-09.56.58:081][309]LogModuleManager: Shutting down and abandoning module Android_ATCTargetPlatform (35)
[2016.10.15-09.56.58:081][309]LogModuleManager: Shutting down and abandoning module Android_ASTCTargetPlatform (34)
[2016.10.15-09.56.58:081][309]LogModuleManager: Shutting down and abandoning module AndroidTargetPlatform (33)
[2016.10.15-09.56.58:081][309]LogModuleManager: Shutting down and abandoning module WindowsTargetPlatform (32)
[2016.10.15-09.56.58:081][309]LogModuleManager: Shutting down and abandoning module WindowsServerTargetPlatform (31)
[2016.10.15-09.56.58:086][309]LogModuleManager: Shutting down and abandoning module WindowsNoEditorTargetPlatform (30)
[2016.10.15-09.56.58:092][309]LogModuleManager: Shutting down and abandoning module WindowsClientTargetPlatform (29)
[2016.10.15-09.56.58:093][309]LogModuleManager: Shutting down and abandoning module AllDesktopTargetPlatform (28)
[2016.10.15-09.56.58:093][309]LogModuleManager: Shutting down and abandoning module TargetPlatform (27)
[2016.10.15-09.56.58:093][309]LogModuleManager: Shutting down and abandoning module InputCore (26)
[2016.10.15-09.56.58:093][309]LogModuleManager: Shutting down and abandoning module Settings (25)
[2016.10.15-09.56.58:093][309]LogModuleManager: Shutting down and abandoning module Voice (23)
[2016.10.15-09.56.58:106][309]LogModuleManager: Shutting down and abandoning module OnlineSubsystem (19)
[2016.10.15-09.56.58:114][309]LogOnline:Display: NULL: FOnlineSubsystemNull::Shutdown()
[2016.10.15-09.56.58:120][309]LogOnline:Display: Unloading online subsystem: STEAM
[2016.10.15-09.56.58:179][309]LogOnline:Display: Unloading online subsystem: NULL
[2016.10.15-09.56.58:179][309]LogModuleManager: Shutting down and abandoning module HTTP (18)
[2016.10.15-09.57.00:182][309]LogModuleManager: Shutting down and abandoning module XMPP (17)
[2016.10.15-09.57.00:205][309]LogModuleManager: Shutting down and abandoning module OculusRift (16)
[2016.10.15-09.57.00:216][309]LogModuleManager: Shutting down and abandoning module ExampleDeviceProfileSelector (15)
[2016.10.15-09.57.00:216][309]LogModuleManager: Shutting down and abandoning module TextureCompressor (14)
[2016.10.15-09.57.00:220][309]LogModuleManager: Shutting down and abandoning module ShaderCore (13)
[2016.10.15-09.57.00:220][309]LogModuleManager: Shutting down and abandoning module Landscape (12)
[2016.10.15-09.57.00:220][309]LogModuleManager: Shutting down and abandoning module SlateRHIRenderer (11)
[2016.10.15-09.57.00:225][309]LogModuleManager: Shutting down and abandoning module OpenGLDrv (10)
[2016.10.15-09.57.00:235][309]LogModuleManager: Shutting down and abandoning module D3D11RHI (9)
[2016.10.15-09.57.00:235][309]LogModuleManager: Shutting down and abandoning module AnimGraphRuntime (8)
[2016.10.15-09.57.00:243][309]LogModuleManager: Shutting down and abandoning module Renderer (7)
[2016.10.15-09.57.00:243][309]LogModuleManager: Shutting down and abandoning module Engine (6)
[2016.10.15-09.57.00:243][309]LogModuleManager: Shutting down and abandoning module CoreUObject (5)
[2016.10.15-09.57.00:243][309]LogModuleManager: Shutting down and abandoning module NetworkFile (4)
[2016.10.15-09.57.00:248][309]LogModuleManager: Shutting down and abandoning module StreamingFile (3)
[2016.10.15-09.57.00:252][309]LogModuleManager: Shutting down and abandoning module SandboxFile (2)
[2016.10.15-09.57.00:262][309]LogModuleManager: Shutting down and abandoning module PakFile (1)
[2016.10.15-09.57.00:285][309]LogExit: Exiting.
[2016.10.15-09.57.00:290][309]Log file closed, 10/15/16 18:57:00
