Log file open, 10/11/16 20:49:49
LogInit:Display: Running engine for game: Halloween
LogPlatformFile: Not using cached read wrapper
LogInit:Display: RandInit(707032596) SRandInit(707032597).
LogTaskGraph: Started task graph with 4 named threads and 7 total threads.
LogStats: Stats thread started at 0.072591
LogInit: Version: 4.11.2-2946394+++UE4+Release-4.11
LogInit: API Version: 2927265
LogInit: Compiled (64-bit): Apr 18 2016 02:18:46
LogInit: Compiled with Visual C++: 19.00.23026.00
LogInit: Build Configuration: Development
LogInit: Branch Name: ++UE4+Release-4.11
LogInit: Command line:  
LogInit: Base directory: C:/Program Files (x86)/Epic Games/4.11/Engine/Binaries/Win64/
LogInit: Installed Engine Build: 1
LogInit: Using libcurl 7.41.0
LogInit:  - built for x86_64-pc-win32
LogInit:  - supports SSL with WinSSL
LogInit:  - other features:
LogInit:      CURL_VERSION_SSL
LogInit:      CURL_VERSION_IPV6
LogInit:      CURL_VERSION_ASYNCHDNS
LogInit:      CURL_VERSION_LARGEFILE
LogInit:      CURL_VERSION_IDN
LogInit:  CurlRequestOptions (configurable via config and command line):
LogInit:  - bVerifyPeer = true  - Libcurl will verify peer certificate
LogInit:  - bUseHttpProxy = false  - Libcurl will NOT use HTTP proxy
LogInit:  - bDontReuseConnections = false  - Libcurl will reuse connections
LogInit:  - CertBundlePath = nullptr  - Libcurl will use whatever was configured at build time.
LogInit: Presizing for max 16777216 objects, including 0 objects not considered by GC, pre-allocating 0 bytes for permanent pool.
LogInit: Object subsystem initialized
[2016.10.11-11.49.49:222][  0]LogInit: Selected Device Profile: [Windows]
[2016.10.11-11.49.49:222][  0]LogInit: Applying CVar settings loaded from the selected device profile: [Windows]
[2016.10.11-11.49.49:277][  0]LogInit: Computer: UNREAL
[2016.10.11-11.49.49:277][  0]LogInit: User: Jaesun
[2016.10.11-11.49.49:277][  0]LogInit: CPU Page size=65536, Cores=4
[2016.10.11-11.49.49:277][  0]LogInit: High frequency timer resolution =3.312638 MHz
[2016.10.11-11.49.49:277][  0]LogMemory: Memory total: Physical=7.9GB (8GB approx)
[2016.10.11-11.49.49:277][  0]LogMemory: Platform Memory Stats for Windows
[2016.10.11-11.49.49:277][  0]LogMemory: Process Physical Memory: 311.89 MB used, 311.89 MB peak
[2016.10.11-11.49.49:277][  0]LogMemory: Process Virtual Memory: 314.59 MB used, 314.59 MB peak
[2016.10.11-11.49.49:277][  0]LogMemory: Physical Memory: 4272.57 MB used, 8087.35 MB total
[2016.10.11-11.49.49:277][  0]LogMemory: Virtual Memory: 633.63 MB used, 134217728.00 MB total
[2016.10.11-11.49.49:477][  0]LogTextLocalizationManager: No specific translations for ('ko-KR') exist, so ('ko') translations will be used.
[2016.10.11-11.49.49:542][  0]LogTextLocalizationManager:Warning: Loaded localization resources contain conflicting entries for (Namespace:KismetSchema, Key:Default):
Localization Resource: (C:/Program Files (x86)/Epic Games/4.11/Engine/Content/Localization/EditorTutorials/ko/EditorTutorials.locres) Source String Hash: (940523119) Localized String: (디폴트)
Localization Resource: (C:/Program Files (x86)/Epic Games/4.11/Engine/Content/Localization/Engine/ko/Engine.locres) Source String Hash: (940523119) Localized String: (기본)
[2016.10.11-11.49.49:543][  0]LogTextLocalizationManager:Warning: Loaded localization resources contain conflicting entries for (Namespace:UObjectToolTips, Key:AnimNode_AssetPlayerBase:InternalTimeAccumulator):
Localization Resource: (C:/Program Files (x86)/Epic Games/4.11/Engine/Content/Localization/EditorTutorials/ko/EditorTutorials.locres) Source String Hash: (502993589) Localized String: (이 노드에서 애셋을 레퍼런싱하는 데 사용되는 누적 시간입니다.)
Localization Resource: (C:/Program Files (x86)/Epic Games/4.11/Engine/Content/Localization/Engine/ko/Engine.locres) Source String Hash: (502993589) Localized String: (이 노드에서 애셋을 레퍼런싱하는 데 사용된 누적 시간입니다.)
[2016.10.11-11.49.49:543][  0]LogTextLocalizationManager:Warning: Loaded localization resources contain conflicting entries for (Namespace:UObjectToolTips, Key:AnimNode_AssetPlayerBase:bIgnoreForRelevancyTest):
Localization Resource: (C:/Program Files (x86)/Epic Games/4.11/Engine/Content/Localization/EditorTutorials/ko/EditorTutorials.locres) Source String Hash: (319969718) Localized String: (True 면, 스테이트에서 최고 가중치 애니메이션을 찾는 "Relevant anim" 노드는 이 노드를 무시합니다.
 )
Localization Resource: (C:/Program Files (x86)/Epic Games/4.11/Engine/Content/Localization/Engine/ko/Engine.locres) Source String Hash: (319969718) Localized String: (True 면 스테이트 내 최고 웨이팅된 애니메이션을 찾는 "Relevant anim" 노드가 무시됩니다.
 )
[2016.10.11-11.49.49:543][  0]LogTextLocalizationManager:Warning: Loaded localization resources contain conflicting entries for (Namespace:UObjectToolTips, Key:AnimNode_AssetPlayerBase:BlendWeight):
Localization Resource: (C:/Program Files (x86)/Epic Games/4.11/Engine/Content/Localization/EditorTutorials/ko/EditorTutorials.locres) Source String Hash: (-1232800293) Localized String: (이 노드에 마지막 걸린 블렌드웨이트 입니다.)
Localization Resource: (C:/Program Files (x86)/Epic Games/4.11/Engine/Content/Localization/Engine/ko/Engine.locres) Source String Hash: (-1232800293) Localized String: (이 노드에 대해 마지막 접한 블렌드 웨이트)
[2016.10.11-11.49.49:676][  0]LogD3D11RHI: D3D11 adapters:
[2016.10.11-11.49.49:694][  0]LogD3D11RHI:    0. 'NVIDIA GeForce GTX 650' (Feature Level 11_0)
[2016.10.11-11.49.49:694][  0]LogD3D11RHI:       965MB of dedicated video memory, 0MB of dedicated system memory, and 3072MB of shared system memory, 1 output[s]
[2016.10.11-11.49.49:702][  0]LogD3D11RHI:    1. 'Intel(R) HD Graphics 4600' (Feature Level 11_0)
[2016.10.11-11.49.49:702][  0]LogD3D11RHI:       160MB of dedicated video memory, 0MB of dedicated system memory, and 1760MB of shared system memory, 0 output[s]
[2016.10.11-11.49.49:703][  0]LogD3D11RHI:    2. 'Microsoft Basic Render Driver' (Feature Level 11_0)
[2016.10.11-11.49.49:703][  0]LogD3D11RHI:       0MB of dedicated video memory, 0MB of dedicated system memory, and 256MB of shared system memory, 0 output[s]
[2016.10.11-11.49.49:703][  0]LogD3D11RHI: Chosen D3D11 Adapter: 0
[2016.10.11-11.49.49:707][  0]LogD3D11RHI: Creating new Direct3DDevice
[2016.10.11-11.49.49:707][  0]LogD3D11RHI:     Adapter Name: NVIDIA GeForce GTX 650
[2016.10.11-11.49.49:707][  0]LogD3D11RHI:   Driver Version: 10.18.13.5891 (internal 10.18.13.5891)
[2016.10.11-11.49.49:707][  0]LogD3D11RHI:      Driver Date: 11-5-2015
[2016.10.11-11.49.49:707][  0]LogRHI: Texture pool is 675 MB (70% of 965 MB)
[2016.10.11-11.49.49:716][  0]LogD3D11RHI: Async texture creation enabled
[2016.10.11-11.49.49:732][  0]LogShaderCompilers: Guid format shader working directory is -6 characters bigger than the processId version (../../../../../../Users/Jaesun/Documents/UP/Halloween/Intermediate/Shaders/WorkingDirectory/6076/).
[2016.10.11-11.49.49:732][  0]LogShaderCompilers: Cleaned the shader compiler working directory 'C:/Users/Jaesun/AppData/Local/Temp/UnrealShaderWorkingDir/54A6EB0E4F1799DC902206AC25BAC077/'.
[2016.10.11-11.49.49:732][  0]LogShaderCompilers:Display: Using Local Shader Compiler.
[2016.10.11-11.49.53:891][  0]LogTemp:Display: Loaded TP AllDesktopTargetPlatform
[2016.10.11-11.49.53:896][  0]LogTemp:Display: Loaded TP WindowsClientTargetPlatform
[2016.10.11-11.49.53:901][  0]LogTemp:Display: Loaded TP WindowsNoEditorTargetPlatform
[2016.10.11-11.49.53:906][  0]LogTemp:Display: Loaded TP WindowsServerTargetPlatform
[2016.10.11-11.49.53:920][  0]LogTemp:Display: Loaded TP WindowsTargetPlatform
[2016.10.11-11.49.53:927][  0]LogTemp:Display: Loaded TP AndroidTargetPlatform
[2016.10.11-11.49.53:931][  0]LogTemp:Display: Loaded TP Android_ASTCTargetPlatform
[2016.10.11-11.49.53:934][  0]LogTemp:Display: Loaded TP Android_ATCTargetPlatform
[2016.10.11-11.49.53:938][  0]LogTemp:Display: Loaded TP Android_DXTTargetPlatform
[2016.10.11-11.49.53:942][  0]LogTemp:Display: Loaded TP Android_ETC1TargetPlatform
[2016.10.11-11.49.53:946][  0]LogTemp:Display: Loaded TP Android_ETC2TargetPlatform
[2016.10.11-11.49.53:953][  0]LogTemp:Display: Loaded TP Android_MultiTargetPlatform
[2016.10.11-11.49.53:953][  0]LogTemp:Display: Loaded TP Android_PVRTCTargetPlatform
[2016.10.11-11.49.53:954][  0]LogTemp:Display: Loaded TP HTML5TargetPlatform
[2016.10.11-11.49.54:028][  0]LogTemp:Display: Loaded TP IOSTargetPlatform
[2016.10.11-11.49.54:030][  0]LogTemp:Display: Loaded TP TVOSTargetPlatform
[2016.10.11-11.49.54:034][  0]LogTemp:Display: Loaded TP LinuxNoEditorTargetPlatform
[2016.10.11-11.49.54:037][  0]LogTemp:Display: Loaded TP LinuxServerTargetPlatform
[2016.10.11-11.49.54:064][  0]LogTemp:Display: Loaded TP LinuxTargetPlatform
[2016.10.11-11.49.54:064][  0]LogTargetPlatformManager:Display: Building Assets For Windows
[2016.10.11-11.49.54:429][  0]LogDerivedDataCache:Display: Max Cache Size: 512 MB
[2016.10.11-11.49.54:879][  0]LogDerivedDataCache: Loaded boot cache 0.45s 46MB C:/Users/Jaesun/AppData/Local/UnrealEngine/4.11/DerivedDataCache/Boot.ddc.
[2016.10.11-11.49.54:879][  0]LogDerivedDataCache:Display: Loaded Boot cache: C:/Users/Jaesun/AppData/Local/UnrealEngine/4.11/DerivedDataCache/Boot.ddc
[2016.10.11-11.49.54:879][  0]LogDerivedDataCache: FDerivedDataBackendGraph:  Pak pak cache file ../../../../../../Users/Jaesun/Documents/UP/Halloween/DerivedDataCache/DDC.ddp not found, will not use a pak cache.
[2016.10.11-11.49.54:879][  0]LogDerivedDataCache: Unable to find inner node Pak for hierarchical cache Hierarchy.
[2016.10.11-11.49.54:879][  0]LogDerivedDataCache: FDerivedDataBackendGraph:  CompressedPak pak cache file ../../../../../../Users/Jaesun/Documents/UP/Halloween/DerivedDataCache/Compressed.ddp not found, will not use a pak cache.
[2016.10.11-11.49.54:879][  0]LogDerivedDataCache: Unable to find inner node CompressedPak for hierarchical cache Hierarchy.
[2016.10.11-11.49.54:907][  0]LogDerivedDataCache:Display: Pak cache opened for reading ../../../Engine/DerivedDataCache/Compressed.ddp.
[2016.10.11-11.49.54:919][  0]LogDerivedDataCache: Using Local data cache path C:/Users/Jaesun/AppData/Local/UnrealEngine/Common/DerivedDataCache: Writable
[2016.10.11-11.49.59:806][  0]LogInit: Selected Device Profile: [Windows]
[2016.10.11-11.49.59:807][  0]LogContentStreaming: Texture pool size is 0.00 MB
[2016.10.11-11.49.59:834][  0]LogMaterial: Uniform references updated for custom material expression Custom.
[2016.10.11-11.50.00:016][  0]LogMeshUtilities: No automatic mesh reduction module available
[2016.10.11-11.50.00:016][  0]LogMeshUtilities: No automatic mesh merging module available
[2016.10.11-11.50.00:016][  0]LogMeshUtilities: No distributed automatic mesh merging module available
[2016.10.11-11.50.00:450][  0]LogUObjectArray: 27679 objects as part of root set at end of initial load.
[2016.10.11-11.50.00:450][  0]LogUObjectAllocator: 5591592 out of 0 bytes used by permanent object pool.
[2016.10.11-11.50.00:450][  0]LogUObjectArray: CloseDisregardForGC: 0/0 objects in disregard for GC pool
[2016.10.11-11.50.00:458][  0]LogInit: WinSock: version 1.1 (2.2), MaxSocks=32767, MaxUdp=65467
[2016.10.11-11.50.01:413][  0]LogSlate: SlateFontCache - WITH_FREETYPE: 1, WITH_HARFBUZZ: 1
[2016.10.11-11.50.01:413][  0]LogSlate: SlateFontCache - WITH_FREETYPE: 1, WITH_HARFBUZZ: 1
[2016.10.11-11.50.08:921][  0]LogStreaming:Warning: Failed to read file '../../../Engine/Content/Editor/Slate/Common/Selection_16x.png' error.
[2016.10.11-11.50.08:921][  0]LogSlate: Could not find file for Slate resource: ../../../Engine/Content/Editor/Slate/Common/Selection_16x.png
[2016.10.11-11.50.08:922][  0]LogStreaming:Warning: Failed to read file '../../../Engine/Content/Editor/Slate/Common/Selection_16x.png' error.
[2016.10.11-11.50.08:922][  0]LogSlate: Could not find file for Slate resource: ../../../Engine/Content/Editor/Slate/Common/Selection_16x.png
[2016.10.11-11.50.08:922][  0]LogStreaming:Warning: Failed to read file '../../../Engine/Content/Editor/Slate/Common/Selection_16x.png' error.
[2016.10.11-11.50.08:922][  0]LogSlate: Could not find file for Slate resource: ../../../Engine/Content/Editor/Slate/Common/Selection_16x.png
[2016.10.11-11.50.30:739][  0]LogUdpMessaging: Initializing bridge on interface 0.0.0.0:0 to multicast group 230.0.0.1:6666.
[2016.10.11-11.50.31:088][  0]LogAssetRegistry: FAssetRegistry took 0.0220 seconds to start up
[2016.10.11-11.50.31:508][  0]SourceControl: 정보 소스 콘트롤이 꺼졌습니다.
[2016.10.11-11.50.31:876][  0]SourceControl: 정보 소스 콘트롤이 꺼졌습니다.
[2016.10.11-11.50.31:963][  0]SourceControl: 정보 소스 콘트롤이 꺼졌습니다.
[2016.10.11-11.50.32:006][  0]SourceControl: 정보 소스 콘트롤이 꺼졌습니다.
[2016.10.11-11.50.32:939][  0]LogHMD: Failed to initialize OpenVR with code 110
[2016.10.11-11.50.33:343][  0]LogEngine: Initializing Engine...
[2016.10.11-11.50.33:584][  0]LogAIModule: Creating AISystem for world NewWorld
[2016.10.11-11.50.33:649][  0]LogInit: XAudio2 using '헤드폰(2- High Definition Audio 장치)' : 2 channels at 44.1 kHz using 16 bits per sample (channel mask 0x3)
[2016.10.11-11.50.33:665][  0]LogInit: FAudioDevice initialized.
[2016.10.11-11.50.33:690][  0]LogDerivedDataCache: Saved boot cache 0.03s 46MB C:/Users/Jaesun/AppData/Local/UnrealEngine/4.11/DerivedDataCache/Boot.ddc.
[2016.10.11-11.50.33:695][  0]LogInit: Texture streaming: Enabled
[2016.10.11-11.50.34:235][  0]LogInit: Transaction tracking system initialized
[2016.10.11-11.50.34:453][  0]BlueprintLog: New page: 에디터 로드
[2016.10.11-11.50.37:648][  0]LocalizationService: 정보 현지화 서비스가 비활성화되었습니다.
[2016.10.11-11.50.38:319][  0]LogConsoleResponse:Display: 
[2016.10.11-11.50.39:603][  0]LogCook:Display: Max memory allowance for cook 8192mb
[2016.10.11-11.50.39:603][  0]LogCook:Display: Mobile HDR setting 1
[2016.10.11-11.50.39:603][  0]LogCook:Display: Done creating registry. It took  0.00s.
[2016.10.11-11.50.39:857][  0]LogFileCache: Scanning file cache for directory 'C:/Users/Jaesun/Documents/UP/Halloween/Content/' took 0.02s
[2016.10.11-11.50.43:768][  0]SourceControl: 정보 소스 콘트롤이 꺼졌습니다.
[2016.10.11-11.50.43:768][  0]Cmd: MAP LOAD FILE="../../../../../../Users/Jaesun/Documents/UP/Halloween/Content/Maps/MainMenu.umap" TEMPLATE=0 SHOWPROGRESS=1 FEATURELEVEL=3
[2016.10.11-11.50.43:768][  0]LightingResults: New page: 라이팅 빌드
[2016.10.11-11.50.43:772][  0]MapCheck: New page: 맵 체크
[2016.10.11-11.50.43:772][  0]LightingResults: New page: 라이팅 빌드
[2016.10.11-11.50.44:440][  0]LogAIModule: Creating AISystem for world MainMenu
[2016.10.11-11.50.44:441][  0]LogEditorServer: Finished looking for orphan Actors (0.000 secs)
[2016.10.11-11.50.44:441][  0]Cmd: MAP CHECKDEP NOCLEARLOG
[2016.10.11-11.50.44:482][  0]MapCheck: 정보 맵 체크 완료: 오류 0 회, 경고 0 회, 소요 시간 40.679ms.
[2016.10.11-11.50.44:482][  0]LogFileHelpers: Loading map 'MainMenu' took 0.715
[2016.10.11-11.50.45:033][  0]LogCollectionManager: Loaded 0 collections in 0.002312 seconds
[2016.10.11-11.50.45:073][  0]LogFileCache: Scanning file cache for directory 'C:/Users/Jaesun/Documents/UP/Halloween/Saved/Collections/' took 0.01s
[2016.10.11-11.50.45:073][  0]LogFileCache: Scanning file cache for directory 'C:/Users/Jaesun/Documents/UP/Halloween/Content/Developers/Jaesun/Collections/' took 0.01s
[2016.10.11-11.50.45:073][  0]LogFileCache: Scanning file cache for directory 'C:/Users/Jaesun/Documents/UP/Halloween/Content/Collections/' took 0.01s
[2016.10.11-11.50.45:073][  0]LogCollectionManager: Rebuilt the GUID cache for 0 collections in 0.000002 seconds
[2016.10.11-11.50.45:080][  0]LogContentBrowser: Native class hierarchy populated in 0.0062 seconds. Added 1979 classes and 343 folders.
[2016.10.11-11.50.45:083][  0]LogStats: UGameplayTagsManager::ConstructGameplayTagTree: Construct from data asset -  0.000 s
[2016.10.11-11.50.45:083][  0]LogStats: UGameplayTagsManager::ConstructGameplayTagTree: GameplayTagTreeChangedEvent.Broadcast -  0.000 s
[2016.10.11-11.50.45:084][  0]LogContentBrowser: Native class hierarchy updated for 'GameplayTags' in 0.0003 seconds. Added 12 classes and 0 folders.
[2016.10.11-11.50.45:089][  0]LogContentBrowser: Native class hierarchy updated for 'WidgetCarousel' in 0.0002 seconds. Added 0 classes and 0 folders.
[2016.10.11-11.50.45:527][  0]LogContentBrowser: Native class hierarchy updated for 'SuperSearch' in 0.0003 seconds. Added 1 classes and 2 folders.
[2016.10.11-11.50.49:301][  0]LogContentBrowser: Native class hierarchy updated for 'AddContentDialog' in 0.0004 seconds. Added 0 classes and 0 folders.
[2016.10.11-11.50.49:507][  0]LogContentBrowser: Native class hierarchy updated for 'SceneOutliner' in 0.0003 seconds. Added 1 classes and 2 folders.
[2016.10.11-11.50.49:848][  0]LogCrashTracker: Crashtracker disabled due to settings.
[2016.10.11-11.50.49:854][  0]LogUObjectGlobals:Warning: 'Class 없음.' 오브젝트를 찾는 데 실패했습니다.
[2016.10.11-11.50.49:965][  0]LogContentBrowser: Native class hierarchy updated for 'HierarchicalLODOutliner' in 0.0003 seconds. Added 1 classes and 2 folders.
[2016.10.11-11.50.49:965][  0]LogLoad: Full Startup: 61.98 seconds (BP compile: 0.17 seconds)
[2016.10.11-11.50.49:965][  0]LogExternalProfiler:Warning: No registered external profiler was matched with a command-line switch (or the DLL could not be loaded).  External profiling features will not be available.
[2016.10.11-11.50.49:974][  0]LogOcInput: OculusInput pre-init called
[2016.10.11-11.50.50:057][  0]LogContentStreaming: Texture pool size now 400 MB
[2016.10.11-11.50.50:330][  1]LogRenderer: Reallocating scene render targets to support 592x424 (Frame:2).
[2016.10.11-11.50.50:448][  1]LogAssetRegistry: Asset discovery search completed in 19.3830 seconds
[2016.10.11-11.50.50:448][  1]LogCollectionManager: Rebuilt the object cache for 0 collections in 0.000001 seconds (found 0 objects)
[2016.10.11-11.50.50:448][  1]LogCollectionManager: Fixed up redirectors for 0 collections in 0.000094 seconds (updated 0 objects)
[2016.10.11-11.50.50:546][  9]LogEditorViewport: Clicking Background
[2016.10.11-11.51.10:666][381]LogBlueprintUserMessages: Early PlayInEditor Detection: Level '/Game/Maps/MainMenu.MainMenu:PersistentLevel' has LevelScriptBlueprint '/Game/Maps/MainMenu.MainMenu:PersistentLevel.MainMenu' with GeneratedClass '/Game/Maps/MainMenu.MainMenu_C' with ClassGeneratedBy '/Game/Maps/MainMenu.MainMenu:PersistentLevel.MainMenu'
[2016.10.11-11.51.10:666][381]LogPlayLevel: PlayLevel: No blueprints needed recompiling
[2016.10.11-11.51.10:667][381]PIE: New page: PIE 세션: MainMenu (2016. 10. 12. 오전 5:51:10)
[2016.10.11-11.51.10:668][381]LogPlayLevel: Creating play world package: /Game/Maps/UEDPIE_0_MainMenu
[2016.10.11-11.51.10:669][381]LogPlayLevel: PIE: StaticDuplicateObject took: (0.001663s)
[2016.10.11-11.51.10:670][381]LogAIModule: Creating AISystem for world MainMenu
[2016.10.11-11.51.10:670][381]LogPlayLevel: PIE: World Init took: (0.000476s)
[2016.10.11-11.51.10:670][381]LogPlayLevel: PIE: Created PIE world by copying editor world from /Game/Maps/MainMenu.MainMenu to /Game/Maps/UEDPIE_0_MainMenu.MainMenu (0.002415s)
[2016.10.11-11.51.10:696][381]LogInit: XAudio2 using '헤드폰(2- High Definition Audio 장치)' : 2 channels at 44.1 kHz using 16 bits per sample (channel mask 0x3)
[2016.10.11-11.51.10:704][381]LogInit: FAudioDevice initialized.
[2016.10.11-11.51.10:898][381]LogWorld: Game class is 'ThirdPersonGameMode_C'
[2016.10.11-11.51.10:900][381]LogWorld: Bringing World /Game/Maps/UEDPIE_0_MainMenu.MainMenu up for play (max tick rate 0) at 2016.10.11-20.51.10
[2016.10.11-11.51.10:901][381]LogWorld: Bringing up level for play took: 0.000682
[2016.10.11-11.51.10:905][381]LogContentBrowser: Native class hierarchy updated for 'MovieSceneCapture' in 0.0004 seconds. Added 9 classes and 0 folders.
[2016.10.11-11.51.10:908][381]PIE: 정보 /Game/Maps/UEDPIE_0_MainMenu 에 대한 에디터에서 플레이 시작 시간: 0.978
[2016.10.11-11.51.10:908][381]LogBlueprintUserMessages: Late PlayInEditor Detection: Level '/Game/Maps/MainMenu.MainMenu:PersistentLevel' has LevelScriptBlueprint '/Game/Maps/MainMenu.MainMenu:PersistentLevel.MainMenu' with GeneratedClass '/Game/Maps/MainMenu.MainMenu_C' with ClassGeneratedBy '/Game/Maps/MainMenu.MainMenu:PersistentLevel.MainMenu'
[2016.10.11-11.51.32:748][992]LogBlueprintUserMessages: Early EndPlayMap Detection: Level '/Game/Maps/MainMenu.MainMenu:PersistentLevel' has LevelScriptBlueprint '/Game/Maps/MainMenu.MainMenu:PersistentLevel.MainMenu' with GeneratedClass '/Game/Maps/MainMenu.MainMenu_C' with ClassGeneratedBy '/Game/Maps/MainMenu.MainMenu:PersistentLevel.MainMenu'
[2016.10.11-11.51.32:784][992]LogBlueprintUserMessages: Late EndPlayMap Detection: Level '/Game/Maps/MainMenu.MainMenu:PersistentLevel' has LevelScriptBlueprint '/Game/Maps/MainMenu.MainMenu:PersistentLevel.MainMenu' with GeneratedClass '/Game/Maps/MainMenu.MainMenu_C' with ClassGeneratedBy '/Game/Maps/MainMenu.MainMenu:PersistentLevel.MainMenu'
[2016.10.11-11.51.35:861][356]LogBlueprintUserMessages: Early PlayInEditor Detection: Level '/Game/Maps/MainMenu.MainMenu:PersistentLevel' has LevelScriptBlueprint '/Game/Maps/MainMenu.MainMenu:PersistentLevel.MainMenu' with GeneratedClass '/Game/Maps/MainMenu.MainMenu_C' with ClassGeneratedBy '/Game/Maps/MainMenu.MainMenu:PersistentLevel.MainMenu'
[2016.10.11-11.51.35:862][356]LogPlayLevel: PlayLevel: No blueprints needed recompiling
[2016.10.11-11.51.35:862][356]PIE: New page: PIE 세션: MainMenu (2016. 10. 12. 오전 5:51:35)
[2016.10.11-11.51.35:862][356]LogPlayLevel: Creating play world package: /Game/Maps/UEDPIE_0_MainMenu
[2016.10.11-11.51.35:864][356]LogPlayLevel: PIE: StaticDuplicateObject took: (0.001857s)
[2016.10.11-11.51.35:864][356]LogAIModule: Creating AISystem for world MainMenu
[2016.10.11-11.51.35:864][356]LogPlayLevel: PIE: World Init took: (0.000535s)
[2016.10.11-11.51.35:865][356]LogPlayLevel: PIE: Created PIE world by copying editor world from /Game/Maps/MainMenu.MainMenu to /Game/Maps/UEDPIE_0_MainMenu.MainMenu (0.002685s)
[2016.10.11-11.51.35:880][356]LogInit: XAudio2 using '헤드폰(2- High Definition Audio 장치)' : 2 channels at 44.1 kHz using 16 bits per sample (channel mask 0x3)
[2016.10.11-11.51.35:887][356]LogInit: FAudioDevice initialized.
[2016.10.11-11.51.35:919][356]LogWorld: Game class is 'ThirdPersonGameMode_C'
[2016.10.11-11.51.35:921][356]LogWorld: Bringing World /Game/Maps/UEDPIE_0_MainMenu.MainMenu up for play (max tick rate 0) at 2016.10.11-20.51.35
[2016.10.11-11.51.35:921][356]LogWorld: Bringing up level for play took: 0.000868
[2016.10.11-11.51.35:923][356]PIE: 정보 /Game/Maps/UEDPIE_0_MainMenu 에 대한 에디터에서 플레이 시작 시간: -0.006
[2016.10.11-11.51.35:924][356]LogBlueprintUserMessages: Late PlayInEditor Detection: Level '/Game/Maps/MainMenu.MainMenu:PersistentLevel' has LevelScriptBlueprint '/Game/Maps/MainMenu.MainMenu:PersistentLevel.MainMenu' with GeneratedClass '/Game/Maps/MainMenu.MainMenu_C' with ClassGeneratedBy '/Game/Maps/MainMenu.MainMenu:PersistentLevel.MainMenu'
[2016.10.11-11.51.50:044][ 50]LogScript:Warning: CreateSession - Invalid or uninitialized OnlineSubsystem
[2016.10.11-11.51.50:044][ 50]LogScript:Warning: CreateSession - Cannot map local player to unique net ID
[2016.10.11-11.51.53:532][466]LogBlueprintUserMessages: Early EndPlayMap Detection: Level '/Game/Maps/MainMenu.MainMenu:PersistentLevel' has LevelScriptBlueprint '/Game/Maps/MainMenu.MainMenu:PersistentLevel.MainMenu' with GeneratedClass '/Game/Maps/MainMenu.MainMenu_C' with ClassGeneratedBy '/Game/Maps/MainMenu.MainMenu:PersistentLevel.MainMenu'
[2016.10.11-11.51.53:561][466]LogBlueprintUserMessages: Late EndPlayMap Detection: Level '/Game/Maps/MainMenu.MainMenu:PersistentLevel' has LevelScriptBlueprint '/Game/Maps/MainMenu.MainMenu:PersistentLevel.MainMenu' with GeneratedClass '/Game/Maps/MainMenu.MainMenu_C' with ClassGeneratedBy '/Game/Maps/MainMenu.MainMenu:PersistentLevel.MainMenu'
[2016.10.11-11.51.55:968][749]LogBlueprintUserMessages: Early PlayInEditor Detection: Level '/Game/Maps/MainMenu.MainMenu:PersistentLevel' has LevelScriptBlueprint '/Game/Maps/MainMenu.MainMenu:PersistentLevel.MainMenu' with GeneratedClass '/Game/Maps/MainMenu.MainMenu_C' with ClassGeneratedBy '/Game/Maps/MainMenu.MainMenu:PersistentLevel.MainMenu'
[2016.10.11-11.51.55:968][749]LogPlayLevel: PlayLevel: No blueprints needed recompiling
[2016.10.11-11.51.55:968][749]PIE: New page: PIE 세션: MainMenu (2016. 10. 12. 오전 5:51:55)
[2016.10.11-11.51.55:968][749]LogPlayLevel: Creating play world package: /Game/Maps/UEDPIE_0_MainMenu
[2016.10.11-11.51.55:970][749]LogPlayLevel: PIE: StaticDuplicateObject took: (0.001699s)
[2016.10.11-11.51.55:970][749]LogAIModule: Creating AISystem for world MainMenu
[2016.10.11-11.51.55:970][749]LogPlayLevel: PIE: World Init took: (0.000441s)
[2016.10.11-11.51.55:971][749]LogPlayLevel: PIE: Created PIE world by copying editor world from /Game/Maps/MainMenu.MainMenu to /Game/Maps/UEDPIE_0_MainMenu.MainMenu (0.002436s)
[2016.10.11-11.51.55:986][749]LogInit: XAudio2 using '헤드폰(2- High Definition Audio 장치)' : 2 channels at 44.1 kHz using 16 bits per sample (channel mask 0x3)
[2016.10.11-11.51.55:993][749]LogInit: FAudioDevice initialized.
[2016.10.11-11.51.56:026][749]LogWorld: Game class is 'ThirdPersonGameMode_C'
[2016.10.11-11.51.56:028][749]LogWorld: Bringing World /Game/Maps/UEDPIE_0_MainMenu.MainMenu up for play (max tick rate 0) at 2016.10.11-20.51.56
[2016.10.11-11.51.56:028][749]LogWorld: Bringing up level for play took: 0.000852
[2016.10.11-11.51.56:030][749]PIE: 정보 /Game/Maps/UEDPIE_0_MainMenu 에 대한 에디터에서 플레이 시작 시간: 0.102
[2016.10.11-11.51.56:031][749]LogBlueprintUserMessages: Late PlayInEditor Detection: Level '/Game/Maps/MainMenu.MainMenu:PersistentLevel' has LevelScriptBlueprint '/Game/Maps/MainMenu.MainMenu:PersistentLevel.MainMenu' with GeneratedClass '/Game/Maps/MainMenu.MainMenu_C' with ClassGeneratedBy '/Game/Maps/MainMenu.MainMenu:PersistentLevel.MainMenu'
[2016.10.11-11.52.10:825][522]LogBlueprintUserMessages: Early EndPlayMap Detection: Level '/Game/Maps/MainMenu.MainMenu:PersistentLevel' has LevelScriptBlueprint '/Game/Maps/MainMenu.MainMenu:PersistentLevel.MainMenu' with GeneratedClass '/Game/Maps/MainMenu.MainMenu_C' with ClassGeneratedBy '/Game/Maps/MainMenu.MainMenu:PersistentLevel.MainMenu'
[2016.10.11-11.52.10:854][522]LogBlueprintUserMessages: Late EndPlayMap Detection: Level '/Game/Maps/MainMenu.MainMenu:PersistentLevel' has LevelScriptBlueprint '/Game/Maps/MainMenu.MainMenu:PersistentLevel.MainMenu' with GeneratedClass '/Game/Maps/MainMenu.MainMenu_C' with ClassGeneratedBy '/Game/Maps/MainMenu.MainMenu:PersistentLevel.MainMenu'
[2016.10.11-11.53.26:254][639]LogBlueprintUserMessages: Early PlayInEditor Detection: Level '/Game/Maps/MainMenu.MainMenu:PersistentLevel' has LevelScriptBlueprint '/Game/Maps/MainMenu.MainMenu:PersistentLevel.MainMenu' with GeneratedClass '/Game/Maps/MainMenu.MainMenu_C' with ClassGeneratedBy '/Game/Maps/MainMenu.MainMenu:PersistentLevel.MainMenu'
[2016.10.11-11.53.26:254][639]LogPlayLevel: PlayLevel: No blueprints needed recompiling
[2016.10.11-11.53.26:254][639]PIE: New page: PIE 세션: MainMenu (2016. 10. 12. 오전 5:53:26)
[2016.10.11-11.53.26:254][639]LogPlayLevel: Creating play world package: /Game/Maps/UEDPIE_0_MainMenu
[2016.10.11-11.53.26:256][639]LogPlayLevel: PIE: StaticDuplicateObject took: (0.001843s)
[2016.10.11-11.53.26:257][639]LogAIModule: Creating AISystem for world MainMenu
[2016.10.11-11.53.26:257][639]LogPlayLevel: PIE: World Init took: (0.000636s)
[2016.10.11-11.53.26:257][639]LogPlayLevel: PIE: Created PIE world by copying editor world from /Game/Maps/MainMenu.MainMenu to /Game/Maps/UEDPIE_0_MainMenu.MainMenu (0.002758s)
[2016.10.11-11.53.26:272][639]LogInit: XAudio2 using '헤드폰(2- High Definition Audio 장치)' : 2 channels at 44.1 kHz using 16 bits per sample (channel mask 0x3)
[2016.10.11-11.53.26:281][639]LogInit: FAudioDevice initialized.
[2016.10.11-11.53.26:308][639]LogWorld: Game class is 'ThirdPersonGameMode_C'
[2016.10.11-11.53.26:310][639]LogWorld: Bringing World /Game/Maps/UEDPIE_0_MainMenu.MainMenu up for play (max tick rate 0) at 2016.10.11-20.53.26
[2016.10.11-11.53.26:310][639]LogWorld: Bringing up level for play took: 0.001070
[2016.10.11-11.53.26:313][639]PIE: 정보 /Game/Maps/UEDPIE_0_MainMenu 에 대한 에디터에서 플레이 시작 시간: 0.384
[2016.10.11-11.53.26:313][639]LogBlueprintUserMessages: Late PlayInEditor Detection: Level '/Game/Maps/MainMenu.MainMenu:PersistentLevel' has LevelScriptBlueprint '/Game/Maps/MainMenu.MainMenu:PersistentLevel.MainMenu' with GeneratedClass '/Game/Maps/MainMenu.MainMenu_C' with ClassGeneratedBy '/Game/Maps/MainMenu.MainMenu:PersistentLevel.MainMenu'
[2016.10.11-11.53.31:454][255]LogBlueprintUserMessages: Early EndPlayMap Detection: Level '/Game/Maps/MainMenu.MainMenu:PersistentLevel' has LevelScriptBlueprint '/Game/Maps/MainMenu.MainMenu:PersistentLevel.MainMenu' with GeneratedClass '/Game/Maps/MainMenu.MainMenu_C' with ClassGeneratedBy '/Game/Maps/MainMenu.MainMenu:PersistentLevel.MainMenu'
[2016.10.11-11.53.31:483][255]LogBlueprintUserMessages: Late EndPlayMap Detection: Level '/Game/Maps/MainMenu.MainMenu:PersistentLevel' has LevelScriptBlueprint '/Game/Maps/MainMenu.MainMenu:PersistentLevel.MainMenu' with GeneratedClass '/Game/Maps/MainMenu.MainMenu_C' with ClassGeneratedBy '/Game/Maps/MainMenu.MainMenu:PersistentLevel.MainMenu'
[2016.10.11-11.54.39:368][216]LogEditorViewport: Clicking Background
[2016.10.11-11.54.40:754][379]LogRenderer: Reallocating scene render targets to support 596x424 (Frame:9743).
[2016.10.11-11.54.40:788][380]LogRenderer: Reallocating scene render targets to support 620x424 (Frame:9745).
[2016.10.11-11.54.40:825][381]LogRenderer: Reallocating scene render targets to support 660x424 (Frame:9747).
[2016.10.11-11.54.40:861][382]LogRenderer: Reallocating scene render targets to support 708x424 (Frame:9749).
[2016.10.11-11.54.40:912][383]LogRenderer: Reallocating scene render targets to support 736x424 (Frame:9751).
[2016.10.11-11.54.40:948][384]LogRenderer: Reallocating scene render targets to support 740x424 (Frame:9753).
[2016.10.11-11.54.43:043][632]LogBlueprintUserMessages: Early PlayInEditor Detection: Level '/Game/Maps/MainMenu.MainMenu:PersistentLevel' has LevelScriptBlueprint '/Game/Maps/MainMenu.MainMenu:PersistentLevel.MainMenu' with GeneratedClass '/Game/Maps/MainMenu.MainMenu_C' with ClassGeneratedBy '/Game/Maps/MainMenu.MainMenu:PersistentLevel.MainMenu'
[2016.10.11-11.54.43:043][632]LogPlayLevel: PlayLevel: No blueprints needed recompiling
[2016.10.11-11.54.43:043][632]PIE: New page: PIE 세션: MainMenu (2016. 10. 12. 오전 5:54:43)
[2016.10.11-11.54.43:043][632]LogPlayLevel: Creating play world package: /Game/Maps/UEDPIE_0_MainMenu
[2016.10.11-11.54.43:045][632]LogPlayLevel: PIE: StaticDuplicateObject took: (0.001813s)
[2016.10.11-11.54.43:046][632]LogAIModule: Creating AISystem for world MainMenu
[2016.10.11-11.54.43:046][632]LogPlayLevel: PIE: World Init took: (0.000617s)
[2016.10.11-11.54.43:046][632]LogPlayLevel: PIE: Created PIE world by copying editor world from /Game/Maps/MainMenu.MainMenu to /Game/Maps/UEDPIE_0_MainMenu.MainMenu (0.002708s)
[2016.10.11-11.54.43:062][632]LogInit: XAudio2 using '헤드폰(2- High Definition Audio 장치)' : 2 channels at 44.1 kHz using 16 bits per sample (channel mask 0x3)
[2016.10.11-11.54.43:070][632]LogInit: FAudioDevice initialized.
[2016.10.11-11.54.43:110][632]LogWorld: Game class is 'ThirdPersonGameMode_C'
[2016.10.11-11.54.43:112][632]LogWorld: Bringing World /Game/Maps/UEDPIE_0_MainMenu.MainMenu up for play (max tick rate 0) at 2016.10.11-20.54.43
[2016.10.11-11.54.43:112][632]LogWorld: Bringing up level for play took: 0.000985
[2016.10.11-11.54.43:120][632]PIE: 정보 /Game/Maps/UEDPIE_0_MainMenu 에 대한 에디터에서 플레이 시작 시간: -0.809
[2016.10.11-11.54.43:121][632]LogBlueprintUserMessages: Late PlayInEditor Detection: Level '/Game/Maps/MainMenu.MainMenu:PersistentLevel' has LevelScriptBlueprint '/Game/Maps/MainMenu.MainMenu:PersistentLevel.MainMenu' with GeneratedClass '/Game/Maps/MainMenu.MainMenu_C' with ClassGeneratedBy '/Game/Maps/MainMenu.MainMenu:PersistentLevel.MainMenu'
[2016.10.11-11.54.43:136][633]LogRenderer: Reallocating scene render targets to support 912x512 (Frame:10004).
[2016.10.11-11.55.11:103][478]LogScript:Warning: CreateSession - Invalid or uninitialized OnlineSubsystem
[2016.10.11-11.55.11:103][478]LogScript:Warning: CreateSession - Cannot map local player to unique net ID
[2016.10.11-11.55.12:995][705]LogBlueprintUserMessages: Early EndPlayMap Detection: Level '/Game/Maps/MainMenu.MainMenu:PersistentLevel' has LevelScriptBlueprint '/Game/Maps/MainMenu.MainMenu:PersistentLevel.MainMenu' with GeneratedClass '/Game/Maps/MainMenu.MainMenu_C' with ClassGeneratedBy '/Game/Maps/MainMenu.MainMenu:PersistentLevel.MainMenu'
[2016.10.11-11.55.13:042][705]LogBlueprintUserMessages: Late EndPlayMap Detection: Level '/Game/Maps/MainMenu.MainMenu:PersistentLevel' has LevelScriptBlueprint '/Game/Maps/MainMenu.MainMenu:PersistentLevel.MainMenu' with GeneratedClass '/Game/Maps/MainMenu.MainMenu_C' with ClassGeneratedBy '/Game/Maps/MainMenu.MainMenu:PersistentLevel.MainMenu'
[2016.10.11-11.55.14:682][710]LogBlueprintUserMessages: Early PlayInEditor Detection: Level '/Game/Maps/MainMenu.MainMenu:PersistentLevel' has LevelScriptBlueprint '/Game/Maps/MainMenu.MainMenu:PersistentLevel.MainMenu' with GeneratedClass '/Game/Maps/MainMenu.MainMenu_C' with ClassGeneratedBy '/Game/Maps/MainMenu.MainMenu:PersistentLevel.MainMenu'
[2016.10.11-11.55.14:682][710]LogPlayLevel: PlayLevel: No blueprints needed recompiling
[2016.10.11-11.55.14:682][710]PIE: New page: PIE 세션: MainMenu (2016. 10. 12. 오전 5:55:14)
[2016.10.11-11.55.14:682][710]LogPlayLevel: Creating play world package: /Game/Maps/UEDPIE_0_MainMenu
[2016.10.11-11.55.14:684][710]LogPlayLevel: PIE: StaticDuplicateObject took: (0.001994s)
[2016.10.11-11.55.14:685][710]LogAIModule: Creating AISystem for world MainMenu
[2016.10.11-11.55.14:685][710]LogPlayLevel: PIE: World Init took: (0.000756s)
[2016.10.11-11.55.14:685][710]LogPlayLevel: PIE: Created PIE world by copying editor world from /Game/Maps/MainMenu.MainMenu to /Game/Maps/UEDPIE_0_MainMenu.MainMenu (0.003173s)
[2016.10.11-11.55.14:704][710]LogInit: XAudio2 using '헤드폰(2- High Definition Audio 장치)' : 2 channels at 44.1 kHz using 16 bits per sample (channel mask 0x3)
[2016.10.11-11.55.14:712][710]LogInit: FAudioDevice initialized.
[2016.10.11-11.55.14:755][710]LogWorld: Game class is 'ThirdPersonGameMode_C'
[2016.10.11-11.55.14:757][710]LogWorld: Bringing World /Game/Maps/UEDPIE_0_MainMenu.MainMenu up for play (max tick rate 0) at 2016.10.11-20.55.14
[2016.10.11-11.55.14:757][710]LogWorld: Bringing up level for play took: 0.000873
[2016.10.11-11.55.14:764][710]PIE: 정보 /Game/Maps/UEDPIE_0_MainMenu 에 대한 에디터에서 플레이 시작 시간: 0.835
[2016.10.11-11.55.14:764][710]LogBlueprintUserMessages: Late PlayInEditor Detection: Level '/Game/Maps/MainMenu.MainMenu:PersistentLevel' has LevelScriptBlueprint '/Game/Maps/MainMenu.MainMenu:PersistentLevel.MainMenu' with GeneratedClass '/Game/Maps/MainMenu.MainMenu_C' with ClassGeneratedBy '/Game/Maps/MainMenu.MainMenu:PersistentLevel.MainMenu'
[2016.10.11-11.55.18:754][187]LogScript:Warning: CreateSession - Invalid or uninitialized OnlineSubsystem
[2016.10.11-11.55.18:754][187]LogScript:Warning: CreateSession - Cannot map local player to unique net ID
[2016.10.11-11.55.20:901][442]LogBlueprintUserMessages: Early EndPlayMap Detection: Level '/Game/Maps/MainMenu.MainMenu:PersistentLevel' has LevelScriptBlueprint '/Game/Maps/MainMenu.MainMenu:PersistentLevel.MainMenu' with GeneratedClass '/Game/Maps/MainMenu.MainMenu_C' with ClassGeneratedBy '/Game/Maps/MainMenu.MainMenu:PersistentLevel.MainMenu'
[2016.10.11-11.55.20:929][442]LogBlueprintUserMessages: Late EndPlayMap Detection: Level '/Game/Maps/MainMenu.MainMenu:PersistentLevel' has LevelScriptBlueprint '/Game/Maps/MainMenu.MainMenu:PersistentLevel.MainMenu' with GeneratedClass '/Game/Maps/MainMenu.MainMenu_C' with ClassGeneratedBy '/Game/Maps/MainMenu.MainMenu:PersistentLevel.MainMenu'
[2016.10.11-11.55.24:939][920]LogBlueprintUserMessages: Early PlayInEditor Detection: Level '/Game/Maps/MainMenu.MainMenu:PersistentLevel' has LevelScriptBlueprint '/Game/Maps/MainMenu.MainMenu:PersistentLevel.MainMenu' with GeneratedClass '/Game/Maps/MainMenu.MainMenu_C' with ClassGeneratedBy '/Game/Maps/MainMenu.MainMenu:PersistentLevel.MainMenu'
[2016.10.11-11.55.24:939][920]LogPlayLevel: PlayLevel: No blueprints needed recompiling
[2016.10.11-11.55.24:940][920]PIE: New page: PIE 세션: MainMenu (2016. 10. 12. 오전 5:55:24)
[2016.10.11-11.55.24:940][920]LogPlayLevel: Creating play world package: /Game/Maps/UEDPIE_0_MainMenu
[2016.10.11-11.55.24:942][920]LogPlayLevel: PIE: StaticDuplicateObject took: (0.001917s)
[2016.10.11-11.55.24:942][920]LogAIModule: Creating AISystem for world MainMenu
[2016.10.11-11.55.24:942][920]LogPlayLevel: PIE: World Init took: (0.000593s)
[2016.10.11-11.55.24:943][920]LogPlayLevel: PIE: Created PIE world by copying editor world from /Game/Maps/MainMenu.MainMenu to /Game/Maps/UEDPIE_0_MainMenu.MainMenu (0.002905s)
[2016.10.11-11.55.24:958][920]LogInit: XAudio2 using '헤드폰(2- High Definition Audio 장치)' : 2 channels at 44.1 kHz using 16 bits per sample (channel mask 0x3)
[2016.10.11-11.55.24:966][920]LogInit: FAudioDevice initialized.
[2016.10.11-11.55.25:005][920]LogWorld: Game class is 'ThirdPersonGameMode_C'
[2016.10.11-11.55.25:007][920]LogWorld: Bringing World /Game/Maps/UEDPIE_0_MainMenu.MainMenu up for play (max tick rate 0) at 2016.10.11-20.55.25
[2016.10.11-11.55.25:007][920]LogWorld: Bringing up level for play took: 0.000928
[2016.10.11-11.55.25:014][920]PIE: 정보 /Game/Maps/UEDPIE_0_MainMenu 에 대한 에디터에서 플레이 시작 시간: -0.915
[2016.10.11-11.55.25:014][920]LogBlueprintUserMessages: Late PlayInEditor Detection: Level '/Game/Maps/MainMenu.MainMenu:PersistentLevel' has LevelScriptBlueprint '/Game/Maps/MainMenu.MainMenu:PersistentLevel.MainMenu' with GeneratedClass '/Game/Maps/MainMenu.MainMenu_C' with ClassGeneratedBy '/Game/Maps/MainMenu.MainMenu:PersistentLevel.MainMenu'
[2016.10.11-11.55.39:387][641]LogBlueprintUserMessages: Early EndPlayMap Detection: Level '/Game/Maps/MainMenu.MainMenu:PersistentLevel' has LevelScriptBlueprint '/Game/Maps/MainMenu.MainMenu:PersistentLevel.MainMenu' with GeneratedClass '/Game/Maps/MainMenu.MainMenu_C' with ClassGeneratedBy '/Game/Maps/MainMenu.MainMenu:PersistentLevel.MainMenu'
[2016.10.11-11.55.39:416][641]LogBlueprintUserMessages: Late EndPlayMap Detection: Level '/Game/Maps/MainMenu.MainMenu:PersistentLevel' has LevelScriptBlueprint '/Game/Maps/MainMenu.MainMenu:PersistentLevel.MainMenu' with GeneratedClass '/Game/Maps/MainMenu.MainMenu_C' with ClassGeneratedBy '/Game/Maps/MainMenu.MainMenu:PersistentLevel.MainMenu'
[2016.10.11-11.57.11:070][342]LogEditorViewport: Clicking Background
[2016.10.11-11.57.16:086][801]LogContentBrowser: Native class hierarchy updated for 'BlueprintGraph' in 0.0006 seconds. Added 108 classes and 0 folders.
[2016.10.11-11.57.31:420][531]LogBlueprintUserMessages: Early PlayInEditor Detection: Level '/Game/Maps/MainMenu.MainMenu:PersistentLevel' has LevelScriptBlueprint '/Game/Maps/MainMenu.MainMenu:PersistentLevel.MainMenu' with GeneratedClass '/Game/Maps/MainMenu.MainMenu_C' with ClassGeneratedBy '/Game/Maps/MainMenu.MainMenu:PersistentLevel.MainMenu'
[2016.10.11-11.57.31:420][531]LogPlayLevel: PlayLevel: No blueprints needed recompiling
[2016.10.11-11.57.31:421][531]PIE: New page: PIE 세션: MainMenu (2016. 10. 12. 오전 5:57:31)
[2016.10.11-11.57.31:421][531]LogPlayLevel: Creating play world package: /Game/Maps/UEDPIE_0_MainMenu
[2016.10.11-11.57.31:423][531]LogPlayLevel: PIE: StaticDuplicateObject took: (0.001719s)
[2016.10.11-11.57.31:423][531]LogAIModule: Creating AISystem for world MainMenu
[2016.10.11-11.57.31:423][531]LogPlayLevel: PIE: World Init took: (0.000883s)
[2016.10.11-11.57.31:424][531]LogPlayLevel: PIE: Created PIE world by copying editor world from /Game/Maps/MainMenu.MainMenu to /Game/Maps/UEDPIE_0_MainMenu.MainMenu (0.003013s)
[2016.10.11-11.57.31:454][531]LogInit: XAudio2 using '헤드폰(2- High Definition Audio 장치)' : 2 channels at 44.1 kHz using 16 bits per sample (channel mask 0x3)
[2016.10.11-11.57.31:462][531]LogInit: FAudioDevice initialized.
[2016.10.11-11.57.31:498][531]LogWorld: Game class is 'ThirdPersonGameMode_C'
[2016.10.11-11.57.31:500][531]LogWorld: Bringing World /Game/Maps/UEDPIE_0_MainMenu.MainMenu up for play (max tick rate 0) at 2016.10.11-20.57.31
[2016.10.11-11.57.31:500][531]LogWorld: Bringing up level for play took: 0.000900
[2016.10.11-11.57.31:501][531]LogGameMode: Warning - PATHS NOT DEFINED or NO PLAYERSTART with positive rating
[2016.10.11-11.57.31:505][531]PIE: 정보 /Game/Maps/UEDPIE_0_MainMenu 에 대한 에디터에서 플레이 시작 시간: -0.424
[2016.10.11-11.57.31:505][531]LogBlueprintUserMessages: Late PlayInEditor Detection: Level '/Game/Maps/MainMenu.MainMenu:PersistentLevel' has LevelScriptBlueprint '/Game/Maps/MainMenu.MainMenu:PersistentLevel.MainMenu' with GeneratedClass '/Game/Maps/MainMenu.MainMenu_C' with ClassGeneratedBy '/Game/Maps/MainMenu.MainMenu:PersistentLevel.MainMenu'
[2016.10.11-11.57.38:876][412]LogBlueprintUserMessages: Early EndPlayMap Detection: Level '/Game/Maps/MainMenu.MainMenu:PersistentLevel' has LevelScriptBlueprint '/Game/Maps/MainMenu.MainMenu:PersistentLevel.MainMenu' with GeneratedClass '/Game/Maps/MainMenu.MainMenu_C' with ClassGeneratedBy '/Game/Maps/MainMenu.MainMenu:PersistentLevel.MainMenu'
[2016.10.11-11.57.38:904][412]LogBlueprintUserMessages: Late EndPlayMap Detection: Level '/Game/Maps/MainMenu.MainMenu:PersistentLevel' has LevelScriptBlueprint '/Game/Maps/MainMenu.MainMenu:PersistentLevel.MainMenu' with GeneratedClass '/Game/Maps/MainMenu.MainMenu_C' with ClassGeneratedBy '/Game/Maps/MainMenu.MainMenu:PersistentLevel.MainMenu'
[2016.10.11-11.57.49:097][627]LogBlueprintUserMessages: Early PlayInEditor Detection: Level '/Game/Maps/MainMenu.MainMenu:PersistentLevel' has LevelScriptBlueprint '/Game/Maps/MainMenu.MainMenu:PersistentLevel.MainMenu' with GeneratedClass '/Game/Maps/MainMenu.MainMenu_C' with ClassGeneratedBy '/Game/Maps/MainMenu.MainMenu:PersistentLevel.MainMenu'
[2016.10.11-11.57.49:097][627]LogPlayLevel: PlayLevel: No blueprints needed recompiling
[2016.10.11-11.57.49:097][627]PIE: New page: PIE 세션: MainMenu (2016. 10. 12. 오전 5:57:49)
[2016.10.11-11.57.49:097][627]LogPlayLevel: Creating play world package: /Game/Maps/UEDPIE_0_MainMenu
[2016.10.11-11.57.49:099][627]LogPlayLevel: PIE: StaticDuplicateObject took: (0.001562s)
[2016.10.11-11.57.49:099][627]LogAIModule: Creating AISystem for world MainMenu
[2016.10.11-11.57.49:099][627]LogPlayLevel: PIE: World Init took: (0.000571s)
[2016.10.11-11.57.49:099][627]LogPlayLevel: PIE: Created PIE world by copying editor world from /Game/Maps/MainMenu.MainMenu to /Game/Maps/UEDPIE_0_MainMenu.MainMenu (0.002377s)
[2016.10.11-11.57.49:120][627]LogInit: XAudio2 using '헤드폰(2- High Definition Audio 장치)' : 2 channels at 44.1 kHz using 16 bits per sample (channel mask 0x3)
[2016.10.11-11.57.49:128][627]LogInit: FAudioDevice initialized.
[2016.10.11-11.57.49:165][627]LogWorld: Game class is 'ThirdPersonGameMode_C'
[2016.10.11-11.57.49:167][627]LogWorld: Bringing World /Game/Maps/UEDPIE_0_MainMenu.MainMenu up for play (max tick rate 0) at 2016.10.11-20.57.49
[2016.10.11-11.57.49:167][627]LogWorld: Bringing up level for play took: 0.000870
[2016.10.11-11.57.49:168][627]LogGameMode: Warning - PATHS NOT DEFINED or NO PLAYERSTART with positive rating
[2016.10.11-11.57.49:173][627]PIE: 정보 /Game/Maps/UEDPIE_0_MainMenu 에 대한 에디터에서 플레이 시작 시간: -0.756
[2016.10.11-11.57.49:173][627]LogBlueprintUserMessages: Late PlayInEditor Detection: Level '/Game/Maps/MainMenu.MainMenu:PersistentLevel' has LevelScriptBlueprint '/Game/Maps/MainMenu.MainMenu:PersistentLevel.MainMenu' with GeneratedClass '/Game/Maps/MainMenu.MainMenu_C' with ClassGeneratedBy '/Game/Maps/MainMenu.MainMenu:PersistentLevel.MainMenu'
[2016.10.11-11.57.55:737][413]LogScript:Warning: CreateSession - Invalid or uninitialized OnlineSubsystem
[2016.10.11-11.57.55:737][413]LogScript:Warning: CreateSession - Cannot map local player to unique net ID
[2016.10.11-11.57.57:273][595]LogBlueprintUserMessages: Early EndPlayMap Detection: Level '/Game/Maps/MainMenu.MainMenu:PersistentLevel' has LevelScriptBlueprint '/Game/Maps/MainMenu.MainMenu:PersistentLevel.MainMenu' with GeneratedClass '/Game/Maps/MainMenu.MainMenu_C' with ClassGeneratedBy '/Game/Maps/MainMenu.MainMenu:PersistentLevel.MainMenu'
[2016.10.11-11.57.57:301][595]LogBlueprintUserMessages: Late EndPlayMap Detection: Level '/Game/Maps/MainMenu.MainMenu:PersistentLevel' has LevelScriptBlueprint '/Game/Maps/MainMenu.MainMenu:PersistentLevel.MainMenu' with GeneratedClass '/Game/Maps/MainMenu.MainMenu_C' with ClassGeneratedBy '/Game/Maps/MainMenu.MainMenu:PersistentLevel.MainMenu'
[2016.10.11-11.58.03:031][274]LogBlueprintUserMessages: Early PlayInEditor Detection: Level '/Game/Maps/MainMenu.MainMenu:PersistentLevel' has LevelScriptBlueprint '/Game/Maps/MainMenu.MainMenu:PersistentLevel.MainMenu' with GeneratedClass '/Game/Maps/MainMenu.MainMenu_C' with ClassGeneratedBy '/Game/Maps/MainMenu.MainMenu:PersistentLevel.MainMenu'
[2016.10.11-11.58.03:031][274]LogPlayLevel: PlayLevel: No blueprints needed recompiling
[2016.10.11-11.58.03:031][274]PIE: New page: PIE 세션: MainMenu (2016. 10. 12. 오전 5:58:03)
[2016.10.11-11.58.03:031][274]LogPlayLevel: Creating play world package: /Game/Maps/UEDPIE_0_MainMenu
[2016.10.11-11.58.03:032][274]LogPlayLevel: PIE: StaticDuplicateObject took: (0.001422s)
[2016.10.11-11.58.03:033][274]LogAIModule: Creating AISystem for world MainMenu
[2016.10.11-11.58.03:033][274]LogPlayLevel: PIE: World Init took: (0.000433s)
[2016.10.11-11.58.03:033][274]LogPlayLevel: PIE: Created PIE world by copying editor world from /Game/Maps/MainMenu.MainMenu to /Game/Maps/UEDPIE_0_MainMenu.MainMenu (0.002116s)
[2016.10.11-11.58.03:053][274]LogInit: XAudio2 using '헤드폰(2- High Definition Audio 장치)' : 2 channels at 44.1 kHz using 16 bits per sample (channel mask 0x3)
[2016.10.11-11.58.03:061][274]LogInit: FAudioDevice initialized.
[2016.10.11-11.58.03:095][274]LogWorld: Game class is 'ThirdPersonGameMode_C'
[2016.10.11-11.58.03:097][274]LogWorld: Bringing World /Game/Maps/UEDPIE_0_MainMenu.MainMenu up for play (max tick rate 0) at 2016.10.11-20.58.03
[2016.10.11-11.58.03:097][274]LogWorld: Bringing up level for play took: 0.001041
[2016.10.11-11.58.03:098][274]LogGameMode: Warning - PATHS NOT DEFINED or NO PLAYERSTART with positive rating
[2016.10.11-11.58.03:104][274]PIE: 정보 /Game/Maps/UEDPIE_0_MainMenu 에 대한 에디터에서 플레이 시작 시간: -0.826
[2016.10.11-11.58.03:104][274]LogBlueprintUserMessages: Late PlayInEditor Detection: Level '/Game/Maps/MainMenu.MainMenu:PersistentLevel' has LevelScriptBlueprint '/Game/Maps/MainMenu.MainMenu:PersistentLevel.MainMenu' with GeneratedClass '/Game/Maps/MainMenu.MainMenu_C' with ClassGeneratedBy '/Game/Maps/MainMenu.MainMenu:PersistentLevel.MainMenu'
[2016.10.11-11.58.06:608][693]LogBlueprintUserMessages: Early EndPlayMap Detection: Level '/Game/Maps/MainMenu.MainMenu:PersistentLevel' has LevelScriptBlueprint '/Game/Maps/MainMenu.MainMenu:PersistentLevel.MainMenu' with GeneratedClass '/Game/Maps/MainMenu.MainMenu_C' with ClassGeneratedBy '/Game/Maps/MainMenu.MainMenu:PersistentLevel.MainMenu'
[2016.10.11-11.58.06:656][693]LogBlueprintUserMessages: Late EndPlayMap Detection: Level '/Game/Maps/MainMenu.MainMenu:PersistentLevel' has LevelScriptBlueprint '/Game/Maps/MainMenu.MainMenu:PersistentLevel.MainMenu' with GeneratedClass '/Game/Maps/MainMenu.MainMenu_C' with ClassGeneratedBy '/Game/Maps/MainMenu.MainMenu:PersistentLevel.MainMenu'
[2016.10.11-12.05.13:986][742]LogBlueprintUserMessages: Early PlayInEditor Detection: Level '/Game/Maps/MainMenu.MainMenu:PersistentLevel' has LevelScriptBlueprint '/Game/Maps/MainMenu.MainMenu:PersistentLevel.MainMenu' with GeneratedClass '/Game/Maps/MainMenu.MainMenu_C' with ClassGeneratedBy '/Game/Maps/MainMenu.MainMenu:PersistentLevel.MainMenu'
[2016.10.11-12.05.13:986][742]LogPlayLevel: PlayLevel: No blueprints needed recompiling
[2016.10.11-12.05.13:986][742]PIE: New page: PIE 세션: MainMenu (2016. 10. 12. 오전 6:05:13)
[2016.10.11-12.05.13:986][742]LogPlayLevel: Creating play world package: /Game/Maps/UEDPIE_0_MainMenu
[2016.10.11-12.05.13:988][742]LogPlayLevel: PIE: StaticDuplicateObject took: (0.001711s)
[2016.10.11-12.05.13:989][742]LogAIModule: Creating AISystem for world MainMenu
[2016.10.11-12.05.13:989][742]LogPlayLevel: PIE: World Init took: (0.000795s)
[2016.10.11-12.05.13:989][742]LogPlayLevel: PIE: Created PIE world by copying editor world from /Game/Maps/MainMenu.MainMenu to /Game/Maps/UEDPIE_0_MainMenu.MainMenu (0.002791s)
[2016.10.11-12.05.14:014][742]LogInit: XAudio2 using '헤드폰(2- High Definition Audio 장치)' : 2 channels at 44.1 kHz using 16 bits per sample (channel mask 0x3)
[2016.10.11-12.05.14:022][742]LogInit: FAudioDevice initialized.
[2016.10.11-12.05.14:058][742]LogWorld: Game class is 'ThirdPersonGameMode_C'
[2016.10.11-12.05.14:060][742]LogWorld: Bringing World /Game/Maps/UEDPIE_0_MainMenu.MainMenu up for play (max tick rate 0) at 2016.10.11-21.05.14
[2016.10.11-12.05.14:060][742]LogWorld: Bringing up level for play took: 0.000992
[2016.10.11-12.05.14:063][742]PIE: 정보 /Game/Maps/UEDPIE_0_MainMenu 에 대한 에디터에서 플레이 시작 시간: 0.134
[2016.10.11-12.05.14:063][742]LogBlueprintUserMessages: Late PlayInEditor Detection: Level '/Game/Maps/MainMenu.MainMenu:PersistentLevel' has LevelScriptBlueprint '/Game/Maps/MainMenu.MainMenu:PersistentLevel.MainMenu' with GeneratedClass '/Game/Maps/MainMenu.MainMenu_C' with ClassGeneratedBy '/Game/Maps/MainMenu.MainMenu:PersistentLevel.MainMenu'
[2016.10.11-12.05.17:344][993]LogBlueprintUserMessages: Early EndPlayMap Detection: Level '/Game/Maps/MainMenu.MainMenu:PersistentLevel' has LevelScriptBlueprint '/Game/Maps/MainMenu.MainMenu:PersistentLevel.MainMenu' with GeneratedClass '/Game/Maps/MainMenu.MainMenu_C' with ClassGeneratedBy '/Game/Maps/MainMenu.MainMenu:PersistentLevel.MainMenu'
[2016.10.11-12.05.17:373][993]LogBlueprintUserMessages: Late EndPlayMap Detection: Level '/Game/Maps/MainMenu.MainMenu:PersistentLevel' has LevelScriptBlueprint '/Game/Maps/MainMenu.MainMenu:PersistentLevel.MainMenu' with GeneratedClass '/Game/Maps/MainMenu.MainMenu_C' with ClassGeneratedBy '/Game/Maps/MainMenu.MainMenu:PersistentLevel.MainMenu'
[2016.10.11-12.05.21:724][331]LogBlueprintUserMessages: Early PlayInEditor Detection: Level '/Game/Maps/MainMenu.MainMenu:PersistentLevel' has LevelScriptBlueprint '/Game/Maps/MainMenu.MainMenu:PersistentLevel.MainMenu' with GeneratedClass '/Game/Maps/MainMenu.MainMenu_C' with ClassGeneratedBy '/Game/Maps/MainMenu.MainMenu:PersistentLevel.MainMenu'
[2016.10.11-12.05.21:725][331]LogPlayLevel: PlayLevel: No blueprints needed recompiling
[2016.10.11-12.05.21:725][331]PIE: New page: PIE 세션: MainMenu (2016. 10. 12. 오전 6:05:21)
[2016.10.11-12.05.21:725][331]LogPlayLevel: Creating play world package: /Game/Maps/UEDPIE_0_MainMenu
[2016.10.11-12.05.21:727][331]LogPlayLevel: PIE: StaticDuplicateObject took: (0.001484s)
[2016.10.11-12.05.21:727][331]LogAIModule: Creating AISystem for world MainMenu
[2016.10.11-12.05.21:727][331]LogPlayLevel: PIE: World Init took: (0.000524s)
[2016.10.11-12.05.21:727][331]LogPlayLevel: PIE: Created PIE world by copying editor world from /Game/Maps/MainMenu.MainMenu to /Game/Maps/UEDPIE_0_MainMenu.MainMenu (0.002282s)
[2016.10.11-12.05.21:749][331]LogInit: XAudio2 using '헤드폰(2- High Definition Audio 장치)' : 2 channels at 44.1 kHz using 16 bits per sample (channel mask 0x3)
[2016.10.11-12.05.21:756][331]LogInit: FAudioDevice initialized.
[2016.10.11-12.05.21:800][331]LogWorld: Game class is 'ThirdPersonGameMode_C'
[2016.10.11-12.05.21:802][331]LogWorld: Bringing World /Game/Maps/UEDPIE_0_MainMenu.MainMenu up for play (max tick rate 0) at 2016.10.11-21.05.21
[2016.10.11-12.05.21:802][331]LogWorld: Bringing up level for play took: 0.000949
[2016.10.11-12.05.21:812][331]PIE: 정보 /Game/Maps/UEDPIE_0_MainMenu 에 대한 에디터에서 플레이 시작 시간: -0.117
[2016.10.11-12.05.21:813][331]LogBlueprintUserMessages: Late PlayInEditor Detection: Level '/Game/Maps/MainMenu.MainMenu:PersistentLevel' has LevelScriptBlueprint '/Game/Maps/MainMenu.MainMenu:PersistentLevel.MainMenu' with GeneratedClass '/Game/Maps/MainMenu.MainMenu_C' with ClassGeneratedBy '/Game/Maps/MainMenu.MainMenu:PersistentLevel.MainMenu'
[2016.10.11-12.05.56:053][886]LogScript:Warning: CreateSession - Invalid or uninitialized OnlineSubsystem
[2016.10.11-12.05.56:053][886]LogScript:Warning: CreateSession - Cannot map local player to unique net ID
[2016.10.11-12.05.58:154][ 30]LogBlueprintUserMessages: Early EndPlayMap Detection: Level '/Game/Maps/MainMenu.MainMenu:PersistentLevel' has LevelScriptBlueprint '/Game/Maps/MainMenu.MainMenu:PersistentLevel.MainMenu' with GeneratedClass '/Game/Maps/MainMenu.MainMenu_C' with ClassGeneratedBy '/Game/Maps/MainMenu.MainMenu:PersistentLevel.MainMenu'
[2016.10.11-12.05.58:185][ 30]LogBlueprintUserMessages: Late EndPlayMap Detection: Level '/Game/Maps/MainMenu.MainMenu:PersistentLevel' has LevelScriptBlueprint '/Game/Maps/MainMenu.MainMenu:PersistentLevel.MainMenu' with GeneratedClass '/Game/Maps/MainMenu.MainMenu_C' with ClassGeneratedBy '/Game/Maps/MainMenu.MainMenu:PersistentLevel.MainMenu'
[2016.10.11-12.06.14:740][438]Cmd: MAP LOAD FILE="../../../../../../Users/Jaesun/Documents/UP/Halloween/Content/Maps/Lobby.umap" TEMPLATE=0 SHOWPROGRESS=1 FEATURELEVEL=3
[2016.10.11-12.06.14:759][438]LightingResults: New page: 라이팅 빌드
[2016.10.11-12.06.14:774][438]LoadErrors: New page: 맵 로드중: Lobby.umap
[2016.10.11-12.06.14:775][438]MapCheck: New page: 맵 체크
[2016.10.11-12.06.14:775][438]LightingResults: New page: 라이팅 빌드
[2016.10.11-12.06.15:228][438]LogAIModule: Creating AISystem for world Lobby
[2016.10.11-12.06.15:446][438]LogEditorServer: Finished looking for orphan Actors (0.000 secs)
[2016.10.11-12.06.15:483][438]Cmd: MAP CHECKDEP NOCLEARLOG
[2016.10.11-12.06.15:534][438]MapCheck: 정보 맵 체크 완료: 오류 0 회, 경고 0 회, 소요 시간 50.64ms.
[2016.10.11-12.06.15:534][438]LogFileHelpers: Loading map 'Lobby' took 0.797
[2016.10.11-12.06.22:365][234]Cmd: MAP LOAD FILE="../../../../../../Users/Jaesun/Documents/UP/Halloween/Content/Maps/TravelMap.umap" TEMPLATE=0 SHOWPROGRESS=1 FEATURELEVEL=3
[2016.10.11-12.06.22:391][234]LightingResults: New page: 라이팅 빌드
[2016.10.11-12.06.22:405][234]LoadErrors: New page: 맵 로드중: TravelMap.umap
[2016.10.11-12.06.22:423][234]MapCheck: New page: 맵 체크
[2016.10.11-12.06.22:423][234]LightingResults: New page: 라이팅 빌드
[2016.10.11-12.06.22:443][234]LogAIModule: Creating AISystem for world TravelMap
[2016.10.11-12.06.22:493][234]LogEditorServer: Finished looking for orphan Actors (0.000 secs)
[2016.10.11-12.06.22:527][234]Cmd: MAP CHECKDEP NOCLEARLOG
[2016.10.11-12.06.22:580][234]MapCheck: 정보 맵 체크 완료: 오류 0 회, 경고 0 회, 소요 시간 52.431ms.
[2016.10.11-12.06.22:580][234]LogFileHelpers: Loading map 'TravelMap' took 0.217
[2016.10.11-12.06.24:946][513]LogPlayLevel: PlayLevel: No blueprints needed recompiling
[2016.10.11-12.06.24:947][513]PIE: New page: PIE 세션: TravelMap (2016. 10. 12. 오전 6:06:24)
[2016.10.11-12.06.24:947][513]LogPlayLevel: Creating play world package: /Game/Maps/UEDPIE_0_TravelMap
[2016.10.11-12.06.24:948][513]LogPlayLevel: PIE: StaticDuplicateObject took: (0.000644s)
[2016.10.11-12.06.24:948][513]LogAIModule: Creating AISystem for world TravelMap
[2016.10.11-12.06.24:948][513]LogPlayLevel: PIE: World Init took: (0.000579s)
[2016.10.11-12.06.24:948][513]LogPlayLevel: PIE: Created PIE world by copying editor world from /Game/Maps/TravelMap.TravelMap to /Game/Maps/UEDPIE_0_TravelMap.TravelMap (0.001588s)
[2016.10.11-12.06.24:972][513]LogInit: XAudio2 using '헤드폰(2- High Definition Audio 장치)' : 2 channels at 44.1 kHz using 16 bits per sample (channel mask 0x3)
[2016.10.11-12.06.24:979][513]LogInit: FAudioDevice initialized.
[2016.10.11-12.06.25:019][513]LogWorld: Game class is 'ThirdPersonGameMode_C'
[2016.10.11-12.06.25:021][513]LogWorld: Bringing World /Game/Maps/UEDPIE_0_TravelMap.TravelMap up for play (max tick rate 0) at 2016.10.11-21.06.25
[2016.10.11-12.06.25:021][513]LogWorld: Bringing up level for play took: 0.000801
[2016.10.11-12.06.25:028][513]PIE: 정보 /Game/Maps/UEDPIE_0_TravelMap 에 대한 에디터에서 플레이 시작 시간: -0.901
[2016.10.11-12.06.43:745][549]LogPlayLevel: PlayLevel: No blueprints needed recompiling
[2016.10.11-12.06.43:745][549]PIE: New page: PIE 세션: TravelMap (2016. 10. 12. 오전 6:06:43)
[2016.10.11-12.06.43:745][549]LogPlayLevel: Creating play world package: /Game/Maps/UEDPIE_0_TravelMap
[2016.10.11-12.06.43:746][549]LogPlayLevel: PIE: StaticDuplicateObject took: (0.000475s)
[2016.10.11-12.06.43:746][549]LogAIModule: Creating AISystem for world TravelMap
[2016.10.11-12.06.43:746][549]LogPlayLevel: PIE: World Init took: (0.000452s)
[2016.10.11-12.06.43:746][549]LogPlayLevel: PIE: Created PIE world by copying editor world from /Game/Maps/TravelMap.TravelMap to /Game/Maps/UEDPIE_0_TravelMap.TravelMap (0.001185s)
[2016.10.11-12.06.43:769][549]LogInit: XAudio2 using '헤드폰(2- High Definition Audio 장치)' : 2 channels at 44.1 kHz using 16 bits per sample (channel mask 0x3)
[2016.10.11-12.06.43:776][549]LogInit: FAudioDevice initialized.
[2016.10.11-12.06.43:818][549]LogWorld: Game class is 'ThirdPersonGameMode_C'
[2016.10.11-12.06.43:819][549]LogWorld: Bringing World /Game/Maps/UEDPIE_0_TravelMap.TravelMap up for play (max tick rate 0) at 2016.10.11-21.06.43
[2016.10.11-12.06.43:820][549]LogWorld: Bringing up level for play took: 0.000944
[2016.10.11-12.06.43:826][549]PIE: 정보 /Game/Maps/UEDPIE_0_TravelMap 에 대한 에디터에서 플레이 시작 시간: -0.103
[2016.10.11-12.06.50:352][315]Cmd: MAP LOAD FILE="../../../../../../Users/Jaesun/Documents/UP/Halloween/Content/Maps/MainMenu.umap" TEMPLATE=0 SHOWPROGRESS=1 FEATURELEVEL=3
[2016.10.11-12.06.50:376][315]LightingResults: New page: 라이팅 빌드
[2016.10.11-12.06.50:390][315]LoadErrors: New page: 맵 로드중: MainMenu.umap
[2016.10.11-12.06.50:390][315]MapCheck: New page: 맵 체크
[2016.10.11-12.06.50:391][315]LightingResults: New page: 라이팅 빌드
[2016.10.11-12.06.50:415][315]LogAIModule: Creating AISystem for world MainMenu
[2016.10.11-12.06.50:478][315]LogEditorServer: Finished looking for orphan Actors (0.000 secs)
[2016.10.11-12.06.50:512][315]Cmd: MAP CHECKDEP NOCLEARLOG
[2016.10.11-12.06.50:561][315]MapCheck: 정보 맵 체크 완료: 오류 0 회, 경고 0 회, 소요 시간 48.924ms.
[2016.10.11-12.06.50:561][315]LogFileHelpers: Loading map 'MainMenu' took 0.211
[2016.10.11-12.07.03:890][777]LogBlueprintUserMessages: Early PlayInEditor Detection: Level '/Game/Maps/MainMenu.MainMenu:PersistentLevel' has LevelScriptBlueprint '/Game/Maps/MainMenu.MainMenu:PersistentLevel.MainMenu' with GeneratedClass '/Game/Maps/MainMenu.MainMenu_C' with ClassGeneratedBy '/Game/Maps/MainMenu.MainMenu:PersistentLevel.MainMenu'
[2016.10.11-12.07.03:890][777]LogPlayLevel: PlayLevel: No blueprints needed recompiling
[2016.10.11-12.07.03:890][777]PIE: New page: PIE 세션: MainMenu (2016. 10. 12. 오전 6:07:03)
[2016.10.11-12.07.03:890][777]LogPlayLevel: Creating play world package: /Game/Maps/UEDPIE_0_MainMenu
[2016.10.11-12.07.03:892][777]LogPlayLevel: PIE: StaticDuplicateObject took: (0.001568s)
[2016.10.11-12.07.03:892][777]LogAIModule: Creating AISystem for world MainMenu
[2016.10.11-12.07.03:892][777]LogPlayLevel: PIE: World Init took: (0.000520s)
[2016.10.11-12.07.03:892][777]LogPlayLevel: PIE: Created PIE world by copying editor world from /Game/Maps/MainMenu.MainMenu to /Game/Maps/UEDPIE_0_MainMenu.MainMenu (0.002359s)
[2016.10.11-12.07.03:916][777]LogInit: XAudio2 using '헤드폰(2- High Definition Audio 장치)' : 2 channels at 44.1 kHz using 16 bits per sample (channel mask 0x3)
[2016.10.11-12.07.03:924][777]LogInit: FAudioDevice initialized.
[2016.10.11-12.07.03:961][777]LogWorld: Game class is 'ThirdPersonGameMode_C'
[2016.10.11-12.07.03:963][777]LogWorld: Bringing World /Game/Maps/UEDPIE_0_MainMenu.MainMenu up for play (max tick rate 0) at 2016.10.11-21.07.03
[2016.10.11-12.07.03:963][777]LogWorld: Bringing up level for play took: 0.000836
[2016.10.11-12.07.03:970][777]PIE: 정보 /Game/Maps/UEDPIE_0_MainMenu 에 대한 에디터에서 플레이 시작 시간: 0.041
[2016.10.11-12.07.03:970][777]LogBlueprintUserMessages: Late PlayInEditor Detection: Level '/Game/Maps/MainMenu.MainMenu:PersistentLevel' has LevelScriptBlueprint '/Game/Maps/MainMenu.MainMenu:PersistentLevel.MainMenu' with GeneratedClass '/Game/Maps/MainMenu.MainMenu_C' with ClassGeneratedBy '/Game/Maps/MainMenu.MainMenu:PersistentLevel.MainMenu'
[2016.10.11-12.08.42:035][791]LogBlueprintUserMessages: Early EndPlayMap Detection: Level '/Game/Maps/MainMenu.MainMenu:PersistentLevel' has LevelScriptBlueprint '/Game/Maps/MainMenu.MainMenu:PersistentLevel.MainMenu' with GeneratedClass '/Game/Maps/MainMenu.MainMenu_C' with ClassGeneratedBy '/Game/Maps/MainMenu.MainMenu:PersistentLevel.MainMenu'
[2016.10.11-12.08.42:067][791]LogBlueprintUserMessages: Late EndPlayMap Detection: Level '/Game/Maps/MainMenu.MainMenu:PersistentLevel' has LevelScriptBlueprint '/Game/Maps/MainMenu.MainMenu:PersistentLevel.MainMenu' with GeneratedClass '/Game/Maps/MainMenu.MainMenu_C' with ClassGeneratedBy '/Game/Maps/MainMenu.MainMenu:PersistentLevel.MainMenu'
[2016.10.11-12.08.45:077][960]LogBlueprintUserMessages: Early PlayInEditor Detection: Level '/Game/Maps/MainMenu.MainMenu:PersistentLevel' has LevelScriptBlueprint '/Game/Maps/MainMenu.MainMenu:PersistentLevel.MainMenu' with GeneratedClass '/Game/Maps/MainMenu.MainMenu_C' with ClassGeneratedBy '/Game/Maps/MainMenu.MainMenu:PersistentLevel.MainMenu'
[2016.10.11-12.08.45:077][960]LogPlayLevel: PlayLevel: No blueprints needed recompiling
[2016.10.11-12.08.45:077][960]PIE: New page: PIE 세션: MainMenu (2016. 10. 12. 오전 6:08:45)
[2016.10.11-12.08.45:078][960]LogPlayLevel: Creating play world package: /Game/Maps/UEDPIE_0_MainMenu
[2016.10.11-12.08.45:079][960]LogPlayLevel: PIE: StaticDuplicateObject took: (0.001516s)
[2016.10.11-12.08.45:080][960]LogAIModule: Creating AISystem for world MainMenu
[2016.10.11-12.08.45:080][960]LogPlayLevel: PIE: World Init took: (0.000531s)
[2016.10.11-12.08.45:080][960]LogPlayLevel: PIE: Created PIE world by copying editor world from /Game/Maps/MainMenu.MainMenu to /Game/Maps/UEDPIE_0_MainMenu.MainMenu (0.002306s)
[2016.10.11-12.08.45:102][960]LogInit: XAudio2 using '헤드폰(2- High Definition Audio 장치)' : 2 channels at 44.1 kHz using 16 bits per sample (channel mask 0x3)
[2016.10.11-12.08.45:110][960]LogInit: FAudioDevice initialized.
[2016.10.11-12.08.45:145][960]LogWorld: Game class is 'ThirdPersonGameMode_C'
[2016.10.11-12.08.45:147][960]LogWorld: Bringing World /Game/Maps/UEDPIE_0_MainMenu.MainMenu up for play (max tick rate 0) at 2016.10.11-21.08.45
[2016.10.11-12.08.45:147][960]LogWorld: Bringing up level for play took: 0.001101
[2016.10.11-12.08.45:148][960]LogGameMode: Warning - PATHS NOT DEFINED or NO PLAYERSTART with positive rating
[2016.10.11-12.08.45:157][960]PIE: 정보 /Game/Maps/UEDPIE_0_MainMenu 에 대한 에디터에서 플레이 시작 시간: -0.772
[2016.10.11-12.08.45:157][960]LogBlueprintUserMessages: Late PlayInEditor Detection: Level '/Game/Maps/MainMenu.MainMenu:PersistentLevel' has LevelScriptBlueprint '/Game/Maps/MainMenu.MainMenu:PersistentLevel.MainMenu' with GeneratedClass '/Game/Maps/MainMenu.MainMenu_C' with ClassGeneratedBy '/Game/Maps/MainMenu.MainMenu:PersistentLevel.MainMenu'
[2016.10.11-12.12.41:095][101]LogScript:Warning: CreateSession - Invalid or uninitialized OnlineSubsystem
[2016.10.11-12.12.41:095][101]LogScript:Warning: CreateSession - Cannot map local player to unique net ID
[2016.10.11-12.13.58:916][580]LogBlueprintUserMessages: Early EndPlayMap Detection: Level '/Game/Maps/MainMenu.MainMenu:PersistentLevel' has LevelScriptBlueprint '/Game/Maps/MainMenu.MainMenu:PersistentLevel.MainMenu' with GeneratedClass '/Game/Maps/MainMenu.MainMenu_C' with ClassGeneratedBy '/Game/Maps/MainMenu.MainMenu:PersistentLevel.MainMenu'
[2016.10.11-12.13.58:946][580]LogBlueprintUserMessages: Late EndPlayMap Detection: Level '/Game/Maps/MainMenu.MainMenu:PersistentLevel' has LevelScriptBlueprint '/Game/Maps/MainMenu.MainMenu:PersistentLevel.MainMenu' with GeneratedClass '/Game/Maps/MainMenu.MainMenu_C' with ClassGeneratedBy '/Game/Maps/MainMenu.MainMenu:PersistentLevel.MainMenu'
[2016.10.11-12.13.59:944][586]LogBlueprintUserMessages: Early PlayInEditor Detection: Level '/Game/Maps/MainMenu.MainMenu:PersistentLevel' has LevelScriptBlueprint '/Game/Maps/MainMenu.MainMenu:PersistentLevel.MainMenu' with GeneratedClass '/Game/Maps/MainMenu.MainMenu_C' with ClassGeneratedBy '/Game/Maps/MainMenu.MainMenu:PersistentLevel.MainMenu'
[2016.10.11-12.13.59:944][586]LogPlayLevel: PlayLevel: No blueprints needed recompiling
[2016.10.11-12.13.59:944][586]PIE: New page: PIE 세션: MainMenu (2016. 10. 12. 오전 6:13:59)
[2016.10.11-12.13.59:944][586]LogPlayLevel: Creating play world package: /Game/Maps/UEDPIE_0_MainMenu
[2016.10.11-12.13.59:946][586]LogPlayLevel: PIE: StaticDuplicateObject took: (0.001600s)
[2016.10.11-12.13.59:946][586]LogAIModule: Creating AISystem for world MainMenu
[2016.10.11-12.13.59:946][586]LogPlayLevel: PIE: World Init took: (0.000470s)
[2016.10.11-12.13.59:946][586]LogPlayLevel: PIE: Created PIE world by copying editor world from /Game/Maps/MainMenu.MainMenu to /Game/Maps/UEDPIE_0_MainMenu.MainMenu (0.002318s)
[2016.10.11-12.13.59:969][586]LogInit: XAudio2 using '헤드폰(2- High Definition Audio 장치)' : 2 channels at 44.1 kHz using 16 bits per sample (channel mask 0x3)
[2016.10.11-12.13.59:977][586]LogInit: FAudioDevice initialized.
[2016.10.11-12.14.00:018][586]LogWorld: Game class is 'ThirdPersonGameMode_C'
[2016.10.11-12.14.00:020][586]LogWorld: Bringing World /Game/Maps/UEDPIE_0_MainMenu.MainMenu up for play (max tick rate 0) at 2016.10.11-21.14.00
[2016.10.11-12.14.00:020][586]LogWorld: Bringing up level for play took: 0.001047
[2016.10.11-12.14.00:021][586]LogGameMode: Warning - PATHS NOT DEFINED or NO PLAYERSTART with positive rating
[2016.10.11-12.14.00:028][586]PIE: 정보 /Game/Maps/UEDPIE_0_MainMenu 에 대한 에디터에서 플레이 시작 시간: 0.098
[2016.10.11-12.14.00:028][586]LogBlueprintUserMessages: Late PlayInEditor Detection: Level '/Game/Maps/MainMenu.MainMenu:PersistentLevel' has LevelScriptBlueprint '/Game/Maps/MainMenu.MainMenu:PersistentLevel.MainMenu' with GeneratedClass '/Game/Maps/MainMenu.MainMenu_C' with ClassGeneratedBy '/Game/Maps/MainMenu.MainMenu:PersistentLevel.MainMenu'
[2016.10.11-12.15.36:120][173]LogBlueprintUserMessages: Early EndPlayMap Detection: Level '/Game/Maps/MainMenu.MainMenu:PersistentLevel' has LevelScriptBlueprint '/Game/Maps/MainMenu.MainMenu:PersistentLevel.MainMenu' with GeneratedClass '/Game/Maps/MainMenu.MainMenu_C' with ClassGeneratedBy '/Game/Maps/MainMenu.MainMenu:PersistentLevel.MainMenu'
[2016.10.11-12.15.36:170][173]LogBlueprintUserMessages: Late EndPlayMap Detection: Level '/Game/Maps/MainMenu.MainMenu:PersistentLevel' has LevelScriptBlueprint '/Game/Maps/MainMenu.MainMenu:PersistentLevel.MainMenu' with GeneratedClass '/Game/Maps/MainMenu.MainMenu_C' with ClassGeneratedBy '/Game/Maps/MainMenu.MainMenu:PersistentLevel.MainMenu'
[2016.10.11-12.15.37:815][178]LogBlueprintUserMessages: Early PlayInEditor Detection: Level '/Game/Maps/MainMenu.MainMenu:PersistentLevel' has LevelScriptBlueprint '/Game/Maps/MainMenu.MainMenu:PersistentLevel.MainMenu' with GeneratedClass '/Game/Maps/MainMenu.MainMenu_C' with ClassGeneratedBy '/Game/Maps/MainMenu.MainMenu:PersistentLevel.MainMenu'
[2016.10.11-12.15.37:815][178]LogPlayLevel: PlayLevel: No blueprints needed recompiling
[2016.10.11-12.15.37:815][178]PIE: New page: PIE 세션: MainMenu (2016. 10. 12. 오전 6:15:37)
[2016.10.11-12.15.37:815][178]LogPlayLevel: Creating play world package: /Game/Maps/UEDPIE_0_MainMenu
[2016.10.11-12.15.37:817][178]LogPlayLevel: PIE: StaticDuplicateObject took: (0.001670s)
[2016.10.11-12.15.37:817][178]LogAIModule: Creating AISystem for world MainMenu
[2016.10.11-12.15.37:817][178]LogPlayLevel: PIE: World Init took: (0.000480s)
[2016.10.11-12.15.37:818][178]LogPlayLevel: PIE: Created PIE world by copying editor world from /Game/Maps/MainMenu.MainMenu to /Game/Maps/UEDPIE_0_MainMenu.MainMenu (0.002535s)
[2016.10.11-12.15.37:840][178]LogInit: XAudio2 using '헤드폰(2- High Definition Audio 장치)' : 2 channels at 44.1 kHz using 16 bits per sample (channel mask 0x3)
[2016.10.11-12.15.37:847][178]LogInit: FAudioDevice initialized.
[2016.10.11-12.15.37:886][178]LogWorld: Game class is 'ThirdPersonGameMode_C'
[2016.10.11-12.15.37:889][178]LogWorld: Bringing World /Game/Maps/UEDPIE_0_MainMenu.MainMenu up for play (max tick rate 0) at 2016.10.11-21.15.37
[2016.10.11-12.15.37:889][178]LogWorld: Bringing up level for play took: 0.001292
[2016.10.11-12.15.37:890][178]LogGameMode: Warning - PATHS NOT DEFINED or NO PLAYERSTART with positive rating
[2016.10.11-12.15.37:897][178]PIE: 정보 /Game/Maps/UEDPIE_0_MainMenu 에 대한 에디터에서 플레이 시작 시간: -0.032
[2016.10.11-12.15.37:897][178]LogBlueprintUserMessages: Late PlayInEditor Detection: Level '/Game/Maps/MainMenu.MainMenu:PersistentLevel' has LevelScriptBlueprint '/Game/Maps/MainMenu.MainMenu:PersistentLevel.MainMenu' with GeneratedClass '/Game/Maps/MainMenu.MainMenu_C' with ClassGeneratedBy '/Game/Maps/MainMenu.MainMenu:PersistentLevel.MainMenu'
[2016.10.11-12.47.41:806][ 92]LogBlueprintUserMessages: Early EndPlayMap Detection: Level '/Game/Maps/MainMenu.MainMenu:PersistentLevel' has LevelScriptBlueprint '/Game/Maps/MainMenu.MainMenu:PersistentLevel.MainMenu' with GeneratedClass '/Game/Maps/MainMenu.MainMenu_C' with ClassGeneratedBy '/Game/Maps/MainMenu.MainMenu:PersistentLevel.MainMenu'
[2016.10.11-12.47.41:836][ 92]LogBlueprintUserMessages: Late EndPlayMap Detection: Level '/Game/Maps/MainMenu.MainMenu:PersistentLevel' has LevelScriptBlueprint '/Game/Maps/MainMenu.MainMenu:PersistentLevel.MainMenu' with GeneratedClass '/Game/Maps/MainMenu.MainMenu_C' with ClassGeneratedBy '/Game/Maps/MainMenu.MainMenu:PersistentLevel.MainMenu'
[2016.10.11-12.47.43:686][ 97]LogWindowsTextInputMethodSystem:Display: IME system now activated using TSF (Microsoft 입력기).
[2016.10.11-12.47.43:868][ 98]Cmd: QUIT_EDITOR
[2016.10.11-12.47.44:319][ 98]LogExit: Preparing to exit.
[2016.10.11-12.47.45:015][ 98]LogExit: Editor shut down
[2016.10.11-12.47.45:015][ 98]LogExit: Transaction tracking system shut down
[2016.10.11-12.47.45:140][ 98]LogObj: Freed 0b from 0 cluster array pools.
[2016.10.11-12.47.45:140][ 98]LogExit: Object subsystem successfully closed.
[2016.10.11-12.47.45:155][ 98]LogD3D11RHI: Shutdown
[2016.10.11-12.47.45:155][ 98]LogD3D11RHI: CleanupD3DDevice
[2016.10.11-12.47.45:209][ 98]LogD3D11RHI: ~FD3D11DynamicRHI
[2016.10.11-12.47.45:287][ 98]LogDerivedDataCache: Shutdown
[2016.10.11-12.47.45:287][ 98]LogModuleManager: Shutting down and abandoning module SequencerWidgets (207)
[2016.10.11-12.47.45:287][ 98]LogModuleManager: Shutting down and abandoning module BlueprintGraph (206)
[2016.10.11-12.47.45:287][ 98]LogModuleManager: Shutting down and abandoning module MovieSceneCapture (205)
[2016.10.11-12.47.45:287][ 98]LogModuleManager: Shutting down and abandoning module HierarchicalLODOutliner (204)
[2016.10.11-12.47.45:287][ 98]LogModuleManager: Shutting down and abandoning module CrashTracker (203)
[2016.10.11-12.47.45:287][ 98]LogModuleManager: Shutting down and abandoning module SceneOutliner (202)
[2016.10.11-12.47.45:287][ 98]LogModuleManager: Shutting down and abandoning module SuperSearch (201)
[2016.10.11-12.47.45:287][ 98]LogModuleManager: Shutting down and abandoning module WidgetCarousel (200)
[2016.10.11-12.47.45:287][ 98]LogModuleManager: Shutting down and abandoning module AddContentDialog (199)
[2016.10.11-12.47.45:288][ 98]LogModuleManager: Shutting down and abandoning module GameplayTags (198)
[2016.10.11-12.47.45:288][ 98]LogModuleManager: Shutting down and abandoning module EditorWidgets (197)
[2016.10.11-12.47.45:288][ 98]LogModuleManager: Shutting down and abandoning module CollectionManager (196)
[2016.10.11-12.47.45:288][ 98]LogModuleManager: Shutting down and abandoning module StatsViewer (195)
[2016.10.11-12.47.45:288][ 98]LogModuleManager: Shutting down and abandoning module FoliageEdit (194)
[2016.10.11-12.47.45:288][ 98]LogModuleManager: Shutting down and abandoning module LandscapeEditor (193)
[2016.10.11-12.47.45:289][ 98]LogModuleManager: Shutting down and abandoning module ActorPickerMode (192)
[2016.10.11-12.47.45:289][ 98]LogModuleManager: Shutting down and abandoning module GeometryMode (191)
[2016.10.11-12.47.45:289][ 98]LogModuleManager: Shutting down and abandoning module TextureAlignMode (190)
[2016.10.11-12.47.45:289][ 98]LogModuleManager: Shutting down and abandoning module BspMode (189)
[2016.10.11-12.47.45:289][ 98]LogModuleManager: Shutting down and abandoning module PlacementMode (188)
[2016.10.11-12.47.45:289][ 98]LogModuleManager: Shutting down and abandoning module AutomationWorker (187)
[2016.10.11-12.47.45:289][ 98]LogModuleManager: Shutting down and abandoning module CharacterAI (186)
[2016.10.11-12.47.45:289][ 98]LogModuleManager: Shutting down and abandoning module SmartSnapping (185)
[2016.10.11-12.47.45:289][ 98]LogModuleManager: Shutting down and abandoning module ViewportSnapping (184)
[2016.10.11-12.47.45:289][ 98]LogModuleManager: Shutting down and abandoning module LogVisualizer (183)
[2016.10.11-12.47.45:289][ 98]LogModuleManager: Shutting down and abandoning module GameProjectGeneration (182)
[2016.10.11-12.47.45:289][ 98]LogModuleManager: Shutting down and abandoning module IntroTutorials (181)
[2016.10.11-12.47.45:289][ 98]LogModuleManager: Shutting down and abandoning module EditorLiveStreaming (180)
[2016.10.11-12.47.45:289][ 98]LogModuleManager: Shutting down and abandoning module IOSPlatformEditor (179)
[2016.10.11-12.47.45:289][ 98]LogModuleManager: Shutting down and abandoning module HTML5PlatformEditor (178)
[2016.10.11-12.47.45:289][ 98]LogModuleManager: Shutting down and abandoning module AndroidDeviceDetection (177)
[2016.10.11-12.47.45:720][ 98]LogModuleManager: Shutting down and abandoning module AndroidPlatformEditor (176)
[2016.10.11-12.47.45:720][ 98]LogModuleManager: Shutting down and abandoning module IOSRuntimeSettings (175)
[2016.10.11-12.47.45:720][ 98]LogModuleManager: Shutting down and abandoning module AndroidRuntimeSettings (174)
[2016.10.11-12.47.45:720][ 98]LogModuleManager: Shutting down and abandoning module MergeActors (173)
[2016.10.11-12.47.45:720][ 98]LogModuleManager: Shutting down and abandoning module SizeMap (172)
[2016.10.11-12.47.45:720][ 98]LogModuleManager: Shutting down and abandoning module TreeMap (171)
[2016.10.11-12.47.45:720][ 98]LogModuleManager: Shutting down and abandoning module ReferenceViewer (170)
[2016.10.11-12.47.45:720][ 98]LogModuleManager: Shutting down and abandoning module LocalizationService (169)
[2016.10.11-12.47.45:720][ 98]LogModuleManager: Shutting down and abandoning module LocalizationDashboard (168)
[2016.10.11-12.47.45:720][ 98]LogModuleManager: Shutting down and abandoning module HardwareTargeting (167)
[2016.10.11-12.47.45:720][ 98]LogModuleManager: Shutting down and abandoning module DeviceProfileEditor (166)
[2016.10.11-12.47.45:720][ 98]LogModuleManager: Shutting down and abandoning module UndoHistory (165)
[2016.10.11-12.47.45:720][ 98]LogModuleManager: Shutting down and abandoning module UserFeedback (164)
[2016.10.11-12.47.45:720][ 98]LogModuleManager: Shutting down and abandoning module XmlParser (163)
[2016.10.11-12.47.45:720][ 98]LogModuleManager: Shutting down and abandoning module Blutility (162)
[2016.10.11-12.47.45:720][ 98]LogModuleManager: Shutting down and abandoning module ProjectTargetPlatformEditor (161)
[2016.10.11-12.47.45:720][ 98]LogModuleManager: Shutting down and abandoning module ProjectSettingsViewer (160)
[2016.10.11-12.47.45:720][ 98]LogModuleManager: Shutting down and abandoning module InputBindingEditor (159)
[2016.10.11-12.47.45:720][ 98]LogModuleManager: Shutting down and abandoning module EditorSettingsViewer (158)
[2016.10.11-12.47.45:720][ 98]LogModuleManager: Shutting down and abandoning module SettingsEditor (157)
[2016.10.11-12.47.45:720][ 98]LogModuleManager: Shutting down and abandoning module ProjectLauncher (156)
[2016.10.11-12.47.45:720][ 98]LogModuleManager: Shutting down and abandoning module SessionFrontend (155)
[2016.10.11-12.47.45:720][ 98]LogModuleManager: Shutting down and abandoning module ProfilerClient (154)
[2016.10.11-12.47.45:720][ 98]LogModuleManager: Shutting down and abandoning module TargetDeviceServices (153)
[2016.10.11-12.47.45:720][ 98]LogModuleManager: Shutting down and abandoning module DeviceManager (152)
[2016.10.11-12.47.45:754][ 98]LogModuleManager: Shutting down and abandoning module AutomationController (151)
[2016.10.11-12.47.45:754][ 98]LogModuleManager: Shutting down and abandoning module AutomationWindow (150)
[2016.10.11-12.47.45:754][ 98]LogModuleManager: Shutting down and abandoning module Layers (149)
[2016.10.11-12.47.45:754][ 98]LogModuleManager: Shutting down and abandoning module ComponentVisualizers (148)
[2016.10.11-12.47.45:754][ 98]LogModuleManager: Shutting down and abandoning module DetailCustomizations (147)
[2016.10.11-12.47.45:754][ 98]LogModuleManager: Shutting down and abandoning module PackagesDialog (146)
[2016.10.11-12.47.45:754][ 98]LogModuleManager: Shutting down and abandoning module Persona (145)
[2016.10.11-12.47.45:754][ 98]LogModuleManager: Shutting down and abandoning module Kismet (144)
[2016.10.11-12.47.45:754][ 98]LogModuleManager: Shutting down and abandoning module GraphEditor (143)
[2016.10.11-12.47.45:754][ 98]LogModuleManager: Shutting down and abandoning module ClassViewer (142)
[2016.10.11-12.47.45:754][ 98]LogModuleManager: Shutting down and abandoning module Toolbox (141)
[2016.10.11-12.47.45:754][ 98]LogModuleManager: Shutting down and abandoning module ModuleUI (140)
[2016.10.11-12.47.45:754][ 98]LogModuleManager: Shutting down and abandoning module MovieSceneTools (139)
[2016.10.11-12.47.45:754][ 98]LogModuleManager: Shutting down and abandoning module OutputLog (138)
[2016.10.11-12.47.45:754][ 98]LogModuleManager: Shutting down and abandoning module GammaUI (137)
[2016.10.11-12.47.45:754][ 98]LogModuleManager: Shutting down and abandoning module Documentation (136)
[2016.10.11-12.47.45:754][ 98]LogModuleManager: Shutting down and abandoning module StreamingPauseRendering (135)
[2016.10.11-12.47.45:754][ 98]LogModuleManager: Shutting down and abandoning module AnalyticsET (134)
[2016.10.11-12.47.45:754][ 98]LogModuleManager: Shutting down and abandoning module Analytics (133)
[2016.10.11-12.47.45:754][ 98]LogModuleManager: Shutting down and abandoning module PortalServices (132)
[2016.10.11-12.47.45:754][ 98]LogModuleManager: Shutting down and abandoning module PortalRpc (131)
[2016.10.11-12.47.45:754][ 98]LogModuleManager: Shutting down and abandoning module MessagingRpc (130)
[2016.10.11-12.47.45:754][ 98]LogModuleManager: Shutting down and abandoning module AITestSuite (129)
[2016.10.11-12.47.45:754][ 98]LogModuleManager: Shutting down and abandoning module GameplayDebugger (128)
[2016.10.11-12.47.45:754][ 98]LogModuleManager: Shutting down and abandoning module AIModule (127)
[2016.10.11-12.47.45:754][ 98]LogModuleManager: Shutting down and abandoning module ProfilerService (126)
[2016.10.11-12.47.45:899][ 98]LogModuleManager: Shutting down and abandoning module TaskGraph (125)
[2016.10.11-12.47.45:899][ 98]LogModuleManager: Shutting down and abandoning module SlateRemote (124)
[2016.10.11-12.47.45:899][ 98]LogModuleManager: Shutting down and abandoning module SteamVRController (123)
[2016.10.11-12.47.45:899][ 98]LogModuleManager: Shutting down and abandoning module SteamVR (122)
[2016.10.11-12.47.45:899][ 98]LogModuleManager: Shutting down and abandoning module ProceduralMeshComponent (121)
[2016.10.11-12.47.45:899][ 98]LogModuleManager: Shutting down and abandoning module OculusLibrary (120)
[2016.10.11-12.47.45:899][ 98]LogModuleManager: Shutting down and abandoning module OculusInput (119)
[2016.10.11-12.47.45:899][ 98]LogModuleManager: Shutting down and abandoning module CustomMeshComponent (118)
[2016.10.11-12.47.45:899][ 98]LogModuleManager: Shutting down and abandoning module CableComponent (117)
[2016.10.11-12.47.45:899][ 98]LogModuleManager: Shutting down and abandoning module ArchVisCharacter (116)
[2016.10.11-12.47.45:899][ 98]LogModuleManager: Shutting down and abandoning module MediaPlayerEditor (115)
[2016.10.11-12.47.45:899][ 98]LogModuleManager: Shutting down and abandoning module HTML5Networking (114)
[2016.10.11-12.47.45:899][ 98]LogModuleManager: Shutting down and abandoning module SpeedTreeImporter (113)
[2016.10.11-12.47.45:899][ 98]LogModuleManager: Shutting down and abandoning module PluginBrowser (112)
[2016.10.11-12.47.45:899][ 98]LogModuleManager: Shutting down and abandoning module EpicSurvey (111)
[2016.10.11-12.47.45:899][ 98]LogModuleManager: Shutting down and abandoning module DesktopPlatform (110)
[2016.10.11-12.47.45:899][ 98]LogModuleManager: Shutting down and abandoning module VisualStudioSourceCodeAccess (109)
[2016.10.11-12.47.45:899][ 98]LogModuleManager: Shutting down and abandoning module UObjectPlugin (108)
[2016.10.11-12.47.45:899][ 98]LogModuleManager: Shutting down and abandoning module SubversionSourceControl (107)
[2016.10.11-12.47.45:899][ 98]LogModuleManager: Shutting down and abandoning module PerforceSourceControl (106)
[2016.10.11-12.47.45:899][ 98]LogModuleManager: Shutting down and abandoning module SourceControl (105)
[2016.10.11-12.47.45:899][ 98]LogModuleManager: Shutting down and abandoning module GitSourceControl (104)
[2016.10.11-12.47.45:899][ 98]LogModuleManager: Shutting down and abandoning module LightPropagationVolumeEditor (103)
[2016.10.11-12.47.45:899][ 98]LogModuleManager: Shutting down and abandoning module PaperTiledImporter (102)
[2016.10.11-12.47.45:899][ 98]LogModuleManager: Shutting down and abandoning module PaperSpriteSheetImporter (101)
[2016.10.11-12.47.45:899][ 98]LogModuleManager: Shutting down and abandoning module MeshPaint (100)
[2016.10.11-12.47.45:899][ 98]LogModuleManager: Shutting down and abandoning module HotReload (99)
[2016.10.11-12.47.45:900][ 98]LogModuleManager: Shutting down and abandoning module MainFrame (98)
[2016.10.11-12.47.45:900][ 98]LogModuleManager: Shutting down and abandoning module LevelEditor (97)
[2016.10.11-12.47.45:900][ 98]LogModuleManager: Shutting down and abandoning module DirectoryWatcher (96)
[2016.10.11-12.47.45:901][ 98]LogModuleManager: Shutting down and abandoning module AssetRegistry (95)
[2016.10.11-12.47.46:076][ 98]LogModuleManager: Shutting down and abandoning module ContentBrowser (94)
[2016.10.11-12.47.46:077][ 98]LogModuleManager: Shutting down and abandoning module Paper2DEditor (93)
[2016.10.11-12.47.46:077][ 98]LogModuleManager: Shutting down and abandoning module UdpMessaging (92)
[2016.10.11-12.47.46:179][ 98]LogModuleManager: Shutting down and abandoning module LightPropagationVolumeRuntime (91)
[2016.10.11-12.47.46:179][ 98]LogModuleManager: Shutting down and abandoning module Paper2D (90)
[2016.10.11-12.47.46:179][ 98]LogModuleManager: Shutting down and abandoning module WindowsMoviePlayer (89)
[2016.10.11-12.47.46:179][ 98]LogModuleManager: Shutting down and abandoning module Media (88)
[2016.10.11-12.47.46:179][ 98]LogModuleManager: Shutting down and abandoning module WmfMedia (87)
[2016.10.11-12.47.46:179][ 98]LogModuleManager: Shutting down and abandoning module MediaAssets (86)
[2016.10.11-12.47.46:179][ 98]LogModuleManager: Shutting down and abandoning module GameLiveStreaming (85)
[2016.10.11-12.47.46:179][ 98]LogModuleManager: Shutting down and abandoning module GameplayTagsEditor (84)
[2016.10.11-12.47.46:179][ 98]LogModuleManager: Shutting down and abandoning module OnlineBlueprintSupport (83)
[2016.10.11-12.47.46:179][ 98]LogModuleManager: Shutting down and abandoning module GameplayTasksEditor (82)
[2016.10.11-12.47.46:179][ 98]LogModuleManager: Shutting down and abandoning module PropertyEditor (81)
[2016.10.11-12.47.46:179][ 98]LogModuleManager: Shutting down and abandoning module BehaviorTreeEditor (80)
[2016.10.11-12.47.46:179][ 98]LogModuleManager: Shutting down and abandoning module FunctionalTesting (79)
[2016.10.11-12.47.46:179][ 98]LogModuleManager: Shutting down and abandoning module CollisionAnalyzer (78)
[2016.10.11-12.47.46:179][ 98]LogModuleManager: Shutting down and abandoning module WorkspaceMenuStructure (77)
[2016.10.11-12.47.46:179][ 98]LogModuleManager: Shutting down and abandoning module MessageLog (76)
[2016.10.11-12.47.46:179][ 98]LogModuleManager: Shutting down and abandoning module Sequencer (75)
[2016.10.11-12.47.46:179][ 98]LogModuleManager: Shutting down and abandoning module AssetTools (74)
[2016.10.11-12.47.46:179][ 98]LogModuleManager: Shutting down and abandoning module UMGEditor (73)
[2016.10.11-12.47.46:179][ 98]LogModuleManager: Shutting down and abandoning module UMG (72)
[2016.10.11-12.47.46:180][ 98]LogModuleManager: Shutting down and abandoning module SlateReflector (71)
[2016.10.11-12.47.46:180][ 98]LogModuleManager: Shutting down and abandoning module Slate (70)
[2016.10.11-12.47.46:180][ 98]LogModuleManager: Shutting down and abandoning module EditorStyle (69)
[2016.10.11-12.47.46:182][ 98]LogModuleManager: Shutting down and abandoning module SessionServices (68)
[2016.10.11-12.47.46:182][ 98]LogModuleManager: Shutting down and abandoning module SourceCodeAccess (67)
[2016.10.11-12.47.46:182][ 98]LogModuleManager: Shutting down and abandoning module HeadMountedDisplay (66)
[2016.10.11-12.47.46:182][ 98]LogModuleManager: Shutting down and abandoning module XAudio2 (65)
[2016.10.11-12.47.46:182][ 98]LogModuleManager: Shutting down and abandoning module Networking (63)
[2016.10.11-12.47.46:182][ 98]LogModuleManager: Shutting down and abandoning module Core (62)
[2016.10.11-12.47.46:182][ 98]LogModuleManager: Shutting down and abandoning module KismetCompiler (61)
[2016.10.11-12.47.46:182][ 98]LogModuleManager: Shutting down and abandoning module PhysXFormats (60)
[2016.10.11-12.47.46:182][ 98]LogModuleManager: Shutting down and abandoning module MeshUtilities (59)
[2016.10.11-12.47.46:182][ 98]LogModuleManager: Shutting down and abandoning module CookingStats (58)
[2016.10.11-12.47.46:182][ 98]LogModuleManager: Shutting down and abandoning module DerivedDataCache (57)
[2016.10.11-12.47.46:182][ 98]LogDerivedDataCache: Shutdown
[2016.10.11-12.47.46:182][ 98]LogModuleManager: Shutting down and abandoning module ShaderFormatOpenGL (56)
[2016.10.11-12.47.46:182][ 98]LogModuleManager: Shutting down and abandoning module ShaderFormatD3D (55)
[2016.10.11-12.47.46:182][ 98]LogModuleManager: Shutting down and abandoning module MetalShaderFormat (54)
[2016.10.11-12.47.46:182][ 98]LogModuleManager: Shutting down and abandoning module TextureFormatUncompressed (53)
[2016.10.11-12.47.46:182][ 98]LogModuleManager: Shutting down and abandoning module TextureFormatPVR (52)
[2016.10.11-12.47.46:182][ 98]LogModuleManager: Shutting down and abandoning module TextureFormatIntelISPCTexComp (51)
[2016.10.11-12.47.46:182][ 98]LogModuleManager: Shutting down and abandoning module TextureFormatDXT (50)
[2016.10.11-12.47.46:182][ 98]LogModuleManager: Shutting down and abandoning module ImageWrapper (49)
[2016.10.11-12.47.46:182][ 98]LogModuleManager: Shutting down and abandoning module TextureFormatASTC (48)
[2016.10.11-12.47.46:182][ 98]LogModuleManager: Shutting down and abandoning module TextureFormatAndroid (47)
[2016.10.11-12.47.46:182][ 98]LogModuleManager: Shutting down and abandoning module AudioFormatOpus (46)
[2016.10.11-12.47.46:182][ 98]LogModuleManager: Shutting down and abandoning module AudioFormatOgg (45)
[2016.10.11-12.47.46:182][ 98]LogModuleManager: Shutting down and abandoning module AudioFormatADPCM (44)
[2016.10.11-12.47.46:182][ 98]LogModuleManager: Shutting down and abandoning module LinuxTargetPlatform (43)
[2016.10.11-12.47.46:182][ 98]LogModuleManager: Shutting down and abandoning module LinuxServerTargetPlatform (42)
[2016.10.11-12.47.46:183][ 98]LogModuleManager: Shutting down and abandoning module LinuxNoEditorTargetPlatform (41)
[2016.10.11-12.47.46:183][ 98]LogModuleManager: Shutting down and abandoning module TVOSTargetPlatform (40)
[2016.10.11-12.47.46:183][ 98]LogModuleManager: Shutting down and abandoning module Messaging (39)
[2016.10.11-12.47.46:183][ 98]LogModuleManager: Shutting down and abandoning module IOSTargetPlatform (38)
[2016.10.11-12.47.46:183][ 98]LogModuleManager: Shutting down and abandoning module HTML5TargetPlatform (37)
[2016.10.11-12.47.46:183][ 98]LogModuleManager: Shutting down and abandoning module Android_PVRTCTargetPlatform (36)
[2016.10.11-12.47.46:183][ 98]LogModuleManager: Shutting down and abandoning module Android_MultiTargetPlatform (35)
[2016.10.11-12.47.46:183][ 98]LogModuleManager: Shutting down and abandoning module Android_ETC2TargetPlatform (34)
[2016.10.11-12.47.46:183][ 98]LogModuleManager: Shutting down and abandoning module Android_ETC1TargetPlatform (33)
[2016.10.11-12.47.46:183][ 98]LogModuleManager: Shutting down and abandoning module Android_DXTTargetPlatform (32)
[2016.10.11-12.47.46:183][ 98]LogModuleManager: Shutting down and abandoning module Android_ATCTargetPlatform (31)
[2016.10.11-12.47.46:183][ 98]LogModuleManager: Shutting down and abandoning module Android_ASTCTargetPlatform (30)
[2016.10.11-12.47.46:183][ 98]LogModuleManager: Shutting down and abandoning module AndroidTargetPlatform (29)
[2016.10.11-12.47.46:183][ 98]LogModuleManager: Shutting down and abandoning module WindowsTargetPlatform (28)
[2016.10.11-12.47.46:183][ 98]LogModuleManager: Shutting down and abandoning module WindowsServerTargetPlatform (27)
[2016.10.11-12.47.46:183][ 98]LogModuleManager: Shutting down and abandoning module WindowsNoEditorTargetPlatform (26)
[2016.10.11-12.47.46:183][ 98]LogModuleManager: Shutting down and abandoning module WindowsClientTargetPlatform (25)
[2016.10.11-12.47.46:183][ 98]LogModuleManager: Shutting down and abandoning module AllDesktopTargetPlatform (24)
[2016.10.11-12.47.46:183][ 98]LogModuleManager: Shutting down and abandoning module TargetPlatform (23)
[2016.10.11-12.47.46:183][ 98]LogModuleManager: Shutting down and abandoning module InputCore (22)
[2016.10.11-12.47.46:183][ 98]LogModuleManager: Shutting down and abandoning module Settings (21)
[2016.10.11-12.47.46:183][ 98]LogModuleManager: Shutting down and abandoning module OnlineSubsystem (19)
[2016.10.11-12.47.46:183][ 98]LogModuleManager: Shutting down and abandoning module HTTP (18)
[2016.10.11-12.47.47:184][ 98]LogModuleManager: Shutting down and abandoning module XMPP (17)
[2016.10.11-12.47.47:184][ 98]LogModuleManager: Shutting down and abandoning module OculusRift (16)
[2016.10.11-12.47.47:184][ 98]LogModuleManager: Shutting down and abandoning module ExampleDeviceProfileSelector (15)
[2016.10.11-12.47.47:184][ 98]LogModuleManager: Shutting down and abandoning module TextureCompressor (14)
[2016.10.11-12.47.47:184][ 98]LogModuleManager: Shutting down and abandoning module ShaderCore (13)
[2016.10.11-12.47.47:184][ 98]LogModuleManager: Shutting down and abandoning module Landscape (12)
[2016.10.11-12.47.47:184][ 98]LogModuleManager: Shutting down and abandoning module SlateRHIRenderer (11)
[2016.10.11-12.47.47:187][ 98]LogModuleManager: Shutting down and abandoning module OpenGLDrv (10)
[2016.10.11-12.47.47:187][ 98]LogModuleManager: Shutting down and abandoning module D3D11RHI (9)
[2016.10.11-12.47.47:187][ 98]LogModuleManager: Shutting down and abandoning module AnimGraphRuntime (8)
[2016.10.11-12.47.47:187][ 98]LogModuleManager: Shutting down and abandoning module Renderer (7)
[2016.10.11-12.47.47:187][ 98]LogModuleManager: Shutting down and abandoning module Engine (6)
[2016.10.11-12.47.47:187][ 98]LogModuleManager: Shutting down and abandoning module CoreUObject (5)
[2016.10.11-12.47.47:187][ 98]LogModuleManager: Shutting down and abandoning module NetworkFile (4)
[2016.10.11-12.47.47:188][ 98]LogModuleManager: Shutting down and abandoning module StreamingFile (3)
[2016.10.11-12.47.47:188][ 98]LogModuleManager: Shutting down and abandoning module SandboxFile (2)
[2016.10.11-12.47.47:188][ 98]LogModuleManager: Shutting down and abandoning module PakFile (1)
[2016.10.11-12.47.47:189][ 98]LogExit: Exiting.
[2016.10.11-12.47.47:191][ 98]Log file closed, 10/11/16 21:47:47
