Log file open, 10/15/16 13:32:08
LogInit:Display: Running engine for game: Halloween
LogPlatformFile: Not using cached read wrapper
LogInit:Display: RandInit(2020578051) SRandInit(2020578052).
LogTaskGraph: Started task graph with 4 named threads and 7 total threads.
LogStats: Stats thread started at 0.097775
LogInit: Version: 4.11.2-2946394+++UE4+Release-4.11
LogInit: API Version: 2927265
LogInit: Compiled (64-bit): Apr 18 2016 02:18:46
LogInit: Compiled with Visual C++: 19.00.23026.00
LogInit: Build Configuration: Development
LogInit: Branch Name: ++UE4+Release-4.11
LogInit: Command line:  
LogInit: Base directory: C:/Program Files (x86)/Epic Games/4.11/Engine/Binaries/Win64/
LogInit: Installed Engine Build: 1
LogInit: Using libcurl 7.41.0
LogInit:  - built for x86_64-pc-win32
LogInit:  - supports SSL with WinSSL
LogInit:  - other features:
LogInit:      CURL_VERSION_SSL
LogInit:      CURL_VERSION_IPV6
LogInit:      CURL_VERSION_ASYNCHDNS
LogInit:      CURL_VERSION_LARGEFILE
LogInit:      CURL_VERSION_IDN
LogInit:  CurlRequestOptions (configurable via config and command line):
LogInit:  - bVerifyPeer = true  - Libcurl will verify peer certificate
LogInit:  - bUseHttpProxy = false  - Libcurl will NOT use HTTP proxy
LogInit:  - bDontReuseConnections = false  - Libcurl will reuse connections
LogInit:  - CertBundlePath = nullptr  - Libcurl will use whatever was configured at build time.
LogInit: Presizing for max 16777216 objects, including 0 objects not considered by GC, pre-allocating 0 bytes for permanent pool.
LogInit: Object subsystem initialized
[2016.10.15-04.32.08:901][  0]LogInit: Selected Device Profile: [Windows]
[2016.10.15-04.32.08:901][  0]LogInit: Applying CVar settings loaded from the selected device profile: [Windows]
[2016.10.15-04.32.08:984][  0]LogInit: Computer: UNREAL
[2016.10.15-04.32.08:984][  0]LogInit: User: Jaesun
[2016.10.15-04.32.08:984][  0]LogInit: CPU Page size=65536, Cores=4
[2016.10.15-04.32.08:984][  0]LogInit: High frequency timer resolution =3.312638 MHz
[2016.10.15-04.32.08:984][  0]LogMemory: Memory total: Physical=7.9GB (8GB approx)
[2016.10.15-04.32.08:984][  0]LogMemory: Platform Memory Stats for Windows
[2016.10.15-04.32.08:984][  0]LogMemory: Process Physical Memory: 311.53 MB used, 311.53 MB peak
[2016.10.15-04.32.08:984][  0]LogMemory: Process Virtual Memory: 314.51 MB used, 314.51 MB peak
[2016.10.15-04.32.08:984][  0]LogMemory: Physical Memory: 3694.12 MB used, 8087.35 MB total
[2016.10.15-04.32.08:984][  0]LogMemory: Virtual Memory: 630.07 MB used, 134217728.00 MB total
[2016.10.15-04.32.09:097][  0]LogTextLocalizationManager: No specific translations for ('ko-KR') exist, so ('ko') translations will be used.
[2016.10.15-04.32.09:152][  0]LogTextLocalizationManager:Warning: Loaded localization resources contain conflicting entries for (Namespace:KismetSchema, Key:Default):
Localization Resource: (C:/Program Files (x86)/Epic Games/4.11/Engine/Content/Localization/EditorTutorials/ko/EditorTutorials.locres) Source String Hash: (940523119) Localized String: (디폴트)
Localization Resource: (C:/Program Files (x86)/Epic Games/4.11/Engine/Content/Localization/Engine/ko/Engine.locres) Source String Hash: (940523119) Localized String: (기본)
[2016.10.15-04.32.09:152][  0]LogTextLocalizationManager:Warning: Loaded localization resources contain conflicting entries for (Namespace:UObjectToolTips, Key:AnimNode_AssetPlayerBase:InternalTimeAccumulator):
Localization Resource: (C:/Program Files (x86)/Epic Games/4.11/Engine/Content/Localization/EditorTutorials/ko/EditorTutorials.locres) Source String Hash: (502993589) Localized String: (이 노드에서 애셋을 레퍼런싱하는 데 사용되는 누적 시간입니다.)
Localization Resource: (C:/Program Files (x86)/Epic Games/4.11/Engine/Content/Localization/Engine/ko/Engine.locres) Source String Hash: (502993589) Localized String: (이 노드에서 애셋을 레퍼런싱하는 데 사용된 누적 시간입니다.)
[2016.10.15-04.32.09:152][  0]LogTextLocalizationManager:Warning: Loaded localization resources contain conflicting entries for (Namespace:UObjectToolTips, Key:AnimNode_AssetPlayerBase:bIgnoreForRelevancyTest):
Localization Resource: (C:/Program Files (x86)/Epic Games/4.11/Engine/Content/Localization/EditorTutorials/ko/EditorTutorials.locres) Source String Hash: (319969718) Localized String: (True 면, 스테이트에서 최고 가중치 애니메이션을 찾는 "Relevant anim" 노드는 이 노드를 무시합니다.
 )
Localization Resource: (C:/Program Files (x86)/Epic Games/4.11/Engine/Content/Localization/Engine/ko/Engine.locres) Source String Hash: (319969718) Localized String: (True 면 스테이트 내 최고 웨이팅된 애니메이션을 찾는 "Relevant anim" 노드가 무시됩니다.
 )
[2016.10.15-04.32.09:152][  0]LogTextLocalizationManager:Warning: Loaded localization resources contain conflicting entries for (Namespace:UObjectToolTips, Key:AnimNode_AssetPlayerBase:BlendWeight):
Localization Resource: (C:/Program Files (x86)/Epic Games/4.11/Engine/Content/Localization/EditorTutorials/ko/EditorTutorials.locres) Source String Hash: (-1232800293) Localized String: (이 노드에 마지막 걸린 블렌드웨이트 입니다.)
Localization Resource: (C:/Program Files (x86)/Epic Games/4.11/Engine/Content/Localization/Engine/ko/Engine.locres) Source String Hash: (-1232800293) Localized String: (이 노드에 대해 마지막 접한 블렌드 웨이트)
[2016.10.15-04.32.09:449][  0]LogD3D11RHI: D3D11 adapters:
[2016.10.15-04.32.09:477][  0]LogD3D11RHI:    0. 'NVIDIA GeForce GTX 650' (Feature Level 11_0)
[2016.10.15-04.32.09:477][  0]LogD3D11RHI:       965MB of dedicated video memory, 0MB of dedicated system memory, and 3072MB of shared system memory, 1 output[s]
[2016.10.15-04.32.09:487][  0]LogD3D11RHI:    1. 'Intel(R) HD Graphics 4600' (Feature Level 11_0)
[2016.10.15-04.32.09:487][  0]LogD3D11RHI:       160MB of dedicated video memory, 0MB of dedicated system memory, and 1760MB of shared system memory, 0 output[s]
[2016.10.15-04.32.09:489][  0]LogD3D11RHI:    2. 'Microsoft Basic Render Driver' (Feature Level 11_0)
[2016.10.15-04.32.09:489][  0]LogD3D11RHI:       0MB of dedicated video memory, 0MB of dedicated system memory, and 256MB of shared system memory, 0 output[s]
[2016.10.15-04.32.09:489][  0]LogD3D11RHI: Chosen D3D11 Adapter: 0
[2016.10.15-04.32.09:492][  0]LogD3D11RHI: Creating new Direct3DDevice
[2016.10.15-04.32.09:493][  0]LogD3D11RHI:     Adapter Name: NVIDIA GeForce GTX 650
[2016.10.15-04.32.09:493][  0]LogD3D11RHI:   Driver Version: 10.18.13.5891 (internal 10.18.13.5891)
[2016.10.15-04.32.09:493][  0]LogD3D11RHI:      Driver Date: 11-5-2015
[2016.10.15-04.32.09:493][  0]LogRHI: Texture pool is 675 MB (70% of 965 MB)
[2016.10.15-04.32.09:502][  0]LogD3D11RHI: Async texture creation enabled
[2016.10.15-04.32.09:517][  0]LogShaderCompilers: Guid format shader working directory is -6 characters bigger than the processId version (../../../../../../Users/Jaesun/Documents/UP/Halloween/Intermediate/Shaders/WorkingDirectory/7256/).
[2016.10.15-04.32.09:517][  0]LogShaderCompilers: Cleaned the shader compiler working directory 'C:/Users/Jaesun/AppData/Local/Temp/UnrealShaderWorkingDir/B3DFB3D84B9E35D6E4F8BEAB59D43563/'.
[2016.10.15-04.32.09:517][  0]LogShaderCompilers:Display: Using Local Shader Compiler.
[2016.10.15-04.32.12:992][  0]LogTemp:Display: Loaded TP AllDesktopTargetPlatform
[2016.10.15-04.32.12:997][  0]LogTemp:Display: Loaded TP WindowsClientTargetPlatform
[2016.10.15-04.32.13:003][  0]LogTemp:Display: Loaded TP WindowsNoEditorTargetPlatform
[2016.10.15-04.32.13:007][  0]LogTemp:Display: Loaded TP WindowsServerTargetPlatform
[2016.10.15-04.32.13:012][  0]LogTemp:Display: Loaded TP WindowsTargetPlatform
[2016.10.15-04.32.13:020][  0]LogTemp:Display: Loaded TP AndroidTargetPlatform
[2016.10.15-04.32.13:214][  0]LogTemp:Display: Loaded TP Android_ASTCTargetPlatform
[2016.10.15-04.32.13:219][  0]LogTemp:Display: Loaded TP Android_ATCTargetPlatform
[2016.10.15-04.32.13:224][  0]LogTemp:Display: Loaded TP Android_DXTTargetPlatform
[2016.10.15-04.32.13:228][  0]LogTemp:Display: Loaded TP Android_ETC1TargetPlatform
[2016.10.15-04.32.13:233][  0]LogTemp:Display: Loaded TP Android_ETC2TargetPlatform
[2016.10.15-04.32.13:242][  0]LogTemp:Display: Loaded TP Android_MultiTargetPlatform
[2016.10.15-04.32.13:242][  0]LogTemp:Display: Loaded TP Android_PVRTCTargetPlatform
[2016.10.15-04.32.13:245][  0]LogTemp:Display: Loaded TP HTML5TargetPlatform
[2016.10.15-04.32.13:302][  0]LogTemp:Display: Loaded TP IOSTargetPlatform
[2016.10.15-04.32.13:305][  0]LogTemp:Display: Loaded TP TVOSTargetPlatform
[2016.10.15-04.32.13:308][  0]LogTemp:Display: Loaded TP LinuxNoEditorTargetPlatform
[2016.10.15-04.32.13:311][  0]LogTemp:Display: Loaded TP LinuxServerTargetPlatform
[2016.10.15-04.32.13:333][  0]LogTemp:Display: Loaded TP LinuxTargetPlatform
[2016.10.15-04.32.13:333][  0]LogTargetPlatformManager:Display: Building Assets For Windows
[2016.10.15-04.32.13:998][  0]LogDerivedDataCache:Display: Max Cache Size: 512 MB
[2016.10.15-04.32.14:278][  0]LogDerivedDataCache: Loaded boot cache 0.28s 46MB C:/Users/Jaesun/AppData/Local/UnrealEngine/4.11/DerivedDataCache/Boot.ddc.
[2016.10.15-04.32.14:278][  0]LogDerivedDataCache:Display: Loaded Boot cache: C:/Users/Jaesun/AppData/Local/UnrealEngine/4.11/DerivedDataCache/Boot.ddc
[2016.10.15-04.32.14:278][  0]LogDerivedDataCache: FDerivedDataBackendGraph:  Pak pak cache file ../../../../../../Users/Jaesun/Documents/UP/Halloween/DerivedDataCache/DDC.ddp not found, will not use a pak cache.
[2016.10.15-04.32.14:278][  0]LogDerivedDataCache: Unable to find inner node Pak for hierarchical cache Hierarchy.
[2016.10.15-04.32.14:278][  0]LogDerivedDataCache: FDerivedDataBackendGraph:  CompressedPak pak cache file ../../../../../../Users/Jaesun/Documents/UP/Halloween/DerivedDataCache/Compressed.ddp not found, will not use a pak cache.
[2016.10.15-04.32.14:278][  0]LogDerivedDataCache: Unable to find inner node CompressedPak for hierarchical cache Hierarchy.
[2016.10.15-04.32.14:372][  0]LogDerivedDataCache:Display: Pak cache opened for reading ../../../Engine/DerivedDataCache/Compressed.ddp.
[2016.10.15-04.32.14:402][  0]LogDerivedDataCache: Using Local data cache path C:/Users/Jaesun/AppData/Local/UnrealEngine/Common/DerivedDataCache: Writable
[2016.10.15-04.32.21:416][  0]LogInit: Selected Device Profile: [Windows]
[2016.10.15-04.32.21:496][  0]LogContentStreaming: Texture pool size is 0.00 MB
[2016.10.15-04.32.22:072][  0]LogMaterial: Uniform references updated for custom material expression Custom.
[2016.10.15-04.32.22:571][  0]LogMeshUtilities: No automatic mesh reduction module available
[2016.10.15-04.32.22:571][  0]LogMeshUtilities: No automatic mesh merging module available
[2016.10.15-04.32.22:571][  0]LogMeshUtilities: No distributed automatic mesh merging module available
[2016.10.15-04.32.25:690][  0]LogUObjectArray: 27679 objects as part of root set at end of initial load.
[2016.10.15-04.32.25:690][  0]LogUObjectAllocator: 5591592 out of 0 bytes used by permanent object pool.
[2016.10.15-04.32.25:690][  0]LogUObjectArray: CloseDisregardForGC: 0/0 objects in disregard for GC pool
[2016.10.15-04.32.25:699][  0]LogInit: WinSock: version 1.1 (2.2), MaxSocks=32767, MaxUdp=65467
[2016.10.15-04.32.26:532][  0]LogSlate: SlateFontCache - WITH_FREETYPE: 1, WITH_HARFBUZZ: 1
[2016.10.15-04.32.26:532][  0]LogSlate: SlateFontCache - WITH_FREETYPE: 1, WITH_HARFBUZZ: 1
[2016.10.15-04.32.30:162][  0]LogStreaming:Warning: Failed to read file '../../../Engine/Content/Editor/Slate/Common/Selection_16x.png' error.
[2016.10.15-04.32.30:162][  0]LogSlate: Could not find file for Slate resource: ../../../Engine/Content/Editor/Slate/Common/Selection_16x.png
[2016.10.15-04.32.30:162][  0]LogStreaming:Warning: Failed to read file '../../../Engine/Content/Editor/Slate/Common/Selection_16x.png' error.
[2016.10.15-04.32.30:162][  0]LogSlate: Could not find file for Slate resource: ../../../Engine/Content/Editor/Slate/Common/Selection_16x.png
[2016.10.15-04.32.30:162][  0]LogStreaming:Warning: Failed to read file '../../../Engine/Content/Editor/Slate/Common/Selection_16x.png' error.
[2016.10.15-04.32.30:162][  0]LogSlate: Could not find file for Slate resource: ../../../Engine/Content/Editor/Slate/Common/Selection_16x.png
[2016.10.15-04.32.47:150][  0]LogUdpMessaging: Initializing bridge on interface 0.0.0.0:0 to multicast group 230.0.0.1:6666.
[2016.10.15-04.32.47:547][  0]LogAssetRegistry: FAssetRegistry took 0.0225 seconds to start up
[2016.10.15-04.32.50:309][  0]SourceControl: 정보 소스 콘트롤이 꺼졌습니다.
[2016.10.15-04.32.51:927][  0]SourceControl: 정보 소스 콘트롤이 꺼졌습니다.
[2016.10.15-04.32.52:076][  0]SourceControl: 정보 소스 콘트롤이 꺼졌습니다.
[2016.10.15-04.32.52:196][  0]SourceControl: 정보 소스 콘트롤이 꺼졌습니다.
[2016.10.15-04.32.53:774][  0]LogHMD: Failed to initialize OpenVR with code 110
[2016.10.15-04.32.54:005][  0]LogEngine: Initializing Engine...
[2016.10.15-04.32.54:746][  0]LogAIModule: Creating AISystem for world NewWorld
[2016.10.15-04.32.54:758][  0]LogInit: XAudio2 using '헤드폰(2- High Definition Audio 장치)' : 2 channels at 44.1 kHz using 16 bits per sample (channel mask 0x3)
[2016.10.15-04.32.54:768][  0]LogInit: FAudioDevice initialized.
[2016.10.15-04.32.54:790][  0]LogDerivedDataCache: Saved boot cache 0.02s 46MB C:/Users/Jaesun/AppData/Local/UnrealEngine/4.11/DerivedDataCache/Boot.ddc.
[2016.10.15-04.32.54:824][  0]LogInit: Texture streaming: Enabled
[2016.10.15-04.32.54:945][  0]LogInit: Transaction tracking system initialized
[2016.10.15-04.32.55:072][  0]BlueprintLog: New page: 에디터 로드
[2016.10.15-04.32.55:485][  0]LocalizationService: 정보 현지화 서비스가 비활성화되었습니다.
[2016.10.15-04.32.56:037][  0]LogConsoleResponse:Display: 
[2016.10.15-04.33.01:121][  0]LogCook:Display: Max memory allowance for cook 8192mb
[2016.10.15-04.33.01:121][  0]LogCook:Display: Mobile HDR setting 1
[2016.10.15-04.33.01:121][  0]LogCook:Display: Done creating registry. It took  0.00s.
[2016.10.15-04.33.02:120][  0]LogFileCache: Scanning file cache for directory 'C:/Users/Jaesun/Documents/UP/Halloween/Content/' took 0.02s
[2016.10.15-04.33.02:270][  0]SourceControl: 정보 소스 콘트롤이 꺼졌습니다.
[2016.10.15-04.33.02:270][  0]Cmd: MAP LOAD FILE="../../../../../../Users/Jaesun/Documents/UP/Halloween/Content/Maps/MainMenu.umap" TEMPLATE=0 SHOWPROGRESS=1 FEATURELEVEL=3
[2016.10.15-04.33.02:323][  0]LightingResults: New page: 라이팅 빌드
[2016.10.15-04.33.02:328][  0]MapCheck: New page: 맵 체크
[2016.10.15-04.33.02:328][  0]LightingResults: New page: 라이팅 빌드
[2016.10.15-04.33.03:962][  0]LogAIModule: Creating AISystem for world MainMenu
[2016.10.15-04.33.03:962][  0]LogEditorServer: Finished looking for orphan Actors (0.000 secs)
[2016.10.15-04.33.03:963][  0]Cmd: MAP CHECKDEP NOCLEARLOG
[2016.10.15-04.33.04:023][  0]MapCheck: 정보 맵 체크 완료: 오류 0 회, 경고 0 회, 소요 시간 59.834ms.
[2016.10.15-04.33.04:023][  0]LogFileHelpers: Loading map 'MainMenu' took 1.753
[2016.10.15-04.33.04:490][  0]LogCollectionManager: Loaded 0 collections in 0.002900 seconds
[2016.10.15-04.33.04:550][  0]LogFileCache: Scanning file cache for directory 'C:/Users/Jaesun/Documents/UP/Halloween/Saved/Collections/' took 0.01s
[2016.10.15-04.33.04:550][  0]LogFileCache: Scanning file cache for directory 'C:/Users/Jaesun/Documents/UP/Halloween/Content/Developers/Jaesun/Collections/' took 0.01s
[2016.10.15-04.33.04:550][  0]LogFileCache: Scanning file cache for directory 'C:/Users/Jaesun/Documents/UP/Halloween/Content/Collections/' took 0.01s
[2016.10.15-04.33.04:550][  0]LogCollectionManager: Rebuilt the GUID cache for 0 collections in 0.000004 seconds
[2016.10.15-04.33.04:558][  0]LogContentBrowser: Native class hierarchy populated in 0.0081 seconds. Added 1979 classes and 343 folders.
[2016.10.15-04.33.04:579][  0]LogStats: UGameplayTagsManager::ConstructGameplayTagTree: Construct from data asset -  0.000 s
[2016.10.15-04.33.04:579][  0]LogStats: UGameplayTagsManager::ConstructGameplayTagTree: GameplayTagTreeChangedEvent.Broadcast -  0.000 s
[2016.10.15-04.33.04:579][  0]LogContentBrowser: Native class hierarchy updated for 'GameplayTags' in 0.0003 seconds. Added 12 classes and 0 folders.
[2016.10.15-04.33.04:585][  0]LogContentBrowser: Native class hierarchy updated for 'WidgetCarousel' in 0.0005 seconds. Added 0 classes and 0 folders.
[2016.10.15-04.33.04:676][  0]LogContentBrowser: Native class hierarchy updated for 'SuperSearch' in 0.0003 seconds. Added 1 classes and 2 folders.
[2016.10.15-04.33.05:760][  0]LogContentBrowser: Native class hierarchy updated for 'AddContentDialog' in 0.0003 seconds. Added 0 classes and 0 folders.
[2016.10.15-04.33.05:903][  0]LogContentBrowser: Native class hierarchy updated for 'SceneOutliner' in 0.0005 seconds. Added 1 classes and 2 folders.
[2016.10.15-04.33.06:273][  0]LogCrashTracker: Crashtracker disabled due to settings.
[2016.10.15-04.33.06:282][  0]LogUObjectGlobals:Warning: 'Class 없음.' 오브젝트를 찾는 데 실패했습니다.
[2016.10.15-04.33.06:372][  0]LogContentBrowser: Native class hierarchy updated for 'HierarchicalLODOutliner' in 0.0006 seconds. Added 1 classes and 2 folders.
[2016.10.15-04.33.06:373][  0]LogLoad: Full Startup: 58.99 seconds (BP compile: 0.21 seconds)
[2016.10.15-04.33.06:373][  0]LogExternalProfiler:Warning: No registered external profiler was matched with a command-line switch (or the DLL could not be loaded).  External profiling features will not be available.
[2016.10.15-04.33.06:714][  0]LogOcInput: OculusInput pre-init called
[2016.10.15-04.33.07:124][  0]LogContentStreaming: Texture pool size now 400 MB
[2016.10.15-04.33.07:569][  1]LogRenderer: Reallocating scene render targets to support 744x500 (Frame:2).
[2016.10.15-04.33.07:587][  1]LogAssetRegistry: Asset discovery search completed in 20.0635 seconds
[2016.10.15-04.33.07:587][  1]LogCollectionManager: Rebuilt the object cache for 0 collections in 0.000001 seconds (found 0 objects)
[2016.10.15-04.33.07:587][  1]LogCollectionManager: Fixed up redirectors for 0 collections in 0.000069 seconds (updated 0 objects)
[2016.10.15-04.38.29:148][262]LogRenderer: Reallocating scene render targets to support 1352x516 (Frame:295).
[2016.10.15-04.38.52:142][642]LogContentBrowser: Native class hierarchy updated for 'BlueprintGraph' in 0.0007 seconds. Added 108 classes and 0 folders.
[2016.10.15-04.43.06:955][236]LogFileHelpers: Editor autosave (incl. sublevels) for '/Game/Maps/MainMenu' took 0.036
[2016.10.15-04.43.06:979][236]OBJ SavePackage: Generating thumbnails for [0] asset(s) in package [/Game/UI/MainMenu/ServerMenu] ([1] browsable assets)...
[2016.10.15-04.43.06:979][236]OBJ SavePackage: Finished generating thumbnails for package [/Game/UI/MainMenu/ServerMenu]
[2016.10.15-04.43.07:061][236]LogSavePackage: Save=29.80ms
[2016.10.15-04.43.07:061][236]LogSavePackage: Moving '../../../../../../Users/Jaesun/Documents/UP/Halloween/Saved/ServerMenu_Auto1D2FCA6C64E6FBC2EFA6DB2A36980CA72.tmp' to '../../../../../../Users/Jaesun/Documents/UP/Halloween/Saved/Autosaves/Game/UI/MainMenu/ServerMenu_Auto1.uasset'
[2016.10.15-04.43.07:077][236]LogSavePackage: Total save time: 96.48ms
[2016.10.15-04.43.07:077][236]LogSavePackage:Display: Finished SavePackage ../../../../../../Users/Jaesun/Documents/UP/Halloween/Saved/Autosaves/Game/UI/MainMenu/ServerMenu_Auto1.uasset
[2016.10.15-04.43.07:077][236]LogFileHelpers: Auto-saving content packages took 0.121
[2016.10.15-04.44.34:934][884]BlueprintLog: New page: ServerMenu 컴파일
[2016.10.15-04.44.35:038][884]BlueprintEditorCompileResults: 정보 [0747.65] ServerMenu 컴파일에 성공했습니다! [소요시간 103 ms]
[2016.10.15-04.47.13:698][521]LogTemp: Dropped EnableLan? on Category Search Settings
[2016.10.15-04.50.19:144][917]BlueprintLog: New page: ServerMenu 컴파일
[2016.10.15-04.50.19:256][917]BlueprintEditorCompileResults: 정보 [1091.87] ServerMenu 컴파일에 성공했습니다! [소요시간 112 ms]
[2016.10.15-04.52.42:409][865]LogUObjectHash:Warning: Ambiguous search, could be K2Node_VariableSet /Engine/Transient.K2Node_VariableSet_169 or K2Node_VariableSet /Game/UI/MainMenu/ServerMenu.ServerMenu:EventGraph.K2Node_VariableSet_169
[2016.10.15-04.52.42:409][865]LogProperty:Warning: ObjectProperty /Script/Engine.EdGraphPin:LinkedTo.LinkedTo: unresolved reference to 'EdGraphPin'K2Node_VariableSet_169.EdGraphPin_31746''
[2016.10.15-04.52.42:409][865]LogUObjectHash:Warning: Ambiguous search, could be K2Node_VariableGet /Engine/Transient.K2Node_VariableGet_169 or K2Node_VariableGet /Game/UI/MainMenu/ServerMenu.ServerMenu:EventGraph.K2Node_VariableGet_169
[2016.10.15-04.52.42:409][865]LogProperty:Warning: ObjectProperty /Script/Engine.EdGraphPin:LinkedTo.LinkedTo: unresolved reference to 'EdGraphPin'K2Node_VariableGet_169.EdGraphPin_31744''
[2016.10.15-04.52.42:410][865]LogProperty:Warning: ObjectProperty /Script/Engine.EdGraphPin:LinkedTo.LinkedTo: unresolved reference to 'EdGraphPin'K2Node_VariableSet_125.EdGraphPin_31751''
[2016.10.15-04.54.22:533][631]LogFileHelpers: Editor autosave (incl. sublevels) for '/Game/Maps/MainMenu' took 0.019
[2016.10.15-04.54.22:538][631]OBJ SavePackage: Generating thumbnails for [0] asset(s) in package [/Game/UI/MainMenu/ServerMenu] ([1] browsable assets)...
[2016.10.15-04.54.22:538][631]OBJ SavePackage: Finished generating thumbnails for package [/Game/UI/MainMenu/ServerMenu]
[2016.10.15-04.54.22:643][631]LogSavePackage: Save=91.10ms
[2016.10.15-04.54.22:644][631]LogSavePackage: Moving '../../../../../../Users/Jaesun/Documents/UP/Halloween/Saved/ServerMenu_Auto201463A074D14CB87BF64F2B238C73A38.tmp' to '../../../../../../Users/Jaesun/Documents/UP/Halloween/Saved/Autosaves/Game/UI/MainMenu/ServerMenu_Auto2.uasset'
[2016.10.15-04.54.22:645][631]LogSavePackage: Total save time: 104.49ms
[2016.10.15-04.54.22:645][631]LogSavePackage:Display: Finished SavePackage ../../../../../../Users/Jaesun/Documents/UP/Halloween/Saved/Autosaves/Game/UI/MainMenu/ServerMenu_Auto2.uasset
[2016.10.15-04.54.22:645][631]LogFileHelpers: Auto-saving content packages took 0.111
[2016.10.15-05.02.55:679][730]BlueprintLog: New page: ServerMenu 컴파일
[2016.10.15-05.02.55:806][730]BlueprintEditorCompileResults: 정보 [1848.42] ServerMenu 컴파일에 성공했습니다! [소요시간 127 ms]
[2016.10.15-05.02.56:407][795]Cmd: OBJ SAVEPACKAGE PACKAGE="/Game/UI/MainMenu/ServerMenu" FILE="../../../../../../Users/Jaesun/Documents/UP/Halloween/Content/UI/MainMenu/ServerMenu.uasset" SILENT=true
[2016.10.15-05.02.56:687][795]LogSavePackage: Save=101.27ms
[2016.10.15-05.02.56:687][795]LogSavePackage: Moving '../../../../../../Users/Jaesun/Documents/UP/Halloween/Saved/ServerMenu155A2B894D99717249E7BCAEDD8C446E.tmp' to '../../../../../../Users/Jaesun/Documents/UP/Halloween/Content/UI/MainMenu/ServerMenu.uasset'
[2016.10.15-05.02.56:692][795]LogSavePackage: Total save time: 283.23ms
[2016.10.15-05.02.56:692][795]LogSavePackage:Display: Finished SavePackage ../../../../../../Users/Jaesun/Documents/UP/Halloween/Content/UI/MainMenu/ServerMenu.uasset
[2016.10.15-05.04.39:354][ 27]LogFileHelpers: Editor autosave (incl. sublevels) for '/Game/Maps/MainMenu' took 0.018
[2016.10.15-05.04.39:358][ 27]OBJ SavePackage: Generating thumbnails for [0] asset(s) in package [/Game/UI/MainMenu/ServerMenu] ([1] browsable assets)...
[2016.10.15-05.04.39:359][ 27]OBJ SavePackage: Finished generating thumbnails for package [/Game/UI/MainMenu/ServerMenu]
[2016.10.15-05.04.39:487][ 27]LogSavePackage: Save=121.61ms
[2016.10.15-05.04.39:487][ 27]LogSavePackage: Moving '../../../../../../Users/Jaesun/Documents/UP/Halloween/Saved/ServerMenu_Auto3123C60CD404A5FA4BD73868A4EE0F22C.tmp' to '../../../../../../Users/Jaesun/Documents/UP/Halloween/Saved/Autosaves/Game/UI/MainMenu/ServerMenu_Auto3.uasset'
[2016.10.15-05.04.39:489][ 27]LogSavePackage: Total save time: 128.83ms
[2016.10.15-05.04.39:489][ 27]LogSavePackage:Display: Finished SavePackage ../../../../../../Users/Jaesun/Documents/UP/Halloween/Saved/Autosaves/Game/UI/MainMenu/ServerMenu_Auto3.uasset
[2016.10.15-05.04.39:489][ 27]LogFileHelpers: Auto-saving content packages took 0.134
[2016.10.15-05.14.40:070][731]LogFileHelpers: Editor autosave (incl. sublevels) for '/Game/Maps/MainMenu' took 0.017
[2016.10.15-05.14.40:075][731]OBJ SavePackage: Generating thumbnails for [0] asset(s) in package [/Game/UI/MainMenu/ServerMenu] ([1] browsable assets)...
[2016.10.15-05.14.40:075][731]OBJ SavePackage: Finished generating thumbnails for package [/Game/UI/MainMenu/ServerMenu]
[2016.10.15-05.14.40:326][731]LogSavePackage: Save=104.96ms
[2016.10.15-05.14.40:326][731]LogSavePackage: Moving '../../../../../../Users/Jaesun/Documents/UP/Halloween/Saved/ServerMenu_Auto4125FACE141573B4B6F82B58B956B4282.tmp' to '../../../../../../Users/Jaesun/Documents/UP/Halloween/Saved/Autosaves/Game/UI/MainMenu/ServerMenu_Auto4.uasset'
[2016.10.15-05.14.40:327][731]LogSavePackage: Total save time: 250.54ms
[2016.10.15-05.14.40:327][731]LogSavePackage:Display: Finished SavePackage ../../../../../../Users/Jaesun/Documents/UP/Halloween/Saved/Autosaves/Game/UI/MainMenu/ServerMenu_Auto4.uasset
[2016.10.15-05.14.40:328][731]LogFileHelpers: Auto-saving content packages took 0.256
[2016.10.15-07.43.09:333][430]LogFileHelpers: Editor autosave (incl. sublevels) for '/Game/Maps/MainMenu' took 0.018
[2016.10.15-07.43.09:337][430]OBJ SavePackage: Generating thumbnails for [0] asset(s) in package [/Game/UI/MainMenu/ServerMenu] ([1] browsable assets)...
[2016.10.15-07.43.09:337][430]OBJ SavePackage: Finished generating thumbnails for package [/Game/UI/MainMenu/ServerMenu]
[2016.10.15-07.43.09:557][430]LogSavePackage: Save=109.77ms
[2016.10.15-07.43.09:558][430]LogSavePackage: Moving '../../../../../../Users/Jaesun/Documents/UP/Halloween/Saved/ServerMenu_Auto5CAF1B377482BA850C2A1B3A00372B2FC.tmp' to '../../../../../../Users/Jaesun/Documents/UP/Halloween/Saved/Autosaves/Game/UI/MainMenu/ServerMenu_Auto5.uasset'
[2016.10.15-07.43.09:560][430]LogSavePackage: Total save time: 217.79ms
[2016.10.15-07.43.09:560][430]LogSavePackage:Display: Finished SavePackage ../../../../../../Users/Jaesun/Documents/UP/Halloween/Saved/Autosaves/Game/UI/MainMenu/ServerMenu_Auto5.uasset
[2016.10.15-07.43.09:560][430]LogFileHelpers: Auto-saving content packages took 0.225
[2016.10.15-07.46.19:686][ 66]BlueprintLog: New page: ServerMenu 컴파일
[2016.10.15-07.46.19:709][ 66]LogBlueprint:Error: [compiler ServerMenu] 오류 ' Event ' 핀의 현재 값이 유효하지 않습니다: Unsupported type 델리게이트 on pin Delegate
[2016.10.15-07.46.19:881][ 66]LogBlueprint:Warning: [compiler ServerMenu] 경고 [1652.50] ServerMenu 컴파일에 실패했습니다. 치명적 오류 1 회, 경고 0 회, [소요시간 195 ms]
[2016.10.15-07.46.19:881][ 66]BlueprintEditorCompileResults:Error: 오류 ' Event ' 핀의 현재 값이 유효하지 않습니다: Unsupported type 델리게이트 on pin Delegate
[2016.10.15-07.46.19:881][ 66]BlueprintEditorCompileResults:Warning: 경고 [1652.50] ServerMenu 컴파일에 실패했습니다. 치명적 오류 1 회, 경고 0 회, [소요시간 195 ms]
[2016.10.15-07.46.20:738][155]Cmd: OBJ SAVEPACKAGE PACKAGE="/Game/UI/MainMenu/ServerMenu" FILE="../../../../../../Users/Jaesun/Documents/UP/Halloween/Content/UI/MainMenu/ServerMenu.uasset" SILENT=true
[2016.10.15-07.46.20:860][155]LogSavePackage: Save=115.20ms
[2016.10.15-07.46.20:860][155]LogSavePackage: Moving '../../../../../../Users/Jaesun/Documents/UP/Halloween/Saved/ServerMenuCF3D2466414540BA0575B69635A7C4E3.tmp' to '../../../../../../Users/Jaesun/Documents/UP/Halloween/Content/UI/MainMenu/ServerMenu.uasset'
[2016.10.15-07.46.20:865][155]LogSavePackage: Total save time: 124.86ms
[2016.10.15-07.46.20:865][155]LogSavePackage:Display: Finished SavePackage ../../../../../../Users/Jaesun/Documents/UP/Halloween/Content/UI/MainMenu/ServerMenu.uasset
[2016.10.15-07.52.29:635][213]BlueprintLog: New page: ServerMenu 컴파일
[2016.10.15-07.52.29:831][213]BlueprintEditorCompileResults: 정보 [2022.45] ServerMenu 컴파일에 성공했습니다! [소요시간 196 ms]
[2016.10.15-07.52.30:292][256]Cmd: OBJ SAVEPACKAGE PACKAGE="/Game/UI/MainMenu/ServerMenu" FILE="../../../../../../Users/Jaesun/Documents/UP/Halloween/Content/UI/MainMenu/ServerMenu.uasset" SILENT=true
[2016.10.15-07.52.30:802][256]LogSavePackage: Save=180.66ms
[2016.10.15-07.52.30:802][256]LogSavePackage: Moving '../../../../../../Users/Jaesun/Documents/UP/Halloween/Saved/ServerMenuB155FF3A4DEFC4C2D91BC6A23ADF7733.tmp' to '../../../../../../Users/Jaesun/Documents/UP/Halloween/Content/UI/MainMenu/ServerMenu.uasset'
[2016.10.15-07.52.30:806][256]LogSavePackage: Total save time: 510.69ms
[2016.10.15-07.52.30:806][256]LogSavePackage:Display: Finished SavePackage ../../../../../../Users/Jaesun/Documents/UP/Halloween/Content/UI/MainMenu/ServerMenu.uasset
[2016.10.15-07.53.58:697][315]LogFileHelpers: Editor autosave (incl. sublevels) for '/Game/Maps/MainMenu' took 0.022
[2016.10.15-07.53.58:702][315]OBJ SavePackage: Generating thumbnails for [0] asset(s) in package [/Game/UI/MainMenu/ServerMenu] ([1] browsable assets)...
[2016.10.15-07.53.58:702][315]OBJ SavePackage: Finished generating thumbnails for package [/Game/UI/MainMenu/ServerMenu]
[2016.10.15-07.53.58:878][315]LogSavePackage: Save=169.26ms
[2016.10.15-07.53.58:878][315]LogSavePackage: Moving '../../../../../../Users/Jaesun/Documents/UP/Halloween/Saved/ServerMenu_Auto65B0310964C16EF761A36889AB0D7EA3E.tmp' to '../../../../../../Users/Jaesun/Documents/UP/Halloween/Saved/Autosaves/Game/UI/MainMenu/ServerMenu_Auto6.uasset'
[2016.10.15-07.53.58:880][315]LogSavePackage: Total save time: 176.68ms
[2016.10.15-07.53.58:880][315]LogSavePackage:Display: Finished SavePackage ../../../../../../Users/Jaesun/Documents/UP/Halloween/Saved/Autosaves/Game/UI/MainMenu/ServerMenu_Auto6.uasset
[2016.10.15-07.53.58:880][315]LogFileHelpers: Auto-saving content packages took 0.183
[2016.10.15-07.54.34:931][562]BlueprintLog: New page: ServerMenu 컴파일
[2016.10.15-07.54.35:115][562]BlueprintEditorCompileResults: 정보 [2147.73] ServerMenu 컴파일에 성공했습니다! [소요시간 183 ms]
[2016.10.15-07.58.34:989][939]BlueprintLog: New page: ServerMenu 컴파일
[2016.10.15-07.58.35:168][939]BlueprintEditorCompileResults: 정보 [2387.78] ServerMenu 컴파일에 성공했습니다! [소요시간 178 ms]
[2016.10.15-07.58.35:630][985]Cmd: OBJ SAVEPACKAGE PACKAGE="/Game/UI/MainMenu/ServerMenu" FILE="../../../../../../Users/Jaesun/Documents/UP/Halloween/Content/UI/MainMenu/ServerMenu.uasset" SILENT=true
[2016.10.15-07.58.35:843][985]LogSavePackage: Save=200.60ms
[2016.10.15-07.58.35:843][985]LogSavePackage: Moving '../../../../../../Users/Jaesun/Documents/UP/Halloween/Saved/ServerMenu9C8FA4244E940743C5527FBE8FBF3073.tmp' to '../../../../../../Users/Jaesun/Documents/UP/Halloween/Content/UI/MainMenu/ServerMenu.uasset'
[2016.10.15-07.58.35:847][985]LogSavePackage: Total save time: 215.38ms
[2016.10.15-07.58.35:847][985]LogSavePackage:Display: Finished SavePackage ../../../../../../Users/Jaesun/Documents/UP/Halloween/Content/UI/MainMenu/ServerMenu.uasset
[2016.10.15-08.01.43:905][273]BlueprintLog: New page: ServerMenu 컴파일
[2016.10.15-08.01.44:041][273]BlueprintEditorCompileResults: 정보 [2576.66] ServerMenu 컴파일에 성공했습니다! [소요시간 136 ms]
[2016.10.15-08.01.44:541][324]Cmd: OBJ SAVEPACKAGE PACKAGE="/Game/UI/MainMenu/ServerMenu" FILE="../../../../../../Users/Jaesun/Documents/UP/Halloween/Content/UI/MainMenu/ServerMenu.uasset" SILENT=true
[2016.10.15-08.01.44:798][324]LogSavePackage: Save=250.75ms
[2016.10.15-08.01.44:798][324]LogSavePackage: Moving '../../../../../../Users/Jaesun/Documents/UP/Halloween/Saved/ServerMenuEF620BEB4FA9C27071EFDE820F60E6BA.tmp' to '../../../../../../Users/Jaesun/Documents/UP/Halloween/Content/UI/MainMenu/ServerMenu.uasset'
[2016.10.15-08.01.44:801][324]LogSavePackage: Total save time: 258.99ms
[2016.10.15-08.01.44:801][324]LogSavePackage:Display: Finished SavePackage ../../../../../../Users/Jaesun/Documents/UP/Halloween/Content/UI/MainMenu/ServerMenu.uasset
[2016.10.15-08.05.03:356][930]LogClass:Warning: Type mismatch in FoundSessions of SKEL_ServerMenu_C - Previous (StructProperty) Current(ArrayProperty) for package:  FObjectReader
[2016.10.15-08.05.34:539][942]LogFileHelpers: Editor autosave (incl. sublevels) for '/Game/Maps/MainMenu' took 0.025
[2016.10.15-08.05.34:544][942]OBJ SavePackage: Generating thumbnails for [0] asset(s) in package [/Game/UI/MainMenu/ServerMenu] ([1] browsable assets)...
[2016.10.15-08.05.34:544][942]OBJ SavePackage: Finished generating thumbnails for package [/Game/UI/MainMenu/ServerMenu]
[2016.10.15-08.05.34:893][942]LogSavePackage: Save=313.76ms
[2016.10.15-08.05.34:893][942]LogSavePackage: Moving '../../../../../../Users/Jaesun/Documents/UP/Halloween/Saved/ServerMenu_Auto7B6098B1F4DED673A357AAFB671ED66C1.tmp' to '../../../../../../Users/Jaesun/Documents/UP/Halloween/Saved/Autosaves/Game/UI/MainMenu/ServerMenu_Auto7.uasset'
[2016.10.15-08.05.34:894][942]LogSavePackage: Total save time: 348.77ms
[2016.10.15-08.05.34:894][942]LogSavePackage:Display: Finished SavePackage ../../../../../../Users/Jaesun/Documents/UP/Halloween/Saved/Autosaves/Game/UI/MainMenu/ServerMenu_Auto7.uasset
[2016.10.15-08.05.34:894][942]LogFileHelpers: Auto-saving content packages took 0.355
[2016.10.15-08.12.41:115][891]BlueprintLog: New page: ServerMenu 컴파일
[2016.10.15-08.12.41:330][891]BlueprintEditorCompileResults: 정보 [3233.95] ServerMenu 컴파일에 성공했습니다! [소요시간 215 ms]
[2016.10.15-08.12.41:861][939]Cmd: OBJ SAVEPACKAGE PACKAGE="/Game/UI/MainMenu/ServerMenu" FILE="../../../../../../Users/Jaesun/Documents/UP/Halloween/Content/UI/MainMenu/ServerMenu.uasset" SILENT=true
[2016.10.15-08.12.42:332][939]LogSavePackage: Save=343.93ms
[2016.10.15-08.12.42:332][939]LogSavePackage: Moving '../../../../../../Users/Jaesun/Documents/UP/Halloween/Saved/ServerMenu5B1E62F7419C2D7315368792310544CD.tmp' to '../../../../../../Users/Jaesun/Documents/UP/Halloween/Content/UI/MainMenu/ServerMenu.uasset'
[2016.10.15-08.12.42:335][939]LogSavePackage: Total save time: 471.97ms
[2016.10.15-08.12.42:335][939]LogSavePackage:Display: Finished SavePackage ../../../../../../Users/Jaesun/Documents/UP/Halloween/Content/UI/MainMenu/ServerMenu.uasset
[2016.10.15-08.15.35:090][459]LogFileHelpers: Editor autosave (incl. sublevels) for '/Game/Maps/MainMenu' took 0.024
[2016.10.15-08.15.35:095][459]OBJ SavePackage: Generating thumbnails for [0] asset(s) in package [/Game/UI/MainMenu/ServerMenu] ([1] browsable assets)...
[2016.10.15-08.15.35:095][459]OBJ SavePackage: Finished generating thumbnails for package [/Game/UI/MainMenu/ServerMenu]
[2016.10.15-08.15.35:475][459]LogSavePackage: Save=369.58ms
[2016.10.15-08.15.35:475][459]LogSavePackage: Moving '../../../../../../Users/Jaesun/Documents/UP/Halloween/Saved/ServerMenu_Auto8094EDDDC4167EA2CB570C382A8E9E1C0.tmp' to '../../../../../../Users/Jaesun/Documents/UP/Halloween/Saved/Autosaves/Game/UI/MainMenu/ServerMenu_Auto8.uasset'
[2016.10.15-08.15.35:476][459]LogSavePackage: Total save time: 378.94ms
[2016.10.15-08.15.35:476][459]LogSavePackage:Display: Finished SavePackage ../../../../../../Users/Jaesun/Documents/UP/Halloween/Saved/Autosaves/Game/UI/MainMenu/ServerMenu_Auto8.uasset
[2016.10.15-08.15.35:476][459]LogFileHelpers: Auto-saving content packages took 0.385
[2016.10.15-08.26.01:091][809]LogFileHelpers: Editor autosave (incl. sublevels) for '/Game/Maps/MainMenu' took 0.022
[2016.10.15-08.26.01:096][809]OBJ SavePackage: Generating thumbnails for [0] asset(s) in package [/Game/UI/MainMenu/ServerMenu] ([1] browsable assets)...
[2016.10.15-08.26.01:096][809]OBJ SavePackage: Finished generating thumbnails for package [/Game/UI/MainMenu/ServerMenu]
[2016.10.15-08.26.01:674][809]LogSavePackage: Save=398.58ms
[2016.10.15-08.26.01:674][809]LogSavePackage: Moving '../../../../../../Users/Jaesun/Documents/UP/Halloween/Saved/ServerMenu_Auto9B26376B34CD4098D492FC080BA879C3A.tmp' to '../../../../../../Users/Jaesun/Documents/UP/Halloween/Saved/Autosaves/Game/UI/MainMenu/ServerMenu_Auto9.uasset'
[2016.10.15-08.26.01:676][809]LogSavePackage: Total save time: 578.02ms
[2016.10.15-08.26.01:676][809]LogSavePackage:Display: Finished SavePackage ../../../../../../Users/Jaesun/Documents/UP/Halloween/Saved/Autosaves/Game/UI/MainMenu/ServerMenu_Auto9.uasset
[2016.10.15-08.26.01:677][809]LogFileHelpers: Auto-saving content packages took 0.584
[2016.10.15-08.31.27:462][657]LogEditorTransaction: Undo 핀 링크 생성
[2016.10.15-08.34.31:103][ 19]LogProperty:Warning: ObjectProperty /Script/Engine.EdGraphPin:LinkedTo.LinkedTo: unresolved reference to 'EdGraphPin'K2Node_CallFunction_4198.EdGraphPin_39318''
[2016.10.15-08.36.02:385][763]LogFileHelpers: Editor autosave (incl. sublevels) for '/Game/Maps/MainMenu' took 0.026
[2016.10.15-08.36.02:390][763]OBJ SavePackage: Generating thumbnails for [0] asset(s) in package [/Game/UI/MainMenu/ServerMenu] ([1] browsable assets)...
[2016.10.15-08.36.02:390][763]OBJ SavePackage: Finished generating thumbnails for package [/Game/UI/MainMenu/ServerMenu]
[2016.10.15-08.36.03:063][763]LogSavePackage: Save=484.79ms
[2016.10.15-08.36.03:063][763]LogSavePackage: Moving '../../../../../../Users/Jaesun/Documents/UP/Halloween/Saved/ServerMenu_Auto0DDA0D9AA42883B3E2644E9ABFC394467.tmp' to '../../../../../../Users/Jaesun/Documents/UP/Halloween/Saved/Autosaves/Game/UI/MainMenu/ServerMenu_Auto0.uasset'
[2016.10.15-08.36.03:065][763]LogSavePackage: Total save time: 671.99ms
[2016.10.15-08.36.03:065][763]LogSavePackage:Display: Finished SavePackage ../../../../../../Users/Jaesun/Documents/UP/Halloween/Saved/Autosaves/Game/UI/MainMenu/ServerMenu_Auto0.uasset
[2016.10.15-08.36.03:065][763]LogFileHelpers: Auto-saving content packages took 0.678
[2016.10.15-08.38.19:455][ 71]BlueprintLog: New page: ServerMenu 컴파일
[2016.10.15-08.38.19:656][ 71]BlueprintEditorCompileResults: 정보 [4772.27] ServerMenu 컴파일에 성공했습니다! [소요시간 201 ms]
[2016.10.15-08.38.20:383][137]Cmd: OBJ SAVEPACKAGE PACKAGE="/Game/UI/MainMenu/ServerMenu" FILE="../../../../../../Users/Jaesun/Documents/UP/Halloween/Content/UI/MainMenu/ServerMenu.uasset" SILENT=true
[2016.10.15-08.38.20:870][137]LogSavePackage: Save=479.12ms
[2016.10.15-08.38.20:870][137]LogSavePackage: Moving '../../../../../../Users/Jaesun/Documents/UP/Halloween/Saved/ServerMenuCD6F8E154452F1BFC9AF85AF00B96041.tmp' to '../../../../../../Users/Jaesun/Documents/UP/Halloween/Content/UI/MainMenu/ServerMenu.uasset'
[2016.10.15-08.38.20:873][137]LogSavePackage: Total save time: 488.06ms
[2016.10.15-08.38.20:873][137]LogSavePackage:Display: Finished SavePackage ../../../../../../Users/Jaesun/Documents/UP/Halloween/Content/UI/MainMenu/ServerMenu.uasset
[2016.10.15-08.46.03:721][764]LogFileHelpers: Editor autosave (incl. sublevels) for '/Game/Maps/MainMenu' took 0.029
[2016.10.15-08.46.03:727][764]OBJ SavePackage: Generating thumbnails for [0] asset(s) in package [/Game/UI/MainMenu/ServerMenu] ([1] browsable assets)...
[2016.10.15-08.46.03:727][764]OBJ SavePackage: Finished generating thumbnails for package [/Game/UI/MainMenu/ServerMenu]
[2016.10.15-08.46.04:268][764]LogSavePackage: Save=515.11ms
[2016.10.15-08.46.04:268][764]LogSavePackage: Moving '../../../../../../Users/Jaesun/Documents/UP/Halloween/Saved/ServerMenu_Auto115C64B27458B152638777081DCA71840.tmp' to '../../../../../../Users/Jaesun/Documents/UP/Halloween/Saved/Autosaves/Game/UI/MainMenu/ServerMenu_Auto1.uasset'
[2016.10.15-08.46.04:270][764]LogSavePackage: Total save time: 541.47ms
[2016.10.15-08.46.04:270][764]LogSavePackage:Display: Finished SavePackage ../../../../../../Users/Jaesun/Documents/UP/Halloween/Saved/Autosaves/Game/UI/MainMenu/ServerMenu_Auto1.uasset
[2016.10.15-08.46.04:270][764]LogFileHelpers: Auto-saving content packages took 0.549
[2016.10.15-08.51.19:498][ 77]BlueprintLog: New page: ServerMenu 컴파일
[2016.10.15-08.51.19:727][ 77]BlueprintEditorCompileResults: 정보 [5552.34] ServerMenu 컴파일에 성공했습니다! [소요시간 229 ms]
[2016.10.15-08.51.20:225][120]Cmd: OBJ SAVEPACKAGE PACKAGE="/Game/UI/MainMenu/ServerMenu" FILE="../../../../../../Users/Jaesun/Documents/UP/Halloween/Content/UI/MainMenu/ServerMenu.uasset" SILENT=true
[2016.10.15-08.51.20:751][120]LogSavePackage: Save=512.86ms
[2016.10.15-08.51.20:751][120]LogSavePackage: Moving '../../../../../../Users/Jaesun/Documents/UP/Halloween/Saved/ServerMenu3D5F74914475D89655EC37B323B1CFCD.tmp' to '../../../../../../Users/Jaesun/Documents/UP/Halloween/Content/UI/MainMenu/ServerMenu.uasset'
[2016.10.15-08.51.20:754][120]LogSavePackage: Total save time: 527.34ms
[2016.10.15-08.51.20:754][120]LogSavePackage:Display: Finished SavePackage ../../../../../../Users/Jaesun/Documents/UP/Halloween/Content/UI/MainMenu/ServerMenu.uasset
[2016.10.15-08.57.50:301][173]Cmd: OBJ SAVEPACKAGE PACKAGE="/Game/UI/MainMenu/ServerMenu" FILE="../../../../../../Users/Jaesun/Documents/UP/Halloween/Content/UI/MainMenu/ServerMenu.uasset" SILENT=true
[2016.10.15-08.57.50:928][173]LogSavePackage: Save=518.37ms
[2016.10.15-08.57.50:928][173]LogSavePackage: Moving '../../../../../../Users/Jaesun/Documents/UP/Halloween/Saved/ServerMenu4926CA5847A52A7F0F069BBC364B2065.tmp' to '../../../../../../Users/Jaesun/Documents/UP/Halloween/Content/UI/MainMenu/ServerMenu.uasset'
[2016.10.15-08.57.50:930][173]LogSavePackage: Total save time: 626.64ms
[2016.10.15-08.57.50:930][173]LogSavePackage:Display: Finished SavePackage ../../../../../../Users/Jaesun/Documents/UP/Halloween/Content/UI/MainMenu/ServerMenu.uasset
[2016.10.15-09.01.02:298][282]LogWindowsTextInputMethodSystem:Display: IME system now activated using TSF (Microsoft 입력기).
[2016.10.15-09.01.02:689][283]Cmd: QUIT_EDITOR
[2016.10.15-09.01.03:017][283]LogExit: Preparing to exit.
[2016.10.15-09.01.04:597][283]LogExit: Editor shut down
[2016.10.15-09.01.04:597][283]LogExit: Transaction tracking system shut down
[2016.10.15-09.01.05:838][283]LogObj: Freed 0b from 0 cluster array pools.
[2016.10.15-09.01.05:839][283]LogExit: Object subsystem successfully closed.
[2016.10.15-09.01.06:227][283]LogD3D11RHI: Shutdown
[2016.10.15-09.01.06:227][283]LogD3D11RHI: CleanupD3DDevice
[2016.10.15-09.01.06:301][283]LogD3D11RHI: ~FD3D11DynamicRHI
[2016.10.15-09.01.06:336][283]LogDerivedDataCache: Shutdown
[2016.10.15-09.01.06:836][283]LogModuleManager: Shutting down and abandoning module SequencerWidgets (206)
[2016.10.15-09.01.06:840][283]LogModuleManager: Shutting down and abandoning module BlueprintGraph (205)
[2016.10.15-09.01.06:840][283]LogModuleManager: Shutting down and abandoning module HierarchicalLODOutliner (204)
[2016.10.15-09.01.06:844][283]LogModuleManager: Shutting down and abandoning module CrashTracker (203)
[2016.10.15-09.01.06:844][283]LogModuleManager: Shutting down and abandoning module SceneOutliner (202)
[2016.10.15-09.01.06:849][283]LogModuleManager: Shutting down and abandoning module SuperSearch (201)
[2016.10.15-09.01.06:849][283]LogModuleManager: Shutting down and abandoning module WidgetCarousel (200)
[2016.10.15-09.01.06:849][283]LogModuleManager: Shutting down and abandoning module AddContentDialog (199)
[2016.10.15-09.01.06:860][283]LogModuleManager: Shutting down and abandoning module GameplayTags (198)
[2016.10.15-09.01.06:860][283]LogModuleManager: Shutting down and abandoning module EditorWidgets (197)
[2016.10.15-09.01.06:860][283]LogModuleManager: Shutting down and abandoning module CollectionManager (196)
[2016.10.15-09.01.06:869][283]LogModuleManager: Shutting down and abandoning module StatsViewer (195)
[2016.10.15-09.01.06:881][283]LogModuleManager: Shutting down and abandoning module FoliageEdit (194)
[2016.10.15-09.01.06:887][283]LogModuleManager: Shutting down and abandoning module LandscapeEditor (193)
[2016.10.15-09.01.06:904][283]LogModuleManager: Shutting down and abandoning module ActorPickerMode (192)
[2016.10.15-09.01.06:904][283]LogModuleManager: Shutting down and abandoning module GeometryMode (191)
[2016.10.15-09.01.06:904][283]LogModuleManager: Shutting down and abandoning module TextureAlignMode (190)
[2016.10.15-09.01.06:904][283]LogModuleManager: Shutting down and abandoning module BspMode (189)
[2016.10.15-09.01.06:904][283]LogModuleManager: Shutting down and abandoning module PlacementMode (188)
[2016.10.15-09.01.06:904][283]LogModuleManager: Shutting down and abandoning module AutomationWorker (187)
[2016.10.15-09.01.06:904][283]LogModuleManager: Shutting down and abandoning module CharacterAI (186)
[2016.10.15-09.01.06:904][283]LogModuleManager: Shutting down and abandoning module SmartSnapping (185)
[2016.10.15-09.01.06:904][283]LogModuleManager: Shutting down and abandoning module ViewportSnapping (184)
[2016.10.15-09.01.06:904][283]LogModuleManager: Shutting down and abandoning module LogVisualizer (183)
[2016.10.15-09.01.06:916][283]LogModuleManager: Shutting down and abandoning module GameProjectGeneration (182)
[2016.10.15-09.01.06:928][283]LogModuleManager: Shutting down and abandoning module IntroTutorials (181)
[2016.10.15-09.01.06:941][283]LogModuleManager: Shutting down and abandoning module EditorLiveStreaming (180)
[2016.10.15-09.01.06:941][283]LogModuleManager: Shutting down and abandoning module IOSPlatformEditor (179)
[2016.10.15-09.01.06:960][283]LogModuleManager: Shutting down and abandoning module HTML5PlatformEditor (178)
[2016.10.15-09.01.06:960][283]LogModuleManager: Shutting down and abandoning module AndroidDeviceDetection (177)
[2016.10.15-09.01.07:813][283]LogModuleManager: Shutting down and abandoning module AndroidPlatformEditor (176)
[2016.10.15-09.01.07:813][283]LogModuleManager: Shutting down and abandoning module IOSRuntimeSettings (175)
[2016.10.15-09.01.07:813][283]LogModuleManager: Shutting down and abandoning module AndroidRuntimeSettings (174)
[2016.10.15-09.01.07:813][283]LogModuleManager: Shutting down and abandoning module MergeActors (173)
[2016.10.15-09.01.07:854][283]LogModuleManager: Shutting down and abandoning module SizeMap (172)
[2016.10.15-09.01.07:869][283]LogModuleManager: Shutting down and abandoning module TreeMap (171)
[2016.10.15-09.01.07:882][283]LogModuleManager: Shutting down and abandoning module ReferenceViewer (170)
[2016.10.15-09.01.07:891][283]LogModuleManager: Shutting down and abandoning module LocalizationService (169)
[2016.10.15-09.01.07:899][283]LogModuleManager: Shutting down and abandoning module LocalizationDashboard (168)
[2016.10.15-09.01.07:909][283]LogModuleManager: Shutting down and abandoning module HardwareTargeting (167)
[2016.10.15-09.01.07:909][283]LogModuleManager: Shutting down and abandoning module DeviceProfileEditor (166)
[2016.10.15-09.01.07:916][283]LogModuleManager: Shutting down and abandoning module UndoHistory (165)
[2016.10.15-09.01.07:924][283]LogModuleManager: Shutting down and abandoning module UserFeedback (164)
[2016.10.15-09.01.07:924][283]LogModuleManager: Shutting down and abandoning module XmlParser (163)
[2016.10.15-09.01.07:924][283]LogModuleManager: Shutting down and abandoning module Blutility (162)
[2016.10.15-09.01.07:924][283]LogModuleManager: Shutting down and abandoning module ProjectTargetPlatformEditor (161)
[2016.10.15-09.01.07:924][283]LogModuleManager: Shutting down and abandoning module ProjectSettingsViewer (160)
[2016.10.15-09.01.07:924][283]LogModuleManager: Shutting down and abandoning module InputBindingEditor (159)
[2016.10.15-09.01.07:940][283]LogModuleManager: Shutting down and abandoning module EditorSettingsViewer (158)
[2016.10.15-09.01.07:940][283]LogModuleManager: Shutting down and abandoning module SettingsEditor (157)
[2016.10.15-09.01.07:958][283]LogModuleManager: Shutting down and abandoning module ProjectLauncher (156)
[2016.10.15-09.01.07:979][283]LogModuleManager: Shutting down and abandoning module SessionFrontend (155)
[2016.10.15-09.01.07:984][283]LogModuleManager: Shutting down and abandoning module ProfilerClient (154)
[2016.10.15-09.01.08:003][283]LogModuleManager: Shutting down and abandoning module TargetDeviceServices (153)
[2016.10.15-09.01.08:003][283]LogModuleManager: Shutting down and abandoning module DeviceManager (152)
[2016.10.15-09.01.08:054][283]LogModuleManager: Shutting down and abandoning module AutomationController (151)
[2016.10.15-09.01.08:072][283]LogModuleManager: Shutting down and abandoning module AutomationWindow (150)
[2016.10.15-09.01.08:094][283]LogModuleManager: Shutting down and abandoning module Layers (149)
[2016.10.15-09.01.08:101][283]LogModuleManager: Shutting down and abandoning module ComponentVisualizers (148)
[2016.10.15-09.01.08:101][283]LogModuleManager: Shutting down and abandoning module DetailCustomizations (147)
[2016.10.15-09.01.08:112][283]LogModuleManager: Shutting down and abandoning module PackagesDialog (146)
[2016.10.15-09.01.08:112][283]LogModuleManager: Shutting down and abandoning module Persona (145)
[2016.10.15-09.01.08:148][283]LogModuleManager: Shutting down and abandoning module Kismet (144)
[2016.10.15-09.01.08:157][283]LogModuleManager: Shutting down and abandoning module GraphEditor (143)
[2016.10.15-09.01.08:157][283]LogModuleManager: Shutting down and abandoning module ClassViewer (142)
[2016.10.15-09.01.08:157][283]LogModuleManager: Shutting down and abandoning module Toolbox (141)
[2016.10.15-09.01.08:164][283]LogModuleManager: Shutting down and abandoning module ModuleUI (140)
[2016.10.15-09.01.08:177][283]LogModuleManager: Shutting down and abandoning module MovieSceneTools (139)
[2016.10.15-09.01.08:185][283]LogModuleManager: Shutting down and abandoning module OutputLog (138)
[2016.10.15-09.01.08:185][283]LogModuleManager: Shutting down and abandoning module GammaUI (137)
[2016.10.15-09.01.08:194][283]LogModuleManager: Shutting down and abandoning module Documentation (136)
[2016.10.15-09.01.08:194][283]LogModuleManager: Shutting down and abandoning module StreamingPauseRendering (135)
[2016.10.15-09.01.08:194][283]LogModuleManager: Shutting down and abandoning module AnalyticsET (134)
[2016.10.15-09.01.08:194][283]LogModuleManager: Shutting down and abandoning module Analytics (133)
[2016.10.15-09.01.08:194][283]LogModuleManager: Shutting down and abandoning module PortalServices (132)
[2016.10.15-09.01.08:194][283]LogModuleManager: Shutting down and abandoning module PortalRpc (131)
[2016.10.15-09.01.08:194][283]LogModuleManager: Shutting down and abandoning module MessagingRpc (130)
[2016.10.15-09.01.08:194][283]LogModuleManager: Shutting down and abandoning module AITestSuite (129)
[2016.10.15-09.01.08:201][283]LogModuleManager: Shutting down and abandoning module GameplayDebugger (128)
[2016.10.15-09.01.08:205][283]LogModuleManager: Shutting down and abandoning module AIModule (127)
[2016.10.15-09.01.08:205][283]LogModuleManager: Shutting down and abandoning module ProfilerService (126)
[2016.10.15-09.01.08:303][283]LogModuleManager: Shutting down and abandoning module TaskGraph (125)
[2016.10.15-09.01.08:334][283]LogModuleManager: Shutting down and abandoning module SlateRemote (124)
[2016.10.15-09.01.08:334][283]LogModuleManager: Shutting down and abandoning module SteamVRController (123)
[2016.10.15-09.01.08:334][283]LogModuleManager: Shutting down and abandoning module SteamVR (122)
[2016.10.15-09.01.08:334][283]LogModuleManager: Shutting down and abandoning module ProceduralMeshComponent (121)
[2016.10.15-09.01.08:334][283]LogModuleManager: Shutting down and abandoning module OculusLibrary (120)
[2016.10.15-09.01.08:334][283]LogModuleManager: Shutting down and abandoning module OculusInput (119)
[2016.10.15-09.01.08:334][283]LogModuleManager: Shutting down and abandoning module CustomMeshComponent (118)
[2016.10.15-09.01.08:334][283]LogModuleManager: Shutting down and abandoning module CableComponent (117)
[2016.10.15-09.01.08:334][283]LogModuleManager: Shutting down and abandoning module ArchVisCharacter (116)
[2016.10.15-09.01.08:334][283]LogModuleManager: Shutting down and abandoning module MediaPlayerEditor (115)
[2016.10.15-09.01.08:353][283]LogModuleManager: Shutting down and abandoning module HTML5Networking (114)
[2016.10.15-09.01.08:353][283]LogModuleManager: Shutting down and abandoning module SpeedTreeImporter (113)
[2016.10.15-09.01.08:353][283]LogModuleManager: Shutting down and abandoning module PluginBrowser (112)
[2016.10.15-09.01.08:366][283]LogModuleManager: Shutting down and abandoning module EpicSurvey (111)
[2016.10.15-09.01.08:375][283]LogModuleManager: Shutting down and abandoning module DesktopPlatform (110)
[2016.10.15-09.01.08:382][283]LogModuleManager: Shutting down and abandoning module VisualStudioSourceCodeAccess (109)
[2016.10.15-09.01.08:389][283]LogModuleManager: Shutting down and abandoning module UObjectPlugin (108)
[2016.10.15-09.01.08:389][283]LogModuleManager: Shutting down and abandoning module SubversionSourceControl (107)
[2016.10.15-09.01.08:398][283]LogModuleManager: Shutting down and abandoning module PerforceSourceControl (106)
[2016.10.15-09.01.08:409][283]LogModuleManager: Shutting down and abandoning module SourceControl (105)
[2016.10.15-09.01.08:418][283]LogModuleManager: Shutting down and abandoning module GitSourceControl (104)
[2016.10.15-09.01.08:430][283]LogModuleManager: Shutting down and abandoning module LightPropagationVolumeEditor (103)
[2016.10.15-09.01.08:430][283]LogModuleManager: Shutting down and abandoning module PaperTiledImporter (102)
[2016.10.15-09.01.08:437][283]LogModuleManager: Shutting down and abandoning module PaperSpriteSheetImporter (101)
[2016.10.15-09.01.08:437][283]LogModuleManager: Shutting down and abandoning module MeshPaint (100)
[2016.10.15-09.01.08:437][283]LogModuleManager: Shutting down and abandoning module HotReload (99)
[2016.10.15-09.01.08:441][283]LogModuleManager: Shutting down and abandoning module MainFrame (98)
[2016.10.15-09.01.08:441][283]LogModuleManager: Shutting down and abandoning module LevelEditor (97)
[2016.10.15-09.01.08:442][283]LogModuleManager: Shutting down and abandoning module DirectoryWatcher (96)
[2016.10.15-09.01.08:442][283]LogModuleManager: Shutting down and abandoning module AssetRegistry (95)
[2016.10.15-09.01.08:643][283]LogModuleManager: Shutting down and abandoning module ContentBrowser (94)
[2016.10.15-09.01.08:643][283]LogModuleManager: Shutting down and abandoning module Paper2DEditor (93)
[2016.10.15-09.01.08:648][283]LogModuleManager: Shutting down and abandoning module UdpMessaging (92)
[2016.10.15-09.01.08:749][283]LogModuleManager: Shutting down and abandoning module LightPropagationVolumeRuntime (91)
[2016.10.15-09.01.08:749][283]LogModuleManager: Shutting down and abandoning module Paper2D (90)
[2016.10.15-09.01.08:781][283]LogModuleManager: Shutting down and abandoning module WindowsMoviePlayer (89)
[2016.10.15-09.01.08:785][283]LogModuleManager: Shutting down and abandoning module Media (88)
[2016.10.15-09.01.08:785][283]LogModuleManager: Shutting down and abandoning module WmfMedia (87)
[2016.10.15-09.01.08:798][283]LogModuleManager: Shutting down and abandoning module MediaAssets (86)
[2016.10.15-09.01.08:798][283]LogModuleManager: Shutting down and abandoning module GameLiveStreaming (85)
[2016.10.15-09.01.08:798][283]LogModuleManager: Shutting down and abandoning module GameplayTagsEditor (84)
[2016.10.15-09.01.08:798][283]LogModuleManager: Shutting down and abandoning module OnlineBlueprintSupport (83)
[2016.10.15-09.01.08:798][283]LogModuleManager: Shutting down and abandoning module GameplayTasksEditor (82)
[2016.10.15-09.01.08:798][283]LogModuleManager: Shutting down and abandoning module PropertyEditor (81)
[2016.10.15-09.01.08:808][283]LogModuleManager: Shutting down and abandoning module BehaviorTreeEditor (80)
[2016.10.15-09.01.08:826][283]LogModuleManager: Shutting down and abandoning module FunctionalTesting (79)
[2016.10.15-09.01.08:826][283]LogModuleManager: Shutting down and abandoning module CollisionAnalyzer (78)
[2016.10.15-09.01.08:842][283]LogModuleManager: Shutting down and abandoning module WorkspaceMenuStructure (77)
[2016.10.15-09.01.08:842][283]LogModuleManager: Shutting down and abandoning module MessageLog (76)
[2016.10.15-09.01.08:842][283]LogModuleManager: Shutting down and abandoning module Sequencer (75)
[2016.10.15-09.01.08:842][283]LogModuleManager: Shutting down and abandoning module AssetTools (74)
[2016.10.15-09.01.08:867][283]LogModuleManager: Shutting down and abandoning module UMGEditor (73)
[2016.10.15-09.01.08:867][283]LogModuleManager: Shutting down and abandoning module UMG (72)
[2016.10.15-09.01.08:867][283]LogModuleManager: Shutting down and abandoning module SlateReflector (71)
[2016.10.15-09.01.08:900][283]LogModuleManager: Shutting down and abandoning module Slate (70)
[2016.10.15-09.01.08:900][283]LogModuleManager: Shutting down and abandoning module EditorStyle (69)
[2016.10.15-09.01.08:902][283]LogModuleManager: Shutting down and abandoning module SessionServices (68)
[2016.10.15-09.01.08:902][283]LogModuleManager: Shutting down and abandoning module SourceCodeAccess (67)
[2016.10.15-09.01.08:902][283]LogModuleManager: Shutting down and abandoning module HeadMountedDisplay (66)
[2016.10.15-09.01.08:902][283]LogModuleManager: Shutting down and abandoning module XAudio2 (65)
[2016.10.15-09.01.08:902][283]LogModuleManager: Shutting down and abandoning module Networking (63)
[2016.10.15-09.01.08:902][283]LogModuleManager: Shutting down and abandoning module Core (62)
[2016.10.15-09.01.08:902][283]LogModuleManager: Shutting down and abandoning module KismetCompiler (61)
[2016.10.15-09.01.08:907][283]LogModuleManager: Shutting down and abandoning module PhysXFormats (60)
[2016.10.15-09.01.08:907][283]LogModuleManager: Shutting down and abandoning module MeshUtilities (59)
[2016.10.15-09.01.08:920][283]LogModuleManager: Shutting down and abandoning module CookingStats (58)
[2016.10.15-09.01.08:920][283]LogModuleManager: Shutting down and abandoning module DerivedDataCache (57)
[2016.10.15-09.01.08:920][283]LogDerivedDataCache: Shutdown
[2016.10.15-09.01.08:920][283]LogModuleManager: Shutting down and abandoning module ShaderFormatOpenGL (56)
[2016.10.15-09.01.08:930][283]LogModuleManager: Shutting down and abandoning module ShaderFormatD3D (55)
[2016.10.15-09.01.08:930][283]LogModuleManager: Shutting down and abandoning module MetalShaderFormat (54)
[2016.10.15-09.01.08:936][283]LogModuleManager: Shutting down and abandoning module TextureFormatUncompressed (53)
[2016.10.15-09.01.08:936][283]LogModuleManager: Shutting down and abandoning module TextureFormatPVR (52)
[2016.10.15-09.01.08:936][283]LogModuleManager: Shutting down and abandoning module TextureFormatIntelISPCTexComp (51)
[2016.10.15-09.01.08:936][283]LogModuleManager: Shutting down and abandoning module TextureFormatDXT (50)
[2016.10.15-09.01.08:936][283]LogModuleManager: Shutting down and abandoning module ImageWrapper (49)
[2016.10.15-09.01.08:936][283]LogModuleManager: Shutting down and abandoning module TextureFormatASTC (48)
[2016.10.15-09.01.08:936][283]LogModuleManager: Shutting down and abandoning module TextureFormatAndroid (47)
[2016.10.15-09.01.08:936][283]LogModuleManager: Shutting down and abandoning module AudioFormatOpus (46)
[2016.10.15-09.01.08:945][283]LogModuleManager: Shutting down and abandoning module AudioFormatOgg (45)
[2016.10.15-09.01.08:945][283]LogModuleManager: Shutting down and abandoning module AudioFormatADPCM (44)
[2016.10.15-09.01.08:945][283]LogModuleManager: Shutting down and abandoning module LinuxTargetPlatform (43)
[2016.10.15-09.01.08:945][283]LogModuleManager: Shutting down and abandoning module LinuxServerTargetPlatform (42)
[2016.10.15-09.01.08:945][283]LogModuleManager: Shutting down and abandoning module LinuxNoEditorTargetPlatform (41)
[2016.10.15-09.01.08:945][283]LogModuleManager: Shutting down and abandoning module TVOSTargetPlatform (40)
[2016.10.15-09.01.08:945][283]LogModuleManager: Shutting down and abandoning module Messaging (39)
[2016.10.15-09.01.08:945][283]LogModuleManager: Shutting down and abandoning module IOSTargetPlatform (38)
[2016.10.15-09.01.08:945][283]LogModuleManager: Shutting down and abandoning module HTML5TargetPlatform (37)
[2016.10.15-09.01.08:945][283]LogModuleManager: Shutting down and abandoning module Android_PVRTCTargetPlatform (36)
[2016.10.15-09.01.08:945][283]LogModuleManager: Shutting down and abandoning module Android_MultiTargetPlatform (35)
[2016.10.15-09.01.08:958][283]LogModuleManager: Shutting down and abandoning module Android_ETC2TargetPlatform (34)
[2016.10.15-09.01.08:958][283]LogModuleManager: Shutting down and abandoning module Android_ETC1TargetPlatform (33)
[2016.10.15-09.01.08:958][283]LogModuleManager: Shutting down and abandoning module Android_DXTTargetPlatform (32)
[2016.10.15-09.01.08:958][283]LogModuleManager: Shutting down and abandoning module Android_ATCTargetPlatform (31)
[2016.10.15-09.01.08:958][283]LogModuleManager: Shutting down and abandoning module Android_ASTCTargetPlatform (30)
[2016.10.15-09.01.08:958][283]LogModuleManager: Shutting down and abandoning module AndroidTargetPlatform (29)
[2016.10.15-09.01.08:958][283]LogModuleManager: Shutting down and abandoning module WindowsTargetPlatform (28)
[2016.10.15-09.01.08:958][283]LogModuleManager: Shutting down and abandoning module WindowsServerTargetPlatform (27)
[2016.10.15-09.01.08:958][283]LogModuleManager: Shutting down and abandoning module WindowsNoEditorTargetPlatform (26)
[2016.10.15-09.01.08:958][283]LogModuleManager: Shutting down and abandoning module WindowsClientTargetPlatform (25)
[2016.10.15-09.01.08:958][283]LogModuleManager: Shutting down and abandoning module AllDesktopTargetPlatform (24)
[2016.10.15-09.01.08:958][283]LogModuleManager: Shutting down and abandoning module TargetPlatform (23)
[2016.10.15-09.01.08:958][283]LogModuleManager: Shutting down and abandoning module InputCore (22)
[2016.10.15-09.01.08:958][283]LogModuleManager: Shutting down and abandoning module Settings (21)
[2016.10.15-09.01.08:958][283]LogModuleManager: Shutting down and abandoning module OnlineSubsystem (19)
[2016.10.15-09.01.08:958][283]LogModuleManager: Shutting down and abandoning module HTTP (18)
[2016.10.15-09.01.10:961][283]LogModuleManager: Shutting down and abandoning module XMPP (17)
[2016.10.15-09.01.10:973][283]LogModuleManager: Shutting down and abandoning module OculusRift (16)
[2016.10.15-09.01.10:984][283]LogModuleManager: Shutting down and abandoning module ExampleDeviceProfileSelector (15)
[2016.10.15-09.01.10:984][283]LogModuleManager: Shutting down and abandoning module TextureCompressor (14)
[2016.10.15-09.01.10:996][283]LogModuleManager: Shutting down and abandoning module ShaderCore (13)
[2016.10.15-09.01.10:996][283]LogModuleManager: Shutting down and abandoning module Landscape (12)
[2016.10.15-09.01.10:996][283]LogModuleManager: Shutting down and abandoning module SlateRHIRenderer (11)
[2016.10.15-09.01.11:003][283]LogModuleManager: Shutting down and abandoning module OpenGLDrv (10)
[2016.10.15-09.01.11:020][283]LogModuleManager: Shutting down and abandoning module D3D11RHI (9)
[2016.10.15-09.01.11:020][283]LogModuleManager: Shutting down and abandoning module AnimGraphRuntime (8)
[2016.10.15-09.01.11:020][283]LogModuleManager: Shutting down and abandoning module Renderer (7)
[2016.10.15-09.01.11:020][283]LogModuleManager: Shutting down and abandoning module Engine (6)
[2016.10.15-09.01.11:020][283]LogModuleManager: Shutting down and abandoning module CoreUObject (5)
[2016.10.15-09.01.11:020][283]LogModuleManager: Shutting down and abandoning module NetworkFile (4)
[2016.10.15-09.01.11:031][283]LogModuleManager: Shutting down and abandoning module StreamingFile (3)
[2016.10.15-09.01.11:037][283]LogModuleManager: Shutting down and abandoning module SandboxFile (2)
[2016.10.15-09.01.11:047][283]LogModuleManager: Shutting down and abandoning module PakFile (1)
[2016.10.15-09.01.11:070][283]LogExit: Exiting.
[2016.10.15-09.01.11:075][283]Log file closed, 10/15/16 18:01:11
